[2024-11-03T01:42:32.101+0000] {local_task_job_runner.py:120} INFO - ::group::Pre task execution logs
[2024-11-03T01:42:32.278+0000] {taskinstance.py:2076} INFO - Dependencies all met for dep_context=non-requeueable deps ti=<TaskInstance: songs_preprocessing.load_data_task manual__2024-11-03T01:42:28.487994+00:00 [queued]>
[2024-11-03T01:42:32.289+0000] {taskinstance.py:2076} INFO - Dependencies all met for dep_context=requeueable deps ti=<TaskInstance: songs_preprocessing.load_data_task manual__2024-11-03T01:42:28.487994+00:00 [queued]>
[2024-11-03T01:42:32.289+0000] {taskinstance.py:2306} INFO - Starting attempt 1 of 1
[2024-11-03T01:42:32.307+0000] {taskinstance.py:2330} INFO - Executing <Task(PythonOperator): load_data_task> on 2024-11-03 01:42:28.487994+00:00
[2024-11-03T01:42:32.319+0000] {warnings.py:112} WARNING - /home/***/.local/lib/python3.12/site-packages/***/task/task_runner/standard_task_runner.py:61: DeprecationWarning: This process (pid=786) is multi-threaded, use of fork() may lead to deadlocks in the child.
  pid = os.fork()

[2024-11-03T01:42:32.321+0000] {standard_task_runner.py:63} INFO - Started process 803 to run task
[2024-11-03T01:42:32.321+0000] {standard_task_runner.py:90} INFO - Running: ['***', 'tasks', 'run', 'songs_preprocessing', 'load_data_task', 'manual__2024-11-03T01:42:28.487994+00:00', '--job-id', '15', '--raw', '--subdir', 'DAGS_FOLDER/***.py', '--cfg-path', '/tmp/tmpcj8hw29c']
[2024-11-03T01:42:32.323+0000] {standard_task_runner.py:91} INFO - Job 15: Subtask load_data_task
[2024-11-03T01:42:32.389+0000] {task_command.py:426} INFO - Running <TaskInstance: songs_preprocessing.load_data_task manual__2024-11-03T01:42:28.487994+00:00 [running]> on host 4a174f3124db
[2024-11-03T01:42:32.538+0000] {taskinstance.py:2648} INFO - Exporting env vars: AIRFLOW_CTX_DAG_OWNER='your_name' AIRFLOW_CTX_DAG_ID='songs_preprocessing' AIRFLOW_CTX_TASK_ID='load_data_task' AIRFLOW_CTX_EXECUTION_DATE='2024-11-03T01:42:28.487994+00:00' AIRFLOW_CTX_TRY_NUMBER='1' AIRFLOW_CTX_DAG_RUN_ID='manual__2024-11-03T01:42:28.487994+00:00'
[2024-11-03T01:42:32.539+0000] {taskinstance.py:430} INFO - ::endgroup::
[2024-11-03T01:42:37.278+0000] {logging_mixin.py:188} INFO - File not found.
[2024-11-03T01:42:37.288+0000] {python.py:237} INFO - Done. Returned value was: None
[2024-11-03T01:42:37.292+0000] {taskinstance.py:441} INFO - ::group::Post task execution logs
[2024-11-03T01:42:37.314+0000] {taskinstance.py:1206} INFO - Marking task as SUCCESS. dag_id=songs_preprocessing, task_id=load_data_task, run_id=manual__2024-11-03T01:42:28.487994+00:00, execution_date=20241103T014228, start_date=20241103T014232, end_date=20241103T014237
[2024-11-03T01:42:37.427+0000] {local_task_job_runner.py:240} INFO - Task exited with return code 0
[2024-11-03T01:42:37.503+0000] {taskinstance.py:3503} INFO - 0 downstream tasks scheduled from follow-on schedule check
[2024-11-03T01:42:37.505+0000] {local_task_job_runner.py:222} INFO - ::endgroup::
