[2024-11-03T01:55:21.344+0000] {local_task_job_runner.py:120} INFO - ::group::Pre task execution logs
[2024-11-03T01:55:21.365+0000] {taskinstance.py:2076} INFO - Dependencies all met for dep_context=non-requeueable deps ti=<TaskInstance: songs_preprocessing.cluster_data_task manual__2024-11-03T01:54:58.521925+00:00 [queued]>
[2024-11-03T01:55:21.373+0000] {taskinstance.py:2076} INFO - Dependencies all met for dep_context=requeueable deps ti=<TaskInstance: songs_preprocessing.cluster_data_task manual__2024-11-03T01:54:58.521925+00:00 [queued]>
[2024-11-03T01:55:21.373+0000] {taskinstance.py:2306} INFO - Starting attempt 1 of 1
[2024-11-03T01:55:21.386+0000] {taskinstance.py:2330} INFO - Executing <Task(PythonOperator): cluster_data_task> on 2024-11-03 01:54:58.521925+00:00
[2024-11-03T01:55:21.394+0000] {warnings.py:112} WARNING - /home/***/.local/lib/python3.12/site-packages/***/task/task_runner/standard_task_runner.py:61: DeprecationWarning: This process (pid=1161) is multi-threaded, use of fork() may lead to deadlocks in the child.
  pid = os.fork()

[2024-11-03T01:55:21.396+0000] {standard_task_runner.py:63} INFO - Started process 1178 to run task
[2024-11-03T01:55:21.396+0000] {standard_task_runner.py:90} INFO - Running: ['***', 'tasks', 'run', 'songs_preprocessing', 'cluster_data_task', 'manual__2024-11-03T01:54:58.521925+00:00', '--job-id', '23', '--raw', '--subdir', 'DAGS_FOLDER/***.py', '--cfg-path', '/tmp/tmp55wonabm']
[2024-11-03T01:55:21.398+0000] {standard_task_runner.py:91} INFO - Job 23: Subtask cluster_data_task
[2024-11-03T01:55:21.436+0000] {task_command.py:426} INFO - Running <TaskInstance: songs_preprocessing.cluster_data_task manual__2024-11-03T01:54:58.521925+00:00 [running]> on host 4a174f3124db
[2024-11-03T01:55:21.608+0000] {taskinstance.py:2648} INFO - Exporting env vars: AIRFLOW_CTX_DAG_OWNER='your_name' AIRFLOW_CTX_DAG_ID='songs_preprocessing' AIRFLOW_CTX_TASK_ID='cluster_data_task' AIRFLOW_CTX_EXECUTION_DATE='2024-11-03T01:54:58.521925+00:00' AIRFLOW_CTX_TRY_NUMBER='1' AIRFLOW_CTX_DAG_RUN_ID='manual__2024-11-03T01:54:58.521925+00:00'
[2024-11-03T01:55:21.609+0000] {taskinstance.py:430} INFO - ::endgroup::
[2024-11-03T01:55:21.646+0000] {logging_mixin.py:188} INFO - PCA applied successfully.
[2024-11-03T01:55:22.355+0000] {logging_mixin.py:188} INFO - KMeans clustering applied with 4 clusters.
[2024-11-03T01:55:22.358+0000] {logging_mixin.py:188} INFO - cluster
0    6654
3    5294
1    4760
2    1644
Name: count, dtype: int64
[2024-11-03T01:55:22.358+0000] {python.py:237} INFO - Done. Returned value was:        danceability    energy       key  ...   valence     tempo  cluster
0          1.020577  0.868988 -0.856638  ... -0.127645  0.159685        0
1          0.329285 -0.932612  0.773751  ... -1.257259 -1.285537        1
2          1.137849  1.312372 -0.041444  ... -1.619161  2.265699        3
3         -1.170570  0.683777 -1.400101  ... -1.039861  1.193051        3
4          0.816892 -0.197380 -0.856638  ...  0.733419 -0.150604        0
...             ...       ...       ...  ...       ...       ...      ...
18347     -0.861958  0.897050  0.502019  ...  0.690793  0.260563        3
18348     -0.787891  0.897050 -1.128370  ... -0.711634  0.273978        3
18349     -1.547077 -0.623927  0.502019  ...  0.464870  0.066119        1
18350      0.736653 -0.062681  0.502019  ...  0.371090  1.096898        0
18351      0.502108  0.970012 -0.584907  ...  1.338722  1.255543        0

[18352 rows x 12 columns]
[2024-11-03T01:55:22.393+0000] {taskinstance.py:441} INFO - ::group::Post task execution logs
[2024-11-03T01:55:22.777+0000] {taskinstance.py:1206} INFO - Marking task as SUCCESS. dag_id=songs_preprocessing, task_id=cluster_data_task, run_id=manual__2024-11-03T01:54:58.521925+00:00, execution_date=20241103T015458, start_date=20241103T015521, end_date=20241103T015522
[2024-11-03T01:55:22.838+0000] {local_task_job_runner.py:240} INFO - Task exited with return code 0
[2024-11-03T01:55:22.860+0000] {taskinstance.py:3503} INFO - 1 downstream tasks scheduled from follow-on schedule check
[2024-11-03T01:55:22.862+0000] {local_task_job_runner.py:222} INFO - ::endgroup::
