[2024-11-03T01:55:18.279+0000] {local_task_job_runner.py:120} INFO - ::group::Pre task execution logs
[2024-11-03T01:55:18.308+0000] {taskinstance.py:2076} INFO - Dependencies all met for dep_context=non-requeueable deps ti=<TaskInstance: songs_preprocessing.scale_data_task manual__2024-11-03T01:54:58.521925+00:00 [queued]>
[2024-11-03T01:55:18.318+0000] {taskinstance.py:2076} INFO - Dependencies all met for dep_context=requeueable deps ti=<TaskInstance: songs_preprocessing.scale_data_task manual__2024-11-03T01:54:58.521925+00:00 [queued]>
[2024-11-03T01:55:18.318+0000] {taskinstance.py:2306} INFO - Starting attempt 1 of 1
[2024-11-03T01:55:18.336+0000] {taskinstance.py:2330} INFO - Executing <Task(PythonOperator): scale_data_task> on 2024-11-03 01:54:58.521925+00:00
[2024-11-03T01:55:18.346+0000] {warnings.py:112} WARNING - /home/***/.local/lib/python3.12/site-packages/***/task/task_runner/standard_task_runner.py:61: DeprecationWarning: This process (pid=1120) is multi-threaded, use of fork() may lead to deadlocks in the child.
  pid = os.fork()

[2024-11-03T01:55:18.348+0000] {standard_task_runner.py:63} INFO - Started process 1137 to run task
[2024-11-03T01:55:18.348+0000] {standard_task_runner.py:90} INFO - Running: ['***', 'tasks', 'run', 'songs_preprocessing', 'scale_data_task', 'manual__2024-11-03T01:54:58.521925+00:00', '--job-id', '22', '--raw', '--subdir', 'DAGS_FOLDER/***.py', '--cfg-path', '/tmp/tmpxbln7hae']
[2024-11-03T01:55:18.351+0000] {standard_task_runner.py:91} INFO - Job 22: Subtask scale_data_task
[2024-11-03T01:55:18.397+0000] {task_command.py:426} INFO - Running <TaskInstance: songs_preprocessing.scale_data_task manual__2024-11-03T01:54:58.521925+00:00 [running]> on host 4a174f3124db
[2024-11-03T01:55:18.609+0000] {taskinstance.py:2648} INFO - Exporting env vars: AIRFLOW_CTX_DAG_OWNER='your_name' AIRFLOW_CTX_DAG_ID='songs_preprocessing' AIRFLOW_CTX_TASK_ID='scale_data_task' AIRFLOW_CTX_EXECUTION_DATE='2024-11-03T01:54:58.521925+00:00' AIRFLOW_CTX_TRY_NUMBER='1' AIRFLOW_CTX_DAG_RUN_ID='manual__2024-11-03T01:54:58.521925+00:00'
[2024-11-03T01:55:18.610+0000] {taskinstance.py:430} INFO - ::endgroup::
[2024-11-03T01:55:18.630+0000] {python.py:237} INFO - Done. Returned value was:        danceability    energy       key  ...  liveness   valence     tempo
0          1.020577  0.868988 -0.856638  ... -0.921993 -0.127645  0.159685
1          0.329285 -0.932612  0.773751  ... -0.508370 -1.257259 -1.285537
2          1.137849  1.312372 -0.041444  ...  1.175288 -1.619161  2.265699
3         -1.170570  0.683777 -1.400101  ... -0.534884 -1.039861  1.193051
4          0.816892 -0.197380 -0.856638  ... -0.190198  0.733419 -0.150604
...             ...       ...       ...  ...       ...       ...       ...
18347     -0.861958  0.897050  0.502019  ...  0.936660  0.690793  0.260563
18348     -0.787891  0.897050 -1.128370  ... -0.422198 -0.711634  0.273978
18349     -1.547077 -0.623927  0.502019  ... -0.481855  0.464870  0.066119
18350      0.736653 -0.062681  0.502019  ... -0.627684  0.371090  1.096898
18351      0.502108  0.970012 -0.584907  ... -0.428827  1.338722  1.255543

[18352 rows x 11 columns]
[2024-11-03T01:55:18.654+0000] {taskinstance.py:441} INFO - ::group::Post task execution logs
[2024-11-03T01:55:18.760+0000] {taskinstance.py:1206} INFO - Marking task as SUCCESS. dag_id=songs_preprocessing, task_id=scale_data_task, run_id=manual__2024-11-03T01:54:58.521925+00:00, execution_date=20241103T015458, start_date=20241103T015518, end_date=20241103T015518
[2024-11-03T01:55:18.807+0000] {local_task_job_runner.py:240} INFO - Task exited with return code 0
[2024-11-03T01:55:18.828+0000] {taskinstance.py:3503} INFO - 1 downstream tasks scheduled from follow-on schedule check
[2024-11-03T01:55:18.830+0000] {local_task_job_runner.py:222} INFO - ::endgroup::
