[2024-11-02T20:12:24.154+0000] {processor.py:157} INFO - Started process (PID=80) to work on /home/airflow/.local/lib/python3.8/site-packages/airflow/example_dags/example_latest_only_with_trigger.py
[2024-11-02T20:12:24.156+0000] {processor.py:829} INFO - Processing file /home/airflow/.local/lib/python3.8/site-packages/airflow/example_dags/example_latest_only_with_trigger.py for tasks to queue
[2024-11-02T20:12:24.162+0000] {logging_mixin.py:151} INFO - [2024-11-02T20:12:24.162+0000] {dagbag.py:539} INFO - Filling up the DagBag from /home/airflow/.local/lib/python3.8/site-packages/airflow/example_dags/example_latest_only_with_trigger.py
[2024-11-02T20:12:24.192+0000] {processor.py:839} INFO - DAG(s) dict_keys(['latest_only_with_trigger']) retrieved from /home/airflow/.local/lib/python3.8/site-packages/airflow/example_dags/example_latest_only_with_trigger.py
[2024-11-02T20:12:24.571+0000] {logging_mixin.py:151} INFO - [2024-11-02T20:12:24.570+0000] {dag.py:2915} INFO - Sync 1 DAGs
[2024-11-02T20:12:25.095+0000] {logging_mixin.py:151} INFO - [2024-11-02T20:12:25.095+0000] {dag.py:3696} INFO - Setting next_dagrun for latest_only_with_trigger to 2024-11-02T16:12:25.083981+00:00, run_after=2024-11-02T20:12:25.083981+00:00
[2024-11-02T20:12:25.546+0000] {processor.py:179} INFO - Processing /home/airflow/.local/lib/python3.8/site-packages/airflow/example_dags/example_latest_only_with_trigger.py took 1.401 seconds
[2024-11-02T20:14:36.275+0000] {processor.py:157} INFO - Started process (PID=75) to work on /home/airflow/.local/lib/python3.8/site-packages/airflow/example_dags/example_latest_only_with_trigger.py
[2024-11-02T20:14:36.291+0000] {processor.py:829} INFO - Processing file /home/airflow/.local/lib/python3.8/site-packages/airflow/example_dags/example_latest_only_with_trigger.py for tasks to queue
[2024-11-02T20:14:36.325+0000] {logging_mixin.py:151} INFO - [2024-11-02T20:14:36.323+0000] {dagbag.py:539} INFO - Filling up the DagBag from /home/airflow/.local/lib/python3.8/site-packages/airflow/example_dags/example_latest_only_with_trigger.py
[2024-11-02T20:14:36.444+0000] {processor.py:839} INFO - DAG(s) dict_keys(['latest_only_with_trigger']) retrieved from /home/airflow/.local/lib/python3.8/site-packages/airflow/example_dags/example_latest_only_with_trigger.py
[2024-11-02T20:14:36.763+0000] {logging_mixin.py:151} INFO - [2024-11-02T20:14:36.762+0000] {dag.py:2915} INFO - Sync 1 DAGs
[2024-11-02T20:14:37.106+0000] {logging_mixin.py:151} INFO - [2024-11-02T20:14:37.106+0000] {dag.py:3696} INFO - Setting next_dagrun for latest_only_with_trigger to 2024-11-02T16:14:37.106011+00:00, run_after=2024-11-02T20:14:37.106011+00:00
[2024-11-02T20:14:37.423+0000] {processor.py:179} INFO - Processing /home/airflow/.local/lib/python3.8/site-packages/airflow/example_dags/example_latest_only_with_trigger.py took 1.233 seconds
[2024-11-02T20:15:28.131+0000] {processor.py:157} INFO - Started process (PID=137) to work on /home/airflow/.local/lib/python3.8/site-packages/airflow/example_dags/example_latest_only_with_trigger.py
[2024-11-02T20:15:28.148+0000] {processor.py:829} INFO - Processing file /home/airflow/.local/lib/python3.8/site-packages/airflow/example_dags/example_latest_only_with_trigger.py for tasks to queue
[2024-11-02T20:15:28.153+0000] {logging_mixin.py:151} INFO - [2024-11-02T20:15:28.153+0000] {dagbag.py:539} INFO - Filling up the DagBag from /home/airflow/.local/lib/python3.8/site-packages/airflow/example_dags/example_latest_only_with_trigger.py
[2024-11-02T20:15:28.238+0000] {processor.py:839} INFO - DAG(s) dict_keys(['latest_only_with_trigger']) retrieved from /home/airflow/.local/lib/python3.8/site-packages/airflow/example_dags/example_latest_only_with_trigger.py
[2024-11-02T20:15:28.641+0000] {logging_mixin.py:151} INFO - [2024-11-02T20:15:28.640+0000] {dag.py:2915} INFO - Sync 1 DAGs
[2024-11-02T20:15:29.066+0000] {logging_mixin.py:151} INFO - [2024-11-02T20:15:29.032+0000] {dag.py:3696} INFO - Setting next_dagrun for latest_only_with_trigger to 2024-11-02T16:15:29.032106+00:00, run_after=2024-11-02T20:15:29.032106+00:00
[2024-11-02T20:15:29.694+0000] {processor.py:179} INFO - Processing /home/airflow/.local/lib/python3.8/site-packages/airflow/example_dags/example_latest_only_with_trigger.py took 1.615 seconds
[2024-11-02T20:16:29.120+0000] {processor.py:157} INFO - Started process (PID=205) to work on /home/airflow/.local/lib/python3.8/site-packages/airflow/example_dags/example_latest_only_with_trigger.py
[2024-11-02T20:16:29.132+0000] {processor.py:829} INFO - Processing file /home/airflow/.local/lib/python3.8/site-packages/airflow/example_dags/example_latest_only_with_trigger.py for tasks to queue
[2024-11-02T20:16:29.185+0000] {logging_mixin.py:151} INFO - [2024-11-02T20:16:29.184+0000] {dagbag.py:539} INFO - Filling up the DagBag from /home/airflow/.local/lib/python3.8/site-packages/airflow/example_dags/example_latest_only_with_trigger.py
[2024-11-02T20:16:29.369+0000] {processor.py:839} INFO - DAG(s) dict_keys(['latest_only_with_trigger']) retrieved from /home/airflow/.local/lib/python3.8/site-packages/airflow/example_dags/example_latest_only_with_trigger.py
[2024-11-02T20:16:29.709+0000] {logging_mixin.py:151} INFO - [2024-11-02T20:16:29.708+0000] {dag.py:2915} INFO - Sync 1 DAGs
[2024-11-02T20:16:29.889+0000] {logging_mixin.py:151} INFO - [2024-11-02T20:16:29.888+0000] {dag.py:3696} INFO - Setting next_dagrun for latest_only_with_trigger to 2024-11-02T16:16:29.886871+00:00, run_after=2024-11-02T20:16:29.886871+00:00
[2024-11-02T20:16:30.189+0000] {processor.py:179} INFO - Processing /home/airflow/.local/lib/python3.8/site-packages/airflow/example_dags/example_latest_only_with_trigger.py took 1.142 seconds
[2024-11-02T20:17:27.453+0000] {processor.py:157} INFO - Started process (PID=272) to work on /home/airflow/.local/lib/python3.8/site-packages/airflow/example_dags/example_latest_only_with_trigger.py
[2024-11-02T20:17:27.502+0000] {processor.py:829} INFO - Processing file /home/airflow/.local/lib/python3.8/site-packages/airflow/example_dags/example_latest_only_with_trigger.py for tasks to queue
[2024-11-02T20:17:27.616+0000] {logging_mixin.py:151} INFO - [2024-11-02T20:17:27.612+0000] {dagbag.py:539} INFO - Filling up the DagBag from /home/airflow/.local/lib/python3.8/site-packages/airflow/example_dags/example_latest_only_with_trigger.py
[2024-11-02T20:17:27.705+0000] {processor.py:839} INFO - DAG(s) dict_keys(['latest_only_with_trigger']) retrieved from /home/airflow/.local/lib/python3.8/site-packages/airflow/example_dags/example_latest_only_with_trigger.py
[2024-11-02T20:17:27.955+0000] {logging_mixin.py:151} INFO - [2024-11-02T20:17:27.955+0000] {dag.py:2915} INFO - Sync 1 DAGs
[2024-11-02T20:17:28.245+0000] {logging_mixin.py:151} INFO - [2024-11-02T20:17:28.244+0000] {dag.py:3696} INFO - Setting next_dagrun for latest_only_with_trigger to 2024-11-02T16:17:28.236305+00:00, run_after=2024-11-02T20:17:28.236305+00:00
[2024-11-02T20:17:28.513+0000] {processor.py:179} INFO - Processing /home/airflow/.local/lib/python3.8/site-packages/airflow/example_dags/example_latest_only_with_trigger.py took 1.119 seconds
[2024-11-02T20:18:19.963+0000] {processor.py:157} INFO - Started process (PID=323) to work on /home/airflow/.local/lib/python3.8/site-packages/airflow/example_dags/example_latest_only_with_trigger.py
[2024-11-02T20:18:19.971+0000] {processor.py:829} INFO - Processing file /home/airflow/.local/lib/python3.8/site-packages/airflow/example_dags/example_latest_only_with_trigger.py for tasks to queue
[2024-11-02T20:18:20.015+0000] {logging_mixin.py:151} INFO - [2024-11-02T20:18:20.014+0000] {dagbag.py:539} INFO - Filling up the DagBag from /home/airflow/.local/lib/python3.8/site-packages/airflow/example_dags/example_latest_only_with_trigger.py
[2024-11-02T20:18:20.221+0000] {processor.py:839} INFO - DAG(s) dict_keys(['latest_only_with_trigger']) retrieved from /home/airflow/.local/lib/python3.8/site-packages/airflow/example_dags/example_latest_only_with_trigger.py
[2024-11-02T20:18:20.926+0000] {logging_mixin.py:151} INFO - [2024-11-02T20:18:20.906+0000] {dag.py:2915} INFO - Sync 1 DAGs
[2024-11-02T20:18:21.442+0000] {logging_mixin.py:151} INFO - [2024-11-02T20:18:21.427+0000] {dag.py:3696} INFO - Setting next_dagrun for latest_only_with_trigger to 2024-11-02T16:18:21.427232+00:00, run_after=2024-11-02T20:18:21.427232+00:00
[2024-11-02T20:18:21.842+0000] {processor.py:179} INFO - Processing /home/airflow/.local/lib/python3.8/site-packages/airflow/example_dags/example_latest_only_with_trigger.py took 1.917 seconds
[2024-11-02T20:19:21.927+0000] {processor.py:157} INFO - Started process (PID=394) to work on /home/airflow/.local/lib/python3.8/site-packages/airflow/example_dags/example_latest_only_with_trigger.py
[2024-11-02T20:19:21.932+0000] {processor.py:829} INFO - Processing file /home/airflow/.local/lib/python3.8/site-packages/airflow/example_dags/example_latest_only_with_trigger.py for tasks to queue
[2024-11-02T20:19:21.963+0000] {logging_mixin.py:151} INFO - [2024-11-02T20:19:21.956+0000] {dagbag.py:539} INFO - Filling up the DagBag from /home/airflow/.local/lib/python3.8/site-packages/airflow/example_dags/example_latest_only_with_trigger.py
[2024-11-02T20:19:22.017+0000] {processor.py:839} INFO - DAG(s) dict_keys(['latest_only_with_trigger']) retrieved from /home/airflow/.local/lib/python3.8/site-packages/airflow/example_dags/example_latest_only_with_trigger.py
[2024-11-02T20:19:22.295+0000] {logging_mixin.py:151} INFO - [2024-11-02T20:19:22.291+0000] {dag.py:2915} INFO - Sync 1 DAGs
[2024-11-02T20:19:22.546+0000] {logging_mixin.py:151} INFO - [2024-11-02T20:19:22.546+0000] {dag.py:3696} INFO - Setting next_dagrun for latest_only_with_trigger to 2024-11-02T16:19:22.540249+00:00, run_after=2024-11-02T20:19:22.540249+00:00
[2024-11-02T20:19:22.910+0000] {processor.py:179} INFO - Processing /home/airflow/.local/lib/python3.8/site-packages/airflow/example_dags/example_latest_only_with_trigger.py took 1.041 seconds
[2024-11-02T20:20:12.176+0000] {processor.py:157} INFO - Started process (PID=453) to work on /home/airflow/.local/lib/python3.8/site-packages/airflow/example_dags/example_latest_only_with_trigger.py
[2024-11-02T20:20:12.243+0000] {processor.py:829} INFO - Processing file /home/airflow/.local/lib/python3.8/site-packages/airflow/example_dags/example_latest_only_with_trigger.py for tasks to queue
[2024-11-02T20:20:12.306+0000] {logging_mixin.py:151} INFO - [2024-11-02T20:20:12.281+0000] {dagbag.py:539} INFO - Filling up the DagBag from /home/airflow/.local/lib/python3.8/site-packages/airflow/example_dags/example_latest_only_with_trigger.py
[2024-11-02T20:20:12.406+0000] {processor.py:839} INFO - DAG(s) dict_keys(['latest_only_with_trigger']) retrieved from /home/airflow/.local/lib/python3.8/site-packages/airflow/example_dags/example_latest_only_with_trigger.py
[2024-11-02T20:20:12.933+0000] {logging_mixin.py:151} INFO - [2024-11-02T20:20:12.933+0000] {dag.py:2915} INFO - Sync 1 DAGs
[2024-11-02T20:20:13.795+0000] {logging_mixin.py:151} INFO - [2024-11-02T20:20:13.776+0000] {dag.py:3696} INFO - Setting next_dagrun for latest_only_with_trigger to 2024-11-02T16:20:13.776174+00:00, run_after=2024-11-02T20:20:13.776174+00:00
[2024-11-02T20:20:14.213+0000] {processor.py:179} INFO - Processing /home/airflow/.local/lib/python3.8/site-packages/airflow/example_dags/example_latest_only_with_trigger.py took 2.147 seconds
[2024-11-02T20:21:18.233+0000] {processor.py:157} INFO - Started process (PID=521) to work on /home/airflow/.local/lib/python3.8/site-packages/airflow/example_dags/example_latest_only_with_trigger.py
[2024-11-02T20:21:18.239+0000] {processor.py:829} INFO - Processing file /home/airflow/.local/lib/python3.8/site-packages/airflow/example_dags/example_latest_only_with_trigger.py for tasks to queue
[2024-11-02T20:21:18.258+0000] {logging_mixin.py:151} INFO - [2024-11-02T20:21:18.257+0000] {dagbag.py:539} INFO - Filling up the DagBag from /home/airflow/.local/lib/python3.8/site-packages/airflow/example_dags/example_latest_only_with_trigger.py
[2024-11-02T20:21:18.353+0000] {processor.py:839} INFO - DAG(s) dict_keys(['latest_only_with_trigger']) retrieved from /home/airflow/.local/lib/python3.8/site-packages/airflow/example_dags/example_latest_only_with_trigger.py
[2024-11-02T20:21:18.676+0000] {logging_mixin.py:151} INFO - [2024-11-02T20:21:18.676+0000] {dag.py:2915} INFO - Sync 1 DAGs
[2024-11-02T20:21:18.971+0000] {logging_mixin.py:151} INFO - [2024-11-02T20:21:18.971+0000] {dag.py:3696} INFO - Setting next_dagrun for latest_only_with_trigger to 2024-11-02T16:21:18.970648+00:00, run_after=2024-11-02T20:21:18.970648+00:00
[2024-11-02T20:21:19.347+0000] {processor.py:179} INFO - Processing /home/airflow/.local/lib/python3.8/site-packages/airflow/example_dags/example_latest_only_with_trigger.py took 1.202 seconds
[2024-11-02T20:22:07.693+0000] {processor.py:157} INFO - Started process (PID=574) to work on /home/airflow/.local/lib/python3.8/site-packages/airflow/example_dags/example_latest_only_with_trigger.py
[2024-11-02T20:22:07.735+0000] {processor.py:829} INFO - Processing file /home/airflow/.local/lib/python3.8/site-packages/airflow/example_dags/example_latest_only_with_trigger.py for tasks to queue
[2024-11-02T20:22:07.740+0000] {logging_mixin.py:151} INFO - [2024-11-02T20:22:07.740+0000] {dagbag.py:539} INFO - Filling up the DagBag from /home/airflow/.local/lib/python3.8/site-packages/airflow/example_dags/example_latest_only_with_trigger.py
[2024-11-02T20:22:07.807+0000] {processor.py:839} INFO - DAG(s) dict_keys(['latest_only_with_trigger']) retrieved from /home/airflow/.local/lib/python3.8/site-packages/airflow/example_dags/example_latest_only_with_trigger.py
[2024-11-02T20:22:08.264+0000] {logging_mixin.py:151} INFO - [2024-11-02T20:22:08.256+0000] {dag.py:2915} INFO - Sync 1 DAGs
[2024-11-02T20:22:08.621+0000] {logging_mixin.py:151} INFO - [2024-11-02T20:22:08.621+0000] {dag.py:3696} INFO - Setting next_dagrun for latest_only_with_trigger to 2024-11-02T16:22:08.620430+00:00, run_after=2024-11-02T20:22:08.620430+00:00
[2024-11-02T20:22:08.990+0000] {processor.py:179} INFO - Processing /home/airflow/.local/lib/python3.8/site-packages/airflow/example_dags/example_latest_only_with_trigger.py took 1.362 seconds
[2024-11-02T20:22:58.187+0000] {processor.py:157} INFO - Started process (PID=627) to work on /home/airflow/.local/lib/python3.8/site-packages/airflow/example_dags/example_latest_only_with_trigger.py
[2024-11-02T20:22:58.201+0000] {processor.py:829} INFO - Processing file /home/airflow/.local/lib/python3.8/site-packages/airflow/example_dags/example_latest_only_with_trigger.py for tasks to queue
[2024-11-02T20:22:58.223+0000] {logging_mixin.py:151} INFO - [2024-11-02T20:22:58.222+0000] {dagbag.py:539} INFO - Filling up the DagBag from /home/airflow/.local/lib/python3.8/site-packages/airflow/example_dags/example_latest_only_with_trigger.py
[2024-11-02T20:22:58.327+0000] {processor.py:839} INFO - DAG(s) dict_keys(['latest_only_with_trigger']) retrieved from /home/airflow/.local/lib/python3.8/site-packages/airflow/example_dags/example_latest_only_with_trigger.py
[2024-11-02T20:22:59.007+0000] {logging_mixin.py:151} INFO - [2024-11-02T20:22:59.006+0000] {dag.py:2915} INFO - Sync 1 DAGs
[2024-11-02T20:22:59.522+0000] {logging_mixin.py:151} INFO - [2024-11-02T20:22:59.522+0000] {dag.py:3696} INFO - Setting next_dagrun for latest_only_with_trigger to 2024-11-02T16:22:59.521530+00:00, run_after=2024-11-02T20:22:59.521530+00:00
[2024-11-02T20:23:00.069+0000] {processor.py:179} INFO - Processing /home/airflow/.local/lib/python3.8/site-packages/airflow/example_dags/example_latest_only_with_trigger.py took 1.944 seconds
[2024-11-02T20:24:07.297+0000] {processor.py:157} INFO - Started process (PID=696) to work on /home/airflow/.local/lib/python3.8/site-packages/airflow/example_dags/example_latest_only_with_trigger.py
[2024-11-02T20:24:07.313+0000] {processor.py:829} INFO - Processing file /home/airflow/.local/lib/python3.8/site-packages/airflow/example_dags/example_latest_only_with_trigger.py for tasks to queue
[2024-11-02T20:24:07.354+0000] {logging_mixin.py:151} INFO - [2024-11-02T20:24:07.351+0000] {dagbag.py:539} INFO - Filling up the DagBag from /home/airflow/.local/lib/python3.8/site-packages/airflow/example_dags/example_latest_only_with_trigger.py
[2024-11-02T20:24:07.371+0000] {processor.py:839} INFO - DAG(s) dict_keys(['latest_only_with_trigger']) retrieved from /home/airflow/.local/lib/python3.8/site-packages/airflow/example_dags/example_latest_only_with_trigger.py
[2024-11-02T20:24:07.885+0000] {logging_mixin.py:151} INFO - [2024-11-02T20:24:07.885+0000] {dag.py:2915} INFO - Sync 1 DAGs
[2024-11-02T20:24:08.630+0000] {logging_mixin.py:151} INFO - [2024-11-02T20:24:08.617+0000] {dag.py:3696} INFO - Setting next_dagrun for latest_only_with_trigger to 2024-11-02T16:24:08.605721+00:00, run_after=2024-11-02T20:24:08.605721+00:00
[2024-11-02T20:24:09.211+0000] {processor.py:179} INFO - Processing /home/airflow/.local/lib/python3.8/site-packages/airflow/example_dags/example_latest_only_with_trigger.py took 2.123 seconds
