[2024-11-02T20:12:25.300+0000] {processor.py:157} INFO - Started process (PID=81) to work on /home/airflow/.local/lib/python3.8/site-packages/airflow/example_dags/example_kubernetes_executor.py
[2024-11-02T20:12:25.302+0000] {processor.py:829} INFO - Processing file /home/airflow/.local/lib/python3.8/site-packages/airflow/example_dags/example_kubernetes_executor.py for tasks to queue
[2024-11-02T20:12:25.309+0000] {logging_mixin.py:151} INFO - [2024-11-02T20:12:25.308+0000] {dagbag.py:539} INFO - Filling up the DagBag from /home/airflow/.local/lib/python3.8/site-packages/airflow/example_dags/example_kubernetes_executor.py
[2024-11-02T20:12:28.937+0000] {processor.py:839} INFO - DAG(s) dict_keys(['example_kubernetes_executor']) retrieved from /home/airflow/.local/lib/python3.8/site-packages/airflow/example_dags/example_kubernetes_executor.py
[2024-11-02T20:12:29.845+0000] {logging_mixin.py:151} INFO - [2024-11-02T20:12:29.844+0000] {dag.py:2915} INFO - Sync 1 DAGs
[2024-11-02T20:12:30.146+0000] {logging_mixin.py:151} INFO - [2024-11-02T20:12:30.125+0000] {dag.py:3696} INFO - Setting next_dagrun for example_kubernetes_executor to None, run_after=None
[2024-11-02T20:12:30.649+0000] {processor.py:179} INFO - Processing /home/airflow/.local/lib/python3.8/site-packages/airflow/example_dags/example_kubernetes_executor.py took 5.366 seconds
[2024-11-02T20:14:36.586+0000] {processor.py:157} INFO - Started process (PID=76) to work on /home/airflow/.local/lib/python3.8/site-packages/airflow/example_dags/example_kubernetes_executor.py
[2024-11-02T20:14:36.610+0000] {processor.py:829} INFO - Processing file /home/airflow/.local/lib/python3.8/site-packages/airflow/example_dags/example_kubernetes_executor.py for tasks to queue
[2024-11-02T20:14:36.649+0000] {logging_mixin.py:151} INFO - [2024-11-02T20:14:36.647+0000] {dagbag.py:539} INFO - Filling up the DagBag from /home/airflow/.local/lib/python3.8/site-packages/airflow/example_dags/example_kubernetes_executor.py
[2024-11-02T20:14:39.127+0000] {processor.py:839} INFO - DAG(s) dict_keys(['example_kubernetes_executor']) retrieved from /home/airflow/.local/lib/python3.8/site-packages/airflow/example_dags/example_kubernetes_executor.py
[2024-11-02T20:14:39.460+0000] {logging_mixin.py:151} INFO - [2024-11-02T20:14:39.438+0000] {dag.py:2915} INFO - Sync 1 DAGs
[2024-11-02T20:14:39.584+0000] {logging_mixin.py:151} INFO - [2024-11-02T20:14:39.584+0000] {dag.py:3696} INFO - Setting next_dagrun for example_kubernetes_executor to None, run_after=None
[2024-11-02T20:14:39.814+0000] {processor.py:179} INFO - Processing /home/airflow/.local/lib/python3.8/site-packages/airflow/example_dags/example_kubernetes_executor.py took 3.290 seconds
[2024-11-02T20:15:28.938+0000] {processor.py:157} INFO - Started process (PID=138) to work on /home/airflow/.local/lib/python3.8/site-packages/airflow/example_dags/example_kubernetes_executor.py
[2024-11-02T20:15:28.971+0000] {processor.py:829} INFO - Processing file /home/airflow/.local/lib/python3.8/site-packages/airflow/example_dags/example_kubernetes_executor.py for tasks to queue
[2024-11-02T20:15:28.990+0000] {logging_mixin.py:151} INFO - [2024-11-02T20:15:28.987+0000] {dagbag.py:539} INFO - Filling up the DagBag from /home/airflow/.local/lib/python3.8/site-packages/airflow/example_dags/example_kubernetes_executor.py
[2024-11-02T20:15:34.247+0000] {processor.py:839} INFO - DAG(s) dict_keys(['example_kubernetes_executor']) retrieved from /home/airflow/.local/lib/python3.8/site-packages/airflow/example_dags/example_kubernetes_executor.py
[2024-11-02T20:15:35.058+0000] {logging_mixin.py:151} INFO - [2024-11-02T20:15:35.057+0000] {dag.py:2915} INFO - Sync 1 DAGs
[2024-11-02T20:15:35.149+0000] {logging_mixin.py:151} INFO - [2024-11-02T20:15:35.149+0000] {dag.py:3696} INFO - Setting next_dagrun for example_kubernetes_executor to None, run_after=None
[2024-11-02T20:15:35.450+0000] {processor.py:179} INFO - Processing /home/airflow/.local/lib/python3.8/site-packages/airflow/example_dags/example_kubernetes_executor.py took 6.582 seconds
[2024-11-02T20:16:29.527+0000] {processor.py:157} INFO - Started process (PID=206) to work on /home/airflow/.local/lib/python3.8/site-packages/airflow/example_dags/example_kubernetes_executor.py
[2024-11-02T20:16:29.561+0000] {processor.py:829} INFO - Processing file /home/airflow/.local/lib/python3.8/site-packages/airflow/example_dags/example_kubernetes_executor.py for tasks to queue
[2024-11-02T20:16:29.631+0000] {logging_mixin.py:151} INFO - [2024-11-02T20:16:29.614+0000] {dagbag.py:539} INFO - Filling up the DagBag from /home/airflow/.local/lib/python3.8/site-packages/airflow/example_dags/example_kubernetes_executor.py
[2024-11-02T20:16:33.629+0000] {processor.py:839} INFO - DAG(s) dict_keys(['example_kubernetes_executor']) retrieved from /home/airflow/.local/lib/python3.8/site-packages/airflow/example_dags/example_kubernetes_executor.py
[2024-11-02T20:16:34.418+0000] {logging_mixin.py:151} INFO - [2024-11-02T20:16:34.417+0000] {dag.py:2915} INFO - Sync 1 DAGs
[2024-11-02T20:16:34.578+0000] {logging_mixin.py:151} INFO - [2024-11-02T20:16:34.577+0000] {dag.py:3696} INFO - Setting next_dagrun for example_kubernetes_executor to None, run_after=None
[2024-11-02T20:16:35.144+0000] {processor.py:179} INFO - Processing /home/airflow/.local/lib/python3.8/site-packages/airflow/example_dags/example_kubernetes_executor.py took 5.695 seconds
[2024-11-02T20:17:28.912+0000] {processor.py:157} INFO - Started process (PID=273) to work on /home/airflow/.local/lib/python3.8/site-packages/airflow/example_dags/example_kubernetes_executor.py
[2024-11-02T20:17:28.929+0000] {processor.py:829} INFO - Processing file /home/airflow/.local/lib/python3.8/site-packages/airflow/example_dags/example_kubernetes_executor.py for tasks to queue
[2024-11-02T20:17:28.978+0000] {logging_mixin.py:151} INFO - [2024-11-02T20:17:28.969+0000] {dagbag.py:539} INFO - Filling up the DagBag from /home/airflow/.local/lib/python3.8/site-packages/airflow/example_dags/example_kubernetes_executor.py
[2024-11-02T20:17:32.029+0000] {processor.py:839} INFO - DAG(s) dict_keys(['example_kubernetes_executor']) retrieved from /home/airflow/.local/lib/python3.8/site-packages/airflow/example_dags/example_kubernetes_executor.py
[2024-11-02T20:17:32.587+0000] {logging_mixin.py:151} INFO - [2024-11-02T20:17:32.578+0000] {dag.py:2915} INFO - Sync 1 DAGs
[2024-11-02T20:17:32.745+0000] {logging_mixin.py:151} INFO - [2024-11-02T20:17:32.744+0000] {dag.py:3696} INFO - Setting next_dagrun for example_kubernetes_executor to None, run_after=None
[2024-11-02T20:17:33.018+0000] {processor.py:179} INFO - Processing /home/airflow/.local/lib/python3.8/site-packages/airflow/example_dags/example_kubernetes_executor.py took 4.162 seconds
[2024-11-02T20:18:21.873+0000] {processor.py:157} INFO - Started process (PID=324) to work on /home/airflow/.local/lib/python3.8/site-packages/airflow/example_dags/example_kubernetes_executor.py
[2024-11-02T20:18:21.890+0000] {processor.py:829} INFO - Processing file /home/airflow/.local/lib/python3.8/site-packages/airflow/example_dags/example_kubernetes_executor.py for tasks to queue
[2024-11-02T20:18:21.976+0000] {logging_mixin.py:151} INFO - [2024-11-02T20:18:21.975+0000] {dagbag.py:539} INFO - Filling up the DagBag from /home/airflow/.local/lib/python3.8/site-packages/airflow/example_dags/example_kubernetes_executor.py
[2024-11-02T20:18:27.696+0000] {processor.py:839} INFO - DAG(s) dict_keys(['example_kubernetes_executor']) retrieved from /home/airflow/.local/lib/python3.8/site-packages/airflow/example_dags/example_kubernetes_executor.py
[2024-11-02T20:18:28.383+0000] {logging_mixin.py:151} INFO - [2024-11-02T20:18:28.383+0000] {dag.py:2915} INFO - Sync 1 DAGs
[2024-11-02T20:18:28.654+0000] {logging_mixin.py:151} INFO - [2024-11-02T20:18:28.654+0000] {dag.py:3696} INFO - Setting next_dagrun for example_kubernetes_executor to None, run_after=None
[2024-11-02T20:18:29.096+0000] {processor.py:179} INFO - Processing /home/airflow/.local/lib/python3.8/site-packages/airflow/example_dags/example_kubernetes_executor.py took 7.360 seconds
[2024-11-02T20:19:22.345+0000] {processor.py:157} INFO - Started process (PID=395) to work on /home/airflow/.local/lib/python3.8/site-packages/airflow/example_dags/example_kubernetes_executor.py
[2024-11-02T20:19:22.392+0000] {processor.py:829} INFO - Processing file /home/airflow/.local/lib/python3.8/site-packages/airflow/example_dags/example_kubernetes_executor.py for tasks to queue
[2024-11-02T20:19:22.426+0000] {logging_mixin.py:151} INFO - [2024-11-02T20:19:22.426+0000] {dagbag.py:539} INFO - Filling up the DagBag from /home/airflow/.local/lib/python3.8/site-packages/airflow/example_dags/example_kubernetes_executor.py
[2024-11-02T20:19:26.960+0000] {processor.py:839} INFO - DAG(s) dict_keys(['example_kubernetes_executor']) retrieved from /home/airflow/.local/lib/python3.8/site-packages/airflow/example_dags/example_kubernetes_executor.py
[2024-11-02T20:19:27.561+0000] {logging_mixin.py:151} INFO - [2024-11-02T20:19:27.560+0000] {dag.py:2915} INFO - Sync 1 DAGs
[2024-11-02T20:19:27.907+0000] {logging_mixin.py:151} INFO - [2024-11-02T20:19:27.846+0000] {dag.py:3696} INFO - Setting next_dagrun for example_kubernetes_executor to None, run_after=None
[2024-11-02T20:19:28.321+0000] {processor.py:179} INFO - Processing /home/airflow/.local/lib/python3.8/site-packages/airflow/example_dags/example_kubernetes_executor.py took 6.068 seconds
[2024-11-02T20:20:27.236+0000] {processor.py:157} INFO - Started process (PID=464) to work on /home/airflow/.local/lib/python3.8/site-packages/airflow/example_dags/example_kubernetes_executor.py
[2024-11-02T20:20:27.247+0000] {processor.py:829} INFO - Processing file /home/airflow/.local/lib/python3.8/site-packages/airflow/example_dags/example_kubernetes_executor.py for tasks to queue
[2024-11-02T20:20:27.291+0000] {logging_mixin.py:151} INFO - [2024-11-02T20:20:27.290+0000] {dagbag.py:539} INFO - Filling up the DagBag from /home/airflow/.local/lib/python3.8/site-packages/airflow/example_dags/example_kubernetes_executor.py
[2024-11-02T20:20:32.745+0000] {processor.py:839} INFO - DAG(s) dict_keys(['example_kubernetes_executor']) retrieved from /home/airflow/.local/lib/python3.8/site-packages/airflow/example_dags/example_kubernetes_executor.py
[2024-11-02T20:20:33.523+0000] {logging_mixin.py:151} INFO - [2024-11-02T20:20:33.488+0000] {dag.py:2915} INFO - Sync 1 DAGs
[2024-11-02T20:20:33.946+0000] {logging_mixin.py:151} INFO - [2024-11-02T20:20:33.945+0000] {dag.py:3696} INFO - Setting next_dagrun for example_kubernetes_executor to None, run_after=None
[2024-11-02T20:20:34.572+0000] {processor.py:179} INFO - Processing /home/airflow/.local/lib/python3.8/site-packages/airflow/example_dags/example_kubernetes_executor.py took 7.436 seconds
[2024-11-02T20:21:18.663+0000] {processor.py:157} INFO - Started process (PID=522) to work on /home/airflow/.local/lib/python3.8/site-packages/airflow/example_dags/example_kubernetes_executor.py
[2024-11-02T20:21:18.704+0000] {processor.py:829} INFO - Processing file /home/airflow/.local/lib/python3.8/site-packages/airflow/example_dags/example_kubernetes_executor.py for tasks to queue
[2024-11-02T20:21:18.737+0000] {logging_mixin.py:151} INFO - [2024-11-02T20:21:18.736+0000] {dagbag.py:539} INFO - Filling up the DagBag from /home/airflow/.local/lib/python3.8/site-packages/airflow/example_dags/example_kubernetes_executor.py
[2024-11-02T20:21:23.862+0000] {processor.py:839} INFO - DAG(s) dict_keys(['example_kubernetes_executor']) retrieved from /home/airflow/.local/lib/python3.8/site-packages/airflow/example_dags/example_kubernetes_executor.py
[2024-11-02T20:21:24.116+0000] {logging_mixin.py:151} INFO - [2024-11-02T20:21:24.115+0000] {dag.py:2915} INFO - Sync 1 DAGs
[2024-11-02T20:21:24.196+0000] {logging_mixin.py:151} INFO - [2024-11-02T20:21:24.195+0000] {dag.py:3696} INFO - Setting next_dagrun for example_kubernetes_executor to None, run_after=None
[2024-11-02T20:21:24.614+0000] {processor.py:179} INFO - Processing /home/airflow/.local/lib/python3.8/site-packages/airflow/example_dags/example_kubernetes_executor.py took 5.988 seconds
[2024-11-02T20:22:27.728+0000] {processor.py:157} INFO - Started process (PID=592) to work on /home/airflow/.local/lib/python3.8/site-packages/airflow/example_dags/example_kubernetes_executor.py
[2024-11-02T20:22:27.748+0000] {processor.py:829} INFO - Processing file /home/airflow/.local/lib/python3.8/site-packages/airflow/example_dags/example_kubernetes_executor.py for tasks to queue
[2024-11-02T20:22:27.777+0000] {logging_mixin.py:151} INFO - [2024-11-02T20:22:27.777+0000] {dagbag.py:539} INFO - Filling up the DagBag from /home/airflow/.local/lib/python3.8/site-packages/airflow/example_dags/example_kubernetes_executor.py
[2024-11-02T20:22:31.825+0000] {processor.py:839} INFO - DAG(s) dict_keys(['example_kubernetes_executor']) retrieved from /home/airflow/.local/lib/python3.8/site-packages/airflow/example_dags/example_kubernetes_executor.py
[2024-11-02T20:22:32.248+0000] {logging_mixin.py:151} INFO - [2024-11-02T20:22:32.247+0000] {dag.py:2915} INFO - Sync 1 DAGs
[2024-11-02T20:22:32.338+0000] {logging_mixin.py:151} INFO - [2024-11-02T20:22:32.338+0000] {dag.py:3696} INFO - Setting next_dagrun for example_kubernetes_executor to None, run_after=None
[2024-11-02T20:22:32.593+0000] {processor.py:179} INFO - Processing /home/airflow/.local/lib/python3.8/site-packages/airflow/example_dags/example_kubernetes_executor.py took 4.938 seconds
[2024-11-02T20:23:37.921+0000] {processor.py:157} INFO - Started process (PID=666) to work on /home/airflow/.local/lib/python3.8/site-packages/airflow/example_dags/example_kubernetes_executor.py
[2024-11-02T20:23:37.945+0000] {processor.py:829} INFO - Processing file /home/airflow/.local/lib/python3.8/site-packages/airflow/example_dags/example_kubernetes_executor.py for tasks to queue
[2024-11-02T20:23:38.012+0000] {logging_mixin.py:151} INFO - [2024-11-02T20:23:37.985+0000] {dagbag.py:539} INFO - Filling up the DagBag from /home/airflow/.local/lib/python3.8/site-packages/airflow/example_dags/example_kubernetes_executor.py
[2024-11-02T20:23:43.821+0000] {processor.py:839} INFO - DAG(s) dict_keys(['example_kubernetes_executor']) retrieved from /home/airflow/.local/lib/python3.8/site-packages/airflow/example_dags/example_kubernetes_executor.py
[2024-11-02T20:23:44.175+0000] {logging_mixin.py:151} INFO - [2024-11-02T20:23:44.171+0000] {dag.py:2915} INFO - Sync 1 DAGs
[2024-11-02T20:23:44.548+0000] {logging_mixin.py:151} INFO - [2024-11-02T20:23:44.547+0000] {dag.py:3696} INFO - Setting next_dagrun for example_kubernetes_executor to None, run_after=None
[2024-11-02T20:23:45.082+0000] {processor.py:179} INFO - Processing /home/airflow/.local/lib/python3.8/site-packages/airflow/example_dags/example_kubernetes_executor.py took 7.275 seconds
[2024-11-02T20:24:37.091+0000] {processor.py:157} INFO - Started process (PID=727) to work on /home/airflow/.local/lib/python3.8/site-packages/airflow/example_dags/example_kubernetes_executor.py
[2024-11-02T20:24:37.097+0000] {processor.py:829} INFO - Processing file /home/airflow/.local/lib/python3.8/site-packages/airflow/example_dags/example_kubernetes_executor.py for tasks to queue
[2024-11-02T20:24:37.126+0000] {logging_mixin.py:151} INFO - [2024-11-02T20:24:37.125+0000] {dagbag.py:539} INFO - Filling up the DagBag from /home/airflow/.local/lib/python3.8/site-packages/airflow/example_dags/example_kubernetes_executor.py
[2024-11-02T20:24:39.812+0000] {processor.py:839} INFO - DAG(s) dict_keys(['example_kubernetes_executor']) retrieved from /home/airflow/.local/lib/python3.8/site-packages/airflow/example_dags/example_kubernetes_executor.py
[2024-11-02T20:24:40.653+0000] {logging_mixin.py:151} INFO - [2024-11-02T20:24:40.652+0000] {dag.py:2915} INFO - Sync 1 DAGs
[2024-11-02T20:24:41.019+0000] {logging_mixin.py:151} INFO - [2024-11-02T20:24:41.018+0000] {dag.py:3696} INFO - Setting next_dagrun for example_kubernetes_executor to None, run_after=None
[2024-11-02T20:24:41.600+0000] {processor.py:179} INFO - Processing /home/airflow/.local/lib/python3.8/site-packages/airflow/example_dags/example_kubernetes_executor.py took 4.606 seconds
