[2024-11-02T20:12:27.251+0000] {processor.py:157} INFO - Started process (PID=83) to work on /home/airflow/.local/lib/python3.8/site-packages/airflow/example_dags/example_task_group_decorator.py
[2024-11-02T20:12:27.265+0000] {processor.py:829} INFO - Processing file /home/airflow/.local/lib/python3.8/site-packages/airflow/example_dags/example_task_group_decorator.py for tasks to queue
[2024-11-02T20:12:27.292+0000] {logging_mixin.py:151} INFO - [2024-11-02T20:12:27.292+0000] {dagbag.py:539} INFO - Filling up the DagBag from /home/airflow/.local/lib/python3.8/site-packages/airflow/example_dags/example_task_group_decorator.py
[2024-11-02T20:12:27.585+0000] {processor.py:839} INFO - DAG(s) dict_keys(['example_task_group_decorator']) retrieved from /home/airflow/.local/lib/python3.8/site-packages/airflow/example_dags/example_task_group_decorator.py
[2024-11-02T20:12:27.982+0000] {logging_mixin.py:151} INFO - [2024-11-02T20:12:27.982+0000] {dag.py:2915} INFO - Sync 1 DAGs
[2024-11-02T20:12:28.439+0000] {logging_mixin.py:151} INFO - [2024-11-02T20:12:28.438+0000] {dag.py:3696} INFO - Setting next_dagrun for example_task_group_decorator to 2024-11-01T20:12:28.438346+00:00, run_after=2024-11-02T20:12:28.438346+00:00
[2024-11-02T20:12:28.876+0000] {processor.py:179} INFO - Processing /home/airflow/.local/lib/python3.8/site-packages/airflow/example_dags/example_task_group_decorator.py took 1.675 seconds
[2024-11-02T20:14:39.612+0000] {processor.py:157} INFO - Started process (PID=78) to work on /home/airflow/.local/lib/python3.8/site-packages/airflow/example_dags/example_task_group_decorator.py
[2024-11-02T20:14:39.630+0000] {processor.py:829} INFO - Processing file /home/airflow/.local/lib/python3.8/site-packages/airflow/example_dags/example_task_group_decorator.py for tasks to queue
[2024-11-02T20:14:39.647+0000] {logging_mixin.py:151} INFO - [2024-11-02T20:14:39.645+0000] {dagbag.py:539} INFO - Filling up the DagBag from /home/airflow/.local/lib/python3.8/site-packages/airflow/example_dags/example_task_group_decorator.py
[2024-11-02T20:14:39.904+0000] {processor.py:839} INFO - DAG(s) dict_keys(['example_task_group_decorator']) retrieved from /home/airflow/.local/lib/python3.8/site-packages/airflow/example_dags/example_task_group_decorator.py
[2024-11-02T20:14:40.306+0000] {logging_mixin.py:151} INFO - [2024-11-02T20:14:40.306+0000] {dag.py:2915} INFO - Sync 1 DAGs
[2024-11-02T20:14:40.745+0000] {logging_mixin.py:151} INFO - [2024-11-02T20:14:40.745+0000] {dag.py:3696} INFO - Setting next_dagrun for example_task_group_decorator to 2024-11-01T20:14:40.744682+00:00, run_after=2024-11-02T20:14:40.744682+00:00
[2024-11-02T20:14:41.427+0000] {processor.py:179} INFO - Processing /home/airflow/.local/lib/python3.8/site-packages/airflow/example_dags/example_task_group_decorator.py took 1.835 seconds
[2024-11-02T20:15:33.108+0000] {processor.py:157} INFO - Started process (PID=140) to work on /home/airflow/.local/lib/python3.8/site-packages/airflow/example_dags/example_task_group_decorator.py
[2024-11-02T20:15:33.172+0000] {processor.py:829} INFO - Processing file /home/airflow/.local/lib/python3.8/site-packages/airflow/example_dags/example_task_group_decorator.py for tasks to queue
[2024-11-02T20:15:33.322+0000] {logging_mixin.py:151} INFO - [2024-11-02T20:15:33.321+0000] {dagbag.py:539} INFO - Filling up the DagBag from /home/airflow/.local/lib/python3.8/site-packages/airflow/example_dags/example_task_group_decorator.py
[2024-11-02T20:15:33.762+0000] {processor.py:839} INFO - DAG(s) dict_keys(['example_task_group_decorator']) retrieved from /home/airflow/.local/lib/python3.8/site-packages/airflow/example_dags/example_task_group_decorator.py
[2024-11-02T20:15:34.153+0000] {logging_mixin.py:151} INFO - [2024-11-02T20:15:34.152+0000] {dag.py:2915} INFO - Sync 1 DAGs
[2024-11-02T20:15:34.658+0000] {logging_mixin.py:151} INFO - [2024-11-02T20:15:34.635+0000] {dag.py:3696} INFO - Setting next_dagrun for example_task_group_decorator to 2024-11-01T20:15:34.635297+00:00, run_after=2024-11-02T20:15:34.635297+00:00
[2024-11-02T20:15:35.194+0000] {processor.py:179} INFO - Processing /home/airflow/.local/lib/python3.8/site-packages/airflow/example_dags/example_task_group_decorator.py took 2.271 seconds
[2024-11-02T20:16:33.534+0000] {processor.py:157} INFO - Started process (PID=208) to work on /home/airflow/.local/lib/python3.8/site-packages/airflow/example_dags/example_task_group_decorator.py
[2024-11-02T20:16:33.551+0000] {processor.py:829} INFO - Processing file /home/airflow/.local/lib/python3.8/site-packages/airflow/example_dags/example_task_group_decorator.py for tasks to queue
[2024-11-02T20:16:33.595+0000] {logging_mixin.py:151} INFO - [2024-11-02T20:16:33.595+0000] {dagbag.py:539} INFO - Filling up the DagBag from /home/airflow/.local/lib/python3.8/site-packages/airflow/example_dags/example_task_group_decorator.py
[2024-11-02T20:16:33.934+0000] {processor.py:839} INFO - DAG(s) dict_keys(['example_task_group_decorator']) retrieved from /home/airflow/.local/lib/python3.8/site-packages/airflow/example_dags/example_task_group_decorator.py
[2024-11-02T20:16:34.612+0000] {logging_mixin.py:151} INFO - [2024-11-02T20:16:34.611+0000] {dag.py:2915} INFO - Sync 1 DAGs
[2024-11-02T20:16:35.459+0000] {logging_mixin.py:151} INFO - [2024-11-02T20:16:35.448+0000] {dag.py:3696} INFO - Setting next_dagrun for example_task_group_decorator to 2024-11-01T20:16:35.448108+00:00, run_after=2024-11-02T20:16:35.448108+00:00
[2024-11-02T20:16:35.758+0000] {processor.py:179} INFO - Processing /home/airflow/.local/lib/python3.8/site-packages/airflow/example_dags/example_task_group_decorator.py took 2.232 seconds
[2024-11-02T20:17:34.655+0000] {processor.py:157} INFO - Started process (PID=275) to work on /home/airflow/.local/lib/python3.8/site-packages/airflow/example_dags/example_task_group_decorator.py
[2024-11-02T20:17:34.666+0000] {processor.py:829} INFO - Processing file /home/airflow/.local/lib/python3.8/site-packages/airflow/example_dags/example_task_group_decorator.py for tasks to queue
[2024-11-02T20:17:34.687+0000] {logging_mixin.py:151} INFO - [2024-11-02T20:17:34.685+0000] {dagbag.py:539} INFO - Filling up the DagBag from /home/airflow/.local/lib/python3.8/site-packages/airflow/example_dags/example_task_group_decorator.py
[2024-11-02T20:17:34.964+0000] {processor.py:839} INFO - DAG(s) dict_keys(['example_task_group_decorator']) retrieved from /home/airflow/.local/lib/python3.8/site-packages/airflow/example_dags/example_task_group_decorator.py
[2024-11-02T20:17:35.336+0000] {logging_mixin.py:151} INFO - [2024-11-02T20:17:35.335+0000] {dag.py:2915} INFO - Sync 1 DAGs
[2024-11-02T20:17:35.599+0000] {logging_mixin.py:151} INFO - [2024-11-02T20:17:35.599+0000] {dag.py:3696} INFO - Setting next_dagrun for example_task_group_decorator to 2024-11-01T20:17:35.595811+00:00, run_after=2024-11-02T20:17:35.595811+00:00
[2024-11-02T20:17:35.751+0000] {processor.py:179} INFO - Processing /home/airflow/.local/lib/python3.8/site-packages/airflow/example_dags/example_task_group_decorator.py took 1.142 seconds
[2024-11-02T20:18:40.974+0000] {processor.py:157} INFO - Started process (PID=345) to work on /home/airflow/.local/lib/python3.8/site-packages/airflow/example_dags/example_task_group_decorator.py
[2024-11-02T20:18:41.022+0000] {processor.py:829} INFO - Processing file /home/airflow/.local/lib/python3.8/site-packages/airflow/example_dags/example_task_group_decorator.py for tasks to queue
[2024-11-02T20:18:41.117+0000] {logging_mixin.py:151} INFO - [2024-11-02T20:18:41.086+0000] {dagbag.py:539} INFO - Filling up the DagBag from /home/airflow/.local/lib/python3.8/site-packages/airflow/example_dags/example_task_group_decorator.py
[2024-11-02T20:18:41.399+0000] {processor.py:839} INFO - DAG(s) dict_keys(['example_task_group_decorator']) retrieved from /home/airflow/.local/lib/python3.8/site-packages/airflow/example_dags/example_task_group_decorator.py
[2024-11-02T20:18:41.824+0000] {logging_mixin.py:151} INFO - [2024-11-02T20:18:41.824+0000] {dag.py:2915} INFO - Sync 1 DAGs
[2024-11-02T20:18:42.107+0000] {logging_mixin.py:151} INFO - [2024-11-02T20:18:42.098+0000] {dag.py:3696} INFO - Setting next_dagrun for example_task_group_decorator to 2024-11-01T20:18:42.098316+00:00, run_after=2024-11-02T20:18:42.098316+00:00
[2024-11-02T20:18:42.397+0000] {processor.py:179} INFO - Processing /home/airflow/.local/lib/python3.8/site-packages/airflow/example_dags/example_task_group_decorator.py took 1.466 seconds
[2024-11-02T20:19:33.413+0000] {processor.py:157} INFO - Started process (PID=408) to work on /home/airflow/.local/lib/python3.8/site-packages/airflow/example_dags/example_task_group_decorator.py
[2024-11-02T20:19:33.449+0000] {processor.py:829} INFO - Processing file /home/airflow/.local/lib/python3.8/site-packages/airflow/example_dags/example_task_group_decorator.py for tasks to queue
[2024-11-02T20:19:33.500+0000] {logging_mixin.py:151} INFO - [2024-11-02T20:19:33.499+0000] {dagbag.py:539} INFO - Filling up the DagBag from /home/airflow/.local/lib/python3.8/site-packages/airflow/example_dags/example_task_group_decorator.py
[2024-11-02T20:19:33.753+0000] {processor.py:839} INFO - DAG(s) dict_keys(['example_task_group_decorator']) retrieved from /home/airflow/.local/lib/python3.8/site-packages/airflow/example_dags/example_task_group_decorator.py
[2024-11-02T20:19:34.129+0000] {logging_mixin.py:151} INFO - [2024-11-02T20:19:34.129+0000] {dag.py:2915} INFO - Sync 1 DAGs
[2024-11-02T20:19:34.375+0000] {logging_mixin.py:151} INFO - [2024-11-02T20:19:34.374+0000] {dag.py:3696} INFO - Setting next_dagrun for example_task_group_decorator to 2024-11-01T20:19:34.372869+00:00, run_after=2024-11-02T20:19:34.372869+00:00
[2024-11-02T20:19:34.935+0000] {processor.py:179} INFO - Processing /home/airflow/.local/lib/python3.8/site-packages/airflow/example_dags/example_task_group_decorator.py took 1.600 seconds
[2024-11-02T20:20:28.434+0000] {processor.py:157} INFO - Started process (PID=465) to work on /home/airflow/.local/lib/python3.8/site-packages/airflow/example_dags/example_task_group_decorator.py
[2024-11-02T20:20:28.506+0000] {processor.py:829} INFO - Processing file /home/airflow/.local/lib/python3.8/site-packages/airflow/example_dags/example_task_group_decorator.py for tasks to queue
[2024-11-02T20:20:28.526+0000] {logging_mixin.py:151} INFO - [2024-11-02T20:20:28.525+0000] {dagbag.py:539} INFO - Filling up the DagBag from /home/airflow/.local/lib/python3.8/site-packages/airflow/example_dags/example_task_group_decorator.py
[2024-11-02T20:20:28.584+0000] {processor.py:839} INFO - DAG(s) dict_keys(['example_task_group_decorator']) retrieved from /home/airflow/.local/lib/python3.8/site-packages/airflow/example_dags/example_task_group_decorator.py
[2024-11-02T20:20:28.937+0000] {logging_mixin.py:151} INFO - [2024-11-02T20:20:28.936+0000] {dag.py:2915} INFO - Sync 1 DAGs
[2024-11-02T20:20:29.422+0000] {logging_mixin.py:151} INFO - [2024-11-02T20:20:29.422+0000] {dag.py:3696} INFO - Setting next_dagrun for example_task_group_decorator to 2024-11-01T20:20:29.421957+00:00, run_after=2024-11-02T20:20:29.421957+00:00
[2024-11-02T20:20:29.906+0000] {processor.py:179} INFO - Processing /home/airflow/.local/lib/python3.8/site-packages/airflow/example_dags/example_task_group_decorator.py took 1.545 seconds
[2024-11-02T20:21:21.103+0000] {processor.py:157} INFO - Started process (PID=524) to work on /home/airflow/.local/lib/python3.8/site-packages/airflow/example_dags/example_task_group_decorator.py
[2024-11-02T20:21:21.128+0000] {processor.py:829} INFO - Processing file /home/airflow/.local/lib/python3.8/site-packages/airflow/example_dags/example_task_group_decorator.py for tasks to queue
[2024-11-02T20:21:21.189+0000] {logging_mixin.py:151} INFO - [2024-11-02T20:21:21.186+0000] {dagbag.py:539} INFO - Filling up the DagBag from /home/airflow/.local/lib/python3.8/site-packages/airflow/example_dags/example_task_group_decorator.py
[2024-11-02T20:21:21.266+0000] {processor.py:839} INFO - DAG(s) dict_keys(['example_task_group_decorator']) retrieved from /home/airflow/.local/lib/python3.8/site-packages/airflow/example_dags/example_task_group_decorator.py
[2024-11-02T20:21:21.885+0000] {logging_mixin.py:151} INFO - [2024-11-02T20:21:21.884+0000] {dag.py:2915} INFO - Sync 1 DAGs
[2024-11-02T20:21:22.081+0000] {logging_mixin.py:151} INFO - [2024-11-02T20:21:22.080+0000] {dag.py:3696} INFO - Setting next_dagrun for example_task_group_decorator to 2024-11-01T20:21:22.080134+00:00, run_after=2024-11-02T20:21:22.080134+00:00
[2024-11-02T20:21:22.450+0000] {processor.py:179} INFO - Processing /home/airflow/.local/lib/python3.8/site-packages/airflow/example_dags/example_task_group_decorator.py took 1.441 seconds
[2024-11-02T20:22:30.290+0000] {processor.py:157} INFO - Started process (PID=593) to work on /home/airflow/.local/lib/python3.8/site-packages/airflow/example_dags/example_task_group_decorator.py
[2024-11-02T20:22:30.328+0000] {processor.py:829} INFO - Processing file /home/airflow/.local/lib/python3.8/site-packages/airflow/example_dags/example_task_group_decorator.py for tasks to queue
[2024-11-02T20:22:30.374+0000] {logging_mixin.py:151} INFO - [2024-11-02T20:22:30.372+0000] {dagbag.py:539} INFO - Filling up the DagBag from /home/airflow/.local/lib/python3.8/site-packages/airflow/example_dags/example_task_group_decorator.py
[2024-11-02T20:22:30.588+0000] {processor.py:839} INFO - DAG(s) dict_keys(['example_task_group_decorator']) retrieved from /home/airflow/.local/lib/python3.8/site-packages/airflow/example_dags/example_task_group_decorator.py
[2024-11-02T20:22:30.947+0000] {logging_mixin.py:151} INFO - [2024-11-02T20:22:30.947+0000] {dag.py:2915} INFO - Sync 1 DAGs
[2024-11-02T20:22:31.249+0000] {logging_mixin.py:151} INFO - [2024-11-02T20:22:31.241+0000] {dag.py:3696} INFO - Setting next_dagrun for example_task_group_decorator to 2024-11-01T20:22:31.237940+00:00, run_after=2024-11-02T20:22:31.237940+00:00
[2024-11-02T20:22:31.602+0000] {processor.py:179} INFO - Processing /home/airflow/.local/lib/python3.8/site-packages/airflow/example_dags/example_task_group_decorator.py took 1.398 seconds
[2024-11-02T20:23:39.301+0000] {processor.py:157} INFO - Started process (PID=667) to work on /home/airflow/.local/lib/python3.8/site-packages/airflow/example_dags/example_task_group_decorator.py
[2024-11-02T20:23:39.318+0000] {processor.py:829} INFO - Processing file /home/airflow/.local/lib/python3.8/site-packages/airflow/example_dags/example_task_group_decorator.py for tasks to queue
[2024-11-02T20:23:39.385+0000] {logging_mixin.py:151} INFO - [2024-11-02T20:23:39.384+0000] {dagbag.py:539} INFO - Filling up the DagBag from /home/airflow/.local/lib/python3.8/site-packages/airflow/example_dags/example_task_group_decorator.py
[2024-11-02T20:23:39.844+0000] {processor.py:839} INFO - DAG(s) dict_keys(['example_task_group_decorator']) retrieved from /home/airflow/.local/lib/python3.8/site-packages/airflow/example_dags/example_task_group_decorator.py
[2024-11-02T20:23:40.450+0000] {logging_mixin.py:151} INFO - [2024-11-02T20:23:40.449+0000] {dag.py:2915} INFO - Sync 1 DAGs
[2024-11-02T20:23:41.321+0000] {logging_mixin.py:151} INFO - [2024-11-02T20:23:41.317+0000] {dag.py:3696} INFO - Setting next_dagrun for example_task_group_decorator to 2024-11-01T20:23:41.299618+00:00, run_after=2024-11-02T20:23:41.299618+00:00
[2024-11-02T20:23:42.022+0000] {processor.py:179} INFO - Processing /home/airflow/.local/lib/python3.8/site-packages/airflow/example_dags/example_task_group_decorator.py took 2.907 seconds
[2024-11-02T20:24:37.253+0000] {processor.py:157} INFO - Started process (PID=728) to work on /home/airflow/.local/lib/python3.8/site-packages/airflow/example_dags/example_task_group_decorator.py
[2024-11-02T20:24:37.257+0000] {processor.py:829} INFO - Processing file /home/airflow/.local/lib/python3.8/site-packages/airflow/example_dags/example_task_group_decorator.py for tasks to queue
[2024-11-02T20:24:37.263+0000] {logging_mixin.py:151} INFO - [2024-11-02T20:24:37.262+0000] {dagbag.py:539} INFO - Filling up the DagBag from /home/airflow/.local/lib/python3.8/site-packages/airflow/example_dags/example_task_group_decorator.py
[2024-11-02T20:24:37.397+0000] {processor.py:839} INFO - DAG(s) dict_keys(['example_task_group_decorator']) retrieved from /home/airflow/.local/lib/python3.8/site-packages/airflow/example_dags/example_task_group_decorator.py
[2024-11-02T20:24:37.645+0000] {logging_mixin.py:151} INFO - [2024-11-02T20:24:37.645+0000] {dag.py:2915} INFO - Sync 1 DAGs
[2024-11-02T20:24:37.966+0000] {logging_mixin.py:151} INFO - [2024-11-02T20:24:37.954+0000] {dag.py:3696} INFO - Setting next_dagrun for example_task_group_decorator to 2024-11-01T20:24:37.953704+00:00, run_after=2024-11-02T20:24:37.953704+00:00
[2024-11-02T20:24:38.146+0000] {processor.py:179} INFO - Processing /home/airflow/.local/lib/python3.8/site-packages/airflow/example_dags/example_task_group_decorator.py took 0.932 seconds
