[2024-11-02T20:12:02.468+0000] {processor.py:157} INFO - Started process (PID=57) to work on /home/airflow/.local/lib/python3.8/site-packages/airflow/example_dags/example_xcom.py
[2024-11-02T20:12:02.476+0000] {processor.py:829} INFO - Processing file /home/airflow/.local/lib/python3.8/site-packages/airflow/example_dags/example_xcom.py for tasks to queue
[2024-11-02T20:12:02.533+0000] {logging_mixin.py:151} INFO - [2024-11-02T20:12:02.532+0000] {dagbag.py:539} INFO - Filling up the DagBag from /home/airflow/.local/lib/python3.8/site-packages/airflow/example_dags/example_xcom.py
[2024-11-02T20:12:02.694+0000] {processor.py:839} INFO - DAG(s) dict_keys(['example_xcom']) retrieved from /home/airflow/.local/lib/python3.8/site-packages/airflow/example_dags/example_xcom.py
[2024-11-02T20:12:03.248+0000] {logging_mixin.py:151} INFO - [2024-11-02T20:12:03.248+0000] {dag.py:2915} INFO - Sync 1 DAGs
[2024-11-02T20:12:03.707+0000] {logging_mixin.py:151} INFO - [2024-11-02T20:12:03.701+0000] {dag.py:3696} INFO - Setting next_dagrun for example_xcom to 2021-01-01T00:00:00+00:00, run_after=2021-01-01T00:00:00+00:00
[2024-11-02T20:12:04.095+0000] {processor.py:179} INFO - Processing /home/airflow/.local/lib/python3.8/site-packages/airflow/example_dags/example_xcom.py took 1.658 seconds
[2024-11-02T20:14:21.974+0000] {processor.py:157} INFO - Started process (PID=59) to work on /home/airflow/.local/lib/python3.8/site-packages/airflow/example_dags/example_xcom.py
[2024-11-02T20:14:21.982+0000] {processor.py:829} INFO - Processing file /home/airflow/.local/lib/python3.8/site-packages/airflow/example_dags/example_xcom.py for tasks to queue
[2024-11-02T20:14:22.013+0000] {logging_mixin.py:151} INFO - [2024-11-02T20:14:22.012+0000] {dagbag.py:539} INFO - Filling up the DagBag from /home/airflow/.local/lib/python3.8/site-packages/airflow/example_dags/example_xcom.py
[2024-11-02T20:14:22.100+0000] {processor.py:839} INFO - DAG(s) dict_keys(['example_xcom']) retrieved from /home/airflow/.local/lib/python3.8/site-packages/airflow/example_dags/example_xcom.py
[2024-11-02T20:14:22.170+0000] {logging_mixin.py:151} INFO - [2024-11-02T20:14:22.169+0000] {dag.py:2915} INFO - Sync 1 DAGs
[2024-11-02T20:14:22.443+0000] {logging_mixin.py:151} INFO - [2024-11-02T20:14:22.443+0000] {dag.py:3696} INFO - Setting next_dagrun for example_xcom to 2021-01-01T00:00:00+00:00, run_after=2021-01-01T00:00:00+00:00
[2024-11-02T20:14:22.866+0000] {processor.py:179} INFO - Processing /home/airflow/.local/lib/python3.8/site-packages/airflow/example_dags/example_xcom.py took 0.961 seconds
[2024-11-02T20:15:10.864+0000] {processor.py:157} INFO - Started process (PID=114) to work on /home/airflow/.local/lib/python3.8/site-packages/airflow/example_dags/example_xcom.py
[2024-11-02T20:15:10.887+0000] {processor.py:829} INFO - Processing file /home/airflow/.local/lib/python3.8/site-packages/airflow/example_dags/example_xcom.py for tasks to queue
[2024-11-02T20:15:10.937+0000] {logging_mixin.py:151} INFO - [2024-11-02T20:15:10.930+0000] {dagbag.py:539} INFO - Filling up the DagBag from /home/airflow/.local/lib/python3.8/site-packages/airflow/example_dags/example_xcom.py
[2024-11-02T20:15:11.203+0000] {processor.py:839} INFO - DAG(s) dict_keys(['example_xcom']) retrieved from /home/airflow/.local/lib/python3.8/site-packages/airflow/example_dags/example_xcom.py
[2024-11-02T20:15:11.687+0000] {logging_mixin.py:151} INFO - [2024-11-02T20:15:11.686+0000] {dag.py:2915} INFO - Sync 1 DAGs
[2024-11-02T20:15:11.966+0000] {logging_mixin.py:151} INFO - [2024-11-02T20:15:11.966+0000] {dag.py:3696} INFO - Setting next_dagrun for example_xcom to 2021-01-01T00:00:00+00:00, run_after=2021-01-01T00:00:00+00:00
[2024-11-02T20:15:12.255+0000] {processor.py:179} INFO - Processing /home/airflow/.local/lib/python3.8/site-packages/airflow/example_dags/example_xcom.py took 1.508 seconds
[2024-11-02T20:15:59.684+0000] {processor.py:157} INFO - Started process (PID=174) to work on /home/airflow/.local/lib/python3.8/site-packages/airflow/example_dags/example_xcom.py
[2024-11-02T20:15:59.703+0000] {processor.py:829} INFO - Processing file /home/airflow/.local/lib/python3.8/site-packages/airflow/example_dags/example_xcom.py for tasks to queue
[2024-11-02T20:15:59.719+0000] {logging_mixin.py:151} INFO - [2024-11-02T20:15:59.713+0000] {dagbag.py:539} INFO - Filling up the DagBag from /home/airflow/.local/lib/python3.8/site-packages/airflow/example_dags/example_xcom.py
[2024-11-02T20:15:59.770+0000] {processor.py:839} INFO - DAG(s) dict_keys(['example_xcom']) retrieved from /home/airflow/.local/lib/python3.8/site-packages/airflow/example_dags/example_xcom.py
[2024-11-02T20:15:59.994+0000] {logging_mixin.py:151} INFO - [2024-11-02T20:15:59.993+0000] {dag.py:2915} INFO - Sync 1 DAGs
[2024-11-02T20:16:00.432+0000] {logging_mixin.py:151} INFO - [2024-11-02T20:16:00.431+0000] {dag.py:3696} INFO - Setting next_dagrun for example_xcom to 2021-01-01T00:00:00+00:00, run_after=2021-01-01T00:00:00+00:00
[2024-11-02T20:16:01.052+0000] {processor.py:179} INFO - Processing /home/airflow/.local/lib/python3.8/site-packages/airflow/example_dags/example_xcom.py took 1.400 seconds
[2024-11-02T20:16:37.550+0000] {processor.py:157} INFO - Started process (PID=213) to work on /home/airflow/.local/lib/python3.8/site-packages/airflow/example_dags/example_xcom.py
[2024-11-02T20:16:37.561+0000] {processor.py:829} INFO - Processing file /home/airflow/.local/lib/python3.8/site-packages/airflow/example_dags/example_xcom.py for tasks to queue
[2024-11-02T20:16:37.576+0000] {logging_mixin.py:151} INFO - [2024-11-02T20:16:37.575+0000] {dagbag.py:539} INFO - Filling up the DagBag from /home/airflow/.local/lib/python3.8/site-packages/airflow/example_dags/example_xcom.py
[2024-11-02T20:16:37.664+0000] {processor.py:839} INFO - DAG(s) dict_keys(['example_xcom']) retrieved from /home/airflow/.local/lib/python3.8/site-packages/airflow/example_dags/example_xcom.py
[2024-11-02T20:16:37.990+0000] {logging_mixin.py:151} INFO - [2024-11-02T20:16:37.985+0000] {dag.py:2915} INFO - Sync 1 DAGs
[2024-11-02T20:16:38.277+0000] {logging_mixin.py:151} INFO - [2024-11-02T20:16:38.276+0000] {dag.py:3696} INFO - Setting next_dagrun for example_xcom to 2021-01-01T00:00:00+00:00, run_after=2021-01-01T00:00:00+00:00
[2024-11-02T20:16:38.452+0000] {processor.py:179} INFO - Processing /home/airflow/.local/lib/python3.8/site-packages/airflow/example_dags/example_xcom.py took 0.938 seconds
[2024-11-02T20:17:21.697+0000] {processor.py:157} INFO - Started process (PID=261) to work on /home/airflow/.local/lib/python3.8/site-packages/airflow/example_dags/example_xcom.py
[2024-11-02T20:17:21.712+0000] {processor.py:829} INFO - Processing file /home/airflow/.local/lib/python3.8/site-packages/airflow/example_dags/example_xcom.py for tasks to queue
[2024-11-02T20:17:21.752+0000] {logging_mixin.py:151} INFO - [2024-11-02T20:17:21.748+0000] {dagbag.py:539} INFO - Filling up the DagBag from /home/airflow/.local/lib/python3.8/site-packages/airflow/example_dags/example_xcom.py
[2024-11-02T20:17:21.967+0000] {processor.py:839} INFO - DAG(s) dict_keys(['example_xcom']) retrieved from /home/airflow/.local/lib/python3.8/site-packages/airflow/example_dags/example_xcom.py
[2024-11-02T20:17:22.606+0000] {logging_mixin.py:151} INFO - [2024-11-02T20:17:22.606+0000] {dag.py:2915} INFO - Sync 1 DAGs
[2024-11-02T20:17:22.995+0000] {logging_mixin.py:151} INFO - [2024-11-02T20:17:22.995+0000] {dag.py:3696} INFO - Setting next_dagrun for example_xcom to 2021-01-01T00:00:00+00:00, run_after=2021-01-01T00:00:00+00:00
[2024-11-02T20:17:23.192+0000] {processor.py:179} INFO - Processing /home/airflow/.local/lib/python3.8/site-packages/airflow/example_dags/example_xcom.py took 1.573 seconds
[2024-11-02T20:18:05.044+0000] {processor.py:157} INFO - Started process (PID=310) to work on /home/airflow/.local/lib/python3.8/site-packages/airflow/example_dags/example_xcom.py
[2024-11-02T20:18:05.079+0000] {processor.py:829} INFO - Processing file /home/airflow/.local/lib/python3.8/site-packages/airflow/example_dags/example_xcom.py for tasks to queue
[2024-11-02T20:18:05.154+0000] {logging_mixin.py:151} INFO - [2024-11-02T20:18:05.149+0000] {dagbag.py:539} INFO - Filling up the DagBag from /home/airflow/.local/lib/python3.8/site-packages/airflow/example_dags/example_xcom.py
[2024-11-02T20:18:05.508+0000] {processor.py:839} INFO - DAG(s) dict_keys(['example_xcom']) retrieved from /home/airflow/.local/lib/python3.8/site-packages/airflow/example_dags/example_xcom.py
[2024-11-02T20:18:06.276+0000] {logging_mixin.py:151} INFO - [2024-11-02T20:18:06.258+0000] {dag.py:2915} INFO - Sync 1 DAGs
[2024-11-02T20:18:07.064+0000] {logging_mixin.py:151} INFO - [2024-11-02T20:18:07.063+0000] {dag.py:3696} INFO - Setting next_dagrun for example_xcom to 2021-01-01T00:00:00+00:00, run_after=2021-01-01T00:00:00+00:00
[2024-11-02T20:18:07.609+0000] {processor.py:179} INFO - Processing /home/airflow/.local/lib/python3.8/site-packages/airflow/example_dags/example_xcom.py took 2.701 seconds
[2024-11-02T20:18:52.501+0000] {processor.py:157} INFO - Started process (PID=354) to work on /home/airflow/.local/lib/python3.8/site-packages/airflow/example_dags/example_xcom.py
[2024-11-02T20:18:52.504+0000] {processor.py:829} INFO - Processing file /home/airflow/.local/lib/python3.8/site-packages/airflow/example_dags/example_xcom.py for tasks to queue
[2024-11-02T20:18:52.532+0000] {logging_mixin.py:151} INFO - [2024-11-02T20:18:52.528+0000] {dagbag.py:539} INFO - Filling up the DagBag from /home/airflow/.local/lib/python3.8/site-packages/airflow/example_dags/example_xcom.py
[2024-11-02T20:18:52.662+0000] {processor.py:839} INFO - DAG(s) dict_keys(['example_xcom']) retrieved from /home/airflow/.local/lib/python3.8/site-packages/airflow/example_dags/example_xcom.py
[2024-11-02T20:18:53.033+0000] {logging_mixin.py:151} INFO - [2024-11-02T20:18:53.032+0000] {dag.py:2915} INFO - Sync 1 DAGs
[2024-11-02T20:18:53.563+0000] {logging_mixin.py:151} INFO - [2024-11-02T20:18:53.563+0000] {dag.py:3696} INFO - Setting next_dagrun for example_xcom to 2021-01-01T00:00:00+00:00, run_after=2021-01-01T00:00:00+00:00
[2024-11-02T20:18:54.016+0000] {processor.py:179} INFO - Processing /home/airflow/.local/lib/python3.8/site-packages/airflow/example_dags/example_xcom.py took 1.531 seconds
[2024-11-02T20:19:28.767+0000] {processor.py:157} INFO - Started process (PID=399) to work on /home/airflow/.local/lib/python3.8/site-packages/airflow/example_dags/example_xcom.py
[2024-11-02T20:19:28.792+0000] {processor.py:829} INFO - Processing file /home/airflow/.local/lib/python3.8/site-packages/airflow/example_dags/example_xcom.py for tasks to queue
[2024-11-02T20:19:28.837+0000] {logging_mixin.py:151} INFO - [2024-11-02T20:19:28.819+0000] {dagbag.py:539} INFO - Filling up the DagBag from /home/airflow/.local/lib/python3.8/site-packages/airflow/example_dags/example_xcom.py
[2024-11-02T20:19:28.975+0000] {processor.py:839} INFO - DAG(s) dict_keys(['example_xcom']) retrieved from /home/airflow/.local/lib/python3.8/site-packages/airflow/example_dags/example_xcom.py
[2024-11-02T20:19:29.289+0000] {logging_mixin.py:151} INFO - [2024-11-02T20:19:29.288+0000] {dag.py:2915} INFO - Sync 1 DAGs
[2024-11-02T20:19:29.808+0000] {logging_mixin.py:151} INFO - [2024-11-02T20:19:29.807+0000] {dag.py:3696} INFO - Setting next_dagrun for example_xcom to 2021-01-01T00:00:00+00:00, run_after=2021-01-01T00:00:00+00:00
[2024-11-02T20:19:30.432+0000] {processor.py:179} INFO - Processing /home/airflow/.local/lib/python3.8/site-packages/airflow/example_dags/example_xcom.py took 1.732 seconds
[2024-11-02T20:20:17.132+0000] {processor.py:157} INFO - Started process (PID=457) to work on /home/airflow/.local/lib/python3.8/site-packages/airflow/example_dags/example_xcom.py
[2024-11-02T20:20:17.147+0000] {processor.py:829} INFO - Processing file /home/airflow/.local/lib/python3.8/site-packages/airflow/example_dags/example_xcom.py for tasks to queue
[2024-11-02T20:20:17.202+0000] {logging_mixin.py:151} INFO - [2024-11-02T20:20:17.191+0000] {dagbag.py:539} INFO - Filling up the DagBag from /home/airflow/.local/lib/python3.8/site-packages/airflow/example_dags/example_xcom.py
[2024-11-02T20:20:17.313+0000] {processor.py:839} INFO - DAG(s) dict_keys(['example_xcom']) retrieved from /home/airflow/.local/lib/python3.8/site-packages/airflow/example_dags/example_xcom.py
[2024-11-02T20:20:18.190+0000] {logging_mixin.py:151} INFO - [2024-11-02T20:20:18.166+0000] {dag.py:2915} INFO - Sync 1 DAGs
[2024-11-02T20:20:19.007+0000] {logging_mixin.py:151} INFO - [2024-11-02T20:20:19.006+0000] {dag.py:3696} INFO - Setting next_dagrun for example_xcom to 2021-01-01T00:00:00+00:00, run_after=2021-01-01T00:00:00+00:00
[2024-11-02T20:20:19.533+0000] {processor.py:179} INFO - Processing /home/airflow/.local/lib/python3.8/site-packages/airflow/example_dags/example_xcom.py took 2.424 seconds
[2024-11-02T20:21:13.168+0000] {processor.py:157} INFO - Started process (PID=513) to work on /home/airflow/.local/lib/python3.8/site-packages/airflow/example_dags/example_xcom.py
[2024-11-02T20:21:13.179+0000] {processor.py:829} INFO - Processing file /home/airflow/.local/lib/python3.8/site-packages/airflow/example_dags/example_xcom.py for tasks to queue
[2024-11-02T20:21:13.207+0000] {logging_mixin.py:151} INFO - [2024-11-02T20:21:13.207+0000] {dagbag.py:539} INFO - Filling up the DagBag from /home/airflow/.local/lib/python3.8/site-packages/airflow/example_dags/example_xcom.py
[2024-11-02T20:21:13.327+0000] {processor.py:839} INFO - DAG(s) dict_keys(['example_xcom']) retrieved from /home/airflow/.local/lib/python3.8/site-packages/airflow/example_dags/example_xcom.py
[2024-11-02T20:21:13.792+0000] {logging_mixin.py:151} INFO - [2024-11-02T20:21:13.792+0000] {dag.py:2915} INFO - Sync 1 DAGs
[2024-11-02T20:21:14.245+0000] {logging_mixin.py:151} INFO - [2024-11-02T20:21:14.245+0000] {dag.py:3696} INFO - Setting next_dagrun for example_xcom to 2021-01-01T00:00:00+00:00, run_after=2021-01-01T00:00:00+00:00
[2024-11-02T20:21:14.589+0000] {processor.py:179} INFO - Processing /home/airflow/.local/lib/python3.8/site-packages/airflow/example_dags/example_xcom.py took 1.537 seconds
[2024-11-02T20:21:52.858+0000] {processor.py:157} INFO - Started process (PID=555) to work on /home/airflow/.local/lib/python3.8/site-packages/airflow/example_dags/example_xcom.py
[2024-11-02T20:21:52.888+0000] {processor.py:829} INFO - Processing file /home/airflow/.local/lib/python3.8/site-packages/airflow/example_dags/example_xcom.py for tasks to queue
[2024-11-02T20:21:52.942+0000] {logging_mixin.py:151} INFO - [2024-11-02T20:21:52.929+0000] {dagbag.py:539} INFO - Filling up the DagBag from /home/airflow/.local/lib/python3.8/site-packages/airflow/example_dags/example_xcom.py
[2024-11-02T20:21:53.070+0000] {processor.py:839} INFO - DAG(s) dict_keys(['example_xcom']) retrieved from /home/airflow/.local/lib/python3.8/site-packages/airflow/example_dags/example_xcom.py
[2024-11-02T20:21:53.782+0000] {logging_mixin.py:151} INFO - [2024-11-02T20:21:53.779+0000] {dag.py:2915} INFO - Sync 1 DAGs
[2024-11-02T20:21:54.216+0000] {logging_mixin.py:151} INFO - [2024-11-02T20:21:54.215+0000] {dag.py:3696} INFO - Setting next_dagrun for example_xcom to 2021-01-01T00:00:00+00:00, run_after=2021-01-01T00:00:00+00:00
[2024-11-02T20:21:54.579+0000] {processor.py:179} INFO - Processing /home/airflow/.local/lib/python3.8/site-packages/airflow/example_dags/example_xcom.py took 1.868 seconds
[2024-11-02T20:22:40.575+0000] {processor.py:157} INFO - Started process (PID=612) to work on /home/airflow/.local/lib/python3.8/site-packages/airflow/example_dags/example_xcom.py
[2024-11-02T20:22:40.581+0000] {processor.py:829} INFO - Processing file /home/airflow/.local/lib/python3.8/site-packages/airflow/example_dags/example_xcom.py for tasks to queue
[2024-11-02T20:22:40.587+0000] {logging_mixin.py:151} INFO - [2024-11-02T20:22:40.586+0000] {dagbag.py:539} INFO - Filling up the DagBag from /home/airflow/.local/lib/python3.8/site-packages/airflow/example_dags/example_xcom.py
[2024-11-02T20:22:40.726+0000] {processor.py:839} INFO - DAG(s) dict_keys(['example_xcom']) retrieved from /home/airflow/.local/lib/python3.8/site-packages/airflow/example_dags/example_xcom.py
[2024-11-02T20:22:41.074+0000] {logging_mixin.py:151} INFO - [2024-11-02T20:22:41.073+0000] {dag.py:2915} INFO - Sync 1 DAGs
[2024-11-02T20:22:41.426+0000] {logging_mixin.py:151} INFO - [2024-11-02T20:22:41.425+0000] {dag.py:3696} INFO - Setting next_dagrun for example_xcom to 2021-01-01T00:00:00+00:00, run_after=2021-01-01T00:00:00+00:00
[2024-11-02T20:22:41.682+0000] {processor.py:179} INFO - Processing /home/airflow/.local/lib/python3.8/site-packages/airflow/example_dags/example_xcom.py took 1.135 seconds
[2024-11-02T20:23:24.552+0000] {processor.py:157} INFO - Started process (PID=655) to work on /home/airflow/.local/lib/python3.8/site-packages/airflow/example_dags/example_xcom.py
[2024-11-02T20:23:24.564+0000] {processor.py:829} INFO - Processing file /home/airflow/.local/lib/python3.8/site-packages/airflow/example_dags/example_xcom.py for tasks to queue
[2024-11-02T20:23:24.618+0000] {logging_mixin.py:151} INFO - [2024-11-02T20:23:24.617+0000] {dagbag.py:539} INFO - Filling up the DagBag from /home/airflow/.local/lib/python3.8/site-packages/airflow/example_dags/example_xcom.py
[2024-11-02T20:23:24.782+0000] {processor.py:839} INFO - DAG(s) dict_keys(['example_xcom']) retrieved from /home/airflow/.local/lib/python3.8/site-packages/airflow/example_dags/example_xcom.py
[2024-11-02T20:23:25.124+0000] {logging_mixin.py:151} INFO - [2024-11-02T20:23:25.124+0000] {dag.py:2915} INFO - Sync 1 DAGs
[2024-11-02T20:23:25.359+0000] {logging_mixin.py:151} INFO - [2024-11-02T20:23:25.359+0000] {dag.py:3696} INFO - Setting next_dagrun for example_xcom to 2021-01-01T00:00:00+00:00, run_after=2021-01-01T00:00:00+00:00
[2024-11-02T20:23:25.595+0000] {processor.py:179} INFO - Processing /home/airflow/.local/lib/python3.8/site-packages/airflow/example_dags/example_xcom.py took 1.114 seconds
[2024-11-02T20:24:26.514+0000] {processor.py:157} INFO - Started process (PID=716) to work on /home/airflow/.local/lib/python3.8/site-packages/airflow/example_dags/example_xcom.py
[2024-11-02T20:24:26.527+0000] {processor.py:829} INFO - Processing file /home/airflow/.local/lib/python3.8/site-packages/airflow/example_dags/example_xcom.py for tasks to queue
[2024-11-02T20:24:26.592+0000] {logging_mixin.py:151} INFO - [2024-11-02T20:24:26.592+0000] {dagbag.py:539} INFO - Filling up the DagBag from /home/airflow/.local/lib/python3.8/site-packages/airflow/example_dags/example_xcom.py
[2024-11-02T20:24:26.782+0000] {processor.py:839} INFO - DAG(s) dict_keys(['example_xcom']) retrieved from /home/airflow/.local/lib/python3.8/site-packages/airflow/example_dags/example_xcom.py
[2024-11-02T20:24:27.319+0000] {logging_mixin.py:151} INFO - [2024-11-02T20:24:27.315+0000] {dag.py:2915} INFO - Sync 1 DAGs
[2024-11-02T20:24:27.823+0000] {logging_mixin.py:151} INFO - [2024-11-02T20:24:27.822+0000] {dag.py:3696} INFO - Setting next_dagrun for example_xcom to 2021-01-01T00:00:00+00:00, run_after=2021-01-01T00:00:00+00:00
[2024-11-02T20:24:28.101+0000] {processor.py:179} INFO - Processing /home/airflow/.local/lib/python3.8/site-packages/airflow/example_dags/example_xcom.py took 1.601 seconds
