[2024-11-02T20:12:39.142+0000] {processor.py:157} INFO - Started process (PID=94) to work on /home/airflow/.local/lib/python3.8/site-packages/airflow/example_dags/example_skip_dag.py
[2024-11-02T20:12:39.153+0000] {processor.py:829} INFO - Processing file /home/airflow/.local/lib/python3.8/site-packages/airflow/example_dags/example_skip_dag.py for tasks to queue
[2024-11-02T20:12:39.193+0000] {logging_mixin.py:151} INFO - [2024-11-02T20:12:39.191+0000] {dagbag.py:539} INFO - Filling up the DagBag from /home/airflow/.local/lib/python3.8/site-packages/airflow/example_dags/example_skip_dag.py
[2024-11-02T20:14:51.820+0000] {processor.py:157} INFO - Started process (PID=96) to work on /home/airflow/.local/lib/python3.8/site-packages/airflow/example_dags/example_skip_dag.py
[2024-11-02T20:14:51.831+0000] {processor.py:829} INFO - Processing file /home/airflow/.local/lib/python3.8/site-packages/airflow/example_dags/example_skip_dag.py for tasks to queue
[2024-11-02T20:14:51.850+0000] {logging_mixin.py:151} INFO - [2024-11-02T20:14:51.835+0000] {dagbag.py:539} INFO - Filling up the DagBag from /home/airflow/.local/lib/python3.8/site-packages/airflow/example_dags/example_skip_dag.py
[2024-11-02T20:14:51.922+0000] {processor.py:839} INFO - DAG(s) dict_keys(['example_skip_dag']) retrieved from /home/airflow/.local/lib/python3.8/site-packages/airflow/example_dags/example_skip_dag.py
[2024-11-02T20:14:52.143+0000] {logging_mixin.py:151} INFO - [2024-11-02T20:14:52.143+0000] {dag.py:2915} INFO - Sync 1 DAGs
[2024-11-02T20:14:52.293+0000] {logging_mixin.py:151} INFO - [2024-11-02T20:14:52.293+0000] {dag.py:3696} INFO - Setting next_dagrun for example_skip_dag to 2024-11-01T20:14:52.292216+00:00, run_after=2024-11-02T20:14:52.292216+00:00
[2024-11-02T20:14:52.499+0000] {processor.py:179} INFO - Processing /home/airflow/.local/lib/python3.8/site-packages/airflow/example_dags/example_skip_dag.py took 0.716 seconds
[2024-11-02T20:15:53.391+0000] {processor.py:157} INFO - Started process (PID=164) to work on /home/airflow/.local/lib/python3.8/site-packages/airflow/example_dags/example_skip_dag.py
[2024-11-02T20:15:53.401+0000] {processor.py:829} INFO - Processing file /home/airflow/.local/lib/python3.8/site-packages/airflow/example_dags/example_skip_dag.py for tasks to queue
[2024-11-02T20:15:53.414+0000] {logging_mixin.py:151} INFO - [2024-11-02T20:15:53.413+0000] {dagbag.py:539} INFO - Filling up the DagBag from /home/airflow/.local/lib/python3.8/site-packages/airflow/example_dags/example_skip_dag.py
[2024-11-02T20:15:53.488+0000] {processor.py:839} INFO - DAG(s) dict_keys(['example_skip_dag']) retrieved from /home/airflow/.local/lib/python3.8/site-packages/airflow/example_dags/example_skip_dag.py
[2024-11-02T20:15:53.627+0000] {logging_mixin.py:151} INFO - [2024-11-02T20:15:53.627+0000] {dag.py:2915} INFO - Sync 1 DAGs
[2024-11-02T20:15:53.752+0000] {logging_mixin.py:151} INFO - [2024-11-02T20:15:53.751+0000] {dag.py:3696} INFO - Setting next_dagrun for example_skip_dag to 2024-11-01T20:15:53.750795+00:00, run_after=2024-11-02T20:15:53.750795+00:00
[2024-11-02T20:15:54.228+0000] {processor.py:179} INFO - Processing /home/airflow/.local/lib/python3.8/site-packages/airflow/example_dags/example_skip_dag.py took 0.920 seconds
[2024-11-02T20:16:52.444+0000] {processor.py:157} INFO - Started process (PID=224) to work on /home/airflow/.local/lib/python3.8/site-packages/airflow/example_dags/example_skip_dag.py
[2024-11-02T20:16:52.456+0000] {processor.py:829} INFO - Processing file /home/airflow/.local/lib/python3.8/site-packages/airflow/example_dags/example_skip_dag.py for tasks to queue
[2024-11-02T20:16:52.514+0000] {logging_mixin.py:151} INFO - [2024-11-02T20:16:52.513+0000] {dagbag.py:539} INFO - Filling up the DagBag from /home/airflow/.local/lib/python3.8/site-packages/airflow/example_dags/example_skip_dag.py
[2024-11-02T20:16:52.608+0000] {processor.py:839} INFO - DAG(s) dict_keys(['example_skip_dag']) retrieved from /home/airflow/.local/lib/python3.8/site-packages/airflow/example_dags/example_skip_dag.py
[2024-11-02T20:16:52.979+0000] {logging_mixin.py:151} INFO - [2024-11-02T20:16:52.978+0000] {dag.py:2915} INFO - Sync 1 DAGs
[2024-11-02T20:16:53.321+0000] {logging_mixin.py:151} INFO - [2024-11-02T20:16:53.307+0000] {dag.py:3696} INFO - Setting next_dagrun for example_skip_dag to 2024-11-01T20:16:53.306989+00:00, run_after=2024-11-02T20:16:53.306989+00:00
[2024-11-02T20:16:54.056+0000] {processor.py:179} INFO - Processing /home/airflow/.local/lib/python3.8/site-packages/airflow/example_dags/example_skip_dag.py took 1.692 seconds
[2024-11-02T20:17:56.056+0000] {processor.py:157} INFO - Started process (PID=295) to work on /home/airflow/.local/lib/python3.8/site-packages/airflow/example_dags/example_skip_dag.py
[2024-11-02T20:17:56.093+0000] {processor.py:829} INFO - Processing file /home/airflow/.local/lib/python3.8/site-packages/airflow/example_dags/example_skip_dag.py for tasks to queue
[2024-11-02T20:17:56.132+0000] {logging_mixin.py:151} INFO - [2024-11-02T20:17:56.131+0000] {dagbag.py:539} INFO - Filling up the DagBag from /home/airflow/.local/lib/python3.8/site-packages/airflow/example_dags/example_skip_dag.py
[2024-11-02T20:17:56.207+0000] {processor.py:839} INFO - DAG(s) dict_keys(['example_skip_dag']) retrieved from /home/airflow/.local/lib/python3.8/site-packages/airflow/example_dags/example_skip_dag.py
[2024-11-02T20:17:56.616+0000] {logging_mixin.py:151} INFO - [2024-11-02T20:17:56.613+0000] {dag.py:2915} INFO - Sync 1 DAGs
[2024-11-02T20:17:57.163+0000] {logging_mixin.py:151} INFO - [2024-11-02T20:17:57.162+0000] {dag.py:3696} INFO - Setting next_dagrun for example_skip_dag to 2024-11-01T20:17:57.157941+00:00, run_after=2024-11-02T20:17:57.157941+00:00
[2024-11-02T20:17:57.574+0000] {processor.py:179} INFO - Processing /home/airflow/.local/lib/python3.8/site-packages/airflow/example_dags/example_skip_dag.py took 1.631 seconds
[2024-11-02T20:19:06.367+0000] {processor.py:157} INFO - Started process (PID=376) to work on /home/airflow/.local/lib/python3.8/site-packages/airflow/example_dags/example_skip_dag.py
[2024-11-02T20:19:06.373+0000] {processor.py:829} INFO - Processing file /home/airflow/.local/lib/python3.8/site-packages/airflow/example_dags/example_skip_dag.py for tasks to queue
[2024-11-02T20:19:06.389+0000] {logging_mixin.py:151} INFO - [2024-11-02T20:19:06.385+0000] {dagbag.py:539} INFO - Filling up the DagBag from /home/airflow/.local/lib/python3.8/site-packages/airflow/example_dags/example_skip_dag.py
[2024-11-02T20:19:06.444+0000] {processor.py:839} INFO - DAG(s) dict_keys(['example_skip_dag']) retrieved from /home/airflow/.local/lib/python3.8/site-packages/airflow/example_dags/example_skip_dag.py
[2024-11-02T20:19:06.746+0000] {logging_mixin.py:151} INFO - [2024-11-02T20:19:06.746+0000] {dag.py:2915} INFO - Sync 1 DAGs
[2024-11-02T20:19:07.087+0000] {logging_mixin.py:151} INFO - [2024-11-02T20:19:07.078+0000] {dag.py:3696} INFO - Setting next_dagrun for example_skip_dag to 2024-11-01T20:19:07.075507+00:00, run_after=2024-11-02T20:19:07.075507+00:00
[2024-11-02T20:19:07.664+0000] {processor.py:179} INFO - Processing /home/airflow/.local/lib/python3.8/site-packages/airflow/example_dags/example_skip_dag.py took 1.366 seconds
[2024-11-02T20:19:53.374+0000] {processor.py:157} INFO - Started process (PID=430) to work on /home/airflow/.local/lib/python3.8/site-packages/airflow/example_dags/example_skip_dag.py
[2024-11-02T20:19:53.388+0000] {processor.py:829} INFO - Processing file /home/airflow/.local/lib/python3.8/site-packages/airflow/example_dags/example_skip_dag.py for tasks to queue
[2024-11-02T20:19:53.415+0000] {logging_mixin.py:151} INFO - [2024-11-02T20:19:53.410+0000] {dagbag.py:539} INFO - Filling up the DagBag from /home/airflow/.local/lib/python3.8/site-packages/airflow/example_dags/example_skip_dag.py
[2024-11-02T20:19:53.489+0000] {processor.py:839} INFO - DAG(s) dict_keys(['example_skip_dag']) retrieved from /home/airflow/.local/lib/python3.8/site-packages/airflow/example_dags/example_skip_dag.py
[2024-11-02T20:19:53.857+0000] {logging_mixin.py:151} INFO - [2024-11-02T20:19:53.856+0000] {dag.py:2915} INFO - Sync 1 DAGs
[2024-11-02T20:19:54.104+0000] {logging_mixin.py:151} INFO - [2024-11-02T20:19:54.097+0000] {dag.py:3696} INFO - Setting next_dagrun for example_skip_dag to 2024-11-01T20:19:54.092738+00:00, run_after=2024-11-02T20:19:54.092738+00:00
[2024-11-02T20:19:54.453+0000] {processor.py:179} INFO - Processing /home/airflow/.local/lib/python3.8/site-packages/airflow/example_dags/example_skip_dag.py took 1.190 seconds
[2024-11-02T20:21:07.409+0000] {processor.py:157} INFO - Started process (PID=506) to work on /home/airflow/.local/lib/python3.8/site-packages/airflow/example_dags/example_skip_dag.py
[2024-11-02T20:21:07.421+0000] {processor.py:829} INFO - Processing file /home/airflow/.local/lib/python3.8/site-packages/airflow/example_dags/example_skip_dag.py for tasks to queue
[2024-11-02T20:21:07.425+0000] {logging_mixin.py:151} INFO - [2024-11-02T20:21:07.425+0000] {dagbag.py:539} INFO - Filling up the DagBag from /home/airflow/.local/lib/python3.8/site-packages/airflow/example_dags/example_skip_dag.py
[2024-11-02T20:21:07.659+0000] {processor.py:839} INFO - DAG(s) dict_keys(['example_skip_dag']) retrieved from /home/airflow/.local/lib/python3.8/site-packages/airflow/example_dags/example_skip_dag.py
[2024-11-02T20:21:08.062+0000] {logging_mixin.py:151} INFO - [2024-11-02T20:21:08.062+0000] {dag.py:2915} INFO - Sync 1 DAGs
[2024-11-02T20:21:08.641+0000] {logging_mixin.py:151} INFO - [2024-11-02T20:21:08.617+0000] {dag.py:3696} INFO - Setting next_dagrun for example_skip_dag to 2024-11-01T20:21:08.616924+00:00, run_after=2024-11-02T20:21:08.616924+00:00
[2024-11-02T20:21:08.915+0000] {processor.py:179} INFO - Processing /home/airflow/.local/lib/python3.8/site-packages/airflow/example_dags/example_skip_dag.py took 1.564 seconds
[2024-11-02T20:22:11.637+0000] {processor.py:157} INFO - Started process (PID=578) to work on /home/airflow/.local/lib/python3.8/site-packages/airflow/example_dags/example_skip_dag.py
[2024-11-02T20:22:11.648+0000] {processor.py:829} INFO - Processing file /home/airflow/.local/lib/python3.8/site-packages/airflow/example_dags/example_skip_dag.py for tasks to queue
[2024-11-02T20:22:11.686+0000] {logging_mixin.py:151} INFO - [2024-11-02T20:22:11.684+0000] {dagbag.py:539} INFO - Filling up the DagBag from /home/airflow/.local/lib/python3.8/site-packages/airflow/example_dags/example_skip_dag.py
[2024-11-02T20:22:11.835+0000] {processor.py:839} INFO - DAG(s) dict_keys(['example_skip_dag']) retrieved from /home/airflow/.local/lib/python3.8/site-packages/airflow/example_dags/example_skip_dag.py
[2024-11-02T20:22:12.451+0000] {logging_mixin.py:151} INFO - [2024-11-02T20:22:12.437+0000] {dag.py:2915} INFO - Sync 1 DAGs
[2024-11-02T20:22:13.111+0000] {logging_mixin.py:151} INFO - [2024-11-02T20:22:13.110+0000] {dag.py:3696} INFO - Setting next_dagrun for example_skip_dag to 2024-11-01T20:22:13.110094+00:00, run_after=2024-11-02T20:22:13.110094+00:00
[2024-11-02T20:22:13.376+0000] {processor.py:179} INFO - Processing /home/airflow/.local/lib/python3.8/site-packages/airflow/example_dags/example_skip_dag.py took 1.892 seconds
[2024-11-02T20:23:18.774+0000] {processor.py:157} INFO - Started process (PID=647) to work on /home/airflow/.local/lib/python3.8/site-packages/airflow/example_dags/example_skip_dag.py
[2024-11-02T20:23:18.792+0000] {processor.py:829} INFO - Processing file /home/airflow/.local/lib/python3.8/site-packages/airflow/example_dags/example_skip_dag.py for tasks to queue
[2024-11-02T20:23:18.817+0000] {logging_mixin.py:151} INFO - [2024-11-02T20:23:18.816+0000] {dagbag.py:539} INFO - Filling up the DagBag from /home/airflow/.local/lib/python3.8/site-packages/airflow/example_dags/example_skip_dag.py
[2024-11-02T20:23:18.952+0000] {processor.py:839} INFO - DAG(s) dict_keys(['example_skip_dag']) retrieved from /home/airflow/.local/lib/python3.8/site-packages/airflow/example_dags/example_skip_dag.py
[2024-11-02T20:23:19.337+0000] {logging_mixin.py:151} INFO - [2024-11-02T20:23:19.334+0000] {dag.py:2915} INFO - Sync 1 DAGs
[2024-11-02T20:23:19.641+0000] {logging_mixin.py:151} INFO - [2024-11-02T20:23:19.641+0000] {dag.py:3696} INFO - Setting next_dagrun for example_skip_dag to 2024-11-01T20:23:19.640524+00:00, run_after=2024-11-02T20:23:19.640524+00:00
[2024-11-02T20:23:19.798+0000] {processor.py:179} INFO - Processing /home/airflow/.local/lib/python3.8/site-packages/airflow/example_dags/example_skip_dag.py took 1.110 seconds
[2024-11-02T20:24:13.059+0000] {processor.py:157} INFO - Started process (PID=707) to work on /home/airflow/.local/lib/python3.8/site-packages/airflow/example_dags/example_skip_dag.py
[2024-11-02T20:24:13.085+0000] {processor.py:829} INFO - Processing file /home/airflow/.local/lib/python3.8/site-packages/airflow/example_dags/example_skip_dag.py for tasks to queue
[2024-11-02T20:24:13.187+0000] {logging_mixin.py:151} INFO - [2024-11-02T20:24:13.162+0000] {dagbag.py:539} INFO - Filling up the DagBag from /home/airflow/.local/lib/python3.8/site-packages/airflow/example_dags/example_skip_dag.py
[2024-11-02T20:24:13.318+0000] {processor.py:839} INFO - DAG(s) dict_keys(['example_skip_dag']) retrieved from /home/airflow/.local/lib/python3.8/site-packages/airflow/example_dags/example_skip_dag.py
[2024-11-02T20:24:14.113+0000] {logging_mixin.py:151} INFO - [2024-11-02T20:24:14.108+0000] {dag.py:2915} INFO - Sync 1 DAGs
[2024-11-02T20:24:14.716+0000] {logging_mixin.py:151} INFO - [2024-11-02T20:24:14.715+0000] {dag.py:3696} INFO - Setting next_dagrun for example_skip_dag to 2024-11-01T20:24:14.712514+00:00, run_after=2024-11-02T20:24:14.712514+00:00
[2024-11-02T20:24:15.129+0000] {processor.py:179} INFO - Processing /home/airflow/.local/lib/python3.8/site-packages/airflow/example_dags/example_skip_dag.py took 2.169 seconds
