[2024-11-02T20:12:29.449+0000] {processor.py:157} INFO - Started process (PID=84) to work on /home/airflow/.local/lib/python3.8/site-packages/airflow/example_dags/example_sensors.py
[2024-11-02T20:12:29.462+0000] {processor.py:829} INFO - Processing file /home/airflow/.local/lib/python3.8/site-packages/airflow/example_dags/example_sensors.py for tasks to queue
[2024-11-02T20:12:29.526+0000] {logging_mixin.py:151} INFO - [2024-11-02T20:12:29.526+0000] {dagbag.py:539} INFO - Filling up the DagBag from /home/airflow/.local/lib/python3.8/site-packages/airflow/example_dags/example_sensors.py
[2024-11-02T20:12:29.881+0000] {processor.py:839} INFO - DAG(s) dict_keys(['example_sensors']) retrieved from /home/airflow/.local/lib/python3.8/site-packages/airflow/example_dags/example_sensors.py
[2024-11-02T20:12:30.551+0000] {logging_mixin.py:151} INFO - [2024-11-02T20:12:30.550+0000] {dag.py:2915} INFO - Sync 1 DAGs
[2024-11-02T20:12:30.773+0000] {logging_mixin.py:151} INFO - [2024-11-02T20:12:30.773+0000] {dag.py:3696} INFO - Setting next_dagrun for example_sensors to None, run_after=None
[2024-11-02T20:12:31.048+0000] {processor.py:179} INFO - Processing /home/airflow/.local/lib/python3.8/site-packages/airflow/example_dags/example_sensors.py took 1.719 seconds
[2024-11-02T20:14:40.327+0000] {processor.py:157} INFO - Started process (PID=79) to work on /home/airflow/.local/lib/python3.8/site-packages/airflow/example_dags/example_sensors.py
[2024-11-02T20:14:40.354+0000] {processor.py:829} INFO - Processing file /home/airflow/.local/lib/python3.8/site-packages/airflow/example_dags/example_sensors.py for tasks to queue
[2024-11-02T20:14:40.382+0000] {logging_mixin.py:151} INFO - [2024-11-02T20:14:40.375+0000] {dagbag.py:539} INFO - Filling up the DagBag from /home/airflow/.local/lib/python3.8/site-packages/airflow/example_dags/example_sensors.py
[2024-11-02T20:14:40.489+0000] {processor.py:839} INFO - DAG(s) dict_keys(['example_sensors']) retrieved from /home/airflow/.local/lib/python3.8/site-packages/airflow/example_dags/example_sensors.py
[2024-11-02T20:14:41.143+0000] {logging_mixin.py:151} INFO - [2024-11-02T20:14:41.143+0000] {dag.py:2915} INFO - Sync 1 DAGs
[2024-11-02T20:14:41.534+0000] {logging_mixin.py:151} INFO - [2024-11-02T20:14:41.533+0000] {dag.py:3696} INFO - Setting next_dagrun for example_sensors to None, run_after=None
[2024-11-02T20:14:42.130+0000] {processor.py:179} INFO - Processing /home/airflow/.local/lib/python3.8/site-packages/airflow/example_dags/example_sensors.py took 1.874 seconds
[2024-11-02T20:15:35.559+0000] {processor.py:157} INFO - Started process (PID=141) to work on /home/airflow/.local/lib/python3.8/site-packages/airflow/example_dags/example_sensors.py
[2024-11-02T20:15:35.574+0000] {processor.py:829} INFO - Processing file /home/airflow/.local/lib/python3.8/site-packages/airflow/example_dags/example_sensors.py for tasks to queue
[2024-11-02T20:15:35.632+0000] {logging_mixin.py:151} INFO - [2024-11-02T20:15:35.631+0000] {dagbag.py:539} INFO - Filling up the DagBag from /home/airflow/.local/lib/python3.8/site-packages/airflow/example_dags/example_sensors.py
[2024-11-02T20:15:35.820+0000] {processor.py:839} INFO - DAG(s) dict_keys(['example_sensors']) retrieved from /home/airflow/.local/lib/python3.8/site-packages/airflow/example_dags/example_sensors.py
[2024-11-02T20:15:36.504+0000] {logging_mixin.py:151} INFO - [2024-11-02T20:15:36.499+0000] {dag.py:2915} INFO - Sync 1 DAGs
[2024-11-02T20:15:36.910+0000] {logging_mixin.py:151} INFO - [2024-11-02T20:15:36.900+0000] {dag.py:3696} INFO - Setting next_dagrun for example_sensors to None, run_after=None
[2024-11-02T20:15:37.332+0000] {processor.py:179} INFO - Processing /home/airflow/.local/lib/python3.8/site-packages/airflow/example_dags/example_sensors.py took 1.871 seconds
[2024-11-02T20:16:35.621+0000] {processor.py:157} INFO - Started process (PID=209) to work on /home/airflow/.local/lib/python3.8/site-packages/airflow/example_dags/example_sensors.py
[2024-11-02T20:16:35.632+0000] {processor.py:829} INFO - Processing file /home/airflow/.local/lib/python3.8/site-packages/airflow/example_dags/example_sensors.py for tasks to queue
[2024-11-02T20:16:35.664+0000] {logging_mixin.py:151} INFO - [2024-11-02T20:16:35.663+0000] {dagbag.py:539} INFO - Filling up the DagBag from /home/airflow/.local/lib/python3.8/site-packages/airflow/example_dags/example_sensors.py
[2024-11-02T20:16:35.841+0000] {processor.py:839} INFO - DAG(s) dict_keys(['example_sensors']) retrieved from /home/airflow/.local/lib/python3.8/site-packages/airflow/example_dags/example_sensors.py
[2024-11-02T20:16:36.125+0000] {logging_mixin.py:151} INFO - [2024-11-02T20:16:36.125+0000] {dag.py:2915} INFO - Sync 1 DAGs
[2024-11-02T20:16:36.233+0000] {logging_mixin.py:151} INFO - [2024-11-02T20:16:36.233+0000] {dag.py:3696} INFO - Setting next_dagrun for example_sensors to None, run_after=None
[2024-11-02T20:16:36.449+0000] {processor.py:179} INFO - Processing /home/airflow/.local/lib/python3.8/site-packages/airflow/example_dags/example_sensors.py took 0.912 seconds
[2024-11-02T20:17:35.975+0000] {processor.py:157} INFO - Started process (PID=276) to work on /home/airflow/.local/lib/python3.8/site-packages/airflow/example_dags/example_sensors.py
[2024-11-02T20:17:35.980+0000] {processor.py:829} INFO - Processing file /home/airflow/.local/lib/python3.8/site-packages/airflow/example_dags/example_sensors.py for tasks to queue
[2024-11-02T20:17:35.998+0000] {logging_mixin.py:151} INFO - [2024-11-02T20:17:35.997+0000] {dagbag.py:539} INFO - Filling up the DagBag from /home/airflow/.local/lib/python3.8/site-packages/airflow/example_dags/example_sensors.py
[2024-11-02T20:17:36.090+0000] {processor.py:839} INFO - DAG(s) dict_keys(['example_sensors']) retrieved from /home/airflow/.local/lib/python3.8/site-packages/airflow/example_dags/example_sensors.py
[2024-11-02T20:17:36.418+0000] {logging_mixin.py:151} INFO - [2024-11-02T20:17:36.417+0000] {dag.py:2915} INFO - Sync 1 DAGs
[2024-11-02T20:17:36.636+0000] {logging_mixin.py:151} INFO - [2024-11-02T20:17:36.625+0000] {dag.py:3696} INFO - Setting next_dagrun for example_sensors to None, run_after=None
[2024-11-02T20:17:36.888+0000] {processor.py:179} INFO - Processing /home/airflow/.local/lib/python3.8/site-packages/airflow/example_dags/example_sensors.py took 0.944 seconds
[2024-11-02T20:18:42.671+0000] {processor.py:157} INFO - Started process (PID=346) to work on /home/airflow/.local/lib/python3.8/site-packages/airflow/example_dags/example_sensors.py
[2024-11-02T20:18:42.676+0000] {processor.py:829} INFO - Processing file /home/airflow/.local/lib/python3.8/site-packages/airflow/example_dags/example_sensors.py for tasks to queue
[2024-11-02T20:18:42.682+0000] {logging_mixin.py:151} INFO - [2024-11-02T20:18:42.681+0000] {dagbag.py:539} INFO - Filling up the DagBag from /home/airflow/.local/lib/python3.8/site-packages/airflow/example_dags/example_sensors.py
[2024-11-02T20:18:42.848+0000] {processor.py:839} INFO - DAG(s) dict_keys(['example_sensors']) retrieved from /home/airflow/.local/lib/python3.8/site-packages/airflow/example_dags/example_sensors.py
[2024-11-02T20:18:43.351+0000] {logging_mixin.py:151} INFO - [2024-11-02T20:18:43.350+0000] {dag.py:2915} INFO - Sync 1 DAGs
[2024-11-02T20:18:43.537+0000] {logging_mixin.py:151} INFO - [2024-11-02T20:18:43.537+0000] {dag.py:3696} INFO - Setting next_dagrun for example_sensors to None, run_after=None
[2024-11-02T20:18:44.281+0000] {processor.py:179} INFO - Processing /home/airflow/.local/lib/python3.8/site-packages/airflow/example_dags/example_sensors.py took 1.633 seconds
[2024-11-02T20:19:33.723+0000] {processor.py:157} INFO - Started process (PID=409) to work on /home/airflow/.local/lib/python3.8/site-packages/airflow/example_dags/example_sensors.py
[2024-11-02T20:19:33.742+0000] {processor.py:829} INFO - Processing file /home/airflow/.local/lib/python3.8/site-packages/airflow/example_dags/example_sensors.py for tasks to queue
[2024-11-02T20:19:33.765+0000] {logging_mixin.py:151} INFO - [2024-11-02T20:19:33.764+0000] {dagbag.py:539} INFO - Filling up the DagBag from /home/airflow/.local/lib/python3.8/site-packages/airflow/example_dags/example_sensors.py
[2024-11-02T20:19:33.963+0000] {processor.py:839} INFO - DAG(s) dict_keys(['example_sensors']) retrieved from /home/airflow/.local/lib/python3.8/site-packages/airflow/example_dags/example_sensors.py
[2024-11-02T20:19:34.539+0000] {logging_mixin.py:151} INFO - [2024-11-02T20:19:34.538+0000] {dag.py:2915} INFO - Sync 1 DAGs
[2024-11-02T20:19:34.846+0000] {logging_mixin.py:151} INFO - [2024-11-02T20:19:34.846+0000] {dag.py:3696} INFO - Setting next_dagrun for example_sensors to None, run_after=None
[2024-11-02T20:19:35.282+0000] {processor.py:179} INFO - Processing /home/airflow/.local/lib/python3.8/site-packages/airflow/example_dags/example_sensors.py took 1.637 seconds
[2024-11-02T20:20:30.422+0000] {processor.py:157} INFO - Started process (PID=466) to work on /home/airflow/.local/lib/python3.8/site-packages/airflow/example_dags/example_sensors.py
[2024-11-02T20:20:30.427+0000] {processor.py:829} INFO - Processing file /home/airflow/.local/lib/python3.8/site-packages/airflow/example_dags/example_sensors.py for tasks to queue
[2024-11-02T20:20:30.477+0000] {logging_mixin.py:151} INFO - [2024-11-02T20:20:30.465+0000] {dagbag.py:539} INFO - Filling up the DagBag from /home/airflow/.local/lib/python3.8/site-packages/airflow/example_dags/example_sensors.py
[2024-11-02T20:20:30.728+0000] {processor.py:839} INFO - DAG(s) dict_keys(['example_sensors']) retrieved from /home/airflow/.local/lib/python3.8/site-packages/airflow/example_dags/example_sensors.py
[2024-11-02T20:20:31.144+0000] {logging_mixin.py:151} INFO - [2024-11-02T20:20:31.143+0000] {dag.py:2915} INFO - Sync 1 DAGs
[2024-11-02T20:20:31.392+0000] {logging_mixin.py:151} INFO - [2024-11-02T20:20:31.359+0000] {dag.py:3696} INFO - Setting next_dagrun for example_sensors to None, run_after=None
[2024-11-02T20:20:31.821+0000] {processor.py:179} INFO - Processing /home/airflow/.local/lib/python3.8/site-packages/airflow/example_dags/example_sensors.py took 1.431 seconds
[2024-11-02T20:21:22.896+0000] {processor.py:157} INFO - Started process (PID=525) to work on /home/airflow/.local/lib/python3.8/site-packages/airflow/example_dags/example_sensors.py
[2024-11-02T20:21:22.908+0000] {processor.py:829} INFO - Processing file /home/airflow/.local/lib/python3.8/site-packages/airflow/example_dags/example_sensors.py for tasks to queue
[2024-11-02T20:21:23.028+0000] {logging_mixin.py:151} INFO - [2024-11-02T20:21:23.016+0000] {dagbag.py:539} INFO - Filling up the DagBag from /home/airflow/.local/lib/python3.8/site-packages/airflow/example_dags/example_sensors.py
[2024-11-02T20:21:23.220+0000] {processor.py:839} INFO - DAG(s) dict_keys(['example_sensors']) retrieved from /home/airflow/.local/lib/python3.8/site-packages/airflow/example_dags/example_sensors.py
[2024-11-02T20:21:23.350+0000] {logging_mixin.py:151} INFO - [2024-11-02T20:21:23.349+0000] {dag.py:2915} INFO - Sync 1 DAGs
[2024-11-02T20:21:23.567+0000] {logging_mixin.py:151} INFO - [2024-11-02T20:21:23.533+0000] {dag.py:3696} INFO - Setting next_dagrun for example_sensors to None, run_after=None
[2024-11-02T20:21:23.947+0000] {processor.py:179} INFO - Processing /home/airflow/.local/lib/python3.8/site-packages/airflow/example_dags/example_sensors.py took 1.203 seconds
[2024-11-02T20:22:31.949+0000] {processor.py:157} INFO - Started process (PID=594) to work on /home/airflow/.local/lib/python3.8/site-packages/airflow/example_dags/example_sensors.py
[2024-11-02T20:22:31.958+0000] {processor.py:829} INFO - Processing file /home/airflow/.local/lib/python3.8/site-packages/airflow/example_dags/example_sensors.py for tasks to queue
[2024-11-02T20:22:31.978+0000] {logging_mixin.py:151} INFO - [2024-11-02T20:22:31.968+0000] {dagbag.py:539} INFO - Filling up the DagBag from /home/airflow/.local/lib/python3.8/site-packages/airflow/example_dags/example_sensors.py
[2024-11-02T20:22:32.089+0000] {processor.py:839} INFO - DAG(s) dict_keys(['example_sensors']) retrieved from /home/airflow/.local/lib/python3.8/site-packages/airflow/example_dags/example_sensors.py
[2024-11-02T20:22:32.418+0000] {logging_mixin.py:151} INFO - [2024-11-02T20:22:32.418+0000] {dag.py:2915} INFO - Sync 1 DAGs
[2024-11-02T20:22:32.617+0000] {logging_mixin.py:151} INFO - [2024-11-02T20:22:32.617+0000] {dag.py:3696} INFO - Setting next_dagrun for example_sensors to None, run_after=None
[2024-11-02T20:22:32.819+0000] {processor.py:179} INFO - Processing /home/airflow/.local/lib/python3.8/site-packages/airflow/example_dags/example_sensors.py took 0.885 seconds
[2024-11-02T20:23:42.750+0000] {processor.py:157} INFO - Started process (PID=675) to work on /home/airflow/.local/lib/python3.8/site-packages/airflow/example_dags/example_sensors.py
[2024-11-02T20:23:42.760+0000] {processor.py:829} INFO - Processing file /home/airflow/.local/lib/python3.8/site-packages/airflow/example_dags/example_sensors.py for tasks to queue
[2024-11-02T20:23:42.802+0000] {logging_mixin.py:151} INFO - [2024-11-02T20:23:42.802+0000] {dagbag.py:539} INFO - Filling up the DagBag from /home/airflow/.local/lib/python3.8/site-packages/airflow/example_dags/example_sensors.py
[2024-11-02T20:23:43.029+0000] {processor.py:839} INFO - DAG(s) dict_keys(['example_sensors']) retrieved from /home/airflow/.local/lib/python3.8/site-packages/airflow/example_dags/example_sensors.py
[2024-11-02T20:23:43.672+0000] {logging_mixin.py:151} INFO - [2024-11-02T20:23:43.672+0000] {dag.py:2915} INFO - Sync 1 DAGs
[2024-11-02T20:23:43.908+0000] {logging_mixin.py:151} INFO - [2024-11-02T20:23:43.907+0000] {dag.py:3696} INFO - Setting next_dagrun for example_sensors to None, run_after=None
[2024-11-02T20:23:44.254+0000] {processor.py:179} INFO - Processing /home/airflow/.local/lib/python3.8/site-packages/airflow/example_dags/example_sensors.py took 1.607 seconds
[2024-11-02T20:24:39.287+0000] {processor.py:157} INFO - Started process (PID=729) to work on /home/airflow/.local/lib/python3.8/site-packages/airflow/example_dags/example_sensors.py
[2024-11-02T20:24:39.373+0000] {processor.py:829} INFO - Processing file /home/airflow/.local/lib/python3.8/site-packages/airflow/example_dags/example_sensors.py for tasks to queue
[2024-11-02T20:24:39.413+0000] {logging_mixin.py:151} INFO - [2024-11-02T20:24:39.412+0000] {dagbag.py:539} INFO - Filling up the DagBag from /home/airflow/.local/lib/python3.8/site-packages/airflow/example_dags/example_sensors.py
[2024-11-02T20:24:39.582+0000] {processor.py:839} INFO - DAG(s) dict_keys(['example_sensors']) retrieved from /home/airflow/.local/lib/python3.8/site-packages/airflow/example_dags/example_sensors.py
[2024-11-02T20:24:39.941+0000] {logging_mixin.py:151} INFO - [2024-11-02T20:24:39.940+0000] {dag.py:2915} INFO - Sync 1 DAGs
[2024-11-02T20:24:40.121+0000] {logging_mixin.py:151} INFO - [2024-11-02T20:24:40.121+0000] {dag.py:3696} INFO - Setting next_dagrun for example_sensors to None, run_after=None
[2024-11-02T20:24:40.839+0000] {processor.py:179} INFO - Processing /home/airflow/.local/lib/python3.8/site-packages/airflow/example_dags/example_sensors.py took 1.643 seconds
