[2024-11-02T20:12:20.550+0000] {processor.py:157} INFO - Started process (PID=76) to work on /home/airflow/.local/lib/python3.8/site-packages/airflow/example_dags/example_dynamic_task_mapping_with_no_taskflow_operators.py
[2024-11-02T20:12:20.580+0000] {processor.py:829} INFO - Processing file /home/airflow/.local/lib/python3.8/site-packages/airflow/example_dags/example_dynamic_task_mapping_with_no_taskflow_operators.py for tasks to queue
[2024-11-02T20:12:20.652+0000] {logging_mixin.py:151} INFO - [2024-11-02T20:12:20.651+0000] {dagbag.py:539} INFO - Filling up the DagBag from /home/airflow/.local/lib/python3.8/site-packages/airflow/example_dags/example_dynamic_task_mapping_with_no_taskflow_operators.py
[2024-11-02T20:12:20.933+0000] {processor.py:839} INFO - DAG(s) dict_keys(['example_dynamic_task_mapping_with_no_taskflow_operators']) retrieved from /home/airflow/.local/lib/python3.8/site-packages/airflow/example_dags/example_dynamic_task_mapping_with_no_taskflow_operators.py
[2024-11-02T20:12:21.334+0000] {logging_mixin.py:151} INFO - [2024-11-02T20:12:21.333+0000] {dag.py:2915} INFO - Sync 1 DAGs
[2024-11-02T20:12:21.730+0000] {logging_mixin.py:151} INFO - [2024-11-02T20:12:21.730+0000] {dag.py:3696} INFO - Setting next_dagrun for example_dynamic_task_mapping_with_no_taskflow_operators to 2024-11-01T20:12:21.729573+00:00, run_after=2024-11-02T20:12:21.729573+00:00
[2024-11-02T20:12:22.163+0000] {processor.py:179} INFO - Processing /home/airflow/.local/lib/python3.8/site-packages/airflow/example_dags/example_dynamic_task_mapping_with_no_taskflow_operators.py took 1.740 seconds
[2024-11-02T20:14:32.589+0000] {processor.py:157} INFO - Started process (PID=71) to work on /home/airflow/.local/lib/python3.8/site-packages/airflow/example_dags/example_dynamic_task_mapping_with_no_taskflow_operators.py
[2024-11-02T20:14:32.632+0000] {processor.py:829} INFO - Processing file /home/airflow/.local/lib/python3.8/site-packages/airflow/example_dags/example_dynamic_task_mapping_with_no_taskflow_operators.py for tasks to queue
[2024-11-02T20:14:32.653+0000] {logging_mixin.py:151} INFO - [2024-11-02T20:14:32.652+0000] {dagbag.py:539} INFO - Filling up the DagBag from /home/airflow/.local/lib/python3.8/site-packages/airflow/example_dags/example_dynamic_task_mapping_with_no_taskflow_operators.py
[2024-11-02T20:14:32.798+0000] {processor.py:839} INFO - DAG(s) dict_keys(['example_dynamic_task_mapping_with_no_taskflow_operators']) retrieved from /home/airflow/.local/lib/python3.8/site-packages/airflow/example_dags/example_dynamic_task_mapping_with_no_taskflow_operators.py
[2024-11-02T20:14:33.140+0000] {logging_mixin.py:151} INFO - [2024-11-02T20:14:33.122+0000] {dag.py:2915} INFO - Sync 1 DAGs
[2024-11-02T20:14:33.578+0000] {logging_mixin.py:151} INFO - [2024-11-02T20:14:33.578+0000] {dag.py:3696} INFO - Setting next_dagrun for example_dynamic_task_mapping_with_no_taskflow_operators to 2024-11-01T20:14:33.577518+00:00, run_after=2024-11-02T20:14:33.577518+00:00
[2024-11-02T20:14:33.888+0000] {processor.py:179} INFO - Processing /home/airflow/.local/lib/python3.8/site-packages/airflow/example_dags/example_dynamic_task_mapping_with_no_taskflow_operators.py took 1.427 seconds
[2024-11-02T20:15:23.549+0000] {processor.py:157} INFO - Started process (PID=133) to work on /home/airflow/.local/lib/python3.8/site-packages/airflow/example_dags/example_dynamic_task_mapping_with_no_taskflow_operators.py
[2024-11-02T20:15:23.562+0000] {processor.py:829} INFO - Processing file /home/airflow/.local/lib/python3.8/site-packages/airflow/example_dags/example_dynamic_task_mapping_with_no_taskflow_operators.py for tasks to queue
[2024-11-02T20:15:23.773+0000] {logging_mixin.py:151} INFO - [2024-11-02T20:15:23.711+0000] {dagbag.py:539} INFO - Filling up the DagBag from /home/airflow/.local/lib/python3.8/site-packages/airflow/example_dags/example_dynamic_task_mapping_with_no_taskflow_operators.py
[2024-11-02T20:15:24.026+0000] {processor.py:839} INFO - DAG(s) dict_keys(['example_dynamic_task_mapping_with_no_taskflow_operators']) retrieved from /home/airflow/.local/lib/python3.8/site-packages/airflow/example_dags/example_dynamic_task_mapping_with_no_taskflow_operators.py
[2024-11-02T20:15:24.370+0000] {logging_mixin.py:151} INFO - [2024-11-02T20:15:24.369+0000] {dag.py:2915} INFO - Sync 1 DAGs
[2024-11-02T20:15:25.015+0000] {logging_mixin.py:151} INFO - [2024-11-02T20:15:25.015+0000] {dag.py:3696} INFO - Setting next_dagrun for example_dynamic_task_mapping_with_no_taskflow_operators to 2024-11-01T20:15:24.982958+00:00, run_after=2024-11-02T20:15:24.982958+00:00
[2024-11-02T20:15:25.573+0000] {processor.py:179} INFO - Processing /home/airflow/.local/lib/python3.8/site-packages/airflow/example_dags/example_dynamic_task_mapping_with_no_taskflow_operators.py took 2.110 seconds
[2024-11-02T20:16:14.251+0000] {processor.py:157} INFO - Started process (PID=186) to work on /home/airflow/.local/lib/python3.8/site-packages/airflow/example_dags/example_dynamic_task_mapping_with_no_taskflow_operators.py
[2024-11-02T20:16:14.274+0000] {processor.py:829} INFO - Processing file /home/airflow/.local/lib/python3.8/site-packages/airflow/example_dags/example_dynamic_task_mapping_with_no_taskflow_operators.py for tasks to queue
[2024-11-02T20:16:14.328+0000] {logging_mixin.py:151} INFO - [2024-11-02T20:16:14.327+0000] {dagbag.py:539} INFO - Filling up the DagBag from /home/airflow/.local/lib/python3.8/site-packages/airflow/example_dags/example_dynamic_task_mapping_with_no_taskflow_operators.py
[2024-11-02T20:16:14.510+0000] {processor.py:839} INFO - DAG(s) dict_keys(['example_dynamic_task_mapping_with_no_taskflow_operators']) retrieved from /home/airflow/.local/lib/python3.8/site-packages/airflow/example_dags/example_dynamic_task_mapping_with_no_taskflow_operators.py
[2024-11-02T20:16:14.941+0000] {logging_mixin.py:151} INFO - [2024-11-02T20:16:14.941+0000] {dag.py:2915} INFO - Sync 1 DAGs
[2024-11-02T20:16:15.342+0000] {logging_mixin.py:151} INFO - [2024-11-02T20:16:15.329+0000] {dag.py:3696} INFO - Setting next_dagrun for example_dynamic_task_mapping_with_no_taskflow_operators to 2024-11-01T20:16:15.328520+00:00, run_after=2024-11-02T20:16:15.328520+00:00
[2024-11-02T20:16:15.731+0000] {processor.py:179} INFO - Processing /home/airflow/.local/lib/python3.8/site-packages/airflow/example_dags/example_dynamic_task_mapping_with_no_taskflow_operators.py took 1.531 seconds
[2024-11-02T20:17:13.757+0000] {processor.py:157} INFO - Started process (PID=254) to work on /home/airflow/.local/lib/python3.8/site-packages/airflow/example_dags/example_dynamic_task_mapping_with_no_taskflow_operators.py
[2024-11-02T20:17:13.787+0000] {processor.py:829} INFO - Processing file /home/airflow/.local/lib/python3.8/site-packages/airflow/example_dags/example_dynamic_task_mapping_with_no_taskflow_operators.py for tasks to queue
[2024-11-02T20:17:13.825+0000] {logging_mixin.py:151} INFO - [2024-11-02T20:17:13.824+0000] {dagbag.py:539} INFO - Filling up the DagBag from /home/airflow/.local/lib/python3.8/site-packages/airflow/example_dags/example_dynamic_task_mapping_with_no_taskflow_operators.py
[2024-11-02T20:17:13.954+0000] {processor.py:839} INFO - DAG(s) dict_keys(['example_dynamic_task_mapping_with_no_taskflow_operators']) retrieved from /home/airflow/.local/lib/python3.8/site-packages/airflow/example_dags/example_dynamic_task_mapping_with_no_taskflow_operators.py
[2024-11-02T20:17:14.296+0000] {logging_mixin.py:151} INFO - [2024-11-02T20:17:14.296+0000] {dag.py:2915} INFO - Sync 1 DAGs
[2024-11-02T20:17:14.889+0000] {logging_mixin.py:151} INFO - [2024-11-02T20:17:14.880+0000] {dag.py:3696} INFO - Setting next_dagrun for example_dynamic_task_mapping_with_no_taskflow_operators to 2024-11-01T20:17:14.879818+00:00, run_after=2024-11-02T20:17:14.879818+00:00
[2024-11-02T20:17:15.067+0000] {processor.py:179} INFO - Processing /home/airflow/.local/lib/python3.8/site-packages/airflow/example_dags/example_dynamic_task_mapping_with_no_taskflow_operators.py took 1.348 seconds
[2024-11-02T20:18:16.061+0000] {processor.py:157} INFO - Started process (PID=319) to work on /home/airflow/.local/lib/python3.8/site-packages/airflow/example_dags/example_dynamic_task_mapping_with_no_taskflow_operators.py
[2024-11-02T20:18:16.100+0000] {processor.py:829} INFO - Processing file /home/airflow/.local/lib/python3.8/site-packages/airflow/example_dags/example_dynamic_task_mapping_with_no_taskflow_operators.py for tasks to queue
[2024-11-02T20:18:16.120+0000] {logging_mixin.py:151} INFO - [2024-11-02T20:18:16.119+0000] {dagbag.py:539} INFO - Filling up the DagBag from /home/airflow/.local/lib/python3.8/site-packages/airflow/example_dags/example_dynamic_task_mapping_with_no_taskflow_operators.py
[2024-11-02T20:18:16.276+0000] {processor.py:839} INFO - DAG(s) dict_keys(['example_dynamic_task_mapping_with_no_taskflow_operators']) retrieved from /home/airflow/.local/lib/python3.8/site-packages/airflow/example_dags/example_dynamic_task_mapping_with_no_taskflow_operators.py
[2024-11-02T20:18:16.485+0000] {logging_mixin.py:151} INFO - [2024-11-02T20:18:16.484+0000] {dag.py:2915} INFO - Sync 1 DAGs
[2024-11-02T20:18:16.965+0000] {logging_mixin.py:151} INFO - [2024-11-02T20:18:16.965+0000] {dag.py:3696} INFO - Setting next_dagrun for example_dynamic_task_mapping_with_no_taskflow_operators to 2024-11-01T20:18:16.964392+00:00, run_after=2024-11-02T20:18:16.964392+00:00
[2024-11-02T20:18:17.428+0000] {processor.py:179} INFO - Processing /home/airflow/.local/lib/python3.8/site-packages/airflow/example_dags/example_dynamic_task_mapping_with_no_taskflow_operators.py took 1.398 seconds
[2024-11-02T20:19:01.389+0000] {processor.py:157} INFO - Started process (PID=370) to work on /home/airflow/.local/lib/python3.8/site-packages/airflow/example_dags/example_dynamic_task_mapping_with_no_taskflow_operators.py
[2024-11-02T20:19:01.425+0000] {processor.py:829} INFO - Processing file /home/airflow/.local/lib/python3.8/site-packages/airflow/example_dags/example_dynamic_task_mapping_with_no_taskflow_operators.py for tasks to queue
[2024-11-02T20:19:01.456+0000] {logging_mixin.py:151} INFO - [2024-11-02T20:19:01.448+0000] {dagbag.py:539} INFO - Filling up the DagBag from /home/airflow/.local/lib/python3.8/site-packages/airflow/example_dags/example_dynamic_task_mapping_with_no_taskflow_operators.py
[2024-11-02T20:19:01.627+0000] {processor.py:839} INFO - DAG(s) dict_keys(['example_dynamic_task_mapping_with_no_taskflow_operators']) retrieved from /home/airflow/.local/lib/python3.8/site-packages/airflow/example_dags/example_dynamic_task_mapping_with_no_taskflow_operators.py
[2024-11-02T20:19:02.086+0000] {logging_mixin.py:151} INFO - [2024-11-02T20:19:02.086+0000] {dag.py:2915} INFO - Sync 1 DAGs
[2024-11-02T20:19:02.449+0000] {logging_mixin.py:151} INFO - [2024-11-02T20:19:02.448+0000] {dag.py:3696} INFO - Setting next_dagrun for example_dynamic_task_mapping_with_no_taskflow_operators to 2024-11-01T20:19:02.448130+00:00, run_after=2024-11-02T20:19:02.448130+00:00
[2024-11-02T20:19:02.653+0000] {processor.py:179} INFO - Processing /home/airflow/.local/lib/python3.8/site-packages/airflow/example_dags/example_dynamic_task_mapping_with_no_taskflow_operators.py took 1.410 seconds
[2024-11-02T20:19:48.458+0000] {processor.py:157} INFO - Started process (PID=424) to work on /home/airflow/.local/lib/python3.8/site-packages/airflow/example_dags/example_dynamic_task_mapping_with_no_taskflow_operators.py
[2024-11-02T20:19:48.476+0000] {processor.py:829} INFO - Processing file /home/airflow/.local/lib/python3.8/site-packages/airflow/example_dags/example_dynamic_task_mapping_with_no_taskflow_operators.py for tasks to queue
[2024-11-02T20:19:48.512+0000] {logging_mixin.py:151} INFO - [2024-11-02T20:19:48.511+0000] {dagbag.py:539} INFO - Filling up the DagBag from /home/airflow/.local/lib/python3.8/site-packages/airflow/example_dags/example_dynamic_task_mapping_with_no_taskflow_operators.py
[2024-11-02T20:19:48.615+0000] {processor.py:839} INFO - DAG(s) dict_keys(['example_dynamic_task_mapping_with_no_taskflow_operators']) retrieved from /home/airflow/.local/lib/python3.8/site-packages/airflow/example_dags/example_dynamic_task_mapping_with_no_taskflow_operators.py
[2024-11-02T20:19:48.929+0000] {logging_mixin.py:151} INFO - [2024-11-02T20:19:48.929+0000] {dag.py:2915} INFO - Sync 1 DAGs
[2024-11-02T20:19:49.360+0000] {logging_mixin.py:151} INFO - [2024-11-02T20:19:49.359+0000] {dag.py:3696} INFO - Setting next_dagrun for example_dynamic_task_mapping_with_no_taskflow_operators to 2024-11-01T20:19:49.359287+00:00, run_after=2024-11-02T20:19:49.359287+00:00
[2024-11-02T20:19:49.685+0000] {processor.py:179} INFO - Processing /home/airflow/.local/lib/python3.8/site-packages/airflow/example_dags/example_dynamic_task_mapping_with_no_taskflow_operators.py took 1.290 seconds
[2024-11-02T20:21:01.149+0000] {processor.py:157} INFO - Started process (PID=494) to work on /home/airflow/.local/lib/python3.8/site-packages/airflow/example_dags/example_dynamic_task_mapping_with_no_taskflow_operators.py
[2024-11-02T20:21:01.175+0000] {processor.py:829} INFO - Processing file /home/airflow/.local/lib/python3.8/site-packages/airflow/example_dags/example_dynamic_task_mapping_with_no_taskflow_operators.py for tasks to queue
[2024-11-02T20:21:01.238+0000] {logging_mixin.py:151} INFO - [2024-11-02T20:21:01.237+0000] {dagbag.py:539} INFO - Filling up the DagBag from /home/airflow/.local/lib/python3.8/site-packages/airflow/example_dags/example_dynamic_task_mapping_with_no_taskflow_operators.py
[2024-11-02T20:21:01.420+0000] {processor.py:839} INFO - DAG(s) dict_keys(['example_dynamic_task_mapping_with_no_taskflow_operators']) retrieved from /home/airflow/.local/lib/python3.8/site-packages/airflow/example_dags/example_dynamic_task_mapping_with_no_taskflow_operators.py
[2024-11-02T20:21:01.932+0000] {logging_mixin.py:151} INFO - [2024-11-02T20:21:01.931+0000] {dag.py:2915} INFO - Sync 1 DAGs
[2024-11-02T20:21:02.568+0000] {logging_mixin.py:151} INFO - [2024-11-02T20:21:02.553+0000] {dag.py:3696} INFO - Setting next_dagrun for example_dynamic_task_mapping_with_no_taskflow_operators to 2024-11-01T20:21:02.544643+00:00, run_after=2024-11-02T20:21:02.544643+00:00
[2024-11-02T20:21:02.947+0000] {processor.py:179} INFO - Processing /home/airflow/.local/lib/python3.8/site-packages/airflow/example_dags/example_dynamic_task_mapping_with_no_taskflow_operators.py took 1.877 seconds
[2024-11-02T20:22:03.605+0000] {processor.py:157} INFO - Started process (PID=563) to work on /home/airflow/.local/lib/python3.8/site-packages/airflow/example_dags/example_dynamic_task_mapping_with_no_taskflow_operators.py
[2024-11-02T20:22:03.632+0000] {processor.py:829} INFO - Processing file /home/airflow/.local/lib/python3.8/site-packages/airflow/example_dags/example_dynamic_task_mapping_with_no_taskflow_operators.py for tasks to queue
[2024-11-02T20:22:03.651+0000] {logging_mixin.py:151} INFO - [2024-11-02T20:22:03.650+0000] {dagbag.py:539} INFO - Filling up the DagBag from /home/airflow/.local/lib/python3.8/site-packages/airflow/example_dags/example_dynamic_task_mapping_with_no_taskflow_operators.py
[2024-11-02T20:22:03.754+0000] {processor.py:839} INFO - DAG(s) dict_keys(['example_dynamic_task_mapping_with_no_taskflow_operators']) retrieved from /home/airflow/.local/lib/python3.8/site-packages/airflow/example_dags/example_dynamic_task_mapping_with_no_taskflow_operators.py
[2024-11-02T20:22:04.363+0000] {logging_mixin.py:151} INFO - [2024-11-02T20:22:04.358+0000] {dag.py:2915} INFO - Sync 1 DAGs
[2024-11-02T20:22:04.554+0000] {logging_mixin.py:151} INFO - [2024-11-02T20:22:04.554+0000] {dag.py:3696} INFO - Setting next_dagrun for example_dynamic_task_mapping_with_no_taskflow_operators to 2024-11-01T20:22:04.551072+00:00, run_after=2024-11-02T20:22:04.551072+00:00
[2024-11-02T20:22:05.033+0000] {processor.py:179} INFO - Processing /home/airflow/.local/lib/python3.8/site-packages/airflow/example_dags/example_dynamic_task_mapping_with_no_taskflow_operators.py took 1.436 seconds
[2024-11-02T20:22:52.315+0000] {processor.py:157} INFO - Started process (PID=623) to work on /home/airflow/.local/lib/python3.8/site-packages/airflow/example_dags/example_dynamic_task_mapping_with_no_taskflow_operators.py
[2024-11-02T20:22:52.333+0000] {processor.py:829} INFO - Processing file /home/airflow/.local/lib/python3.8/site-packages/airflow/example_dags/example_dynamic_task_mapping_with_no_taskflow_operators.py for tasks to queue
[2024-11-02T20:22:52.382+0000] {logging_mixin.py:151} INFO - [2024-11-02T20:22:52.354+0000] {dagbag.py:539} INFO - Filling up the DagBag from /home/airflow/.local/lib/python3.8/site-packages/airflow/example_dags/example_dynamic_task_mapping_with_no_taskflow_operators.py
[2024-11-02T20:22:52.490+0000] {processor.py:839} INFO - DAG(s) dict_keys(['example_dynamic_task_mapping_with_no_taskflow_operators']) retrieved from /home/airflow/.local/lib/python3.8/site-packages/airflow/example_dags/example_dynamic_task_mapping_with_no_taskflow_operators.py
[2024-11-02T20:22:52.948+0000] {logging_mixin.py:151} INFO - [2024-11-02T20:22:52.948+0000] {dag.py:2915} INFO - Sync 1 DAGs
[2024-11-02T20:22:53.734+0000] {logging_mixin.py:151} INFO - [2024-11-02T20:22:53.734+0000] {dag.py:3696} INFO - Setting next_dagrun for example_dynamic_task_mapping_with_no_taskflow_operators to 2024-11-01T20:22:53.733391+00:00, run_after=2024-11-02T20:22:53.733391+00:00
[2024-11-02T20:22:54.364+0000] {processor.py:179} INFO - Processing /home/airflow/.local/lib/python3.8/site-packages/airflow/example_dags/example_dynamic_task_mapping_with_no_taskflow_operators.py took 2.197 seconds
[2024-11-02T20:24:01.177+0000] {processor.py:157} INFO - Started process (PID=692) to work on /home/airflow/.local/lib/python3.8/site-packages/airflow/example_dags/example_dynamic_task_mapping_with_no_taskflow_operators.py
[2024-11-02T20:24:01.224+0000] {processor.py:829} INFO - Processing file /home/airflow/.local/lib/python3.8/site-packages/airflow/example_dags/example_dynamic_task_mapping_with_no_taskflow_operators.py for tasks to queue
[2024-11-02T20:24:01.273+0000] {logging_mixin.py:151} INFO - [2024-11-02T20:24:01.273+0000] {dagbag.py:539} INFO - Filling up the DagBag from /home/airflow/.local/lib/python3.8/site-packages/airflow/example_dags/example_dynamic_task_mapping_with_no_taskflow_operators.py
[2024-11-02T20:24:01.532+0000] {processor.py:839} INFO - DAG(s) dict_keys(['example_dynamic_task_mapping_with_no_taskflow_operators']) retrieved from /home/airflow/.local/lib/python3.8/site-packages/airflow/example_dags/example_dynamic_task_mapping_with_no_taskflow_operators.py
[2024-11-02T20:24:01.996+0000] {logging_mixin.py:151} INFO - [2024-11-02T20:24:01.977+0000] {dag.py:2915} INFO - Sync 1 DAGs
[2024-11-02T20:24:03.007+0000] {logging_mixin.py:151} INFO - [2024-11-02T20:24:03.006+0000] {dag.py:3696} INFO - Setting next_dagrun for example_dynamic_task_mapping_with_no_taskflow_operators to 2024-11-01T20:24:02.934746+00:00, run_after=2024-11-02T20:24:02.934746+00:00
[2024-11-02T20:24:04.033+0000] {processor.py:179} INFO - Processing /home/airflow/.local/lib/python3.8/site-packages/airflow/example_dags/example_dynamic_task_mapping_with_no_taskflow_operators.py took 3.023 seconds
