[2024-11-02T20:12:07.119+0000] {processor.py:157} INFO - Started process (PID=59) to work on /home/airflow/.local/lib/python3.8/site-packages/airflow/example_dags/example_latest_only.py
[2024-11-02T20:12:07.126+0000] {processor.py:829} INFO - Processing file /home/airflow/.local/lib/python3.8/site-packages/airflow/example_dags/example_latest_only.py for tasks to queue
[2024-11-02T20:12:07.138+0000] {logging_mixin.py:151} INFO - [2024-11-02T20:12:07.137+0000] {dagbag.py:539} INFO - Filling up the DagBag from /home/airflow/.local/lib/python3.8/site-packages/airflow/example_dags/example_latest_only.py
[2024-11-02T20:12:07.202+0000] {processor.py:839} INFO - DAG(s) dict_keys(['latest_only']) retrieved from /home/airflow/.local/lib/python3.8/site-packages/airflow/example_dags/example_latest_only.py
[2024-11-02T20:12:07.439+0000] {logging_mixin.py:151} INFO - [2024-11-02T20:12:07.439+0000] {dag.py:2915} INFO - Sync 1 DAGs
[2024-11-02T20:12:07.733+0000] {logging_mixin.py:151} INFO - [2024-11-02T20:12:07.732+0000] {dag.py:3696} INFO - Setting next_dagrun for latest_only to 2024-11-02T16:12:07.732192+00:00, run_after=2024-11-02T20:12:07.732192+00:00
[2024-11-02T20:12:08.146+0000] {processor.py:179} INFO - Processing /home/airflow/.local/lib/python3.8/site-packages/airflow/example_dags/example_latest_only.py took 1.069 seconds
[2024-11-02T20:14:24.165+0000] {processor.py:157} INFO - Started process (PID=61) to work on /home/airflow/.local/lib/python3.8/site-packages/airflow/example_dags/example_latest_only.py
[2024-11-02T20:14:24.186+0000] {processor.py:829} INFO - Processing file /home/airflow/.local/lib/python3.8/site-packages/airflow/example_dags/example_latest_only.py for tasks to queue
[2024-11-02T20:14:24.239+0000] {logging_mixin.py:151} INFO - [2024-11-02T20:14:24.235+0000] {dagbag.py:539} INFO - Filling up the DagBag from /home/airflow/.local/lib/python3.8/site-packages/airflow/example_dags/example_latest_only.py
[2024-11-02T20:14:24.392+0000] {processor.py:839} INFO - DAG(s) dict_keys(['latest_only']) retrieved from /home/airflow/.local/lib/python3.8/site-packages/airflow/example_dags/example_latest_only.py
[2024-11-02T20:14:24.700+0000] {logging_mixin.py:151} INFO - [2024-11-02T20:14:24.689+0000] {dag.py:2915} INFO - Sync 1 DAGs
[2024-11-02T20:14:24.974+0000] {logging_mixin.py:151} INFO - [2024-11-02T20:14:24.971+0000] {dag.py:3696} INFO - Setting next_dagrun for latest_only to 2024-11-02T16:14:24.970938+00:00, run_after=2024-11-02T20:14:24.970938+00:00
[2024-11-02T20:14:25.487+0000] {processor.py:179} INFO - Processing /home/airflow/.local/lib/python3.8/site-packages/airflow/example_dags/example_latest_only.py took 1.374 seconds
[2024-11-02T20:15:12.553+0000] {processor.py:157} INFO - Started process (PID=116) to work on /home/airflow/.local/lib/python3.8/site-packages/airflow/example_dags/example_latest_only.py
[2024-11-02T20:15:12.574+0000] {processor.py:829} INFO - Processing file /home/airflow/.local/lib/python3.8/site-packages/airflow/example_dags/example_latest_only.py for tasks to queue
[2024-11-02T20:15:12.626+0000] {logging_mixin.py:151} INFO - [2024-11-02T20:15:12.608+0000] {dagbag.py:539} INFO - Filling up the DagBag from /home/airflow/.local/lib/python3.8/site-packages/airflow/example_dags/example_latest_only.py
[2024-11-02T20:15:12.747+0000] {processor.py:839} INFO - DAG(s) dict_keys(['latest_only']) retrieved from /home/airflow/.local/lib/python3.8/site-packages/airflow/example_dags/example_latest_only.py
[2024-11-02T20:15:12.949+0000] {logging_mixin.py:151} INFO - [2024-11-02T20:15:12.943+0000] {dag.py:2915} INFO - Sync 1 DAGs
[2024-11-02T20:15:13.389+0000] {logging_mixin.py:151} INFO - [2024-11-02T20:15:13.389+0000] {dag.py:3696} INFO - Setting next_dagrun for latest_only to 2024-11-02T16:15:13.384158+00:00, run_after=2024-11-02T20:15:13.384158+00:00
[2024-11-02T20:15:13.660+0000] {processor.py:179} INFO - Processing /home/airflow/.local/lib/python3.8/site-packages/airflow/example_dags/example_latest_only.py took 1.185 seconds
[2024-11-02T20:16:04.082+0000] {processor.py:157} INFO - Started process (PID=176) to work on /home/airflow/.local/lib/python3.8/site-packages/airflow/example_dags/example_latest_only.py
[2024-11-02T20:16:04.092+0000] {processor.py:829} INFO - Processing file /home/airflow/.local/lib/python3.8/site-packages/airflow/example_dags/example_latest_only.py for tasks to queue
[2024-11-02T20:16:04.101+0000] {logging_mixin.py:151} INFO - [2024-11-02T20:16:04.101+0000] {dagbag.py:539} INFO - Filling up the DagBag from /home/airflow/.local/lib/python3.8/site-packages/airflow/example_dags/example_latest_only.py
[2024-11-02T20:16:04.126+0000] {processor.py:839} INFO - DAG(s) dict_keys(['latest_only']) retrieved from /home/airflow/.local/lib/python3.8/site-packages/airflow/example_dags/example_latest_only.py
[2024-11-02T20:16:04.316+0000] {logging_mixin.py:151} INFO - [2024-11-02T20:16:04.316+0000] {dag.py:2915} INFO - Sync 1 DAGs
[2024-11-02T20:16:04.938+0000] {logging_mixin.py:151} INFO - [2024-11-02T20:16:04.926+0000] {dag.py:3696} INFO - Setting next_dagrun for latest_only to 2024-11-02T16:16:04.914741+00:00, run_after=2024-11-02T20:16:04.914741+00:00
[2024-11-02T20:16:05.526+0000] {processor.py:179} INFO - Processing /home/airflow/.local/lib/python3.8/site-packages/airflow/example_dags/example_latest_only.py took 1.479 seconds
[2024-11-02T20:16:40.810+0000] {processor.py:157} INFO - Started process (PID=215) to work on /home/airflow/.local/lib/python3.8/site-packages/airflow/example_dags/example_latest_only.py
[2024-11-02T20:16:40.858+0000] {processor.py:829} INFO - Processing file /home/airflow/.local/lib/python3.8/site-packages/airflow/example_dags/example_latest_only.py for tasks to queue
[2024-11-02T20:16:40.881+0000] {logging_mixin.py:151} INFO - [2024-11-02T20:16:40.881+0000] {dagbag.py:539} INFO - Filling up the DagBag from /home/airflow/.local/lib/python3.8/site-packages/airflow/example_dags/example_latest_only.py
[2024-11-02T20:16:40.900+0000] {processor.py:839} INFO - DAG(s) dict_keys(['latest_only']) retrieved from /home/airflow/.local/lib/python3.8/site-packages/airflow/example_dags/example_latest_only.py
[2024-11-02T20:16:41.181+0000] {logging_mixin.py:151} INFO - [2024-11-02T20:16:41.180+0000] {dag.py:2915} INFO - Sync 1 DAGs
[2024-11-02T20:16:41.498+0000] {logging_mixin.py:151} INFO - [2024-11-02T20:16:41.490+0000] {dag.py:3696} INFO - Setting next_dagrun for latest_only to 2024-11-02T16:16:41.477359+00:00, run_after=2024-11-02T20:16:41.477359+00:00
[2024-11-02T20:16:41.741+0000] {processor.py:179} INFO - Processing /home/airflow/.local/lib/python3.8/site-packages/airflow/example_dags/example_latest_only.py took 1.036 seconds
[2024-11-02T20:17:24.594+0000] {processor.py:157} INFO - Started process (PID=263) to work on /home/airflow/.local/lib/python3.8/site-packages/airflow/example_dags/example_latest_only.py
[2024-11-02T20:17:24.626+0000] {processor.py:829} INFO - Processing file /home/airflow/.local/lib/python3.8/site-packages/airflow/example_dags/example_latest_only.py for tasks to queue
[2024-11-02T20:17:24.653+0000] {logging_mixin.py:151} INFO - [2024-11-02T20:17:24.643+0000] {dagbag.py:539} INFO - Filling up the DagBag from /home/airflow/.local/lib/python3.8/site-packages/airflow/example_dags/example_latest_only.py
[2024-11-02T20:17:24.704+0000] {processor.py:839} INFO - DAG(s) dict_keys(['latest_only']) retrieved from /home/airflow/.local/lib/python3.8/site-packages/airflow/example_dags/example_latest_only.py
[2024-11-02T20:17:24.935+0000] {logging_mixin.py:151} INFO - [2024-11-02T20:17:24.935+0000] {dag.py:2915} INFO - Sync 1 DAGs
[2024-11-02T20:17:25.169+0000] {logging_mixin.py:151} INFO - [2024-11-02T20:17:25.147+0000] {dag.py:3696} INFO - Setting next_dagrun for latest_only to 2024-11-02T16:17:25.124554+00:00, run_after=2024-11-02T20:17:25.124554+00:00
[2024-11-02T20:17:25.291+0000] {processor.py:179} INFO - Processing /home/airflow/.local/lib/python3.8/site-packages/airflow/example_dags/example_latest_only.py took 0.707 seconds
[2024-11-02T20:18:08.209+0000] {processor.py:157} INFO - Started process (PID=312) to work on /home/airflow/.local/lib/python3.8/site-packages/airflow/example_dags/example_latest_only.py
[2024-11-02T20:18:08.231+0000] {processor.py:829} INFO - Processing file /home/airflow/.local/lib/python3.8/site-packages/airflow/example_dags/example_latest_only.py for tasks to queue
[2024-11-02T20:18:08.246+0000] {logging_mixin.py:151} INFO - [2024-11-02T20:18:08.236+0000] {dagbag.py:539} INFO - Filling up the DagBag from /home/airflow/.local/lib/python3.8/site-packages/airflow/example_dags/example_latest_only.py
[2024-11-02T20:18:08.339+0000] {processor.py:839} INFO - DAG(s) dict_keys(['latest_only']) retrieved from /home/airflow/.local/lib/python3.8/site-packages/airflow/example_dags/example_latest_only.py
[2024-11-02T20:18:08.808+0000] {logging_mixin.py:151} INFO - [2024-11-02T20:18:08.808+0000] {dag.py:2915} INFO - Sync 1 DAGs
[2024-11-02T20:18:09.311+0000] {logging_mixin.py:151} INFO - [2024-11-02T20:18:09.311+0000] {dag.py:3696} INFO - Setting next_dagrun for latest_only to 2024-11-02T16:18:09.299105+00:00, run_after=2024-11-02T20:18:09.299105+00:00
[2024-11-02T20:18:09.630+0000] {processor.py:179} INFO - Processing /home/airflow/.local/lib/python3.8/site-packages/airflow/example_dags/example_latest_only.py took 1.508 seconds
[2024-11-02T20:18:54.666+0000] {processor.py:157} INFO - Started process (PID=356) to work on /home/airflow/.local/lib/python3.8/site-packages/airflow/example_dags/example_latest_only.py
[2024-11-02T20:18:54.672+0000] {processor.py:829} INFO - Processing file /home/airflow/.local/lib/python3.8/site-packages/airflow/example_dags/example_latest_only.py for tasks to queue
[2024-11-02T20:18:54.688+0000] {logging_mixin.py:151} INFO - [2024-11-02T20:18:54.688+0000] {dagbag.py:539} INFO - Filling up the DagBag from /home/airflow/.local/lib/python3.8/site-packages/airflow/example_dags/example_latest_only.py
[2024-11-02T20:18:54.737+0000] {processor.py:839} INFO - DAG(s) dict_keys(['latest_only']) retrieved from /home/airflow/.local/lib/python3.8/site-packages/airflow/example_dags/example_latest_only.py
[2024-11-02T20:18:55.065+0000] {logging_mixin.py:151} INFO - [2024-11-02T20:18:55.065+0000] {dag.py:2915} INFO - Sync 1 DAGs
[2024-11-02T20:18:55.601+0000] {logging_mixin.py:151} INFO - [2024-11-02T20:18:55.600+0000] {dag.py:3696} INFO - Setting next_dagrun for latest_only to 2024-11-02T16:18:55.600363+00:00, run_after=2024-11-02T20:18:55.600363+00:00
[2024-11-02T20:18:55.990+0000] {processor.py:179} INFO - Processing /home/airflow/.local/lib/python3.8/site-packages/airflow/example_dags/example_latest_only.py took 1.431 seconds
[2024-11-02T20:19:42.468+0000] {processor.py:157} INFO - Started process (PID=417) to work on /home/airflow/.local/lib/python3.8/site-packages/airflow/example_dags/example_latest_only.py
[2024-11-02T20:19:42.478+0000] {processor.py:829} INFO - Processing file /home/airflow/.local/lib/python3.8/site-packages/airflow/example_dags/example_latest_only.py for tasks to queue
[2024-11-02T20:19:42.497+0000] {logging_mixin.py:151} INFO - [2024-11-02T20:19:42.496+0000] {dagbag.py:539} INFO - Filling up the DagBag from /home/airflow/.local/lib/python3.8/site-packages/airflow/example_dags/example_latest_only.py
[2024-11-02T20:19:42.555+0000] {processor.py:839} INFO - DAG(s) dict_keys(['latest_only']) retrieved from /home/airflow/.local/lib/python3.8/site-packages/airflow/example_dags/example_latest_only.py
[2024-11-02T20:19:43.025+0000] {logging_mixin.py:151} INFO - [2024-11-02T20:19:43.024+0000] {dag.py:2915} INFO - Sync 1 DAGs
[2024-11-02T20:19:43.588+0000] {logging_mixin.py:151} INFO - [2024-11-02T20:19:43.588+0000] {dag.py:3696} INFO - Setting next_dagrun for latest_only to 2024-11-02T16:19:43.587550+00:00, run_after=2024-11-02T20:19:43.587550+00:00
[2024-11-02T20:19:43.846+0000] {processor.py:179} INFO - Processing /home/airflow/.local/lib/python3.8/site-packages/airflow/example_dags/example_latest_only.py took 1.418 seconds
[2024-11-02T20:20:19.911+0000] {processor.py:157} INFO - Started process (PID=459) to work on /home/airflow/.local/lib/python3.8/site-packages/airflow/example_dags/example_latest_only.py
[2024-11-02T20:20:19.921+0000] {processor.py:829} INFO - Processing file /home/airflow/.local/lib/python3.8/site-packages/airflow/example_dags/example_latest_only.py for tasks to queue
[2024-11-02T20:20:19.985+0000] {logging_mixin.py:151} INFO - [2024-11-02T20:20:19.984+0000] {dagbag.py:539} INFO - Filling up the DagBag from /home/airflow/.local/lib/python3.8/site-packages/airflow/example_dags/example_latest_only.py
[2024-11-02T20:20:20.231+0000] {processor.py:839} INFO - DAG(s) dict_keys(['latest_only']) retrieved from /home/airflow/.local/lib/python3.8/site-packages/airflow/example_dags/example_latest_only.py
[2024-11-02T20:20:21.056+0000] {logging_mixin.py:151} INFO - [2024-11-02T20:20:21.055+0000] {dag.py:2915} INFO - Sync 1 DAGs
[2024-11-02T20:20:21.737+0000] {logging_mixin.py:151} INFO - [2024-11-02T20:20:21.736+0000] {dag.py:3696} INFO - Setting next_dagrun for latest_only to 2024-11-02T16:20:21.713333+00:00, run_after=2024-11-02T20:20:21.713333+00:00
[2024-11-02T20:20:22.227+0000] {processor.py:179} INFO - Processing /home/airflow/.local/lib/python3.8/site-packages/airflow/example_dags/example_latest_only.py took 2.413 seconds
[2024-11-02T20:21:14.949+0000] {processor.py:157} INFO - Started process (PID=515) to work on /home/airflow/.local/lib/python3.8/site-packages/airflow/example_dags/example_latest_only.py
[2024-11-02T20:21:14.972+0000] {processor.py:829} INFO - Processing file /home/airflow/.local/lib/python3.8/site-packages/airflow/example_dags/example_latest_only.py for tasks to queue
[2024-11-02T20:21:14.996+0000] {logging_mixin.py:151} INFO - [2024-11-02T20:21:14.982+0000] {dagbag.py:539} INFO - Filling up the DagBag from /home/airflow/.local/lib/python3.8/site-packages/airflow/example_dags/example_latest_only.py
[2024-11-02T20:21:15.081+0000] {processor.py:839} INFO - DAG(s) dict_keys(['latest_only']) retrieved from /home/airflow/.local/lib/python3.8/site-packages/airflow/example_dags/example_latest_only.py
[2024-11-02T20:21:15.256+0000] {logging_mixin.py:151} INFO - [2024-11-02T20:21:15.254+0000] {dag.py:2915} INFO - Sync 1 DAGs
[2024-11-02T20:21:15.500+0000] {logging_mixin.py:151} INFO - [2024-11-02T20:21:15.500+0000] {dag.py:3696} INFO - Setting next_dagrun for latest_only to 2024-11-02T16:21:15.499683+00:00, run_after=2024-11-02T20:21:15.499683+00:00
[2024-11-02T20:21:15.791+0000] {processor.py:179} INFO - Processing /home/airflow/.local/lib/python3.8/site-packages/airflow/example_dags/example_latest_only.py took 0.910 seconds
[2024-11-02T20:21:57.034+0000] {processor.py:157} INFO - Started process (PID=557) to work on /home/airflow/.local/lib/python3.8/site-packages/airflow/example_dags/example_latest_only.py
[2024-11-02T20:21:57.082+0000] {processor.py:829} INFO - Processing file /home/airflow/.local/lib/python3.8/site-packages/airflow/example_dags/example_latest_only.py for tasks to queue
[2024-11-02T20:21:57.116+0000] {logging_mixin.py:151} INFO - [2024-11-02T20:21:57.115+0000] {dagbag.py:539} INFO - Filling up the DagBag from /home/airflow/.local/lib/python3.8/site-packages/airflow/example_dags/example_latest_only.py
[2024-11-02T20:21:57.242+0000] {processor.py:839} INFO - DAG(s) dict_keys(['latest_only']) retrieved from /home/airflow/.local/lib/python3.8/site-packages/airflow/example_dags/example_latest_only.py
[2024-11-02T20:21:57.661+0000] {logging_mixin.py:151} INFO - [2024-11-02T20:21:57.660+0000] {dag.py:2915} INFO - Sync 1 DAGs
[2024-11-02T20:21:58.158+0000] {logging_mixin.py:151} INFO - [2024-11-02T20:21:58.130+0000] {dag.py:3696} INFO - Setting next_dagrun for latest_only to 2024-11-02T16:21:58.129569+00:00, run_after=2024-11-02T20:21:58.129569+00:00
[2024-11-02T20:21:58.710+0000] {processor.py:179} INFO - Processing /home/airflow/.local/lib/python3.8/site-packages/airflow/example_dags/example_latest_only.py took 1.733 seconds
[2024-11-02T20:22:43.545+0000] {processor.py:157} INFO - Started process (PID=614) to work on /home/airflow/.local/lib/python3.8/site-packages/airflow/example_dags/example_latest_only.py
[2024-11-02T20:22:43.554+0000] {processor.py:829} INFO - Processing file /home/airflow/.local/lib/python3.8/site-packages/airflow/example_dags/example_latest_only.py for tasks to queue
[2024-11-02T20:22:43.575+0000] {logging_mixin.py:151} INFO - [2024-11-02T20:22:43.574+0000] {dagbag.py:539} INFO - Filling up the DagBag from /home/airflow/.local/lib/python3.8/site-packages/airflow/example_dags/example_latest_only.py
[2024-11-02T20:22:43.590+0000] {processor.py:839} INFO - DAG(s) dict_keys(['latest_only']) retrieved from /home/airflow/.local/lib/python3.8/site-packages/airflow/example_dags/example_latest_only.py
[2024-11-02T20:22:43.969+0000] {logging_mixin.py:151} INFO - [2024-11-02T20:22:43.968+0000] {dag.py:2915} INFO - Sync 1 DAGs
[2024-11-02T20:22:44.238+0000] {logging_mixin.py:151} INFO - [2024-11-02T20:22:44.237+0000] {dag.py:3696} INFO - Setting next_dagrun for latest_only to 2024-11-02T16:22:44.237388+00:00, run_after=2024-11-02T20:22:44.237388+00:00
[2024-11-02T20:22:44.600+0000] {processor.py:179} INFO - Processing /home/airflow/.local/lib/python3.8/site-packages/airflow/example_dags/example_latest_only.py took 1.074 seconds
[2024-11-02T20:23:27.163+0000] {processor.py:157} INFO - Started process (PID=657) to work on /home/airflow/.local/lib/python3.8/site-packages/airflow/example_dags/example_latest_only.py
[2024-11-02T20:23:27.181+0000] {processor.py:829} INFO - Processing file /home/airflow/.local/lib/python3.8/site-packages/airflow/example_dags/example_latest_only.py for tasks to queue
[2024-11-02T20:23:27.206+0000] {logging_mixin.py:151} INFO - [2024-11-02T20:23:27.205+0000] {dagbag.py:539} INFO - Filling up the DagBag from /home/airflow/.local/lib/python3.8/site-packages/airflow/example_dags/example_latest_only.py
[2024-11-02T20:23:27.294+0000] {processor.py:839} INFO - DAG(s) dict_keys(['latest_only']) retrieved from /home/airflow/.local/lib/python3.8/site-packages/airflow/example_dags/example_latest_only.py
[2024-11-02T20:23:27.529+0000] {logging_mixin.py:151} INFO - [2024-11-02T20:23:27.529+0000] {dag.py:2915} INFO - Sync 1 DAGs
[2024-11-02T20:23:28.167+0000] {logging_mixin.py:151} INFO - [2024-11-02T20:23:28.167+0000] {dag.py:3696} INFO - Setting next_dagrun for latest_only to 2024-11-02T16:23:28.163444+00:00, run_after=2024-11-02T20:23:28.163444+00:00
[2024-11-02T20:23:28.409+0000] {processor.py:179} INFO - Processing /home/airflow/.local/lib/python3.8/site-packages/airflow/example_dags/example_latest_only.py took 1.338 seconds
[2024-11-02T20:24:28.317+0000] {processor.py:157} INFO - Started process (PID=718) to work on /home/airflow/.local/lib/python3.8/site-packages/airflow/example_dags/example_latest_only.py
[2024-11-02T20:24:28.326+0000] {processor.py:829} INFO - Processing file /home/airflow/.local/lib/python3.8/site-packages/airflow/example_dags/example_latest_only.py for tasks to queue
[2024-11-02T20:24:28.373+0000] {logging_mixin.py:151} INFO - [2024-11-02T20:24:28.372+0000] {dagbag.py:539} INFO - Filling up the DagBag from /home/airflow/.local/lib/python3.8/site-packages/airflow/example_dags/example_latest_only.py
[2024-11-02T20:24:28.442+0000] {processor.py:839} INFO - DAG(s) dict_keys(['latest_only']) retrieved from /home/airflow/.local/lib/python3.8/site-packages/airflow/example_dags/example_latest_only.py
[2024-11-02T20:24:28.792+0000] {logging_mixin.py:151} INFO - [2024-11-02T20:24:28.791+0000] {dag.py:2915} INFO - Sync 1 DAGs
[2024-11-02T20:24:29.125+0000] {logging_mixin.py:151} INFO - [2024-11-02T20:24:29.125+0000] {dag.py:3696} INFO - Setting next_dagrun for latest_only to 2024-11-02T16:24:29.124374+00:00, run_after=2024-11-02T20:24:29.124374+00:00
[2024-11-02T20:24:29.667+0000] {processor.py:179} INFO - Processing /home/airflow/.local/lib/python3.8/site-packages/airflow/example_dags/example_latest_only.py took 1.358 seconds
