[2024-11-02T20:11:49.238+0000] {processor.py:157} INFO - Started process (PID=54) to work on /home/airflow/.local/lib/python3.8/site-packages/airflow/example_dags/example_trigger_target_dag.py
[2024-11-02T20:11:49.258+0000] {processor.py:829} INFO - Processing file /home/airflow/.local/lib/python3.8/site-packages/airflow/example_dags/example_trigger_target_dag.py for tasks to queue
[2024-11-02T20:11:49.265+0000] {logging_mixin.py:151} INFO - [2024-11-02T20:11:49.265+0000] {dagbag.py:539} INFO - Filling up the DagBag from /home/airflow/.local/lib/python3.8/site-packages/airflow/example_dags/example_trigger_target_dag.py
[2024-11-02T20:11:49.497+0000] {processor.py:839} INFO - DAG(s) dict_keys(['example_trigger_target_dag']) retrieved from /home/airflow/.local/lib/python3.8/site-packages/airflow/example_dags/example_trigger_target_dag.py
[2024-11-02T20:11:49.840+0000] {logging_mixin.py:151} INFO - [2024-11-02T20:11:49.834+0000] {dag.py:2915} INFO - Sync 1 DAGs
[2024-11-02T20:11:50.177+0000] {logging_mixin.py:151} INFO - [2024-11-02T20:11:50.177+0000] {dag.py:3696} INFO - Setting next_dagrun for example_trigger_target_dag to None, run_after=None
[2024-11-02T20:11:50.521+0000] {processor.py:179} INFO - Processing /home/airflow/.local/lib/python3.8/site-packages/airflow/example_dags/example_trigger_target_dag.py took 1.373 seconds
[2024-11-02T20:14:14.868+0000] {processor.py:157} INFO - Started process (PID=49) to work on /home/airflow/.local/lib/python3.8/site-packages/airflow/example_dags/example_trigger_target_dag.py
[2024-11-02T20:14:14.912+0000] {processor.py:829} INFO - Processing file /home/airflow/.local/lib/python3.8/site-packages/airflow/example_dags/example_trigger_target_dag.py for tasks to queue
[2024-11-02T20:14:16.831+0000] {logging_mixin.py:151} INFO - [2024-11-02T20:14:16.831+0000] {dagbag.py:539} INFO - Filling up the DagBag from /home/airflow/.local/lib/python3.8/site-packages/airflow/example_dags/example_trigger_target_dag.py
[2024-11-02T20:14:16.867+0000] {processor.py:839} INFO - DAG(s) dict_keys(['example_trigger_target_dag']) retrieved from /home/airflow/.local/lib/python3.8/site-packages/airflow/example_dags/example_trigger_target_dag.py
[2024-11-02T20:14:17.021+0000] {logging_mixin.py:151} INFO - [2024-11-02T20:14:17.020+0000] {dag.py:2915} INFO - Sync 1 DAGs
[2024-11-02T20:14:17.251+0000] {logging_mixin.py:151} INFO - [2024-11-02T20:14:17.246+0000] {dag.py:3696} INFO - Setting next_dagrun for example_trigger_target_dag to None, run_after=None
[2024-11-02T20:14:18.143+0000] {processor.py:179} INFO - Processing /home/airflow/.local/lib/python3.8/site-packages/airflow/example_dags/example_trigger_target_dag.py took 3.425 seconds
[2024-11-02T20:15:06.117+0000] {processor.py:157} INFO - Started process (PID=111) to work on /home/airflow/.local/lib/python3.8/site-packages/airflow/example_dags/example_trigger_target_dag.py
[2024-11-02T20:15:06.134+0000] {processor.py:829} INFO - Processing file /home/airflow/.local/lib/python3.8/site-packages/airflow/example_dags/example_trigger_target_dag.py for tasks to queue
[2024-11-02T20:15:06.154+0000] {logging_mixin.py:151} INFO - [2024-11-02T20:15:06.153+0000] {dagbag.py:539} INFO - Filling up the DagBag from /home/airflow/.local/lib/python3.8/site-packages/airflow/example_dags/example_trigger_target_dag.py
[2024-11-02T20:15:06.203+0000] {processor.py:839} INFO - DAG(s) dict_keys(['example_trigger_target_dag']) retrieved from /home/airflow/.local/lib/python3.8/site-packages/airflow/example_dags/example_trigger_target_dag.py
[2024-11-02T20:15:06.452+0000] {logging_mixin.py:151} INFO - [2024-11-02T20:15:06.452+0000] {dag.py:2915} INFO - Sync 1 DAGs
[2024-11-02T20:15:06.484+0000] {logging_mixin.py:151} INFO - [2024-11-02T20:15:06.483+0000] {dag.py:3696} INFO - Setting next_dagrun for example_trigger_target_dag to None, run_after=None
[2024-11-02T20:15:06.529+0000] {processor.py:179} INFO - Processing /home/airflow/.local/lib/python3.8/site-packages/airflow/example_dags/example_trigger_target_dag.py took 0.457 seconds
[2024-11-02T20:15:45.008+0000] {processor.py:157} INFO - Started process (PID=148) to work on /home/airflow/.local/lib/python3.8/site-packages/airflow/example_dags/example_trigger_target_dag.py
[2024-11-02T20:15:45.049+0000] {processor.py:829} INFO - Processing file /home/airflow/.local/lib/python3.8/site-packages/airflow/example_dags/example_trigger_target_dag.py for tasks to queue
[2024-11-02T20:15:45.198+0000] {logging_mixin.py:151} INFO - [2024-11-02T20:15:45.174+0000] {dagbag.py:539} INFO - Filling up the DagBag from /home/airflow/.local/lib/python3.8/site-packages/airflow/example_dags/example_trigger_target_dag.py
[2024-11-02T20:15:45.366+0000] {processor.py:839} INFO - DAG(s) dict_keys(['example_trigger_target_dag']) retrieved from /home/airflow/.local/lib/python3.8/site-packages/airflow/example_dags/example_trigger_target_dag.py
[2024-11-02T20:15:45.826+0000] {logging_mixin.py:151} INFO - [2024-11-02T20:15:45.825+0000] {dag.py:2915} INFO - Sync 1 DAGs
[2024-11-02T20:15:46.146+0000] {logging_mixin.py:151} INFO - [2024-11-02T20:15:46.145+0000] {dag.py:3696} INFO - Setting next_dagrun for example_trigger_target_dag to None, run_after=None
[2024-11-02T20:15:46.381+0000] {processor.py:179} INFO - Processing /home/airflow/.local/lib/python3.8/site-packages/airflow/example_dags/example_trigger_target_dag.py took 1.501 seconds
[2024-11-02T20:16:26.436+0000] {processor.py:157} INFO - Started process (PID=203) to work on /home/airflow/.local/lib/python3.8/site-packages/airflow/example_dags/example_trigger_target_dag.py
[2024-11-02T20:16:26.441+0000] {processor.py:829} INFO - Processing file /home/airflow/.local/lib/python3.8/site-packages/airflow/example_dags/example_trigger_target_dag.py for tasks to queue
[2024-11-02T20:16:26.464+0000] {logging_mixin.py:151} INFO - [2024-11-02T20:16:26.463+0000] {dagbag.py:539} INFO - Filling up the DagBag from /home/airflow/.local/lib/python3.8/site-packages/airflow/example_dags/example_trigger_target_dag.py
[2024-11-02T20:16:26.508+0000] {processor.py:839} INFO - DAG(s) dict_keys(['example_trigger_target_dag']) retrieved from /home/airflow/.local/lib/python3.8/site-packages/airflow/example_dags/example_trigger_target_dag.py
[2024-11-02T20:16:26.628+0000] {logging_mixin.py:151} INFO - [2024-11-02T20:16:26.627+0000] {dag.py:2915} INFO - Sync 1 DAGs
[2024-11-02T20:16:26.787+0000] {logging_mixin.py:151} INFO - [2024-11-02T20:16:26.787+0000] {dag.py:3696} INFO - Setting next_dagrun for example_trigger_target_dag to None, run_after=None
[2024-11-02T20:16:27.111+0000] {processor.py:179} INFO - Processing /home/airflow/.local/lib/python3.8/site-packages/airflow/example_dags/example_trigger_target_dag.py took 0.717 seconds
[2024-11-02T20:17:04.713+0000] {processor.py:157} INFO - Started process (PID=244) to work on /home/airflow/.local/lib/python3.8/site-packages/airflow/example_dags/example_trigger_target_dag.py
[2024-11-02T20:17:04.754+0000] {processor.py:829} INFO - Processing file /home/airflow/.local/lib/python3.8/site-packages/airflow/example_dags/example_trigger_target_dag.py for tasks to queue
[2024-11-02T20:17:04.794+0000] {logging_mixin.py:151} INFO - [2024-11-02T20:17:04.779+0000] {dagbag.py:539} INFO - Filling up the DagBag from /home/airflow/.local/lib/python3.8/site-packages/airflow/example_dags/example_trigger_target_dag.py
[2024-11-02T20:17:04.914+0000] {processor.py:839} INFO - DAG(s) dict_keys(['example_trigger_target_dag']) retrieved from /home/airflow/.local/lib/python3.8/site-packages/airflow/example_dags/example_trigger_target_dag.py
[2024-11-02T20:17:05.468+0000] {logging_mixin.py:151} INFO - [2024-11-02T20:17:05.467+0000] {dag.py:2915} INFO - Sync 1 DAGs
[2024-11-02T20:17:05.580+0000] {logging_mixin.py:151} INFO - [2024-11-02T20:17:05.580+0000] {dag.py:3696} INFO - Setting next_dagrun for example_trigger_target_dag to None, run_after=None
[2024-11-02T20:17:05.945+0000] {processor.py:179} INFO - Processing /home/airflow/.local/lib/python3.8/site-packages/airflow/example_dags/example_trigger_target_dag.py took 1.319 seconds
[2024-11-02T20:17:45.765+0000] {processor.py:157} INFO - Started process (PID=284) to work on /home/airflow/.local/lib/python3.8/site-packages/airflow/example_dags/example_trigger_target_dag.py
[2024-11-02T20:17:45.776+0000] {processor.py:829} INFO - Processing file /home/airflow/.local/lib/python3.8/site-packages/airflow/example_dags/example_trigger_target_dag.py for tasks to queue
[2024-11-02T20:17:45.806+0000] {logging_mixin.py:151} INFO - [2024-11-02T20:17:45.794+0000] {dagbag.py:539} INFO - Filling up the DagBag from /home/airflow/.local/lib/python3.8/site-packages/airflow/example_dags/example_trigger_target_dag.py
[2024-11-02T20:17:45.863+0000] {processor.py:839} INFO - DAG(s) dict_keys(['example_trigger_target_dag']) retrieved from /home/airflow/.local/lib/python3.8/site-packages/airflow/example_dags/example_trigger_target_dag.py
[2024-11-02T20:17:46.201+0000] {logging_mixin.py:151} INFO - [2024-11-02T20:17:46.200+0000] {dag.py:2915} INFO - Sync 1 DAGs
[2024-11-02T20:17:46.438+0000] {logging_mixin.py:151} INFO - [2024-11-02T20:17:46.437+0000] {dag.py:3696} INFO - Setting next_dagrun for example_trigger_target_dag to None, run_after=None
[2024-11-02T20:17:46.609+0000] {processor.py:179} INFO - Processing /home/airflow/.local/lib/python3.8/site-packages/airflow/example_dags/example_trigger_target_dag.py took 0.871 seconds
[2024-11-02T20:18:34.633+0000] {processor.py:157} INFO - Started process (PID=339) to work on /home/airflow/.local/lib/python3.8/site-packages/airflow/example_dags/example_trigger_target_dag.py
[2024-11-02T20:18:34.638+0000] {processor.py:829} INFO - Processing file /home/airflow/.local/lib/python3.8/site-packages/airflow/example_dags/example_trigger_target_dag.py for tasks to queue
[2024-11-02T20:18:34.664+0000] {logging_mixin.py:151} INFO - [2024-11-02T20:18:34.664+0000] {dagbag.py:539} INFO - Filling up the DagBag from /home/airflow/.local/lib/python3.8/site-packages/airflow/example_dags/example_trigger_target_dag.py
[2024-11-02T20:18:34.766+0000] {processor.py:839} INFO - DAG(s) dict_keys(['example_trigger_target_dag']) retrieved from /home/airflow/.local/lib/python3.8/site-packages/airflow/example_dags/example_trigger_target_dag.py
[2024-11-02T20:18:35.183+0000] {logging_mixin.py:151} INFO - [2024-11-02T20:18:35.183+0000] {dag.py:2915} INFO - Sync 1 DAGs
[2024-11-02T20:18:35.385+0000] {logging_mixin.py:151} INFO - [2024-11-02T20:18:35.368+0000] {dag.py:3696} INFO - Setting next_dagrun for example_trigger_target_dag to None, run_after=None
[2024-11-02T20:18:35.816+0000] {processor.py:179} INFO - Processing /home/airflow/.local/lib/python3.8/site-packages/airflow/example_dags/example_trigger_target_dag.py took 1.204 seconds
[2024-11-02T20:19:16.004+0000] {processor.py:157} INFO - Started process (PID=389) to work on /home/airflow/.local/lib/python3.8/site-packages/airflow/example_dags/example_trigger_target_dag.py
[2024-11-02T20:19:16.016+0000] {processor.py:829} INFO - Processing file /home/airflow/.local/lib/python3.8/site-packages/airflow/example_dags/example_trigger_target_dag.py for tasks to queue
[2024-11-02T20:19:16.047+0000] {logging_mixin.py:151} INFO - [2024-11-02T20:19:16.045+0000] {dagbag.py:539} INFO - Filling up the DagBag from /home/airflow/.local/lib/python3.8/site-packages/airflow/example_dags/example_trigger_target_dag.py
[2024-11-02T20:19:16.135+0000] {processor.py:839} INFO - DAG(s) dict_keys(['example_trigger_target_dag']) retrieved from /home/airflow/.local/lib/python3.8/site-packages/airflow/example_dags/example_trigger_target_dag.py
[2024-11-02T20:19:16.426+0000] {logging_mixin.py:151} INFO - [2024-11-02T20:19:16.426+0000] {dag.py:2915} INFO - Sync 1 DAGs
[2024-11-02T20:19:16.615+0000] {logging_mixin.py:151} INFO - [2024-11-02T20:19:16.612+0000] {dag.py:3696} INFO - Setting next_dagrun for example_trigger_target_dag to None, run_after=None
[2024-11-02T20:19:16.899+0000] {processor.py:179} INFO - Processing /home/airflow/.local/lib/python3.8/site-packages/airflow/example_dags/example_trigger_target_dag.py took 0.962 seconds
[2024-11-02T20:20:02.222+0000] {processor.py:157} INFO - Started process (PID=441) to work on /home/airflow/.local/lib/python3.8/site-packages/airflow/example_dags/example_trigger_target_dag.py
[2024-11-02T20:20:02.257+0000] {processor.py:829} INFO - Processing file /home/airflow/.local/lib/python3.8/site-packages/airflow/example_dags/example_trigger_target_dag.py for tasks to queue
[2024-11-02T20:20:02.331+0000] {logging_mixin.py:151} INFO - [2024-11-02T20:20:02.330+0000] {dagbag.py:539} INFO - Filling up the DagBag from /home/airflow/.local/lib/python3.8/site-packages/airflow/example_dags/example_trigger_target_dag.py
[2024-11-02T20:20:02.448+0000] {processor.py:839} INFO - DAG(s) dict_keys(['example_trigger_target_dag']) retrieved from /home/airflow/.local/lib/python3.8/site-packages/airflow/example_dags/example_trigger_target_dag.py
[2024-11-02T20:20:03.208+0000] {logging_mixin.py:151} INFO - [2024-11-02T20:20:03.203+0000] {dag.py:2915} INFO - Sync 1 DAGs
[2024-11-02T20:20:03.484+0000] {logging_mixin.py:151} INFO - [2024-11-02T20:20:03.483+0000] {dag.py:3696} INFO - Setting next_dagrun for example_trigger_target_dag to None, run_after=None
[2024-11-02T20:20:03.948+0000] {processor.py:179} INFO - Processing /home/airflow/.local/lib/python3.8/site-packages/airflow/example_dags/example_trigger_target_dag.py took 1.962 seconds
[2024-11-02T20:20:51.157+0000] {processor.py:157} INFO - Started process (PID=487) to work on /home/airflow/.local/lib/python3.8/site-packages/airflow/example_dags/example_trigger_target_dag.py
[2024-11-02T20:20:51.163+0000] {processor.py:829} INFO - Processing file /home/airflow/.local/lib/python3.8/site-packages/airflow/example_dags/example_trigger_target_dag.py for tasks to queue
[2024-11-02T20:20:51.266+0000] {logging_mixin.py:151} INFO - [2024-11-02T20:20:51.236+0000] {dagbag.py:539} INFO - Filling up the DagBag from /home/airflow/.local/lib/python3.8/site-packages/airflow/example_dags/example_trigger_target_dag.py
[2024-11-02T20:20:51.397+0000] {processor.py:839} INFO - DAG(s) dict_keys(['example_trigger_target_dag']) retrieved from /home/airflow/.local/lib/python3.8/site-packages/airflow/example_dags/example_trigger_target_dag.py
[2024-11-02T20:20:51.751+0000] {logging_mixin.py:151} INFO - [2024-11-02T20:20:51.728+0000] {dag.py:2915} INFO - Sync 1 DAGs
[2024-11-02T20:20:51.991+0000] {logging_mixin.py:151} INFO - [2024-11-02T20:20:51.990+0000] {dag.py:3696} INFO - Setting next_dagrun for example_trigger_target_dag to None, run_after=None
[2024-11-02T20:20:52.268+0000] {processor.py:179} INFO - Processing /home/airflow/.local/lib/python3.8/site-packages/airflow/example_dags/example_trigger_target_dag.py took 1.209 seconds
[2024-11-02T20:21:40.338+0000] {processor.py:157} INFO - Started process (PID=546) to work on /home/airflow/.local/lib/python3.8/site-packages/airflow/example_dags/example_trigger_target_dag.py
[2024-11-02T20:21:40.342+0000] {processor.py:829} INFO - Processing file /home/airflow/.local/lib/python3.8/site-packages/airflow/example_dags/example_trigger_target_dag.py for tasks to queue
[2024-11-02T20:21:40.407+0000] {logging_mixin.py:151} INFO - [2024-11-02T20:21:40.397+0000] {dagbag.py:539} INFO - Filling up the DagBag from /home/airflow/.local/lib/python3.8/site-packages/airflow/example_dags/example_trigger_target_dag.py
[2024-11-02T20:21:40.598+0000] {processor.py:839} INFO - DAG(s) dict_keys(['example_trigger_target_dag']) retrieved from /home/airflow/.local/lib/python3.8/site-packages/airflow/example_dags/example_trigger_target_dag.py
[2024-11-02T20:21:41.074+0000] {logging_mixin.py:151} INFO - [2024-11-02T20:21:41.046+0000] {dag.py:2915} INFO - Sync 1 DAGs
[2024-11-02T20:21:41.384+0000] {logging_mixin.py:151} INFO - [2024-11-02T20:21:41.375+0000] {dag.py:3696} INFO - Setting next_dagrun for example_trigger_target_dag to None, run_after=None
[2024-11-02T20:21:41.829+0000] {processor.py:179} INFO - Processing /home/airflow/.local/lib/python3.8/site-packages/airflow/example_dags/example_trigger_target_dag.py took 1.584 seconds
[2024-11-02T20:22:23.604+0000] {processor.py:157} INFO - Started process (PID=589) to work on /home/airflow/.local/lib/python3.8/site-packages/airflow/example_dags/example_trigger_target_dag.py
[2024-11-02T20:22:23.614+0000] {processor.py:829} INFO - Processing file /home/airflow/.local/lib/python3.8/site-packages/airflow/example_dags/example_trigger_target_dag.py for tasks to queue
[2024-11-02T20:22:23.634+0000] {logging_mixin.py:151} INFO - [2024-11-02T20:22:23.633+0000] {dagbag.py:539} INFO - Filling up the DagBag from /home/airflow/.local/lib/python3.8/site-packages/airflow/example_dags/example_trigger_target_dag.py
[2024-11-02T20:22:23.712+0000] {processor.py:839} INFO - DAG(s) dict_keys(['example_trigger_target_dag']) retrieved from /home/airflow/.local/lib/python3.8/site-packages/airflow/example_dags/example_trigger_target_dag.py
[2024-11-02T20:22:24.224+0000] {logging_mixin.py:151} INFO - [2024-11-02T20:22:24.188+0000] {dag.py:2915} INFO - Sync 1 DAGs
[2024-11-02T20:22:24.710+0000] {logging_mixin.py:151} INFO - [2024-11-02T20:22:24.710+0000] {dag.py:3696} INFO - Setting next_dagrun for example_trigger_target_dag to None, run_after=None
[2024-11-02T20:22:25.279+0000] {processor.py:179} INFO - Processing /home/airflow/.local/lib/python3.8/site-packages/airflow/example_dags/example_trigger_target_dag.py took 1.715 seconds
[2024-11-02T20:23:11.569+0000] {processor.py:157} INFO - Started process (PID=641) to work on /home/airflow/.local/lib/python3.8/site-packages/airflow/example_dags/example_trigger_target_dag.py
[2024-11-02T20:23:11.576+0000] {processor.py:829} INFO - Processing file /home/airflow/.local/lib/python3.8/site-packages/airflow/example_dags/example_trigger_target_dag.py for tasks to queue
[2024-11-02T20:23:11.630+0000] {logging_mixin.py:151} INFO - [2024-11-02T20:23:11.626+0000] {dagbag.py:539} INFO - Filling up the DagBag from /home/airflow/.local/lib/python3.8/site-packages/airflow/example_dags/example_trigger_target_dag.py
[2024-11-02T20:23:11.752+0000] {processor.py:839} INFO - DAG(s) dict_keys(['example_trigger_target_dag']) retrieved from /home/airflow/.local/lib/python3.8/site-packages/airflow/example_dags/example_trigger_target_dag.py
[2024-11-02T20:23:12.345+0000] {logging_mixin.py:151} INFO - [2024-11-02T20:23:12.340+0000] {dag.py:2915} INFO - Sync 1 DAGs
[2024-11-02T20:23:12.775+0000] {logging_mixin.py:151} INFO - [2024-11-02T20:23:12.774+0000] {dag.py:3696} INFO - Setting next_dagrun for example_trigger_target_dag to None, run_after=None
[2024-11-02T20:23:13.150+0000] {processor.py:179} INFO - Processing /home/airflow/.local/lib/python3.8/site-packages/airflow/example_dags/example_trigger_target_dag.py took 1.674 seconds
[2024-11-02T20:23:56.398+0000] {processor.py:157} INFO - Started process (PID=689) to work on /home/airflow/.local/lib/python3.8/site-packages/airflow/example_dags/example_trigger_target_dag.py
[2024-11-02T20:23:56.401+0000] {processor.py:829} INFO - Processing file /home/airflow/.local/lib/python3.8/site-packages/airflow/example_dags/example_trigger_target_dag.py for tasks to queue
[2024-11-02T20:23:56.410+0000] {logging_mixin.py:151} INFO - [2024-11-02T20:23:56.409+0000] {dagbag.py:539} INFO - Filling up the DagBag from /home/airflow/.local/lib/python3.8/site-packages/airflow/example_dags/example_trigger_target_dag.py
[2024-11-02T20:23:56.430+0000] {processor.py:839} INFO - DAG(s) dict_keys(['example_trigger_target_dag']) retrieved from /home/airflow/.local/lib/python3.8/site-packages/airflow/example_dags/example_trigger_target_dag.py
[2024-11-02T20:23:56.595+0000] {logging_mixin.py:151} INFO - [2024-11-02T20:23:56.595+0000] {dag.py:2915} INFO - Sync 1 DAGs
[2024-11-02T20:23:56.761+0000] {logging_mixin.py:151} INFO - [2024-11-02T20:23:56.761+0000] {dag.py:3696} INFO - Setting next_dagrun for example_trigger_target_dag to None, run_after=None
[2024-11-02T20:23:57.030+0000] {processor.py:179} INFO - Processing /home/airflow/.local/lib/python3.8/site-packages/airflow/example_dags/example_trigger_target_dag.py took 0.697 seconds
