[2024-11-02T20:12:21.207+0000] {processor.py:157} INFO - Started process (PID=77) to work on /home/airflow/.local/lib/python3.8/site-packages/airflow/example_dags/example_xcomargs.py
[2024-11-02T20:12:21.219+0000] {processor.py:829} INFO - Processing file /home/airflow/.local/lib/python3.8/site-packages/airflow/example_dags/example_xcomargs.py for tasks to queue
[2024-11-02T20:12:21.263+0000] {logging_mixin.py:151} INFO - [2024-11-02T20:12:21.252+0000] {dagbag.py:539} INFO - Filling up the DagBag from /home/airflow/.local/lib/python3.8/site-packages/airflow/example_dags/example_xcomargs.py
[2024-11-02T20:12:21.440+0000] {processor.py:839} INFO - DAG(s) dict_keys(['example_xcom_args', 'example_xcom_args_with_operators']) retrieved from /home/airflow/.local/lib/python3.8/site-packages/airflow/example_dags/example_xcomargs.py
[2024-11-02T20:12:21.933+0000] {logging_mixin.py:151} INFO - [2024-11-02T20:12:21.932+0000] {dag.py:2915} INFO - Sync 2 DAGs
[2024-11-02T20:12:22.216+0000] {logging_mixin.py:151} INFO - [2024-11-02T20:12:22.215+0000] {dag.py:3696} INFO - Setting next_dagrun for example_xcom_args to None, run_after=None
[2024-11-02T20:12:22.265+0000] {logging_mixin.py:151} INFO - [2024-11-02T20:12:22.263+0000] {dag.py:3696} INFO - Setting next_dagrun for example_xcom_args_with_operators to None, run_after=None
[2024-11-02T20:12:22.603+0000] {processor.py:179} INFO - Processing /home/airflow/.local/lib/python3.8/site-packages/airflow/example_dags/example_xcomargs.py took 1.470 seconds
[2024-11-02T20:14:32.864+0000] {processor.py:157} INFO - Started process (PID=72) to work on /home/airflow/.local/lib/python3.8/site-packages/airflow/example_dags/example_xcomargs.py
[2024-11-02T20:14:32.874+0000] {processor.py:829} INFO - Processing file /home/airflow/.local/lib/python3.8/site-packages/airflow/example_dags/example_xcomargs.py for tasks to queue
[2024-11-02T20:14:32.924+0000] {logging_mixin.py:151} INFO - [2024-11-02T20:14:32.924+0000] {dagbag.py:539} INFO - Filling up the DagBag from /home/airflow/.local/lib/python3.8/site-packages/airflow/example_dags/example_xcomargs.py
[2024-11-02T20:14:33.118+0000] {processor.py:839} INFO - DAG(s) dict_keys(['example_xcom_args', 'example_xcom_args_with_operators']) retrieved from /home/airflow/.local/lib/python3.8/site-packages/airflow/example_dags/example_xcomargs.py
[2024-11-02T20:14:33.508+0000] {logging_mixin.py:151} INFO - [2024-11-02T20:14:33.508+0000] {dag.py:2915} INFO - Sync 2 DAGs
[2024-11-02T20:14:33.892+0000] {logging_mixin.py:151} INFO - [2024-11-02T20:14:33.892+0000] {dag.py:3696} INFO - Setting next_dagrun for example_xcom_args to None, run_after=None
[2024-11-02T20:14:33.984+0000] {logging_mixin.py:151} INFO - [2024-11-02T20:14:33.983+0000] {dag.py:3696} INFO - Setting next_dagrun for example_xcom_args_with_operators to None, run_after=None
[2024-11-02T20:14:34.277+0000] {processor.py:179} INFO - Processing /home/airflow/.local/lib/python3.8/site-packages/airflow/example_dags/example_xcomargs.py took 1.439 seconds
[2024-11-02T20:15:24.563+0000] {processor.py:157} INFO - Started process (PID=134) to work on /home/airflow/.local/lib/python3.8/site-packages/airflow/example_dags/example_xcomargs.py
[2024-11-02T20:15:24.642+0000] {processor.py:829} INFO - Processing file /home/airflow/.local/lib/python3.8/site-packages/airflow/example_dags/example_xcomargs.py for tasks to queue
[2024-11-02T20:15:24.650+0000] {logging_mixin.py:151} INFO - [2024-11-02T20:15:24.649+0000] {dagbag.py:539} INFO - Filling up the DagBag from /home/airflow/.local/lib/python3.8/site-packages/airflow/example_dags/example_xcomargs.py
[2024-11-02T20:15:24.681+0000] {processor.py:839} INFO - DAG(s) dict_keys(['example_xcom_args_with_operators', 'example_xcom_args']) retrieved from /home/airflow/.local/lib/python3.8/site-packages/airflow/example_dags/example_xcomargs.py
[2024-11-02T20:15:25.259+0000] {logging_mixin.py:151} INFO - [2024-11-02T20:15:25.259+0000] {dag.py:2915} INFO - Sync 2 DAGs
[2024-11-02T20:15:25.642+0000] {logging_mixin.py:151} INFO - [2024-11-02T20:15:25.642+0000] {dag.py:3696} INFO - Setting next_dagrun for example_xcom_args to None, run_after=None
[2024-11-02T20:15:25.728+0000] {logging_mixin.py:151} INFO - [2024-11-02T20:15:25.726+0000] {dag.py:3696} INFO - Setting next_dagrun for example_xcom_args_with_operators to None, run_after=None
[2024-11-02T20:15:26.109+0000] {processor.py:179} INFO - Processing /home/airflow/.local/lib/python3.8/site-packages/airflow/example_dags/example_xcomargs.py took 1.581 seconds
[2024-11-02T20:16:14.962+0000] {processor.py:157} INFO - Started process (PID=187) to work on /home/airflow/.local/lib/python3.8/site-packages/airflow/example_dags/example_xcomargs.py
[2024-11-02T20:16:14.972+0000] {processor.py:829} INFO - Processing file /home/airflow/.local/lib/python3.8/site-packages/airflow/example_dags/example_xcomargs.py for tasks to queue
[2024-11-02T20:16:15.055+0000] {logging_mixin.py:151} INFO - [2024-11-02T20:16:15.044+0000] {dagbag.py:539} INFO - Filling up the DagBag from /home/airflow/.local/lib/python3.8/site-packages/airflow/example_dags/example_xcomargs.py
[2024-11-02T20:16:15.197+0000] {processor.py:839} INFO - DAG(s) dict_keys(['example_xcom_args_with_operators', 'example_xcom_args']) retrieved from /home/airflow/.local/lib/python3.8/site-packages/airflow/example_dags/example_xcomargs.py
[2024-11-02T20:16:15.946+0000] {logging_mixin.py:151} INFO - [2024-11-02T20:16:15.945+0000] {dag.py:2915} INFO - Sync 2 DAGs
[2024-11-02T20:16:16.276+0000] {logging_mixin.py:151} INFO - [2024-11-02T20:16:16.244+0000] {dag.py:3696} INFO - Setting next_dagrun for example_xcom_args to None, run_after=None
[2024-11-02T20:16:16.372+0000] {logging_mixin.py:151} INFO - [2024-11-02T20:16:16.372+0000] {dag.py:3696} INFO - Setting next_dagrun for example_xcom_args_with_operators to None, run_after=None
[2024-11-02T20:16:16.810+0000] {processor.py:179} INFO - Processing /home/airflow/.local/lib/python3.8/site-packages/airflow/example_dags/example_xcomargs.py took 1.967 seconds
[2024-11-02T20:17:15.183+0000] {processor.py:157} INFO - Started process (PID=255) to work on /home/airflow/.local/lib/python3.8/site-packages/airflow/example_dags/example_xcomargs.py
[2024-11-02T20:17:15.195+0000] {processor.py:829} INFO - Processing file /home/airflow/.local/lib/python3.8/site-packages/airflow/example_dags/example_xcomargs.py for tasks to queue
[2024-11-02T20:17:15.230+0000] {logging_mixin.py:151} INFO - [2024-11-02T20:17:15.229+0000] {dagbag.py:539} INFO - Filling up the DagBag from /home/airflow/.local/lib/python3.8/site-packages/airflow/example_dags/example_xcomargs.py
[2024-11-02T20:17:15.395+0000] {processor.py:839} INFO - DAG(s) dict_keys(['example_xcom_args_with_operators', 'example_xcom_args']) retrieved from /home/airflow/.local/lib/python3.8/site-packages/airflow/example_dags/example_xcomargs.py
[2024-11-02T20:17:15.797+0000] {logging_mixin.py:151} INFO - [2024-11-02T20:17:15.791+0000] {dag.py:2915} INFO - Sync 2 DAGs
[2024-11-02T20:17:16.131+0000] {logging_mixin.py:151} INFO - [2024-11-02T20:17:16.119+0000] {dag.py:3696} INFO - Setting next_dagrun for example_xcom_args to None, run_after=None
[2024-11-02T20:17:16.203+0000] {logging_mixin.py:151} INFO - [2024-11-02T20:17:16.203+0000] {dag.py:3696} INFO - Setting next_dagrun for example_xcom_args_with_operators to None, run_after=None
[2024-11-02T20:17:16.533+0000] {processor.py:179} INFO - Processing /home/airflow/.local/lib/python3.8/site-packages/airflow/example_dags/example_xcomargs.py took 1.407 seconds
[2024-11-02T20:18:17.179+0000] {processor.py:157} INFO - Started process (PID=320) to work on /home/airflow/.local/lib/python3.8/site-packages/airflow/example_dags/example_xcomargs.py
[2024-11-02T20:18:17.224+0000] {processor.py:829} INFO - Processing file /home/airflow/.local/lib/python3.8/site-packages/airflow/example_dags/example_xcomargs.py for tasks to queue
[2024-11-02T20:18:17.274+0000] {logging_mixin.py:151} INFO - [2024-11-02T20:18:17.273+0000] {dagbag.py:539} INFO - Filling up the DagBag from /home/airflow/.local/lib/python3.8/site-packages/airflow/example_dags/example_xcomargs.py
[2024-11-02T20:18:17.459+0000] {processor.py:839} INFO - DAG(s) dict_keys(['example_xcom_args_with_operators', 'example_xcom_args']) retrieved from /home/airflow/.local/lib/python3.8/site-packages/airflow/example_dags/example_xcomargs.py
[2024-11-02T20:18:17.949+0000] {logging_mixin.py:151} INFO - [2024-11-02T20:18:17.949+0000] {dag.py:2915} INFO - Sync 2 DAGs
[2024-11-02T20:18:18.169+0000] {logging_mixin.py:151} INFO - [2024-11-02T20:18:18.168+0000] {dag.py:3696} INFO - Setting next_dagrun for example_xcom_args to None, run_after=None
[2024-11-02T20:18:18.243+0000] {logging_mixin.py:151} INFO - [2024-11-02T20:18:18.242+0000] {dag.py:3696} INFO - Setting next_dagrun for example_xcom_args_with_operators to None, run_after=None
[2024-11-02T20:18:18.794+0000] {processor.py:179} INFO - Processing /home/airflow/.local/lib/python3.8/site-packages/airflow/example_dags/example_xcomargs.py took 1.717 seconds
[2024-11-02T20:19:02.765+0000] {processor.py:157} INFO - Started process (PID=371) to work on /home/airflow/.local/lib/python3.8/site-packages/airflow/example_dags/example_xcomargs.py
[2024-11-02T20:19:02.787+0000] {processor.py:829} INFO - Processing file /home/airflow/.local/lib/python3.8/site-packages/airflow/example_dags/example_xcomargs.py for tasks to queue
[2024-11-02T20:19:02.803+0000] {logging_mixin.py:151} INFO - [2024-11-02T20:19:02.803+0000] {dagbag.py:539} INFO - Filling up the DagBag from /home/airflow/.local/lib/python3.8/site-packages/airflow/example_dags/example_xcomargs.py
[2024-11-02T20:19:02.896+0000] {processor.py:839} INFO - DAG(s) dict_keys(['example_xcom_args_with_operators', 'example_xcom_args']) retrieved from /home/airflow/.local/lib/python3.8/site-packages/airflow/example_dags/example_xcomargs.py
[2024-11-02T20:19:03.377+0000] {logging_mixin.py:151} INFO - [2024-11-02T20:19:03.377+0000] {dag.py:2915} INFO - Sync 2 DAGs
[2024-11-02T20:19:03.588+0000] {logging_mixin.py:151} INFO - [2024-11-02T20:19:03.588+0000] {dag.py:3696} INFO - Setting next_dagrun for example_xcom_args to None, run_after=None
[2024-11-02T20:19:03.627+0000] {logging_mixin.py:151} INFO - [2024-11-02T20:19:03.627+0000] {dag.py:3696} INFO - Setting next_dagrun for example_xcom_args_with_operators to None, run_after=None
[2024-11-02T20:19:03.978+0000] {processor.py:179} INFO - Processing /home/airflow/.local/lib/python3.8/site-packages/airflow/example_dags/example_xcomargs.py took 1.282 seconds
[2024-11-02T20:19:48.868+0000] {processor.py:157} INFO - Started process (PID=425) to work on /home/airflow/.local/lib/python3.8/site-packages/airflow/example_dags/example_xcomargs.py
[2024-11-02T20:19:48.914+0000] {processor.py:829} INFO - Processing file /home/airflow/.local/lib/python3.8/site-packages/airflow/example_dags/example_xcomargs.py for tasks to queue
[2024-11-02T20:19:48.958+0000] {logging_mixin.py:151} INFO - [2024-11-02T20:19:48.957+0000] {dagbag.py:539} INFO - Filling up the DagBag from /home/airflow/.local/lib/python3.8/site-packages/airflow/example_dags/example_xcomargs.py
[2024-11-02T20:19:49.096+0000] {processor.py:839} INFO - DAG(s) dict_keys(['example_xcom_args_with_operators', 'example_xcom_args']) retrieved from /home/airflow/.local/lib/python3.8/site-packages/airflow/example_dags/example_xcomargs.py
[2024-11-02T20:19:49.460+0000] {logging_mixin.py:151} INFO - [2024-11-02T20:19:49.460+0000] {dag.py:2915} INFO - Sync 2 DAGs
[2024-11-02T20:19:49.618+0000] {logging_mixin.py:151} INFO - [2024-11-02T20:19:49.612+0000] {dag.py:3696} INFO - Setting next_dagrun for example_xcom_args to None, run_after=None
[2024-11-02T20:19:49.673+0000] {logging_mixin.py:151} INFO - [2024-11-02T20:19:49.673+0000] {dag.py:3696} INFO - Setting next_dagrun for example_xcom_args_with_operators to None, run_after=None
[2024-11-02T20:19:49.957+0000] {processor.py:179} INFO - Processing /home/airflow/.local/lib/python3.8/site-packages/airflow/example_dags/example_xcomargs.py took 1.150 seconds
[2024-11-02T20:21:01.702+0000] {processor.py:157} INFO - Started process (PID=495) to work on /home/airflow/.local/lib/python3.8/site-packages/airflow/example_dags/example_xcomargs.py
[2024-11-02T20:21:01.710+0000] {processor.py:829} INFO - Processing file /home/airflow/.local/lib/python3.8/site-packages/airflow/example_dags/example_xcomargs.py for tasks to queue
[2024-11-02T20:21:01.759+0000] {logging_mixin.py:151} INFO - [2024-11-02T20:21:01.755+0000] {dagbag.py:539} INFO - Filling up the DagBag from /home/airflow/.local/lib/python3.8/site-packages/airflow/example_dags/example_xcomargs.py
[2024-11-02T20:21:01.829+0000] {processor.py:839} INFO - DAG(s) dict_keys(['example_xcom_args_with_operators', 'example_xcom_args']) retrieved from /home/airflow/.local/lib/python3.8/site-packages/airflow/example_dags/example_xcomargs.py
[2024-11-02T20:21:02.382+0000] {logging_mixin.py:151} INFO - [2024-11-02T20:21:02.381+0000] {dag.py:2915} INFO - Sync 2 DAGs
[2024-11-02T20:21:02.557+0000] {logging_mixin.py:151} INFO - [2024-11-02T20:21:02.556+0000] {dag.py:3696} INFO - Setting next_dagrun for example_xcom_args to None, run_after=None
[2024-11-02T20:21:02.593+0000] {logging_mixin.py:151} INFO - [2024-11-02T20:21:02.593+0000] {dag.py:3696} INFO - Setting next_dagrun for example_xcom_args_with_operators to None, run_after=None
[2024-11-02T20:21:03.103+0000] {processor.py:179} INFO - Processing /home/airflow/.local/lib/python3.8/site-packages/airflow/example_dags/example_xcomargs.py took 1.515 seconds
[2024-11-02T20:22:04.850+0000] {processor.py:157} INFO - Started process (PID=564) to work on /home/airflow/.local/lib/python3.8/site-packages/airflow/example_dags/example_xcomargs.py
[2024-11-02T20:22:04.896+0000] {processor.py:829} INFO - Processing file /home/airflow/.local/lib/python3.8/site-packages/airflow/example_dags/example_xcomargs.py for tasks to queue
[2024-11-02T20:22:04.928+0000] {logging_mixin.py:151} INFO - [2024-11-02T20:22:04.927+0000] {dagbag.py:539} INFO - Filling up the DagBag from /home/airflow/.local/lib/python3.8/site-packages/airflow/example_dags/example_xcomargs.py
[2024-11-02T20:22:05.081+0000] {processor.py:839} INFO - DAG(s) dict_keys(['example_xcom_args_with_operators', 'example_xcom_args']) retrieved from /home/airflow/.local/lib/python3.8/site-packages/airflow/example_dags/example_xcomargs.py
[2024-11-02T20:22:05.796+0000] {logging_mixin.py:151} INFO - [2024-11-02T20:22:05.796+0000] {dag.py:2915} INFO - Sync 2 DAGs
[2024-11-02T20:22:06.135+0000] {logging_mixin.py:151} INFO - [2024-11-02T20:22:06.135+0000] {dag.py:3696} INFO - Setting next_dagrun for example_xcom_args to None, run_after=None
[2024-11-02T20:22:06.231+0000] {logging_mixin.py:151} INFO - [2024-11-02T20:22:06.231+0000] {dag.py:3696} INFO - Setting next_dagrun for example_xcom_args_with_operators to None, run_after=None
[2024-11-02T20:22:06.769+0000] {processor.py:179} INFO - Processing /home/airflow/.local/lib/python3.8/site-packages/airflow/example_dags/example_xcomargs.py took 2.021 seconds
[2024-11-02T20:22:53.039+0000] {processor.py:157} INFO - Started process (PID=624) to work on /home/airflow/.local/lib/python3.8/site-packages/airflow/example_dags/example_xcomargs.py
[2024-11-02T20:22:53.049+0000] {processor.py:829} INFO - Processing file /home/airflow/.local/lib/python3.8/site-packages/airflow/example_dags/example_xcomargs.py for tasks to queue
[2024-11-02T20:22:53.140+0000] {logging_mixin.py:151} INFO - [2024-11-02T20:22:53.139+0000] {dagbag.py:539} INFO - Filling up the DagBag from /home/airflow/.local/lib/python3.8/site-packages/airflow/example_dags/example_xcomargs.py
[2024-11-02T20:22:53.442+0000] {processor.py:839} INFO - DAG(s) dict_keys(['example_xcom_args_with_operators', 'example_xcom_args']) retrieved from /home/airflow/.local/lib/python3.8/site-packages/airflow/example_dags/example_xcomargs.py
[2024-11-02T20:22:54.160+0000] {logging_mixin.py:151} INFO - [2024-11-02T20:22:54.160+0000] {dag.py:2915} INFO - Sync 2 DAGs
[2024-11-02T20:22:54.523+0000] {logging_mixin.py:151} INFO - [2024-11-02T20:22:54.523+0000] {dag.py:3696} INFO - Setting next_dagrun for example_xcom_args to None, run_after=None
[2024-11-02T20:22:54.543+0000] {logging_mixin.py:151} INFO - [2024-11-02T20:22:54.542+0000] {dag.py:3696} INFO - Setting next_dagrun for example_xcom_args_with_operators to None, run_after=None
[2024-11-02T20:22:55.031+0000] {processor.py:179} INFO - Processing /home/airflow/.local/lib/python3.8/site-packages/airflow/example_dags/example_xcomargs.py took 2.086 seconds
[2024-11-02T20:24:03.997+0000] {processor.py:157} INFO - Started process (PID=693) to work on /home/airflow/.local/lib/python3.8/site-packages/airflow/example_dags/example_xcomargs.py
[2024-11-02T20:24:04.013+0000] {processor.py:829} INFO - Processing file /home/airflow/.local/lib/python3.8/site-packages/airflow/example_dags/example_xcomargs.py for tasks to queue
[2024-11-02T20:24:04.065+0000] {logging_mixin.py:151} INFO - [2024-11-02T20:24:04.064+0000] {dagbag.py:539} INFO - Filling up the DagBag from /home/airflow/.local/lib/python3.8/site-packages/airflow/example_dags/example_xcomargs.py
[2024-11-02T20:24:04.282+0000] {processor.py:839} INFO - DAG(s) dict_keys(['example_xcom_args_with_operators', 'example_xcom_args']) retrieved from /home/airflow/.local/lib/python3.8/site-packages/airflow/example_dags/example_xcomargs.py
[2024-11-02T20:24:04.921+0000] {logging_mixin.py:151} INFO - [2024-11-02T20:24:04.921+0000] {dag.py:2915} INFO - Sync 2 DAGs
[2024-11-02T20:24:05.179+0000] {logging_mixin.py:151} INFO - [2024-11-02T20:24:05.175+0000] {dag.py:3696} INFO - Setting next_dagrun for example_xcom_args to None, run_after=None
[2024-11-02T20:24:05.315+0000] {logging_mixin.py:151} INFO - [2024-11-02T20:24:05.306+0000] {dag.py:3696} INFO - Setting next_dagrun for example_xcom_args_with_operators to None, run_after=None
[2024-11-02T20:24:05.575+0000] {processor.py:179} INFO - Processing /home/airflow/.local/lib/python3.8/site-packages/airflow/example_dags/example_xcomargs.py took 1.747 seconds
