[2024-11-02T20:12:34.704+0000] {processor.py:157} INFO - Started process (PID=89) to work on /home/airflow/.local/lib/python3.8/site-packages/airflow/example_dags/example_branch_operator_decorator.py
[2024-11-02T20:12:34.720+0000] {processor.py:829} INFO - Processing file /home/airflow/.local/lib/python3.8/site-packages/airflow/example_dags/example_branch_operator_decorator.py for tasks to queue
[2024-11-02T20:12:34.753+0000] {logging_mixin.py:151} INFO - [2024-11-02T20:12:34.752+0000] {dagbag.py:539} INFO - Filling up the DagBag from /home/airflow/.local/lib/python3.8/site-packages/airflow/example_dags/example_branch_operator_decorator.py
[2024-11-02T20:12:34.957+0000] {processor.py:839} INFO - DAG(s) dict_keys(['example_branch_python_operator_decorator']) retrieved from /home/airflow/.local/lib/python3.8/site-packages/airflow/example_dags/example_branch_operator_decorator.py
[2024-11-02T20:12:35.256+0000] {logging_mixin.py:151} INFO - [2024-11-02T20:12:35.255+0000] {dag.py:2915} INFO - Sync 1 DAGs
[2024-11-02T20:12:35.494+0000] {logging_mixin.py:151} INFO - [2024-11-02T20:12:35.494+0000] {dag.py:3696} INFO - Setting next_dagrun for example_branch_python_operator_decorator to 2024-11-01T00:00:00+00:00, run_after=2024-11-02T00:00:00+00:00
[2024-11-02T20:12:35.697+0000] {processor.py:179} INFO - Processing /home/airflow/.local/lib/python3.8/site-packages/airflow/example_dags/example_branch_operator_decorator.py took 1.066 seconds
[2024-11-02T20:14:46.618+0000] {processor.py:157} INFO - Started process (PID=84) to work on /home/airflow/.local/lib/python3.8/site-packages/airflow/example_dags/example_branch_operator_decorator.py
[2024-11-02T20:14:46.657+0000] {processor.py:829} INFO - Processing file /home/airflow/.local/lib/python3.8/site-packages/airflow/example_dags/example_branch_operator_decorator.py for tasks to queue
[2024-11-02T20:14:46.730+0000] {logging_mixin.py:151} INFO - [2024-11-02T20:14:46.729+0000] {dagbag.py:539} INFO - Filling up the DagBag from /home/airflow/.local/lib/python3.8/site-packages/airflow/example_dags/example_branch_operator_decorator.py
[2024-11-02T20:14:47.022+0000] {processor.py:839} INFO - DAG(s) dict_keys(['example_branch_python_operator_decorator']) retrieved from /home/airflow/.local/lib/python3.8/site-packages/airflow/example_dags/example_branch_operator_decorator.py
[2024-11-02T20:14:47.444+0000] {logging_mixin.py:151} INFO - [2024-11-02T20:14:47.444+0000] {dag.py:2915} INFO - Sync 1 DAGs
[2024-11-02T20:14:47.837+0000] {logging_mixin.py:151} INFO - [2024-11-02T20:14:47.835+0000] {dag.py:3696} INFO - Setting next_dagrun for example_branch_python_operator_decorator to 2024-11-01T00:00:00+00:00, run_after=2024-11-02T00:00:00+00:00
[2024-11-02T20:14:48.159+0000] {processor.py:179} INFO - Processing /home/airflow/.local/lib/python3.8/site-packages/airflow/example_dags/example_branch_operator_decorator.py took 1.640 seconds
[2024-11-02T20:15:49.557+0000] {processor.py:157} INFO - Started process (PID=152) to work on /home/airflow/.local/lib/python3.8/site-packages/airflow/example_dags/example_branch_operator_decorator.py
[2024-11-02T20:15:49.610+0000] {processor.py:829} INFO - Processing file /home/airflow/.local/lib/python3.8/site-packages/airflow/example_dags/example_branch_operator_decorator.py for tasks to queue
[2024-11-02T20:15:49.673+0000] {logging_mixin.py:151} INFO - [2024-11-02T20:15:49.672+0000] {dagbag.py:539} INFO - Filling up the DagBag from /home/airflow/.local/lib/python3.8/site-packages/airflow/example_dags/example_branch_operator_decorator.py
[2024-11-02T20:15:49.873+0000] {processor.py:839} INFO - DAG(s) dict_keys(['example_branch_python_operator_decorator']) retrieved from /home/airflow/.local/lib/python3.8/site-packages/airflow/example_dags/example_branch_operator_decorator.py
[2024-11-02T20:15:50.286+0000] {logging_mixin.py:151} INFO - [2024-11-02T20:15:50.274+0000] {dag.py:2915} INFO - Sync 1 DAGs
[2024-11-02T20:15:50.642+0000] {logging_mixin.py:151} INFO - [2024-11-02T20:15:50.641+0000] {dag.py:3696} INFO - Setting next_dagrun for example_branch_python_operator_decorator to 2024-11-01T00:00:00+00:00, run_after=2024-11-02T00:00:00+00:00
[2024-11-02T20:15:50.840+0000] {processor.py:179} INFO - Processing /home/airflow/.local/lib/python3.8/site-packages/airflow/example_dags/example_branch_operator_decorator.py took 1.382 seconds
[2024-11-02T20:16:45.658+0000] {processor.py:157} INFO - Started process (PID=219) to work on /home/airflow/.local/lib/python3.8/site-packages/airflow/example_dags/example_branch_operator_decorator.py
[2024-11-02T20:16:45.712+0000] {processor.py:829} INFO - Processing file /home/airflow/.local/lib/python3.8/site-packages/airflow/example_dags/example_branch_operator_decorator.py for tasks to queue
[2024-11-02T20:16:45.769+0000] {logging_mixin.py:151} INFO - [2024-11-02T20:16:45.756+0000] {dagbag.py:539} INFO - Filling up the DagBag from /home/airflow/.local/lib/python3.8/site-packages/airflow/example_dags/example_branch_operator_decorator.py
[2024-11-02T20:16:46.250+0000] {processor.py:839} INFO - DAG(s) dict_keys(['example_branch_python_operator_decorator']) retrieved from /home/airflow/.local/lib/python3.8/site-packages/airflow/example_dags/example_branch_operator_decorator.py
[2024-11-02T20:16:47.092+0000] {logging_mixin.py:151} INFO - [2024-11-02T20:16:47.092+0000] {dag.py:2915} INFO - Sync 1 DAGs
[2024-11-02T20:16:47.539+0000] {logging_mixin.py:151} INFO - [2024-11-02T20:16:47.538+0000] {dag.py:3696} INFO - Setting next_dagrun for example_branch_python_operator_decorator to 2024-11-01T00:00:00+00:00, run_after=2024-11-02T00:00:00+00:00
[2024-11-02T20:16:47.807+0000] {processor.py:179} INFO - Processing /home/airflow/.local/lib/python3.8/site-packages/airflow/example_dags/example_branch_operator_decorator.py took 2.270 seconds
[2024-11-02T20:17:51.218+0000] {processor.py:157} INFO - Started process (PID=290) to work on /home/airflow/.local/lib/python3.8/site-packages/airflow/example_dags/example_branch_operator_decorator.py
[2024-11-02T20:17:51.229+0000] {processor.py:829} INFO - Processing file /home/airflow/.local/lib/python3.8/site-packages/airflow/example_dags/example_branch_operator_decorator.py for tasks to queue
[2024-11-02T20:17:51.266+0000] {logging_mixin.py:151} INFO - [2024-11-02T20:17:51.265+0000] {dagbag.py:539} INFO - Filling up the DagBag from /home/airflow/.local/lib/python3.8/site-packages/airflow/example_dags/example_branch_operator_decorator.py
[2024-11-02T20:17:51.444+0000] {processor.py:839} INFO - DAG(s) dict_keys(['example_branch_python_operator_decorator']) retrieved from /home/airflow/.local/lib/python3.8/site-packages/airflow/example_dags/example_branch_operator_decorator.py
[2024-11-02T20:17:51.961+0000] {logging_mixin.py:151} INFO - [2024-11-02T20:17:51.961+0000] {dag.py:2915} INFO - Sync 1 DAGs
[2024-11-02T20:17:52.494+0000] {logging_mixin.py:151} INFO - [2024-11-02T20:17:52.479+0000] {dag.py:3696} INFO - Setting next_dagrun for example_branch_python_operator_decorator to 2024-11-01T00:00:00+00:00, run_after=2024-11-02T00:00:00+00:00
[2024-11-02T20:17:53.130+0000] {processor.py:179} INFO - Processing /home/airflow/.local/lib/python3.8/site-packages/airflow/example_dags/example_branch_operator_decorator.py took 1.973 seconds
[2024-11-02T20:18:49.295+0000] {processor.py:157} INFO - Started process (PID=351) to work on /home/airflow/.local/lib/python3.8/site-packages/airflow/example_dags/example_branch_operator_decorator.py
[2024-11-02T20:18:49.301+0000] {processor.py:829} INFO - Processing file /home/airflow/.local/lib/python3.8/site-packages/airflow/example_dags/example_branch_operator_decorator.py for tasks to queue
[2024-11-02T20:18:49.345+0000] {logging_mixin.py:151} INFO - [2024-11-02T20:18:49.330+0000] {dagbag.py:539} INFO - Filling up the DagBag from /home/airflow/.local/lib/python3.8/site-packages/airflow/example_dags/example_branch_operator_decorator.py
[2024-11-02T20:18:49.441+0000] {processor.py:839} INFO - DAG(s) dict_keys(['example_branch_python_operator_decorator']) retrieved from /home/airflow/.local/lib/python3.8/site-packages/airflow/example_dags/example_branch_operator_decorator.py
[2024-11-02T20:18:49.863+0000] {logging_mixin.py:151} INFO - [2024-11-02T20:18:49.863+0000] {dag.py:2915} INFO - Sync 1 DAGs
[2024-11-02T20:18:50.396+0000] {logging_mixin.py:151} INFO - [2024-11-02T20:18:50.395+0000] {dag.py:3696} INFO - Setting next_dagrun for example_branch_python_operator_decorator to 2024-11-01T00:00:00+00:00, run_after=2024-11-02T00:00:00+00:00
[2024-11-02T20:18:50.731+0000] {processor.py:179} INFO - Processing /home/airflow/.local/lib/python3.8/site-packages/airflow/example_dags/example_branch_operator_decorator.py took 1.497 seconds
[2024-11-02T20:19:39.163+0000] {processor.py:157} INFO - Started process (PID=414) to work on /home/airflow/.local/lib/python3.8/site-packages/airflow/example_dags/example_branch_operator_decorator.py
[2024-11-02T20:19:39.183+0000] {processor.py:829} INFO - Processing file /home/airflow/.local/lib/python3.8/site-packages/airflow/example_dags/example_branch_operator_decorator.py for tasks to queue
[2024-11-02T20:19:39.202+0000] {logging_mixin.py:151} INFO - [2024-11-02T20:19:39.202+0000] {dagbag.py:539} INFO - Filling up the DagBag from /home/airflow/.local/lib/python3.8/site-packages/airflow/example_dags/example_branch_operator_decorator.py
[2024-11-02T20:19:39.318+0000] {processor.py:839} INFO - DAG(s) dict_keys(['example_branch_python_operator_decorator']) retrieved from /home/airflow/.local/lib/python3.8/site-packages/airflow/example_dags/example_branch_operator_decorator.py
[2024-11-02T20:19:39.667+0000] {logging_mixin.py:151} INFO - [2024-11-02T20:19:39.667+0000] {dag.py:2915} INFO - Sync 1 DAGs
[2024-11-02T20:19:40.516+0000] {logging_mixin.py:151} INFO - [2024-11-02T20:19:40.515+0000] {dag.py:3696} INFO - Setting next_dagrun for example_branch_python_operator_decorator to 2024-11-01T00:00:00+00:00, run_after=2024-11-02T00:00:00+00:00
[2024-11-02T20:19:41.083+0000] {processor.py:179} INFO - Processing /home/airflow/.local/lib/python3.8/site-packages/airflow/example_dags/example_branch_operator_decorator.py took 1.965 seconds
[2024-11-02T20:20:37.465+0000] {processor.py:157} INFO - Started process (PID=478) to work on /home/airflow/.local/lib/python3.8/site-packages/airflow/example_dags/example_branch_operator_decorator.py
[2024-11-02T20:20:37.493+0000] {processor.py:829} INFO - Processing file /home/airflow/.local/lib/python3.8/site-packages/airflow/example_dags/example_branch_operator_decorator.py for tasks to queue
[2024-11-02T20:20:37.561+0000] {logging_mixin.py:151} INFO - [2024-11-02T20:20:37.556+0000] {dagbag.py:539} INFO - Filling up the DagBag from /home/airflow/.local/lib/python3.8/site-packages/airflow/example_dags/example_branch_operator_decorator.py
[2024-11-02T20:20:37.926+0000] {processor.py:839} INFO - DAG(s) dict_keys(['example_branch_python_operator_decorator']) retrieved from /home/airflow/.local/lib/python3.8/site-packages/airflow/example_dags/example_branch_operator_decorator.py
[2024-11-02T20:20:38.227+0000] {logging_mixin.py:151} INFO - [2024-11-02T20:20:38.226+0000] {dag.py:2915} INFO - Sync 1 DAGs
[2024-11-02T20:20:38.492+0000] {logging_mixin.py:151} INFO - [2024-11-02T20:20:38.491+0000] {dag.py:3696} INFO - Setting next_dagrun for example_branch_python_operator_decorator to 2024-11-01T00:00:00+00:00, run_after=2024-11-02T00:00:00+00:00
[2024-11-02T20:20:38.831+0000] {processor.py:179} INFO - Processing /home/airflow/.local/lib/python3.8/site-packages/airflow/example_dags/example_branch_operator_decorator.py took 1.590 seconds
[2024-11-02T20:21:27.337+0000] {processor.py:157} INFO - Started process (PID=530) to work on /home/airflow/.local/lib/python3.8/site-packages/airflow/example_dags/example_branch_operator_decorator.py
[2024-11-02T20:21:27.351+0000] {processor.py:829} INFO - Processing file /home/airflow/.local/lib/python3.8/site-packages/airflow/example_dags/example_branch_operator_decorator.py for tasks to queue
[2024-11-02T20:21:27.359+0000] {logging_mixin.py:151} INFO - [2024-11-02T20:21:27.357+0000] {dagbag.py:539} INFO - Filling up the DagBag from /home/airflow/.local/lib/python3.8/site-packages/airflow/example_dags/example_branch_operator_decorator.py
[2024-11-02T20:21:27.576+0000] {processor.py:839} INFO - DAG(s) dict_keys(['example_branch_python_operator_decorator']) retrieved from /home/airflow/.local/lib/python3.8/site-packages/airflow/example_dags/example_branch_operator_decorator.py
[2024-11-02T20:21:27.875+0000] {logging_mixin.py:151} INFO - [2024-11-02T20:21:27.875+0000] {dag.py:2915} INFO - Sync 1 DAGs
[2024-11-02T20:21:28.278+0000] {logging_mixin.py:151} INFO - [2024-11-02T20:21:28.278+0000] {dag.py:3696} INFO - Setting next_dagrun for example_branch_python_operator_decorator to 2024-11-01T00:00:00+00:00, run_after=2024-11-02T00:00:00+00:00
[2024-11-02T20:21:28.732+0000] {processor.py:179} INFO - Processing /home/airflow/.local/lib/python3.8/site-packages/airflow/example_dags/example_branch_operator_decorator.py took 1.462 seconds
[2024-11-02T20:22:35.475+0000] {processor.py:157} INFO - Started process (PID=599) to work on /home/airflow/.local/lib/python3.8/site-packages/airflow/example_dags/example_branch_operator_decorator.py
[2024-11-02T20:22:35.503+0000] {processor.py:829} INFO - Processing file /home/airflow/.local/lib/python3.8/site-packages/airflow/example_dags/example_branch_operator_decorator.py for tasks to queue
[2024-11-02T20:22:35.615+0000] {logging_mixin.py:151} INFO - [2024-11-02T20:22:35.615+0000] {dagbag.py:539} INFO - Filling up the DagBag from /home/airflow/.local/lib/python3.8/site-packages/airflow/example_dags/example_branch_operator_decorator.py
[2024-11-02T20:22:35.848+0000] {processor.py:839} INFO - DAG(s) dict_keys(['example_branch_python_operator_decorator']) retrieved from /home/airflow/.local/lib/python3.8/site-packages/airflow/example_dags/example_branch_operator_decorator.py
[2024-11-02T20:22:36.109+0000] {logging_mixin.py:151} INFO - [2024-11-02T20:22:36.108+0000] {dag.py:2915} INFO - Sync 1 DAGs
[2024-11-02T20:22:36.532+0000] {logging_mixin.py:151} INFO - [2024-11-02T20:22:36.531+0000] {dag.py:3696} INFO - Setting next_dagrun for example_branch_python_operator_decorator to 2024-11-01T00:00:00+00:00, run_after=2024-11-02T00:00:00+00:00
[2024-11-02T20:22:37.023+0000] {processor.py:179} INFO - Processing /home/airflow/.local/lib/python3.8/site-packages/airflow/example_dags/example_branch_operator_decorator.py took 1.638 seconds
[2024-11-02T20:23:48.920+0000] {processor.py:157} INFO - Started process (PID=680) to work on /home/airflow/.local/lib/python3.8/site-packages/airflow/example_dags/example_branch_operator_decorator.py
[2024-11-02T20:23:48.926+0000] {processor.py:829} INFO - Processing file /home/airflow/.local/lib/python3.8/site-packages/airflow/example_dags/example_branch_operator_decorator.py for tasks to queue
[2024-11-02T20:23:48.973+0000] {logging_mixin.py:151} INFO - [2024-11-02T20:23:48.973+0000] {dagbag.py:539} INFO - Filling up the DagBag from /home/airflow/.local/lib/python3.8/site-packages/airflow/example_dags/example_branch_operator_decorator.py
[2024-11-02T20:23:49.359+0000] {processor.py:839} INFO - DAG(s) dict_keys(['example_branch_python_operator_decorator']) retrieved from /home/airflow/.local/lib/python3.8/site-packages/airflow/example_dags/example_branch_operator_decorator.py
[2024-11-02T20:23:49.801+0000] {logging_mixin.py:151} INFO - [2024-11-02T20:23:49.801+0000] {dag.py:2915} INFO - Sync 1 DAGs
[2024-11-02T20:23:50.130+0000] {logging_mixin.py:151} INFO - [2024-11-02T20:23:50.129+0000] {dag.py:3696} INFO - Setting next_dagrun for example_branch_python_operator_decorator to 2024-11-01T00:00:00+00:00, run_after=2024-11-02T00:00:00+00:00
[2024-11-02T20:23:50.583+0000] {processor.py:179} INFO - Processing /home/airflow/.local/lib/python3.8/site-packages/airflow/example_dags/example_branch_operator_decorator.py took 1.803 seconds
