[2024-11-02T20:12:07.292+0000] {processor.py:157} INFO - Started process (PID=60) to work on /home/airflow/.local/lib/python3.8/site-packages/airflow/example_dags/example_trigger_controller_dag.py
[2024-11-02T20:12:07.296+0000] {processor.py:829} INFO - Processing file /home/airflow/.local/lib/python3.8/site-packages/airflow/example_dags/example_trigger_controller_dag.py for tasks to queue
[2024-11-02T20:12:07.308+0000] {logging_mixin.py:151} INFO - [2024-11-02T20:12:07.307+0000] {dagbag.py:539} INFO - Filling up the DagBag from /home/airflow/.local/lib/python3.8/site-packages/airflow/example_dags/example_trigger_controller_dag.py
[2024-11-02T20:12:07.433+0000] {processor.py:839} INFO - DAG(s) dict_keys(['example_trigger_controller_dag']) retrieved from /home/airflow/.local/lib/python3.8/site-packages/airflow/example_dags/example_trigger_controller_dag.py
[2024-11-02T20:12:07.847+0000] {logging_mixin.py:151} INFO - [2024-11-02T20:12:07.847+0000] {dag.py:2915} INFO - Sync 1 DAGs
[2024-11-02T20:12:08.231+0000] {logging_mixin.py:151} INFO - [2024-11-02T20:12:08.230+0000] {dag.py:3696} INFO - Setting next_dagrun for example_trigger_controller_dag to 2021-01-01T00:00:00+00:00, run_after=2021-01-01T00:00:00+00:00
[2024-11-02T20:12:08.601+0000] {processor.py:179} INFO - Processing /home/airflow/.local/lib/python3.8/site-packages/airflow/example_dags/example_trigger_controller_dag.py took 1.337 seconds
[2024-11-02T20:14:25.590+0000] {processor.py:157} INFO - Started process (PID=62) to work on /home/airflow/.local/lib/python3.8/site-packages/airflow/example_dags/example_trigger_controller_dag.py
[2024-11-02T20:14:25.625+0000] {processor.py:829} INFO - Processing file /home/airflow/.local/lib/python3.8/site-packages/airflow/example_dags/example_trigger_controller_dag.py for tasks to queue
[2024-11-02T20:14:25.689+0000] {logging_mixin.py:151} INFO - [2024-11-02T20:14:25.688+0000] {dagbag.py:539} INFO - Filling up the DagBag from /home/airflow/.local/lib/python3.8/site-packages/airflow/example_dags/example_trigger_controller_dag.py
[2024-11-02T20:14:25.839+0000] {processor.py:839} INFO - DAG(s) dict_keys(['example_trigger_controller_dag']) retrieved from /home/airflow/.local/lib/python3.8/site-packages/airflow/example_dags/example_trigger_controller_dag.py
[2024-11-02T20:14:26.075+0000] {logging_mixin.py:151} INFO - [2024-11-02T20:14:26.074+0000] {dag.py:2915} INFO - Sync 1 DAGs
[2024-11-02T20:14:26.316+0000] {logging_mixin.py:151} INFO - [2024-11-02T20:14:26.316+0000] {dag.py:3696} INFO - Setting next_dagrun for example_trigger_controller_dag to 2021-01-01T00:00:00+00:00, run_after=2021-01-01T00:00:00+00:00
[2024-11-02T20:14:26.679+0000] {processor.py:179} INFO - Processing /home/airflow/.local/lib/python3.8/site-packages/airflow/example_dags/example_trigger_controller_dag.py took 1.228 seconds
[2024-11-02T20:15:13.346+0000] {processor.py:157} INFO - Started process (PID=117) to work on /home/airflow/.local/lib/python3.8/site-packages/airflow/example_dags/example_trigger_controller_dag.py
[2024-11-02T20:15:13.376+0000] {processor.py:829} INFO - Processing file /home/airflow/.local/lib/python3.8/site-packages/airflow/example_dags/example_trigger_controller_dag.py for tasks to queue
[2024-11-02T20:15:13.437+0000] {logging_mixin.py:151} INFO - [2024-11-02T20:15:13.436+0000] {dagbag.py:539} INFO - Filling up the DagBag from /home/airflow/.local/lib/python3.8/site-packages/airflow/example_dags/example_trigger_controller_dag.py
[2024-11-02T20:15:13.504+0000] {processor.py:839} INFO - DAG(s) dict_keys(['example_trigger_controller_dag']) retrieved from /home/airflow/.local/lib/python3.8/site-packages/airflow/example_dags/example_trigger_controller_dag.py
[2024-11-02T20:15:13.821+0000] {logging_mixin.py:151} INFO - [2024-11-02T20:15:13.810+0000] {dag.py:2915} INFO - Sync 1 DAGs
[2024-11-02T20:15:14.182+0000] {logging_mixin.py:151} INFO - [2024-11-02T20:15:14.182+0000] {dag.py:3696} INFO - Setting next_dagrun for example_trigger_controller_dag to 2021-01-01T00:00:00+00:00, run_after=2021-01-01T00:00:00+00:00
[2024-11-02T20:15:14.653+0000] {processor.py:179} INFO - Processing /home/airflow/.local/lib/python3.8/site-packages/airflow/example_dags/example_trigger_controller_dag.py took 1.331 seconds
[2024-11-02T20:16:05.191+0000] {processor.py:157} INFO - Started process (PID=177) to work on /home/airflow/.local/lib/python3.8/site-packages/airflow/example_dags/example_trigger_controller_dag.py
[2024-11-02T20:16:05.229+0000] {processor.py:829} INFO - Processing file /home/airflow/.local/lib/python3.8/site-packages/airflow/example_dags/example_trigger_controller_dag.py for tasks to queue
[2024-11-02T20:16:05.274+0000] {logging_mixin.py:151} INFO - [2024-11-02T20:16:05.274+0000] {dagbag.py:539} INFO - Filling up the DagBag from /home/airflow/.local/lib/python3.8/site-packages/airflow/example_dags/example_trigger_controller_dag.py
[2024-11-02T20:16:05.310+0000] {processor.py:839} INFO - DAG(s) dict_keys(['example_trigger_controller_dag']) retrieved from /home/airflow/.local/lib/python3.8/site-packages/airflow/example_dags/example_trigger_controller_dag.py
[2024-11-02T20:16:05.684+0000] {logging_mixin.py:151} INFO - [2024-11-02T20:16:05.684+0000] {dag.py:2915} INFO - Sync 1 DAGs
[2024-11-02T20:16:05.858+0000] {logging_mixin.py:151} INFO - [2024-11-02T20:16:05.858+0000] {dag.py:3696} INFO - Setting next_dagrun for example_trigger_controller_dag to 2021-01-01T00:00:00+00:00, run_after=2021-01-01T00:00:00+00:00
[2024-11-02T20:16:06.060+0000] {processor.py:179} INFO - Processing /home/airflow/.local/lib/python3.8/site-packages/airflow/example_dags/example_trigger_controller_dag.py took 0.997 seconds
[2024-11-02T20:16:41.800+0000] {processor.py:157} INFO - Started process (PID=216) to work on /home/airflow/.local/lib/python3.8/site-packages/airflow/example_dags/example_trigger_controller_dag.py
[2024-11-02T20:16:41.849+0000] {processor.py:829} INFO - Processing file /home/airflow/.local/lib/python3.8/site-packages/airflow/example_dags/example_trigger_controller_dag.py for tasks to queue
[2024-11-02T20:16:41.893+0000] {logging_mixin.py:151} INFO - [2024-11-02T20:16:41.892+0000] {dagbag.py:539} INFO - Filling up the DagBag from /home/airflow/.local/lib/python3.8/site-packages/airflow/example_dags/example_trigger_controller_dag.py
[2024-11-02T20:16:42.110+0000] {processor.py:839} INFO - DAG(s) dict_keys(['example_trigger_controller_dag']) retrieved from /home/airflow/.local/lib/python3.8/site-packages/airflow/example_dags/example_trigger_controller_dag.py
[2024-11-02T20:16:42.620+0000] {logging_mixin.py:151} INFO - [2024-11-02T20:16:42.611+0000] {dag.py:2915} INFO - Sync 1 DAGs
[2024-11-02T20:16:43.409+0000] {logging_mixin.py:151} INFO - [2024-11-02T20:16:43.409+0000] {dag.py:3696} INFO - Setting next_dagrun for example_trigger_controller_dag to 2021-01-01T00:00:00+00:00, run_after=2021-01-01T00:00:00+00:00
[2024-11-02T20:16:43.784+0000] {processor.py:179} INFO - Processing /home/airflow/.local/lib/python3.8/site-packages/airflow/example_dags/example_trigger_controller_dag.py took 2.088 seconds
[2024-11-02T20:17:25.484+0000] {processor.py:157} INFO - Started process (PID=264) to work on /home/airflow/.local/lib/python3.8/site-packages/airflow/example_dags/example_trigger_controller_dag.py
[2024-11-02T20:17:25.497+0000] {processor.py:829} INFO - Processing file /home/airflow/.local/lib/python3.8/site-packages/airflow/example_dags/example_trigger_controller_dag.py for tasks to queue
[2024-11-02T20:17:25.525+0000] {logging_mixin.py:151} INFO - [2024-11-02T20:17:25.517+0000] {dagbag.py:539} INFO - Filling up the DagBag from /home/airflow/.local/lib/python3.8/site-packages/airflow/example_dags/example_trigger_controller_dag.py
[2024-11-02T20:17:25.572+0000] {processor.py:839} INFO - DAG(s) dict_keys(['example_trigger_controller_dag']) retrieved from /home/airflow/.local/lib/python3.8/site-packages/airflow/example_dags/example_trigger_controller_dag.py
[2024-11-02T20:17:25.985+0000] {logging_mixin.py:151} INFO - [2024-11-02T20:17:25.984+0000] {dag.py:2915} INFO - Sync 1 DAGs
[2024-11-02T20:17:26.454+0000] {logging_mixin.py:151} INFO - [2024-11-02T20:17:26.428+0000] {dag.py:3696} INFO - Setting next_dagrun for example_trigger_controller_dag to 2021-01-01T00:00:00+00:00, run_after=2021-01-01T00:00:00+00:00
[2024-11-02T20:17:26.966+0000] {processor.py:179} INFO - Processing /home/airflow/.local/lib/python3.8/site-packages/airflow/example_dags/example_trigger_controller_dag.py took 1.521 seconds
[2024-11-02T20:18:09.918+0000] {processor.py:157} INFO - Started process (PID=313) to work on /home/airflow/.local/lib/python3.8/site-packages/airflow/example_dags/example_trigger_controller_dag.py
[2024-11-02T20:18:09.961+0000] {processor.py:829} INFO - Processing file /home/airflow/.local/lib/python3.8/site-packages/airflow/example_dags/example_trigger_controller_dag.py for tasks to queue
[2024-11-02T20:18:10.056+0000] {logging_mixin.py:151} INFO - [2024-11-02T20:18:10.055+0000] {dagbag.py:539} INFO - Filling up the DagBag from /home/airflow/.local/lib/python3.8/site-packages/airflow/example_dags/example_trigger_controller_dag.py
[2024-11-02T20:18:10.182+0000] {processor.py:839} INFO - DAG(s) dict_keys(['example_trigger_controller_dag']) retrieved from /home/airflow/.local/lib/python3.8/site-packages/airflow/example_dags/example_trigger_controller_dag.py
[2024-11-02T20:18:10.603+0000] {logging_mixin.py:151} INFO - [2024-11-02T20:18:10.602+0000] {dag.py:2915} INFO - Sync 1 DAGs
[2024-11-02T20:18:11.374+0000] {logging_mixin.py:151} INFO - [2024-11-02T20:18:11.373+0000] {dag.py:3696} INFO - Setting next_dagrun for example_trigger_controller_dag to 2021-01-01T00:00:00+00:00, run_after=2021-01-01T00:00:00+00:00
[2024-11-02T20:18:11.936+0000] {processor.py:179} INFO - Processing /home/airflow/.local/lib/python3.8/site-packages/airflow/example_dags/example_trigger_controller_dag.py took 2.152 seconds
[2024-11-02T20:18:54.718+0000] {processor.py:157} INFO - Started process (PID=357) to work on /home/airflow/.local/lib/python3.8/site-packages/airflow/example_dags/example_trigger_controller_dag.py
[2024-11-02T20:18:54.720+0000] {processor.py:829} INFO - Processing file /home/airflow/.local/lib/python3.8/site-packages/airflow/example_dags/example_trigger_controller_dag.py for tasks to queue
[2024-11-02T20:18:54.731+0000] {logging_mixin.py:151} INFO - [2024-11-02T20:18:54.730+0000] {dagbag.py:539} INFO - Filling up the DagBag from /home/airflow/.local/lib/python3.8/site-packages/airflow/example_dags/example_trigger_controller_dag.py
[2024-11-02T20:18:54.790+0000] {processor.py:839} INFO - DAG(s) dict_keys(['example_trigger_controller_dag']) retrieved from /home/airflow/.local/lib/python3.8/site-packages/airflow/example_dags/example_trigger_controller_dag.py
[2024-11-02T20:18:55.189+0000] {logging_mixin.py:151} INFO - [2024-11-02T20:18:55.189+0000] {dag.py:2915} INFO - Sync 1 DAGs
[2024-11-02T20:18:55.758+0000] {logging_mixin.py:151} INFO - [2024-11-02T20:18:55.758+0000] {dag.py:3696} INFO - Setting next_dagrun for example_trigger_controller_dag to 2021-01-01T00:00:00+00:00, run_after=2021-01-01T00:00:00+00:00
[2024-11-02T20:18:56.041+0000] {processor.py:179} INFO - Processing /home/airflow/.local/lib/python3.8/site-packages/airflow/example_dags/example_trigger_controller_dag.py took 1.381 seconds
[2024-11-02T20:19:43.724+0000] {processor.py:157} INFO - Started process (PID=418) to work on /home/airflow/.local/lib/python3.8/site-packages/airflow/example_dags/example_trigger_controller_dag.py
[2024-11-02T20:19:43.734+0000] {processor.py:829} INFO - Processing file /home/airflow/.local/lib/python3.8/site-packages/airflow/example_dags/example_trigger_controller_dag.py for tasks to queue
[2024-11-02T20:19:43.763+0000] {logging_mixin.py:151} INFO - [2024-11-02T20:19:43.762+0000] {dagbag.py:539} INFO - Filling up the DagBag from /home/airflow/.local/lib/python3.8/site-packages/airflow/example_dags/example_trigger_controller_dag.py
[2024-11-02T20:19:43.772+0000] {processor.py:839} INFO - DAG(s) dict_keys(['example_trigger_controller_dag']) retrieved from /home/airflow/.local/lib/python3.8/site-packages/airflow/example_dags/example_trigger_controller_dag.py
[2024-11-02T20:19:44.178+0000] {logging_mixin.py:151} INFO - [2024-11-02T20:19:44.178+0000] {dag.py:2915} INFO - Sync 1 DAGs
[2024-11-02T20:19:44.484+0000] {logging_mixin.py:151} INFO - [2024-11-02T20:19:44.484+0000] {dag.py:3696} INFO - Setting next_dagrun for example_trigger_controller_dag to 2021-01-01T00:00:00+00:00, run_after=2021-01-01T00:00:00+00:00
[2024-11-02T20:19:44.847+0000] {processor.py:179} INFO - Processing /home/airflow/.local/lib/python3.8/site-packages/airflow/example_dags/example_trigger_controller_dag.py took 1.168 seconds
[2024-11-02T20:20:21.370+0000] {processor.py:157} INFO - Started process (PID=460) to work on /home/airflow/.local/lib/python3.8/site-packages/airflow/example_dags/example_trigger_controller_dag.py
[2024-11-02T20:20:21.395+0000] {processor.py:829} INFO - Processing file /home/airflow/.local/lib/python3.8/site-packages/airflow/example_dags/example_trigger_controller_dag.py for tasks to queue
[2024-11-02T20:20:21.421+0000] {logging_mixin.py:151} INFO - [2024-11-02T20:20:21.416+0000] {dagbag.py:539} INFO - Filling up the DagBag from /home/airflow/.local/lib/python3.8/site-packages/airflow/example_dags/example_trigger_controller_dag.py
[2024-11-02T20:20:21.549+0000] {processor.py:839} INFO - DAG(s) dict_keys(['example_trigger_controller_dag']) retrieved from /home/airflow/.local/lib/python3.8/site-packages/airflow/example_dags/example_trigger_controller_dag.py
[2024-11-02T20:20:22.016+0000] {logging_mixin.py:151} INFO - [2024-11-02T20:20:22.013+0000] {dag.py:2915} INFO - Sync 1 DAGs
[2024-11-02T20:20:22.828+0000] {logging_mixin.py:151} INFO - [2024-11-02T20:20:22.811+0000] {dag.py:3696} INFO - Setting next_dagrun for example_trigger_controller_dag to 2021-01-01T00:00:00+00:00, run_after=2021-01-01T00:00:00+00:00
[2024-11-02T20:20:23.316+0000] {processor.py:179} INFO - Processing /home/airflow/.local/lib/python3.8/site-packages/airflow/example_dags/example_trigger_controller_dag.py took 1.965 seconds
[2024-11-02T20:21:15.223+0000] {processor.py:157} INFO - Started process (PID=516) to work on /home/airflow/.local/lib/python3.8/site-packages/airflow/example_dags/example_trigger_controller_dag.py
[2024-11-02T20:21:15.248+0000] {processor.py:829} INFO - Processing file /home/airflow/.local/lib/python3.8/site-packages/airflow/example_dags/example_trigger_controller_dag.py for tasks to queue
[2024-11-02T20:21:15.305+0000] {logging_mixin.py:151} INFO - [2024-11-02T20:21:15.305+0000] {dagbag.py:539} INFO - Filling up the DagBag from /home/airflow/.local/lib/python3.8/site-packages/airflow/example_dags/example_trigger_controller_dag.py
[2024-11-02T20:21:15.380+0000] {processor.py:839} INFO - DAG(s) dict_keys(['example_trigger_controller_dag']) retrieved from /home/airflow/.local/lib/python3.8/site-packages/airflow/example_dags/example_trigger_controller_dag.py
[2024-11-02T20:21:15.545+0000] {logging_mixin.py:151} INFO - [2024-11-02T20:21:15.544+0000] {dag.py:2915} INFO - Sync 1 DAGs
[2024-11-02T20:21:15.806+0000] {logging_mixin.py:151} INFO - [2024-11-02T20:21:15.805+0000] {dag.py:3696} INFO - Setting next_dagrun for example_trigger_controller_dag to 2021-01-01T00:00:00+00:00, run_after=2021-01-01T00:00:00+00:00
[2024-11-02T20:21:16.121+0000] {processor.py:179} INFO - Processing /home/airflow/.local/lib/python3.8/site-packages/airflow/example_dags/example_trigger_controller_dag.py took 0.933 seconds
[2024-11-02T20:21:58.568+0000] {processor.py:157} INFO - Started process (PID=558) to work on /home/airflow/.local/lib/python3.8/site-packages/airflow/example_dags/example_trigger_controller_dag.py
[2024-11-02T20:21:58.599+0000] {processor.py:829} INFO - Processing file /home/airflow/.local/lib/python3.8/site-packages/airflow/example_dags/example_trigger_controller_dag.py for tasks to queue
[2024-11-02T20:21:58.653+0000] {logging_mixin.py:151} INFO - [2024-11-02T20:21:58.652+0000] {dagbag.py:539} INFO - Filling up the DagBag from /home/airflow/.local/lib/python3.8/site-packages/airflow/example_dags/example_trigger_controller_dag.py
[2024-11-02T20:21:58.734+0000] {processor.py:839} INFO - DAG(s) dict_keys(['example_trigger_controller_dag']) retrieved from /home/airflow/.local/lib/python3.8/site-packages/airflow/example_dags/example_trigger_controller_dag.py
[2024-11-02T20:21:59.161+0000] {logging_mixin.py:151} INFO - [2024-11-02T20:21:59.158+0000] {dag.py:2915} INFO - Sync 1 DAGs
[2024-11-02T20:22:00.023+0000] {logging_mixin.py:151} INFO - [2024-11-02T20:22:00.022+0000] {dag.py:3696} INFO - Setting next_dagrun for example_trigger_controller_dag to 2021-01-01T00:00:00+00:00, run_after=2021-01-01T00:00:00+00:00
[2024-11-02T20:22:00.742+0000] {processor.py:179} INFO - Processing /home/airflow/.local/lib/python3.8/site-packages/airflow/example_dags/example_trigger_controller_dag.py took 2.337 seconds
[2024-11-02T20:22:43.976+0000] {processor.py:157} INFO - Started process (PID=615) to work on /home/airflow/.local/lib/python3.8/site-packages/airflow/example_dags/example_trigger_controller_dag.py
[2024-11-02T20:22:44.019+0000] {processor.py:829} INFO - Processing file /home/airflow/.local/lib/python3.8/site-packages/airflow/example_dags/example_trigger_controller_dag.py for tasks to queue
[2024-11-02T20:22:44.054+0000] {logging_mixin.py:151} INFO - [2024-11-02T20:22:44.053+0000] {dagbag.py:539} INFO - Filling up the DagBag from /home/airflow/.local/lib/python3.8/site-packages/airflow/example_dags/example_trigger_controller_dag.py
[2024-11-02T20:22:44.134+0000] {processor.py:839} INFO - DAG(s) dict_keys(['example_trigger_controller_dag']) retrieved from /home/airflow/.local/lib/python3.8/site-packages/airflow/example_dags/example_trigger_controller_dag.py
[2024-11-02T20:22:44.455+0000] {logging_mixin.py:151} INFO - [2024-11-02T20:22:44.455+0000] {dag.py:2915} INFO - Sync 1 DAGs
[2024-11-02T20:22:44.699+0000] {logging_mixin.py:151} INFO - [2024-11-02T20:22:44.699+0000] {dag.py:3696} INFO - Setting next_dagrun for example_trigger_controller_dag to 2021-01-01T00:00:00+00:00, run_after=2021-01-01T00:00:00+00:00
[2024-11-02T20:22:44.876+0000] {processor.py:179} INFO - Processing /home/airflow/.local/lib/python3.8/site-packages/airflow/example_dags/example_trigger_controller_dag.py took 0.941 seconds
[2024-11-02T20:23:27.334+0000] {processor.py:157} INFO - Started process (PID=658) to work on /home/airflow/.local/lib/python3.8/site-packages/airflow/example_dags/example_trigger_controller_dag.py
[2024-11-02T20:23:27.374+0000] {processor.py:829} INFO - Processing file /home/airflow/.local/lib/python3.8/site-packages/airflow/example_dags/example_trigger_controller_dag.py for tasks to queue
[2024-11-02T20:23:27.410+0000] {logging_mixin.py:151} INFO - [2024-11-02T20:23:27.388+0000] {dagbag.py:539} INFO - Filling up the DagBag from /home/airflow/.local/lib/python3.8/site-packages/airflow/example_dags/example_trigger_controller_dag.py
[2024-11-02T20:23:27.496+0000] {processor.py:839} INFO - DAG(s) dict_keys(['example_trigger_controller_dag']) retrieved from /home/airflow/.local/lib/python3.8/site-packages/airflow/example_dags/example_trigger_controller_dag.py
[2024-11-02T20:23:28.044+0000] {logging_mixin.py:151} INFO - [2024-11-02T20:23:28.035+0000] {dag.py:2915} INFO - Sync 1 DAGs
[2024-11-02T20:23:28.553+0000] {logging_mixin.py:151} INFO - [2024-11-02T20:23:28.553+0000] {dag.py:3696} INFO - Setting next_dagrun for example_trigger_controller_dag to 2021-01-01T00:00:00+00:00, run_after=2021-01-01T00:00:00+00:00
[2024-11-02T20:23:29.032+0000] {processor.py:179} INFO - Processing /home/airflow/.local/lib/python3.8/site-packages/airflow/example_dags/example_trigger_controller_dag.py took 1.759 seconds
[2024-11-02T20:24:29.225+0000] {processor.py:157} INFO - Started process (PID=719) to work on /home/airflow/.local/lib/python3.8/site-packages/airflow/example_dags/example_trigger_controller_dag.py
[2024-11-02T20:24:29.241+0000] {processor.py:829} INFO - Processing file /home/airflow/.local/lib/python3.8/site-packages/airflow/example_dags/example_trigger_controller_dag.py for tasks to queue
[2024-11-02T20:24:29.281+0000] {logging_mixin.py:151} INFO - [2024-11-02T20:24:29.280+0000] {dagbag.py:539} INFO - Filling up the DagBag from /home/airflow/.local/lib/python3.8/site-packages/airflow/example_dags/example_trigger_controller_dag.py
[2024-11-02T20:24:29.441+0000] {processor.py:839} INFO - DAG(s) dict_keys(['example_trigger_controller_dag']) retrieved from /home/airflow/.local/lib/python3.8/site-packages/airflow/example_dags/example_trigger_controller_dag.py
[2024-11-02T20:24:29.871+0000] {logging_mixin.py:151} INFO - [2024-11-02T20:24:29.865+0000] {dag.py:2915} INFO - Sync 1 DAGs
[2024-11-02T20:24:30.435+0000] {logging_mixin.py:151} INFO - [2024-11-02T20:24:30.432+0000] {dag.py:3696} INFO - Setting next_dagrun for example_trigger_controller_dag to 2021-01-01T00:00:00+00:00, run_after=2021-01-01T00:00:00+00:00
[2024-11-02T20:24:31.057+0000] {processor.py:179} INFO - Processing /home/airflow/.local/lib/python3.8/site-packages/airflow/example_dags/example_trigger_controller_dag.py took 2.002 seconds
