[2024-11-02T20:12:11.509+0000] {processor.py:157} INFO - Started process (PID=71) to work on /home/airflow/.local/lib/python3.8/site-packages/airflow/example_dags/example_nested_branch_dag.py
[2024-11-02T20:12:11.511+0000] {processor.py:829} INFO - Processing file /home/airflow/.local/lib/python3.8/site-packages/airflow/example_dags/example_nested_branch_dag.py for tasks to queue
[2024-11-02T20:12:11.515+0000] {logging_mixin.py:151} INFO - [2024-11-02T20:12:11.514+0000] {dagbag.py:539} INFO - Filling up the DagBag from /home/airflow/.local/lib/python3.8/site-packages/airflow/example_dags/example_nested_branch_dag.py
[2024-11-02T20:12:11.907+0000] {processor.py:839} INFO - DAG(s) dict_keys(['example_nested_branch_dag']) retrieved from /home/airflow/.local/lib/python3.8/site-packages/airflow/example_dags/example_nested_branch_dag.py
[2024-11-02T20:12:12.669+0000] {logging_mixin.py:151} INFO - [2024-11-02T20:12:12.654+0000] {dag.py:2915} INFO - Sync 1 DAGs
[2024-11-02T20:12:13.422+0000] {logging_mixin.py:151} INFO - [2024-11-02T20:12:13.421+0000] {dag.py:3696} INFO - Setting next_dagrun for example_nested_branch_dag to 2024-11-01T00:00:00+00:00, run_after=2024-11-02T00:00:00+00:00
[2024-11-02T20:12:14.122+0000] {processor.py:179} INFO - Processing /home/airflow/.local/lib/python3.8/site-packages/airflow/example_dags/example_nested_branch_dag.py took 2.691 seconds
[2024-11-02T20:14:28.351+0000] {processor.py:157} INFO - Started process (PID=66) to work on /home/airflow/.local/lib/python3.8/site-packages/airflow/example_dags/example_nested_branch_dag.py
[2024-11-02T20:14:28.372+0000] {processor.py:829} INFO - Processing file /home/airflow/.local/lib/python3.8/site-packages/airflow/example_dags/example_nested_branch_dag.py for tasks to queue
[2024-11-02T20:14:28.394+0000] {logging_mixin.py:151} INFO - [2024-11-02T20:14:28.393+0000] {dagbag.py:539} INFO - Filling up the DagBag from /home/airflow/.local/lib/python3.8/site-packages/airflow/example_dags/example_nested_branch_dag.py
[2024-11-02T20:14:28.503+0000] {processor.py:839} INFO - DAG(s) dict_keys(['example_nested_branch_dag']) retrieved from /home/airflow/.local/lib/python3.8/site-packages/airflow/example_dags/example_nested_branch_dag.py
[2024-11-02T20:14:28.586+0000] {logging_mixin.py:151} INFO - [2024-11-02T20:14:28.586+0000] {dag.py:2915} INFO - Sync 1 DAGs
[2024-11-02T20:14:28.772+0000] {logging_mixin.py:151} INFO - [2024-11-02T20:14:28.772+0000] {dag.py:3696} INFO - Setting next_dagrun for example_nested_branch_dag to 2024-11-01T00:00:00+00:00, run_after=2024-11-02T00:00:00+00:00
[2024-11-02T20:14:28.965+0000] {processor.py:179} INFO - Processing /home/airflow/.local/lib/python3.8/site-packages/airflow/example_dags/example_nested_branch_dag.py took 0.684 seconds
[2024-11-02T20:15:17.213+0000] {processor.py:157} INFO - Started process (PID=121) to work on /home/airflow/.local/lib/python3.8/site-packages/airflow/example_dags/example_nested_branch_dag.py
[2024-11-02T20:15:17.219+0000] {processor.py:829} INFO - Processing file /home/airflow/.local/lib/python3.8/site-packages/airflow/example_dags/example_nested_branch_dag.py for tasks to queue
[2024-11-02T20:15:17.237+0000] {logging_mixin.py:151} INFO - [2024-11-02T20:15:17.236+0000] {dagbag.py:539} INFO - Filling up the DagBag from /home/airflow/.local/lib/python3.8/site-packages/airflow/example_dags/example_nested_branch_dag.py
[2024-11-02T20:15:17.362+0000] {processor.py:839} INFO - DAG(s) dict_keys(['example_nested_branch_dag']) retrieved from /home/airflow/.local/lib/python3.8/site-packages/airflow/example_dags/example_nested_branch_dag.py
[2024-11-02T20:15:17.716+0000] {logging_mixin.py:151} INFO - [2024-11-02T20:15:17.716+0000] {dag.py:2915} INFO - Sync 1 DAGs
[2024-11-02T20:15:18.098+0000] {logging_mixin.py:151} INFO - [2024-11-02T20:15:18.081+0000] {dag.py:3696} INFO - Setting next_dagrun for example_nested_branch_dag to 2024-11-01T00:00:00+00:00, run_after=2024-11-02T00:00:00+00:00
[2024-11-02T20:15:18.217+0000] {processor.py:179} INFO - Processing /home/airflow/.local/lib/python3.8/site-packages/airflow/example_dags/example_nested_branch_dag.py took 1.046 seconds
[2024-11-02T20:16:09.401+0000] {processor.py:157} INFO - Started process (PID=181) to work on /home/airflow/.local/lib/python3.8/site-packages/airflow/example_dags/example_nested_branch_dag.py
[2024-11-02T20:16:09.441+0000] {processor.py:829} INFO - Processing file /home/airflow/.local/lib/python3.8/site-packages/airflow/example_dags/example_nested_branch_dag.py for tasks to queue
[2024-11-02T20:16:09.501+0000] {logging_mixin.py:151} INFO - [2024-11-02T20:16:09.500+0000] {dagbag.py:539} INFO - Filling up the DagBag from /home/airflow/.local/lib/python3.8/site-packages/airflow/example_dags/example_nested_branch_dag.py
[2024-11-02T20:16:09.746+0000] {processor.py:839} INFO - DAG(s) dict_keys(['example_nested_branch_dag']) retrieved from /home/airflow/.local/lib/python3.8/site-packages/airflow/example_dags/example_nested_branch_dag.py
[2024-11-02T20:16:10.304+0000] {logging_mixin.py:151} INFO - [2024-11-02T20:16:10.304+0000] {dag.py:2915} INFO - Sync 1 DAGs
[2024-11-02T20:16:10.615+0000] {logging_mixin.py:151} INFO - [2024-11-02T20:16:10.606+0000] {dag.py:3696} INFO - Setting next_dagrun for example_nested_branch_dag to 2024-11-01T00:00:00+00:00, run_after=2024-11-02T00:00:00+00:00
[2024-11-02T20:16:11.005+0000] {processor.py:179} INFO - Processing /home/airflow/.local/lib/python3.8/site-packages/airflow/example_dags/example_nested_branch_dag.py took 1.662 seconds
[2024-11-02T20:17:10.123+0000] {processor.py:157} INFO - Started process (PID=249) to work on /home/airflow/.local/lib/python3.8/site-packages/airflow/example_dags/example_nested_branch_dag.py
[2024-11-02T20:17:10.158+0000] {processor.py:829} INFO - Processing file /home/airflow/.local/lib/python3.8/site-packages/airflow/example_dags/example_nested_branch_dag.py for tasks to queue
[2024-11-02T20:17:10.206+0000] {logging_mixin.py:151} INFO - [2024-11-02T20:17:10.205+0000] {dagbag.py:539} INFO - Filling up the DagBag from /home/airflow/.local/lib/python3.8/site-packages/airflow/example_dags/example_nested_branch_dag.py
[2024-11-02T20:17:10.576+0000] {processor.py:839} INFO - DAG(s) dict_keys(['example_nested_branch_dag']) retrieved from /home/airflow/.local/lib/python3.8/site-packages/airflow/example_dags/example_nested_branch_dag.py
[2024-11-02T20:17:10.926+0000] {logging_mixin.py:151} INFO - [2024-11-02T20:17:10.925+0000] {dag.py:2915} INFO - Sync 1 DAGs
[2024-11-02T20:17:11.329+0000] {logging_mixin.py:151} INFO - [2024-11-02T20:17:11.328+0000] {dag.py:3696} INFO - Setting next_dagrun for example_nested_branch_dag to 2024-11-01T00:00:00+00:00, run_after=2024-11-02T00:00:00+00:00
[2024-11-02T20:17:11.706+0000] {processor.py:179} INFO - Processing /home/airflow/.local/lib/python3.8/site-packages/airflow/example_dags/example_nested_branch_dag.py took 1.712 seconds
[2024-11-02T20:18:10.100+0000] {processor.py:157} INFO - Started process (PID=314) to work on /home/airflow/.local/lib/python3.8/site-packages/airflow/example_dags/example_nested_branch_dag.py
[2024-11-02T20:18:10.122+0000] {processor.py:829} INFO - Processing file /home/airflow/.local/lib/python3.8/site-packages/airflow/example_dags/example_nested_branch_dag.py for tasks to queue
[2024-11-02T20:18:10.151+0000] {logging_mixin.py:151} INFO - [2024-11-02T20:18:10.150+0000] {dagbag.py:539} INFO - Filling up the DagBag from /home/airflow/.local/lib/python3.8/site-packages/airflow/example_dags/example_nested_branch_dag.py
[2024-11-02T20:18:10.353+0000] {processor.py:839} INFO - DAG(s) dict_keys(['example_nested_branch_dag']) retrieved from /home/airflow/.local/lib/python3.8/site-packages/airflow/example_dags/example_nested_branch_dag.py
[2024-11-02T20:18:10.687+0000] {logging_mixin.py:151} INFO - [2024-11-02T20:18:10.687+0000] {dag.py:2915} INFO - Sync 1 DAGs
[2024-11-02T20:18:11.376+0000] {logging_mixin.py:151} INFO - [2024-11-02T20:18:11.376+0000] {dag.py:3696} INFO - Setting next_dagrun for example_nested_branch_dag to 2024-11-01T00:00:00+00:00, run_after=2024-11-02T00:00:00+00:00
[2024-11-02T20:18:11.667+0000] {processor.py:179} INFO - Processing /home/airflow/.local/lib/python3.8/site-packages/airflow/example_dags/example_nested_branch_dag.py took 1.748 seconds
[2024-11-02T20:18:56.228+0000] {processor.py:157} INFO - Started process (PID=358) to work on /home/airflow/.local/lib/python3.8/site-packages/airflow/example_dags/example_nested_branch_dag.py
[2024-11-02T20:18:56.238+0000] {processor.py:829} INFO - Processing file /home/airflow/.local/lib/python3.8/site-packages/airflow/example_dags/example_nested_branch_dag.py for tasks to queue
[2024-11-02T20:18:56.246+0000] {logging_mixin.py:151} INFO - [2024-11-02T20:18:56.245+0000] {dagbag.py:539} INFO - Filling up the DagBag from /home/airflow/.local/lib/python3.8/site-packages/airflow/example_dags/example_nested_branch_dag.py
[2024-11-02T20:18:56.302+0000] {processor.py:839} INFO - DAG(s) dict_keys(['example_nested_branch_dag']) retrieved from /home/airflow/.local/lib/python3.8/site-packages/airflow/example_dags/example_nested_branch_dag.py
[2024-11-02T20:18:56.632+0000] {logging_mixin.py:151} INFO - [2024-11-02T20:18:56.632+0000] {dag.py:2915} INFO - Sync 1 DAGs
[2024-11-02T20:18:57.237+0000] {logging_mixin.py:151} INFO - [2024-11-02T20:18:57.229+0000] {dag.py:3696} INFO - Setting next_dagrun for example_nested_branch_dag to 2024-11-01T00:00:00+00:00, run_after=2024-11-02T00:00:00+00:00
[2024-11-02T20:18:57.549+0000] {processor.py:179} INFO - Processing /home/airflow/.local/lib/python3.8/site-packages/airflow/example_dags/example_nested_branch_dag.py took 1.341 seconds
[2024-11-02T20:19:44.233+0000] {processor.py:157} INFO - Started process (PID=419) to work on /home/airflow/.local/lib/python3.8/site-packages/airflow/example_dags/example_nested_branch_dag.py
[2024-11-02T20:19:44.255+0000] {processor.py:829} INFO - Processing file /home/airflow/.local/lib/python3.8/site-packages/airflow/example_dags/example_nested_branch_dag.py for tasks to queue
[2024-11-02T20:19:44.287+0000] {logging_mixin.py:151} INFO - [2024-11-02T20:19:44.276+0000] {dagbag.py:539} INFO - Filling up the DagBag from /home/airflow/.local/lib/python3.8/site-packages/airflow/example_dags/example_nested_branch_dag.py
[2024-11-02T20:19:44.513+0000] {processor.py:839} INFO - DAG(s) dict_keys(['example_nested_branch_dag']) retrieved from /home/airflow/.local/lib/python3.8/site-packages/airflow/example_dags/example_nested_branch_dag.py
[2024-11-02T20:19:44.807+0000] {logging_mixin.py:151} INFO - [2024-11-02T20:19:44.806+0000] {dag.py:2915} INFO - Sync 1 DAGs
[2024-11-02T20:19:45.469+0000] {logging_mixin.py:151} INFO - [2024-11-02T20:19:45.468+0000] {dag.py:3696} INFO - Setting next_dagrun for example_nested_branch_dag to 2024-11-01T00:00:00+00:00, run_after=2024-11-02T00:00:00+00:00
[2024-11-02T20:19:45.899+0000] {processor.py:179} INFO - Processing /home/airflow/.local/lib/python3.8/site-packages/airflow/example_dags/example_nested_branch_dag.py took 1.704 seconds
[2024-11-02T20:20:24.052+0000] {processor.py:157} INFO - Started process (PID=462) to work on /home/airflow/.local/lib/python3.8/site-packages/airflow/example_dags/example_nested_branch_dag.py
[2024-11-02T20:20:24.075+0000] {processor.py:829} INFO - Processing file /home/airflow/.local/lib/python3.8/site-packages/airflow/example_dags/example_nested_branch_dag.py for tasks to queue
[2024-11-02T20:20:24.126+0000] {logging_mixin.py:151} INFO - [2024-11-02T20:20:24.125+0000] {dagbag.py:539} INFO - Filling up the DagBag from /home/airflow/.local/lib/python3.8/site-packages/airflow/example_dags/example_nested_branch_dag.py
[2024-11-02T20:20:24.428+0000] {processor.py:839} INFO - DAG(s) dict_keys(['example_nested_branch_dag']) retrieved from /home/airflow/.local/lib/python3.8/site-packages/airflow/example_dags/example_nested_branch_dag.py
[2024-11-02T20:20:25.299+0000] {logging_mixin.py:151} INFO - [2024-11-02T20:20:25.263+0000] {dag.py:2915} INFO - Sync 1 DAGs
[2024-11-02T20:20:26.017+0000] {logging_mixin.py:151} INFO - [2024-11-02T20:20:26.016+0000] {dag.py:3696} INFO - Setting next_dagrun for example_nested_branch_dag to 2024-11-01T00:00:00+00:00, run_after=2024-11-02T00:00:00+00:00
[2024-11-02T20:20:26.657+0000] {processor.py:179} INFO - Processing /home/airflow/.local/lib/python3.8/site-packages/airflow/example_dags/example_nested_branch_dag.py took 2.673 seconds
[2024-11-02T20:21:16.929+0000] {processor.py:157} INFO - Started process (PID=519) to work on /home/airflow/.local/lib/python3.8/site-packages/airflow/example_dags/example_nested_branch_dag.py
[2024-11-02T20:21:16.945+0000] {processor.py:829} INFO - Processing file /home/airflow/.local/lib/python3.8/site-packages/airflow/example_dags/example_nested_branch_dag.py for tasks to queue
[2024-11-02T20:21:16.966+0000] {logging_mixin.py:151} INFO - [2024-11-02T20:21:16.966+0000] {dagbag.py:539} INFO - Filling up the DagBag from /home/airflow/.local/lib/python3.8/site-packages/airflow/example_dags/example_nested_branch_dag.py
[2024-11-02T20:21:17.044+0000] {processor.py:839} INFO - DAG(s) dict_keys(['example_nested_branch_dag']) retrieved from /home/airflow/.local/lib/python3.8/site-packages/airflow/example_dags/example_nested_branch_dag.py
[2024-11-02T20:21:17.394+0000] {logging_mixin.py:151} INFO - [2024-11-02T20:21:17.394+0000] {dag.py:2915} INFO - Sync 1 DAGs
[2024-11-02T20:21:17.729+0000] {logging_mixin.py:151} INFO - [2024-11-02T20:21:17.724+0000] {dag.py:3696} INFO - Setting next_dagrun for example_nested_branch_dag to 2024-11-01T00:00:00+00:00, run_after=2024-11-02T00:00:00+00:00
[2024-11-02T20:21:17.999+0000] {processor.py:179} INFO - Processing /home/airflow/.local/lib/python3.8/site-packages/airflow/example_dags/example_nested_branch_dag.py took 1.111 seconds
[2024-11-02T20:22:01.862+0000] {processor.py:157} INFO - Started process (PID=561) to work on /home/airflow/.local/lib/python3.8/site-packages/airflow/example_dags/example_nested_branch_dag.py
[2024-11-02T20:22:01.877+0000] {processor.py:829} INFO - Processing file /home/airflow/.local/lib/python3.8/site-packages/airflow/example_dags/example_nested_branch_dag.py for tasks to queue
[2024-11-02T20:22:01.896+0000] {logging_mixin.py:151} INFO - [2024-11-02T20:22:01.896+0000] {dagbag.py:539} INFO - Filling up the DagBag from /home/airflow/.local/lib/python3.8/site-packages/airflow/example_dags/example_nested_branch_dag.py
[2024-11-02T20:22:02.218+0000] {processor.py:839} INFO - DAG(s) dict_keys(['example_nested_branch_dag']) retrieved from /home/airflow/.local/lib/python3.8/site-packages/airflow/example_dags/example_nested_branch_dag.py
[2024-11-02T20:22:02.712+0000] {logging_mixin.py:151} INFO - [2024-11-02T20:22:02.712+0000] {dag.py:2915} INFO - Sync 1 DAGs
[2024-11-02T20:22:03.089+0000] {logging_mixin.py:151} INFO - [2024-11-02T20:22:03.088+0000] {dag.py:3696} INFO - Setting next_dagrun for example_nested_branch_dag to 2024-11-01T00:00:00+00:00, run_after=2024-11-02T00:00:00+00:00
[2024-11-02T20:22:03.422+0000] {processor.py:179} INFO - Processing /home/airflow/.local/lib/python3.8/site-packages/airflow/example_dags/example_nested_branch_dag.py took 1.628 seconds
[2024-11-02T20:22:46.084+0000] {processor.py:157} INFO - Started process (PID=618) to work on /home/airflow/.local/lib/python3.8/site-packages/airflow/example_dags/example_nested_branch_dag.py
[2024-11-02T20:22:46.108+0000] {processor.py:829} INFO - Processing file /home/airflow/.local/lib/python3.8/site-packages/airflow/example_dags/example_nested_branch_dag.py for tasks to queue
[2024-11-02T20:22:46.123+0000] {logging_mixin.py:151} INFO - [2024-11-02T20:22:46.122+0000] {dagbag.py:539} INFO - Filling up the DagBag from /home/airflow/.local/lib/python3.8/site-packages/airflow/example_dags/example_nested_branch_dag.py
[2024-11-02T20:22:46.294+0000] {processor.py:839} INFO - DAG(s) dict_keys(['example_nested_branch_dag']) retrieved from /home/airflow/.local/lib/python3.8/site-packages/airflow/example_dags/example_nested_branch_dag.py
[2024-11-02T20:22:46.450+0000] {logging_mixin.py:151} INFO - [2024-11-02T20:22:46.450+0000] {dag.py:2915} INFO - Sync 1 DAGs
[2024-11-02T20:22:46.792+0000] {logging_mixin.py:151} INFO - [2024-11-02T20:22:46.783+0000] {dag.py:3696} INFO - Setting next_dagrun for example_nested_branch_dag to 2024-11-01T00:00:00+00:00, run_after=2024-11-02T00:00:00+00:00
[2024-11-02T20:22:46.990+0000] {processor.py:179} INFO - Processing /home/airflow/.local/lib/python3.8/site-packages/airflow/example_dags/example_nested_branch_dag.py took 0.968 seconds
[2024-11-02T20:23:31.284+0000] {processor.py:157} INFO - Started process (PID=661) to work on /home/airflow/.local/lib/python3.8/site-packages/airflow/example_dags/example_nested_branch_dag.py
[2024-11-02T20:23:31.302+0000] {processor.py:829} INFO - Processing file /home/airflow/.local/lib/python3.8/site-packages/airflow/example_dags/example_nested_branch_dag.py for tasks to queue
[2024-11-02T20:23:31.336+0000] {logging_mixin.py:151} INFO - [2024-11-02T20:23:31.319+0000] {dagbag.py:539} INFO - Filling up the DagBag from /home/airflow/.local/lib/python3.8/site-packages/airflow/example_dags/example_nested_branch_dag.py
[2024-11-02T20:23:31.572+0000] {processor.py:839} INFO - DAG(s) dict_keys(['example_nested_branch_dag']) retrieved from /home/airflow/.local/lib/python3.8/site-packages/airflow/example_dags/example_nested_branch_dag.py
[2024-11-02T20:23:32.055+0000] {logging_mixin.py:151} INFO - [2024-11-02T20:23:32.040+0000] {dag.py:2915} INFO - Sync 1 DAGs
[2024-11-02T20:23:33.109+0000] {logging_mixin.py:151} INFO - [2024-11-02T20:23:33.108+0000] {dag.py:3696} INFO - Setting next_dagrun for example_nested_branch_dag to 2024-11-01T00:00:00+00:00, run_after=2024-11-02T00:00:00+00:00
[2024-11-02T20:23:33.635+0000] {processor.py:179} INFO - Processing /home/airflow/.local/lib/python3.8/site-packages/airflow/example_dags/example_nested_branch_dag.py took 2.408 seconds
[2024-11-02T20:24:32.261+0000] {processor.py:157} INFO - Started process (PID=722) to work on /home/airflow/.local/lib/python3.8/site-packages/airflow/example_dags/example_nested_branch_dag.py
[2024-11-02T20:24:32.269+0000] {processor.py:829} INFO - Processing file /home/airflow/.local/lib/python3.8/site-packages/airflow/example_dags/example_nested_branch_dag.py for tasks to queue
[2024-11-02T20:24:32.283+0000] {logging_mixin.py:151} INFO - [2024-11-02T20:24:32.283+0000] {dagbag.py:539} INFO - Filling up the DagBag from /home/airflow/.local/lib/python3.8/site-packages/airflow/example_dags/example_nested_branch_dag.py
[2024-11-02T20:24:32.544+0000] {processor.py:839} INFO - DAG(s) dict_keys(['example_nested_branch_dag']) retrieved from /home/airflow/.local/lib/python3.8/site-packages/airflow/example_dags/example_nested_branch_dag.py
[2024-11-02T20:24:32.933+0000] {logging_mixin.py:151} INFO - [2024-11-02T20:24:32.933+0000] {dag.py:2915} INFO - Sync 1 DAGs
[2024-11-02T20:24:33.347+0000] {logging_mixin.py:151} INFO - [2024-11-02T20:24:33.346+0000] {dag.py:3696} INFO - Setting next_dagrun for example_nested_branch_dag to 2024-11-01T00:00:00+00:00, run_after=2024-11-02T00:00:00+00:00
[2024-11-02T20:24:33.682+0000] {processor.py:179} INFO - Processing /home/airflow/.local/lib/python3.8/site-packages/airflow/example_dags/example_nested_branch_dag.py took 1.441 seconds
