[2024-11-02T20:12:31.405+0000] {processor.py:157} INFO - Started process (PID=86) to work on /home/airflow/.local/lib/python3.8/site-packages/airflow/example_dags/example_complex.py
[2024-11-02T20:12:31.412+0000] {processor.py:829} INFO - Processing file /home/airflow/.local/lib/python3.8/site-packages/airflow/example_dags/example_complex.py for tasks to queue
[2024-11-02T20:12:31.464+0000] {logging_mixin.py:151} INFO - [2024-11-02T20:12:31.463+0000] {dagbag.py:539} INFO - Filling up the DagBag from /home/airflow/.local/lib/python3.8/site-packages/airflow/example_dags/example_complex.py
[2024-11-02T20:12:31.726+0000] {processor.py:839} INFO - DAG(s) dict_keys(['example_complex']) retrieved from /home/airflow/.local/lib/python3.8/site-packages/airflow/example_dags/example_complex.py
[2024-11-02T20:12:32.420+0000] {logging_mixin.py:151} INFO - [2024-11-02T20:12:32.420+0000] {dag.py:2915} INFO - Sync 1 DAGs
[2024-11-02T20:12:32.662+0000] {logging_mixin.py:151} INFO - [2024-11-02T20:12:32.661+0000] {dag.py:3696} INFO - Setting next_dagrun for example_complex to None, run_after=None
[2024-11-02T20:12:33.051+0000] {processor.py:179} INFO - Processing /home/airflow/.local/lib/python3.8/site-packages/airflow/example_dags/example_complex.py took 1.708 seconds
[2024-11-02T20:14:42.413+0000] {processor.py:157} INFO - Started process (PID=81) to work on /home/airflow/.local/lib/python3.8/site-packages/airflow/example_dags/example_complex.py
[2024-11-02T20:14:42.474+0000] {processor.py:829} INFO - Processing file /home/airflow/.local/lib/python3.8/site-packages/airflow/example_dags/example_complex.py for tasks to queue
[2024-11-02T20:14:42.553+0000] {logging_mixin.py:151} INFO - [2024-11-02T20:14:42.523+0000] {dagbag.py:539} INFO - Filling up the DagBag from /home/airflow/.local/lib/python3.8/site-packages/airflow/example_dags/example_complex.py
[2024-11-02T20:14:43.057+0000] {processor.py:839} INFO - DAG(s) dict_keys(['example_complex']) retrieved from /home/airflow/.local/lib/python3.8/site-packages/airflow/example_dags/example_complex.py
[2024-11-02T20:14:43.816+0000] {logging_mixin.py:151} INFO - [2024-11-02T20:14:43.816+0000] {dag.py:2915} INFO - Sync 1 DAGs
[2024-11-02T20:14:44.144+0000] {logging_mixin.py:151} INFO - [2024-11-02T20:14:44.143+0000] {dag.py:3696} INFO - Setting next_dagrun for example_complex to None, run_after=None
[2024-11-02T20:14:44.636+0000] {processor.py:179} INFO - Processing /home/airflow/.local/lib/python3.8/site-packages/airflow/example_dags/example_complex.py took 2.231 seconds
[2024-11-02T20:15:37.777+0000] {processor.py:157} INFO - Started process (PID=143) to work on /home/airflow/.local/lib/python3.8/site-packages/airflow/example_dags/example_complex.py
[2024-11-02T20:15:37.806+0000] {processor.py:829} INFO - Processing file /home/airflow/.local/lib/python3.8/site-packages/airflow/example_dags/example_complex.py for tasks to queue
[2024-11-02T20:15:37.841+0000] {logging_mixin.py:151} INFO - [2024-11-02T20:15:37.840+0000] {dagbag.py:539} INFO - Filling up the DagBag from /home/airflow/.local/lib/python3.8/site-packages/airflow/example_dags/example_complex.py
[2024-11-02T20:15:38.194+0000] {processor.py:839} INFO - DAG(s) dict_keys(['example_complex']) retrieved from /home/airflow/.local/lib/python3.8/site-packages/airflow/example_dags/example_complex.py
[2024-11-02T20:15:39.534+0000] {logging_mixin.py:151} INFO - [2024-11-02T20:15:39.534+0000] {dag.py:2915} INFO - Sync 1 DAGs
[2024-11-02T20:15:39.897+0000] {logging_mixin.py:151} INFO - [2024-11-02T20:15:39.896+0000] {dag.py:3696} INFO - Setting next_dagrun for example_complex to None, run_after=None
[2024-11-02T20:15:40.449+0000] {processor.py:179} INFO - Processing /home/airflow/.local/lib/python3.8/site-packages/airflow/example_dags/example_complex.py took 2.741 seconds
[2024-11-02T20:16:36.644+0000] {processor.py:157} INFO - Started process (PID=211) to work on /home/airflow/.local/lib/python3.8/site-packages/airflow/example_dags/example_complex.py
[2024-11-02T20:16:36.659+0000] {processor.py:829} INFO - Processing file /home/airflow/.local/lib/python3.8/site-packages/airflow/example_dags/example_complex.py for tasks to queue
[2024-11-02T20:16:36.673+0000] {logging_mixin.py:151} INFO - [2024-11-02T20:16:36.673+0000] {dagbag.py:539} INFO - Filling up the DagBag from /home/airflow/.local/lib/python3.8/site-packages/airflow/example_dags/example_complex.py
[2024-11-02T20:16:36.726+0000] {processor.py:839} INFO - DAG(s) dict_keys(['example_complex']) retrieved from /home/airflow/.local/lib/python3.8/site-packages/airflow/example_dags/example_complex.py
[2024-11-02T20:16:36.816+0000] {logging_mixin.py:151} INFO - [2024-11-02T20:16:36.815+0000] {dag.py:2915} INFO - Sync 1 DAGs
[2024-11-02T20:16:36.925+0000] {logging_mixin.py:151} INFO - [2024-11-02T20:16:36.912+0000] {dag.py:3696} INFO - Setting next_dagrun for example_complex to None, run_after=None
[2024-11-02T20:16:37.199+0000] {processor.py:179} INFO - Processing /home/airflow/.local/lib/python3.8/site-packages/airflow/example_dags/example_complex.py took 0.591 seconds
[2024-11-02T20:17:38.541+0000] {processor.py:157} INFO - Started process (PID=278) to work on /home/airflow/.local/lib/python3.8/site-packages/airflow/example_dags/example_complex.py
[2024-11-02T20:17:38.597+0000] {processor.py:829} INFO - Processing file /home/airflow/.local/lib/python3.8/site-packages/airflow/example_dags/example_complex.py for tasks to queue
[2024-11-02T20:17:38.609+0000] {logging_mixin.py:151} INFO - [2024-11-02T20:17:38.608+0000] {dagbag.py:539} INFO - Filling up the DagBag from /home/airflow/.local/lib/python3.8/site-packages/airflow/example_dags/example_complex.py
[2024-11-02T20:17:38.683+0000] {processor.py:839} INFO - DAG(s) dict_keys(['example_complex']) retrieved from /home/airflow/.local/lib/python3.8/site-packages/airflow/example_dags/example_complex.py
[2024-11-02T20:17:39.007+0000] {logging_mixin.py:151} INFO - [2024-11-02T20:17:39.007+0000] {dag.py:2915} INFO - Sync 1 DAGs
[2024-11-02T20:17:39.202+0000] {logging_mixin.py:151} INFO - [2024-11-02T20:17:39.194+0000] {dag.py:3696} INFO - Setting next_dagrun for example_complex to None, run_after=None
[2024-11-02T20:17:39.732+0000] {processor.py:179} INFO - Processing /home/airflow/.local/lib/python3.8/site-packages/airflow/example_dags/example_complex.py took 1.199 seconds
[2024-11-02T20:18:44.914+0000] {processor.py:157} INFO - Started process (PID=348) to work on /home/airflow/.local/lib/python3.8/site-packages/airflow/example_dags/example_complex.py
[2024-11-02T20:18:44.934+0000] {processor.py:829} INFO - Processing file /home/airflow/.local/lib/python3.8/site-packages/airflow/example_dags/example_complex.py for tasks to queue
[2024-11-02T20:18:44.969+0000] {logging_mixin.py:151} INFO - [2024-11-02T20:18:44.968+0000] {dagbag.py:539} INFO - Filling up the DagBag from /home/airflow/.local/lib/python3.8/site-packages/airflow/example_dags/example_complex.py
[2024-11-02T20:18:45.152+0000] {processor.py:839} INFO - DAG(s) dict_keys(['example_complex']) retrieved from /home/airflow/.local/lib/python3.8/site-packages/airflow/example_dags/example_complex.py
[2024-11-02T20:18:45.734+0000] {logging_mixin.py:151} INFO - [2024-11-02T20:18:45.734+0000] {dag.py:2915} INFO - Sync 1 DAGs
[2024-11-02T20:18:45.888+0000] {logging_mixin.py:151} INFO - [2024-11-02T20:18:45.888+0000] {dag.py:3696} INFO - Setting next_dagrun for example_complex to None, run_after=None
[2024-11-02T20:18:46.478+0000] {processor.py:179} INFO - Processing /home/airflow/.local/lib/python3.8/site-packages/airflow/example_dags/example_complex.py took 1.636 seconds
[2024-11-02T20:19:35.851+0000] {processor.py:157} INFO - Started process (PID=411) to work on /home/airflow/.local/lib/python3.8/site-packages/airflow/example_dags/example_complex.py
[2024-11-02T20:19:35.854+0000] {processor.py:829} INFO - Processing file /home/airflow/.local/lib/python3.8/site-packages/airflow/example_dags/example_complex.py for tasks to queue
[2024-11-02T20:19:35.873+0000] {logging_mixin.py:151} INFO - [2024-11-02T20:19:35.861+0000] {dagbag.py:539} INFO - Filling up the DagBag from /home/airflow/.local/lib/python3.8/site-packages/airflow/example_dags/example_complex.py
[2024-11-02T20:19:36.160+0000] {processor.py:839} INFO - DAG(s) dict_keys(['example_complex']) retrieved from /home/airflow/.local/lib/python3.8/site-packages/airflow/example_dags/example_complex.py
[2024-11-02T20:19:36.910+0000] {logging_mixin.py:151} INFO - [2024-11-02T20:19:36.906+0000] {dag.py:2915} INFO - Sync 1 DAGs
[2024-11-02T20:19:37.099+0000] {logging_mixin.py:151} INFO - [2024-11-02T20:19:37.098+0000] {dag.py:3696} INFO - Setting next_dagrun for example_complex to None, run_after=None
[2024-11-02T20:19:37.507+0000] {processor.py:179} INFO - Processing /home/airflow/.local/lib/python3.8/site-packages/airflow/example_dags/example_complex.py took 1.760 seconds
[2024-11-02T20:20:34.753+0000] {processor.py:157} INFO - Started process (PID=475) to work on /home/airflow/.local/lib/python3.8/site-packages/airflow/example_dags/example_complex.py
[2024-11-02T20:20:34.776+0000] {processor.py:829} INFO - Processing file /home/airflow/.local/lib/python3.8/site-packages/airflow/example_dags/example_complex.py for tasks to queue
[2024-11-02T20:20:34.827+0000] {logging_mixin.py:151} INFO - [2024-11-02T20:20:34.827+0000] {dagbag.py:539} INFO - Filling up the DagBag from /home/airflow/.local/lib/python3.8/site-packages/airflow/example_dags/example_complex.py
[2024-11-02T20:20:34.911+0000] {processor.py:839} INFO - DAG(s) dict_keys(['example_complex']) retrieved from /home/airflow/.local/lib/python3.8/site-packages/airflow/example_dags/example_complex.py
[2024-11-02T20:20:35.505+0000] {logging_mixin.py:151} INFO - [2024-11-02T20:20:35.505+0000] {dag.py:2915} INFO - Sync 1 DAGs
[2024-11-02T20:20:35.754+0000] {logging_mixin.py:151} INFO - [2024-11-02T20:20:35.753+0000] {dag.py:3696} INFO - Setting next_dagrun for example_complex to None, run_after=None
[2024-11-02T20:20:36.392+0000] {processor.py:179} INFO - Processing /home/airflow/.local/lib/python3.8/site-packages/airflow/example_dags/example_complex.py took 1.719 seconds
[2024-11-02T20:21:25.084+0000] {processor.py:157} INFO - Started process (PID=527) to work on /home/airflow/.local/lib/python3.8/site-packages/airflow/example_dags/example_complex.py
[2024-11-02T20:21:25.091+0000] {processor.py:829} INFO - Processing file /home/airflow/.local/lib/python3.8/site-packages/airflow/example_dags/example_complex.py for tasks to queue
[2024-11-02T20:21:25.118+0000] {logging_mixin.py:151} INFO - [2024-11-02T20:21:25.113+0000] {dagbag.py:539} INFO - Filling up the DagBag from /home/airflow/.local/lib/python3.8/site-packages/airflow/example_dags/example_complex.py
[2024-11-02T20:21:25.358+0000] {processor.py:839} INFO - DAG(s) dict_keys(['example_complex']) retrieved from /home/airflow/.local/lib/python3.8/site-packages/airflow/example_dags/example_complex.py
[2024-11-02T20:21:25.802+0000] {logging_mixin.py:151} INFO - [2024-11-02T20:21:25.802+0000] {dag.py:2915} INFO - Sync 1 DAGs
[2024-11-02T20:21:25.983+0000] {logging_mixin.py:151} INFO - [2024-11-02T20:21:25.982+0000] {dag.py:3696} INFO - Setting next_dagrun for example_complex to None, run_after=None
[2024-11-02T20:21:26.531+0000] {processor.py:179} INFO - Processing /home/airflow/.local/lib/python3.8/site-packages/airflow/example_dags/example_complex.py took 1.531 seconds
[2024-11-02T20:22:33.227+0000] {processor.py:157} INFO - Started process (PID=596) to work on /home/airflow/.local/lib/python3.8/site-packages/airflow/example_dags/example_complex.py
[2024-11-02T20:22:33.244+0000] {processor.py:829} INFO - Processing file /home/airflow/.local/lib/python3.8/site-packages/airflow/example_dags/example_complex.py for tasks to queue
[2024-11-02T20:22:33.275+0000] {logging_mixin.py:151} INFO - [2024-11-02T20:22:33.274+0000] {dagbag.py:539} INFO - Filling up the DagBag from /home/airflow/.local/lib/python3.8/site-packages/airflow/example_dags/example_complex.py
[2024-11-02T20:22:33.479+0000] {processor.py:839} INFO - DAG(s) dict_keys(['example_complex']) retrieved from /home/airflow/.local/lib/python3.8/site-packages/airflow/example_dags/example_complex.py
[2024-11-02T20:22:33.961+0000] {logging_mixin.py:151} INFO - [2024-11-02T20:22:33.961+0000] {dag.py:2915} INFO - Sync 1 DAGs
[2024-11-02T20:22:34.325+0000] {logging_mixin.py:151} INFO - [2024-11-02T20:22:34.324+0000] {dag.py:3696} INFO - Setting next_dagrun for example_complex to None, run_after=None
[2024-11-02T20:22:34.593+0000] {processor.py:179} INFO - Processing /home/airflow/.local/lib/python3.8/site-packages/airflow/example_dags/example_complex.py took 1.443 seconds
[2024-11-02T20:23:45.621+0000] {processor.py:157} INFO - Started process (PID=677) to work on /home/airflow/.local/lib/python3.8/site-packages/airflow/example_dags/example_complex.py
[2024-11-02T20:23:45.638+0000] {processor.py:829} INFO - Processing file /home/airflow/.local/lib/python3.8/site-packages/airflow/example_dags/example_complex.py for tasks to queue
[2024-11-02T20:23:45.684+0000] {logging_mixin.py:151} INFO - [2024-11-02T20:23:45.683+0000] {dagbag.py:539} INFO - Filling up the DagBag from /home/airflow/.local/lib/python3.8/site-packages/airflow/example_dags/example_complex.py
[2024-11-02T20:23:45.937+0000] {processor.py:839} INFO - DAG(s) dict_keys(['example_complex']) retrieved from /home/airflow/.local/lib/python3.8/site-packages/airflow/example_dags/example_complex.py
[2024-11-02T20:23:46.686+0000] {logging_mixin.py:151} INFO - [2024-11-02T20:23:46.686+0000] {dag.py:2915} INFO - Sync 1 DAGs
[2024-11-02T20:23:47.000+0000] {logging_mixin.py:151} INFO - [2024-11-02T20:23:46.999+0000] {dag.py:3696} INFO - Setting next_dagrun for example_complex to None, run_after=None
[2024-11-02T20:23:47.511+0000] {processor.py:179} INFO - Processing /home/airflow/.local/lib/python3.8/site-packages/airflow/example_dags/example_complex.py took 1.978 seconds
[2024-11-02T20:24:42.468+0000] {processor.py:157} INFO - Started process (PID=731) to work on /home/airflow/.local/lib/python3.8/site-packages/airflow/example_dags/example_complex.py
[2024-11-02T20:24:42.513+0000] {processor.py:829} INFO - Processing file /home/airflow/.local/lib/python3.8/site-packages/airflow/example_dags/example_complex.py for tasks to queue
[2024-11-02T20:24:42.608+0000] {logging_mixin.py:151} INFO - [2024-11-02T20:24:42.608+0000] {dagbag.py:539} INFO - Filling up the DagBag from /home/airflow/.local/lib/python3.8/site-packages/airflow/example_dags/example_complex.py
[2024-11-02T20:24:43.081+0000] {processor.py:839} INFO - DAG(s) dict_keys(['example_complex']) retrieved from /home/airflow/.local/lib/python3.8/site-packages/airflow/example_dags/example_complex.py
[2024-11-02T20:24:44.218+0000] {logging_mixin.py:151} INFO - [2024-11-02T20:24:44.218+0000] {dag.py:2915} INFO - Sync 1 DAGs
[2024-11-02T20:24:44.554+0000] {logging_mixin.py:151} INFO - [2024-11-02T20:24:44.546+0000] {dag.py:3696} INFO - Setting next_dagrun for example_complex to None, run_after=None
[2024-11-02T20:24:45.100+0000] {processor.py:179} INFO - Processing /home/airflow/.local/lib/python3.8/site-packages/airflow/example_dags/example_complex.py took 2.772 seconds
