[2024-11-02T20:12:35.879+0000] {processor.py:157} INFO - Started process (PID=90) to work on /home/airflow/.local/lib/python3.8/site-packages/airflow/example_dags/example_subdag_operator.py
[2024-11-02T20:12:35.880+0000] {processor.py:829} INFO - Processing file /home/airflow/.local/lib/python3.8/site-packages/airflow/example_dags/example_subdag_operator.py for tasks to queue
[2024-11-02T20:12:35.918+0000] {logging_mixin.py:151} INFO - [2024-11-02T20:12:35.914+0000] {dagbag.py:539} INFO - Filling up the DagBag from /home/airflow/.local/lib/python3.8/site-packages/airflow/example_dags/example_subdag_operator.py
[2024-11-02T20:12:36.183+0000] {processor.py:839} INFO - DAG(s) dict_keys(['example_subdag_operator.section-1', 'example_subdag_operator.section-2', 'example_subdag_operator']) retrieved from /home/airflow/.local/lib/python3.8/site-packages/airflow/example_dags/example_subdag_operator.py
[2024-11-02T20:12:36.324+0000] {logging_mixin.py:151} INFO - [2024-11-02T20:12:36.323+0000] {dag.py:2915} INFO - Sync 3 DAGs
[2024-11-02T20:12:36.563+0000] {logging_mixin.py:151} INFO - [2024-11-02T20:12:36.563+0000] {dag.py:3696} INFO - Setting next_dagrun for example_subdag_operator to 2022-01-01T00:00:00+00:00, run_after=2022-01-01T00:00:00+00:00
[2024-11-02T20:12:36.620+0000] {logging_mixin.py:151} INFO - [2024-11-02T20:12:36.604+0000] {dag.py:3696} INFO - Setting next_dagrun for example_subdag_operator.section-1 to None, run_after=None
[2024-11-02T20:12:36.643+0000] {logging_mixin.py:151} INFO - [2024-11-02T20:12:36.630+0000] {dag.py:3696} INFO - Setting next_dagrun for example_subdag_operator.section-2 to None, run_after=None
[2024-11-02T20:12:36.743+0000] {logging_mixin.py:151} INFO - [2024-11-02T20:12:36.743+0000] {dag.py:2915} INFO - Sync 2 DAGs
[2024-11-02T20:12:36.884+0000] {logging_mixin.py:151} INFO - [2024-11-02T20:12:36.836+0000] {dag.py:3696} INFO - Setting next_dagrun for example_subdag_operator.section-1 to None, run_after=None
[2024-11-02T20:12:36.886+0000] {logging_mixin.py:151} INFO - [2024-11-02T20:12:36.886+0000] {dag.py:3696} INFO - Setting next_dagrun for example_subdag_operator.section-2 to None, run_after=None
[2024-11-02T20:12:37.203+0000] {processor.py:179} INFO - Processing /home/airflow/.local/lib/python3.8/site-packages/airflow/example_dags/example_subdag_operator.py took 1.331 seconds
[2024-11-02T20:14:48.378+0000] {processor.py:157} INFO - Started process (PID=85) to work on /home/airflow/.local/lib/python3.8/site-packages/airflow/example_dags/example_subdag_operator.py
[2024-11-02T20:14:48.390+0000] {processor.py:829} INFO - Processing file /home/airflow/.local/lib/python3.8/site-packages/airflow/example_dags/example_subdag_operator.py for tasks to queue
[2024-11-02T20:14:48.456+0000] {logging_mixin.py:151} INFO - [2024-11-02T20:14:48.456+0000] {dagbag.py:539} INFO - Filling up the DagBag from /home/airflow/.local/lib/python3.8/site-packages/airflow/example_dags/example_subdag_operator.py
[2024-11-02T20:14:49.222+0000] {processor.py:839} INFO - DAG(s) dict_keys(['example_subdag_operator.section-1', 'example_subdag_operator.section-2', 'example_subdag_operator']) retrieved from /home/airflow/.local/lib/python3.8/site-packages/airflow/example_dags/example_subdag_operator.py
[2024-11-02T20:14:49.808+0000] {logging_mixin.py:151} INFO - [2024-11-02T20:14:49.807+0000] {dag.py:2915} INFO - Sync 3 DAGs
[2024-11-02T20:14:50.045+0000] {logging_mixin.py:151} INFO - [2024-11-02T20:14:50.037+0000] {dag.py:3696} INFO - Setting next_dagrun for example_subdag_operator to 2022-01-01T00:00:00+00:00, run_after=2022-01-01T00:00:00+00:00
[2024-11-02T20:14:50.100+0000] {logging_mixin.py:151} INFO - [2024-11-02T20:14:50.099+0000] {dag.py:3696} INFO - Setting next_dagrun for example_subdag_operator.section-1 to None, run_after=None
[2024-11-02T20:14:50.148+0000] {logging_mixin.py:151} INFO - [2024-11-02T20:14:50.148+0000] {dag.py:3696} INFO - Setting next_dagrun for example_subdag_operator.section-2 to None, run_after=None
[2024-11-02T20:14:50.196+0000] {logging_mixin.py:151} INFO - [2024-11-02T20:14:50.196+0000] {dag.py:2915} INFO - Sync 2 DAGs
[2024-11-02T20:14:50.260+0000] {logging_mixin.py:151} INFO - [2024-11-02T20:14:50.260+0000] {dag.py:3696} INFO - Setting next_dagrun for example_subdag_operator.section-1 to None, run_after=None
[2024-11-02T20:14:50.261+0000] {logging_mixin.py:151} INFO - [2024-11-02T20:14:50.261+0000] {dag.py:3696} INFO - Setting next_dagrun for example_subdag_operator.section-2 to None, run_after=None
[2024-11-02T20:14:50.397+0000] {processor.py:179} INFO - Processing /home/airflow/.local/lib/python3.8/site-packages/airflow/example_dags/example_subdag_operator.py took 2.063 seconds
[2024-11-02T20:15:50.502+0000] {processor.py:157} INFO - Started process (PID=153) to work on /home/airflow/.local/lib/python3.8/site-packages/airflow/example_dags/example_subdag_operator.py
[2024-11-02T20:15:50.517+0000] {processor.py:829} INFO - Processing file /home/airflow/.local/lib/python3.8/site-packages/airflow/example_dags/example_subdag_operator.py for tasks to queue
[2024-11-02T20:15:50.532+0000] {logging_mixin.py:151} INFO - [2024-11-02T20:15:50.531+0000] {dagbag.py:539} INFO - Filling up the DagBag from /home/airflow/.local/lib/python3.8/site-packages/airflow/example_dags/example_subdag_operator.py
[2024-11-02T20:15:50.870+0000] {processor.py:839} INFO - DAG(s) dict_keys(['example_subdag_operator.section-1', 'example_subdag_operator.section-2', 'example_subdag_operator']) retrieved from /home/airflow/.local/lib/python3.8/site-packages/airflow/example_dags/example_subdag_operator.py
[2024-11-02T20:15:51.078+0000] {logging_mixin.py:151} INFO - [2024-11-02T20:15:51.077+0000] {dag.py:2915} INFO - Sync 3 DAGs
[2024-11-02T20:15:51.250+0000] {logging_mixin.py:151} INFO - [2024-11-02T20:15:51.248+0000] {dag.py:3696} INFO - Setting next_dagrun for example_subdag_operator to 2022-01-01T00:00:00+00:00, run_after=2022-01-01T00:00:00+00:00
[2024-11-02T20:15:51.284+0000] {logging_mixin.py:151} INFO - [2024-11-02T20:15:51.277+0000] {dag.py:3696} INFO - Setting next_dagrun for example_subdag_operator.section-1 to None, run_after=None
[2024-11-02T20:15:51.294+0000] {logging_mixin.py:151} INFO - [2024-11-02T20:15:51.294+0000] {dag.py:3696} INFO - Setting next_dagrun for example_subdag_operator.section-2 to None, run_after=None
[2024-11-02T20:15:51.395+0000] {logging_mixin.py:151} INFO - [2024-11-02T20:15:51.394+0000] {dag.py:2915} INFO - Sync 2 DAGs
[2024-11-02T20:15:51.446+0000] {logging_mixin.py:151} INFO - [2024-11-02T20:15:51.446+0000] {dag.py:3696} INFO - Setting next_dagrun for example_subdag_operator.section-1 to None, run_after=None
[2024-11-02T20:15:51.447+0000] {logging_mixin.py:151} INFO - [2024-11-02T20:15:51.447+0000] {dag.py:3696} INFO - Setting next_dagrun for example_subdag_operator.section-2 to None, run_after=None
[2024-11-02T20:15:51.562+0000] {processor.py:179} INFO - Processing /home/airflow/.local/lib/python3.8/site-packages/airflow/example_dags/example_subdag_operator.py took 1.137 seconds
[2024-11-02T20:16:48.226+0000] {processor.py:157} INFO - Started process (PID=220) to work on /home/airflow/.local/lib/python3.8/site-packages/airflow/example_dags/example_subdag_operator.py
[2024-11-02T20:16:48.232+0000] {processor.py:829} INFO - Processing file /home/airflow/.local/lib/python3.8/site-packages/airflow/example_dags/example_subdag_operator.py for tasks to queue
[2024-11-02T20:16:48.251+0000] {logging_mixin.py:151} INFO - [2024-11-02T20:16:48.250+0000] {dagbag.py:539} INFO - Filling up the DagBag from /home/airflow/.local/lib/python3.8/site-packages/airflow/example_dags/example_subdag_operator.py
[2024-11-02T20:16:48.730+0000] {processor.py:839} INFO - DAG(s) dict_keys(['example_subdag_operator.section-1', 'example_subdag_operator.section-2', 'example_subdag_operator']) retrieved from /home/airflow/.local/lib/python3.8/site-packages/airflow/example_dags/example_subdag_operator.py
[2024-11-02T20:16:49.138+0000] {logging_mixin.py:151} INFO - [2024-11-02T20:16:49.138+0000] {dag.py:2915} INFO - Sync 3 DAGs
[2024-11-02T20:16:49.597+0000] {logging_mixin.py:151} INFO - [2024-11-02T20:16:49.589+0000] {dag.py:3696} INFO - Setting next_dagrun for example_subdag_operator to 2022-01-01T00:00:00+00:00, run_after=2022-01-01T00:00:00+00:00
[2024-11-02T20:16:49.718+0000] {logging_mixin.py:151} INFO - [2024-11-02T20:16:49.717+0000] {dag.py:3696} INFO - Setting next_dagrun for example_subdag_operator.section-1 to None, run_after=None
[2024-11-02T20:16:49.763+0000] {logging_mixin.py:151} INFO - [2024-11-02T20:16:49.763+0000] {dag.py:3696} INFO - Setting next_dagrun for example_subdag_operator.section-2 to None, run_after=None
[2024-11-02T20:16:49.925+0000] {logging_mixin.py:151} INFO - [2024-11-02T20:16:49.925+0000] {dag.py:2915} INFO - Sync 2 DAGs
[2024-11-02T20:16:50.027+0000] {logging_mixin.py:151} INFO - [2024-11-02T20:16:50.027+0000] {dag.py:3696} INFO - Setting next_dagrun for example_subdag_operator.section-1 to None, run_after=None
[2024-11-02T20:16:50.028+0000] {logging_mixin.py:151} INFO - [2024-11-02T20:16:50.027+0000] {dag.py:3696} INFO - Setting next_dagrun for example_subdag_operator.section-2 to None, run_after=None
[2024-11-02T20:16:50.391+0000] {processor.py:179} INFO - Processing /home/airflow/.local/lib/python3.8/site-packages/airflow/example_dags/example_subdag_operator.py took 2.237 seconds
[2024-11-02T20:17:51.803+0000] {processor.py:157} INFO - Started process (PID=291) to work on /home/airflow/.local/lib/python3.8/site-packages/airflow/example_dags/example_subdag_operator.py
[2024-11-02T20:17:51.824+0000] {processor.py:829} INFO - Processing file /home/airflow/.local/lib/python3.8/site-packages/airflow/example_dags/example_subdag_operator.py for tasks to queue
[2024-11-02T20:17:51.885+0000] {logging_mixin.py:151} INFO - [2024-11-02T20:17:51.884+0000] {dagbag.py:539} INFO - Filling up the DagBag from /home/airflow/.local/lib/python3.8/site-packages/airflow/example_dags/example_subdag_operator.py
[2024-11-02T20:17:52.285+0000] {processor.py:839} INFO - DAG(s) dict_keys(['example_subdag_operator.section-1', 'example_subdag_operator.section-2', 'example_subdag_operator']) retrieved from /home/airflow/.local/lib/python3.8/site-packages/airflow/example_dags/example_subdag_operator.py
[2024-11-02T20:17:52.521+0000] {logging_mixin.py:151} INFO - [2024-11-02T20:17:52.521+0000] {dag.py:2915} INFO - Sync 3 DAGs
[2024-11-02T20:17:53.139+0000] {logging_mixin.py:151} INFO - [2024-11-02T20:17:53.139+0000] {dag.py:3696} INFO - Setting next_dagrun for example_subdag_operator to 2022-01-01T00:00:00+00:00, run_after=2022-01-01T00:00:00+00:00
[2024-11-02T20:17:53.195+0000] {logging_mixin.py:151} INFO - [2024-11-02T20:17:53.185+0000] {dag.py:3696} INFO - Setting next_dagrun for example_subdag_operator.section-1 to None, run_after=None
[2024-11-02T20:17:53.210+0000] {logging_mixin.py:151} INFO - [2024-11-02T20:17:53.209+0000] {dag.py:3696} INFO - Setting next_dagrun for example_subdag_operator.section-2 to None, run_after=None
[2024-11-02T20:17:53.293+0000] {logging_mixin.py:151} INFO - [2024-11-02T20:17:53.293+0000] {dag.py:2915} INFO - Sync 2 DAGs
[2024-11-02T20:17:53.359+0000] {logging_mixin.py:151} INFO - [2024-11-02T20:17:53.359+0000] {dag.py:3696} INFO - Setting next_dagrun for example_subdag_operator.section-1 to None, run_after=None
[2024-11-02T20:17:53.359+0000] {logging_mixin.py:151} INFO - [2024-11-02T20:17:53.359+0000] {dag.py:3696} INFO - Setting next_dagrun for example_subdag_operator.section-2 to None, run_after=None
[2024-11-02T20:17:53.571+0000] {processor.py:179} INFO - Processing /home/airflow/.local/lib/python3.8/site-packages/airflow/example_dags/example_subdag_operator.py took 1.894 seconds
[2024-11-02T20:18:49.733+0000] {processor.py:157} INFO - Started process (PID=352) to work on /home/airflow/.local/lib/python3.8/site-packages/airflow/example_dags/example_subdag_operator.py
[2024-11-02T20:18:49.761+0000] {processor.py:829} INFO - Processing file /home/airflow/.local/lib/python3.8/site-packages/airflow/example_dags/example_subdag_operator.py for tasks to queue
[2024-11-02T20:18:49.844+0000] {logging_mixin.py:151} INFO - [2024-11-02T20:18:49.843+0000] {dagbag.py:539} INFO - Filling up the DagBag from /home/airflow/.local/lib/python3.8/site-packages/airflow/example_dags/example_subdag_operator.py
[2024-11-02T20:18:50.476+0000] {processor.py:839} INFO - DAG(s) dict_keys(['example_subdag_operator.section-1', 'example_subdag_operator.section-2', 'example_subdag_operator']) retrieved from /home/airflow/.local/lib/python3.8/site-packages/airflow/example_dags/example_subdag_operator.py
[2024-11-02T20:18:50.853+0000] {logging_mixin.py:151} INFO - [2024-11-02T20:18:50.852+0000] {dag.py:2915} INFO - Sync 3 DAGs
[2024-11-02T20:18:51.447+0000] {logging_mixin.py:151} INFO - [2024-11-02T20:18:51.447+0000] {dag.py:3696} INFO - Setting next_dagrun for example_subdag_operator to 2022-01-01T00:00:00+00:00, run_after=2022-01-01T00:00:00+00:00
[2024-11-02T20:18:51.530+0000] {logging_mixin.py:151} INFO - [2024-11-02T20:18:51.530+0000] {dag.py:3696} INFO - Setting next_dagrun for example_subdag_operator.section-1 to None, run_after=None
[2024-11-02T20:18:51.557+0000] {logging_mixin.py:151} INFO - [2024-11-02T20:18:51.557+0000] {dag.py:3696} INFO - Setting next_dagrun for example_subdag_operator.section-2 to None, run_after=None
[2024-11-02T20:18:51.730+0000] {logging_mixin.py:151} INFO - [2024-11-02T20:18:51.725+0000] {dag.py:2915} INFO - Sync 2 DAGs
[2024-11-02T20:18:51.973+0000] {logging_mixin.py:151} INFO - [2024-11-02T20:18:51.973+0000] {dag.py:3696} INFO - Setting next_dagrun for example_subdag_operator.section-1 to None, run_after=None
[2024-11-02T20:18:52.001+0000] {logging_mixin.py:151} INFO - [2024-11-02T20:18:51.992+0000] {dag.py:3696} INFO - Setting next_dagrun for example_subdag_operator.section-2 to None, run_after=None
[2024-11-02T20:18:52.314+0000] {processor.py:179} INFO - Processing /home/airflow/.local/lib/python3.8/site-packages/airflow/example_dags/example_subdag_operator.py took 2.637 seconds
[2024-11-02T20:19:39.476+0000] {processor.py:157} INFO - Started process (PID=415) to work on /home/airflow/.local/lib/python3.8/site-packages/airflow/example_dags/example_subdag_operator.py
[2024-11-02T20:19:39.513+0000] {processor.py:829} INFO - Processing file /home/airflow/.local/lib/python3.8/site-packages/airflow/example_dags/example_subdag_operator.py for tasks to queue
[2024-11-02T20:19:39.561+0000] {logging_mixin.py:151} INFO - [2024-11-02T20:19:39.538+0000] {dagbag.py:539} INFO - Filling up the DagBag from /home/airflow/.local/lib/python3.8/site-packages/airflow/example_dags/example_subdag_operator.py
[2024-11-02T20:19:40.341+0000] {processor.py:839} INFO - DAG(s) dict_keys(['example_subdag_operator.section-1', 'example_subdag_operator.section-2', 'example_subdag_operator']) retrieved from /home/airflow/.local/lib/python3.8/site-packages/airflow/example_dags/example_subdag_operator.py
[2024-11-02T20:19:40.838+0000] {logging_mixin.py:151} INFO - [2024-11-02T20:19:40.838+0000] {dag.py:2915} INFO - Sync 3 DAGs
[2024-11-02T20:19:41.334+0000] {logging_mixin.py:151} INFO - [2024-11-02T20:19:41.329+0000] {dag.py:3696} INFO - Setting next_dagrun for example_subdag_operator to 2022-01-01T00:00:00+00:00, run_after=2022-01-01T00:00:00+00:00
[2024-11-02T20:19:41.444+0000] {logging_mixin.py:151} INFO - [2024-11-02T20:19:41.434+0000] {dag.py:3696} INFO - Setting next_dagrun for example_subdag_operator.section-1 to None, run_after=None
[2024-11-02T20:19:41.487+0000] {logging_mixin.py:151} INFO - [2024-11-02T20:19:41.487+0000] {dag.py:3696} INFO - Setting next_dagrun for example_subdag_operator.section-2 to None, run_after=None
[2024-11-02T20:19:41.713+0000] {logging_mixin.py:151} INFO - [2024-11-02T20:19:41.712+0000] {dag.py:2915} INFO - Sync 2 DAGs
[2024-11-02T20:19:41.835+0000] {logging_mixin.py:151} INFO - [2024-11-02T20:19:41.832+0000] {dag.py:3696} INFO - Setting next_dagrun for example_subdag_operator.section-1 to None, run_after=None
[2024-11-02T20:19:41.848+0000] {logging_mixin.py:151} INFO - [2024-11-02T20:19:41.836+0000] {dag.py:3696} INFO - Setting next_dagrun for example_subdag_operator.section-2 to None, run_after=None
[2024-11-02T20:19:42.208+0000] {processor.py:179} INFO - Processing /home/airflow/.local/lib/python3.8/site-packages/airflow/example_dags/example_subdag_operator.py took 2.784 seconds
[2024-11-02T20:20:39.211+0000] {processor.py:157} INFO - Started process (PID=479) to work on /home/airflow/.local/lib/python3.8/site-packages/airflow/example_dags/example_subdag_operator.py
[2024-11-02T20:20:39.240+0000] {processor.py:829} INFO - Processing file /home/airflow/.local/lib/python3.8/site-packages/airflow/example_dags/example_subdag_operator.py for tasks to queue
[2024-11-02T20:20:39.273+0000] {logging_mixin.py:151} INFO - [2024-11-02T20:20:39.262+0000] {dagbag.py:539} INFO - Filling up the DagBag from /home/airflow/.local/lib/python3.8/site-packages/airflow/example_dags/example_subdag_operator.py
[2024-11-02T20:20:39.948+0000] {processor.py:839} INFO - DAG(s) dict_keys(['example_subdag_operator.section-1', 'example_subdag_operator.section-2', 'example_subdag_operator']) retrieved from /home/airflow/.local/lib/python3.8/site-packages/airflow/example_dags/example_subdag_operator.py
[2024-11-02T20:20:40.329+0000] {logging_mixin.py:151} INFO - [2024-11-02T20:20:40.329+0000] {dag.py:2915} INFO - Sync 3 DAGs
[2024-11-02T20:20:40.639+0000] {logging_mixin.py:151} INFO - [2024-11-02T20:20:40.638+0000] {dag.py:3696} INFO - Setting next_dagrun for example_subdag_operator to 2022-01-01T00:00:00+00:00, run_after=2022-01-01T00:00:00+00:00
[2024-11-02T20:20:40.664+0000] {logging_mixin.py:151} INFO - [2024-11-02T20:20:40.663+0000] {dag.py:3696} INFO - Setting next_dagrun for example_subdag_operator.section-1 to None, run_after=None
[2024-11-02T20:20:40.684+0000] {logging_mixin.py:151} INFO - [2024-11-02T20:20:40.683+0000] {dag.py:3696} INFO - Setting next_dagrun for example_subdag_operator.section-2 to None, run_after=None
[2024-11-02T20:20:40.874+0000] {logging_mixin.py:151} INFO - [2024-11-02T20:20:40.872+0000] {dag.py:2915} INFO - Sync 2 DAGs
[2024-11-02T20:20:40.929+0000] {logging_mixin.py:151} INFO - [2024-11-02T20:20:40.928+0000] {dag.py:3696} INFO - Setting next_dagrun for example_subdag_operator.section-1 to None, run_after=None
[2024-11-02T20:20:40.930+0000] {logging_mixin.py:151} INFO - [2024-11-02T20:20:40.929+0000] {dag.py:3696} INFO - Setting next_dagrun for example_subdag_operator.section-2 to None, run_after=None
[2024-11-02T20:20:41.158+0000] {processor.py:179} INFO - Processing /home/airflow/.local/lib/python3.8/site-packages/airflow/example_dags/example_subdag_operator.py took 2.010 seconds
[2024-11-02T20:21:29.186+0000] {processor.py:157} INFO - Started process (PID=531) to work on /home/airflow/.local/lib/python3.8/site-packages/airflow/example_dags/example_subdag_operator.py
[2024-11-02T20:21:29.229+0000] {processor.py:829} INFO - Processing file /home/airflow/.local/lib/python3.8/site-packages/airflow/example_dags/example_subdag_operator.py for tasks to queue
[2024-11-02T20:21:29.291+0000] {logging_mixin.py:151} INFO - [2024-11-02T20:21:29.270+0000] {dagbag.py:539} INFO - Filling up the DagBag from /home/airflow/.local/lib/python3.8/site-packages/airflow/example_dags/example_subdag_operator.py
[2024-11-02T20:21:29.992+0000] {processor.py:839} INFO - DAG(s) dict_keys(['example_subdag_operator.section-1', 'example_subdag_operator.section-2', 'example_subdag_operator']) retrieved from /home/airflow/.local/lib/python3.8/site-packages/airflow/example_dags/example_subdag_operator.py
[2024-11-02T20:21:30.446+0000] {logging_mixin.py:151} INFO - [2024-11-02T20:21:30.446+0000] {dag.py:2915} INFO - Sync 3 DAGs
[2024-11-02T20:21:30.982+0000] {logging_mixin.py:151} INFO - [2024-11-02T20:21:30.982+0000] {dag.py:3696} INFO - Setting next_dagrun for example_subdag_operator to 2022-01-01T00:00:00+00:00, run_after=2022-01-01T00:00:00+00:00
[2024-11-02T20:21:31.031+0000] {logging_mixin.py:151} INFO - [2024-11-02T20:21:31.030+0000] {dag.py:3696} INFO - Setting next_dagrun for example_subdag_operator.section-1 to None, run_after=None
[2024-11-02T20:21:31.060+0000] {logging_mixin.py:151} INFO - [2024-11-02T20:21:31.060+0000] {dag.py:3696} INFO - Setting next_dagrun for example_subdag_operator.section-2 to None, run_after=None
[2024-11-02T20:21:31.225+0000] {logging_mixin.py:151} INFO - [2024-11-02T20:21:31.201+0000] {dag.py:2915} INFO - Sync 2 DAGs
[2024-11-02T20:21:31.390+0000] {logging_mixin.py:151} INFO - [2024-11-02T20:21:31.390+0000] {dag.py:3696} INFO - Setting next_dagrun for example_subdag_operator.section-1 to None, run_after=None
[2024-11-02T20:21:31.391+0000] {logging_mixin.py:151} INFO - [2024-11-02T20:21:31.390+0000] {dag.py:3696} INFO - Setting next_dagrun for example_subdag_operator.section-2 to None, run_after=None
[2024-11-02T20:21:31.877+0000] {processor.py:179} INFO - Processing /home/airflow/.local/lib/python3.8/site-packages/airflow/example_dags/example_subdag_operator.py took 2.813 seconds
[2024-11-02T20:22:37.446+0000] {processor.py:157} INFO - Started process (PID=600) to work on /home/airflow/.local/lib/python3.8/site-packages/airflow/example_dags/example_subdag_operator.py
[2024-11-02T20:22:37.452+0000] {processor.py:829} INFO - Processing file /home/airflow/.local/lib/python3.8/site-packages/airflow/example_dags/example_subdag_operator.py for tasks to queue
[2024-11-02T20:22:37.488+0000] {logging_mixin.py:151} INFO - [2024-11-02T20:22:37.488+0000] {dagbag.py:539} INFO - Filling up the DagBag from /home/airflow/.local/lib/python3.8/site-packages/airflow/example_dags/example_subdag_operator.py
[2024-11-02T20:22:37.852+0000] {processor.py:839} INFO - DAG(s) dict_keys(['example_subdag_operator.section-1', 'example_subdag_operator.section-2', 'example_subdag_operator']) retrieved from /home/airflow/.local/lib/python3.8/site-packages/airflow/example_dags/example_subdag_operator.py
[2024-11-02T20:22:38.006+0000] {logging_mixin.py:151} INFO - [2024-11-02T20:22:38.005+0000] {dag.py:2915} INFO - Sync 3 DAGs
[2024-11-02T20:22:38.542+0000] {logging_mixin.py:151} INFO - [2024-11-02T20:22:38.541+0000] {dag.py:3696} INFO - Setting next_dagrun for example_subdag_operator to 2022-01-01T00:00:00+00:00, run_after=2022-01-01T00:00:00+00:00
[2024-11-02T20:22:38.610+0000] {logging_mixin.py:151} INFO - [2024-11-02T20:22:38.607+0000] {dag.py:3696} INFO - Setting next_dagrun for example_subdag_operator.section-1 to None, run_after=None
[2024-11-02T20:22:38.618+0000] {logging_mixin.py:151} INFO - [2024-11-02T20:22:38.617+0000] {dag.py:3696} INFO - Setting next_dagrun for example_subdag_operator.section-2 to None, run_after=None
[2024-11-02T20:22:38.740+0000] {logging_mixin.py:151} INFO - [2024-11-02T20:22:38.739+0000] {dag.py:2915} INFO - Sync 2 DAGs
[2024-11-02T20:22:38.860+0000] {logging_mixin.py:151} INFO - [2024-11-02T20:22:38.860+0000] {dag.py:3696} INFO - Setting next_dagrun for example_subdag_operator.section-1 to None, run_after=None
[2024-11-02T20:22:38.861+0000] {logging_mixin.py:151} INFO - [2024-11-02T20:22:38.861+0000] {dag.py:3696} INFO - Setting next_dagrun for example_subdag_operator.section-2 to None, run_after=None
[2024-11-02T20:22:39.220+0000] {processor.py:179} INFO - Processing /home/airflow/.local/lib/python3.8/site-packages/airflow/example_dags/example_subdag_operator.py took 1.817 seconds
[2024-11-02T20:23:50.917+0000] {processor.py:157} INFO - Started process (PID=681) to work on /home/airflow/.local/lib/python3.8/site-packages/airflow/example_dags/example_subdag_operator.py
[2024-11-02T20:23:50.920+0000] {processor.py:829} INFO - Processing file /home/airflow/.local/lib/python3.8/site-packages/airflow/example_dags/example_subdag_operator.py for tasks to queue
[2024-11-02T20:23:50.933+0000] {logging_mixin.py:151} INFO - [2024-11-02T20:23:50.932+0000] {dagbag.py:539} INFO - Filling up the DagBag from /home/airflow/.local/lib/python3.8/site-packages/airflow/example_dags/example_subdag_operator.py
[2024-11-02T20:23:51.529+0000] {processor.py:839} INFO - DAG(s) dict_keys(['example_subdag_operator.section-1', 'example_subdag_operator.section-2', 'example_subdag_operator']) retrieved from /home/airflow/.local/lib/python3.8/site-packages/airflow/example_dags/example_subdag_operator.py
[2024-11-02T20:23:51.826+0000] {logging_mixin.py:151} INFO - [2024-11-02T20:23:51.826+0000] {dag.py:2915} INFO - Sync 3 DAGs
[2024-11-02T20:23:52.336+0000] {logging_mixin.py:151} INFO - [2024-11-02T20:23:52.335+0000] {dag.py:3696} INFO - Setting next_dagrun for example_subdag_operator to 2022-01-01T00:00:00+00:00, run_after=2022-01-01T00:00:00+00:00
[2024-11-02T20:23:52.432+0000] {logging_mixin.py:151} INFO - [2024-11-02T20:23:52.432+0000] {dag.py:3696} INFO - Setting next_dagrun for example_subdag_operator.section-1 to None, run_after=None
[2024-11-02T20:23:52.484+0000] {logging_mixin.py:151} INFO - [2024-11-02T20:23:52.484+0000] {dag.py:3696} INFO - Setting next_dagrun for example_subdag_operator.section-2 to None, run_after=None
[2024-11-02T20:23:52.680+0000] {logging_mixin.py:151} INFO - [2024-11-02T20:23:52.680+0000] {dag.py:2915} INFO - Sync 2 DAGs
[2024-11-02T20:23:52.779+0000] {logging_mixin.py:151} INFO - [2024-11-02T20:23:52.778+0000] {dag.py:3696} INFO - Setting next_dagrun for example_subdag_operator.section-1 to None, run_after=None
[2024-11-02T20:23:52.780+0000] {logging_mixin.py:151} INFO - [2024-11-02T20:23:52.780+0000] {dag.py:3696} INFO - Setting next_dagrun for example_subdag_operator.section-2 to None, run_after=None
[2024-11-02T20:23:53.039+0000] {processor.py:179} INFO - Processing /home/airflow/.local/lib/python3.8/site-packages/airflow/example_dags/example_subdag_operator.py took 2.153 seconds
