[2024-11-02T20:11:42.518+0000] {processor.py:157} INFO - Started process (PID=51) to work on /home/airflow/.local/lib/python3.8/site-packages/airflow/example_dags/example_params_trigger_ui.py
[2024-11-02T20:11:42.529+0000] {processor.py:829} INFO - Processing file /home/airflow/.local/lib/python3.8/site-packages/airflow/example_dags/example_params_trigger_ui.py for tasks to queue
[2024-11-02T20:11:42.567+0000] {logging_mixin.py:151} INFO - [2024-11-02T20:11:42.553+0000] {dagbag.py:539} INFO - Filling up the DagBag from /home/airflow/.local/lib/python3.8/site-packages/airflow/example_dags/example_params_trigger_ui.py
[2024-11-02T20:11:43.199+0000] {processor.py:839} INFO - DAG(s) dict_keys(['example_params_trigger_ui']) retrieved from /home/airflow/.local/lib/python3.8/site-packages/airflow/example_dags/example_params_trigger_ui.py
[2024-11-02T20:11:45.055+0000] {logging_mixin.py:151} INFO - [2024-11-02T20:11:45.055+0000] {dag.py:2915} INFO - Sync 1 DAGs
[2024-11-02T20:11:45.343+0000] {logging_mixin.py:151} INFO - [2024-11-02T20:11:45.343+0000] {dag.py:3696} INFO - Setting next_dagrun for example_params_trigger_ui to None, run_after=None
[2024-11-02T20:11:45.693+0000] {processor.py:179} INFO - Processing /home/airflow/.local/lib/python3.8/site-packages/airflow/example_dags/example_params_trigger_ui.py took 3.267 seconds
[2024-11-02T20:14:05.869+0000] {processor.py:157} INFO - Started process (PID=46) to work on /home/airflow/.local/lib/python3.8/site-packages/airflow/example_dags/example_params_trigger_ui.py
[2024-11-02T20:14:05.877+0000] {processor.py:829} INFO - Processing file /home/airflow/.local/lib/python3.8/site-packages/airflow/example_dags/example_params_trigger_ui.py for tasks to queue
[2024-11-02T20:14:05.910+0000] {logging_mixin.py:151} INFO - [2024-11-02T20:14:05.910+0000] {dagbag.py:539} INFO - Filling up the DagBag from /home/airflow/.local/lib/python3.8/site-packages/airflow/example_dags/example_params_trigger_ui.py
[2024-11-02T20:14:06.597+0000] {processor.py:839} INFO - DAG(s) dict_keys(['example_params_trigger_ui']) retrieved from /home/airflow/.local/lib/python3.8/site-packages/airflow/example_dags/example_params_trigger_ui.py
[2024-11-02T20:14:10.796+0000] {logging_mixin.py:151} INFO - [2024-11-02T20:14:10.785+0000] {dag.py:2915} INFO - Sync 1 DAGs
[2024-11-02T20:14:11.152+0000] {logging_mixin.py:151} INFO - [2024-11-02T20:14:11.152+0000] {dag.py:3696} INFO - Setting next_dagrun for example_params_trigger_ui to None, run_after=None
[2024-11-02T20:14:11.490+0000] {processor.py:179} INFO - Processing /home/airflow/.local/lib/python3.8/site-packages/airflow/example_dags/example_params_trigger_ui.py took 5.680 seconds
[2024-11-02T20:14:59.073+0000] {processor.py:157} INFO - Started process (PID=108) to work on /home/airflow/.local/lib/python3.8/site-packages/airflow/example_dags/example_params_trigger_ui.py
[2024-11-02T20:14:59.098+0000] {processor.py:829} INFO - Processing file /home/airflow/.local/lib/python3.8/site-packages/airflow/example_dags/example_params_trigger_ui.py for tasks to queue
[2024-11-02T20:14:59.117+0000] {logging_mixin.py:151} INFO - [2024-11-02T20:14:59.117+0000] {dagbag.py:539} INFO - Filling up the DagBag from /home/airflow/.local/lib/python3.8/site-packages/airflow/example_dags/example_params_trigger_ui.py
[2024-11-02T20:14:59.306+0000] {processor.py:839} INFO - DAG(s) dict_keys(['example_params_trigger_ui']) retrieved from /home/airflow/.local/lib/python3.8/site-packages/airflow/example_dags/example_params_trigger_ui.py
[2024-11-02T20:15:00.030+0000] {logging_mixin.py:151} INFO - [2024-11-02T20:15:00.029+0000] {dag.py:2915} INFO - Sync 1 DAGs
[2024-11-02T20:15:00.168+0000] {logging_mixin.py:151} INFO - [2024-11-02T20:15:00.167+0000] {dag.py:3696} INFO - Setting next_dagrun for example_params_trigger_ui to None, run_after=None
[2024-11-02T20:15:00.383+0000] {processor.py:179} INFO - Processing /home/airflow/.local/lib/python3.8/site-packages/airflow/example_dags/example_params_trigger_ui.py took 1.368 seconds
[2024-11-02T20:15:40.042+0000] {processor.py:157} INFO - Started process (PID=145) to work on /home/airflow/.local/lib/python3.8/site-packages/airflow/example_dags/example_params_trigger_ui.py
[2024-11-02T20:15:40.090+0000] {processor.py:829} INFO - Processing file /home/airflow/.local/lib/python3.8/site-packages/airflow/example_dags/example_params_trigger_ui.py for tasks to queue
[2024-11-02T20:15:40.096+0000] {logging_mixin.py:151} INFO - [2024-11-02T20:15:40.096+0000] {dagbag.py:539} INFO - Filling up the DagBag from /home/airflow/.local/lib/python3.8/site-packages/airflow/example_dags/example_params_trigger_ui.py
[2024-11-02T20:15:40.574+0000] {processor.py:839} INFO - DAG(s) dict_keys(['example_params_trigger_ui']) retrieved from /home/airflow/.local/lib/python3.8/site-packages/airflow/example_dags/example_params_trigger_ui.py
[2024-11-02T20:15:41.725+0000] {logging_mixin.py:151} INFO - [2024-11-02T20:15:41.724+0000] {dag.py:2915} INFO - Sync 1 DAGs
[2024-11-02T20:15:41.949+0000] {logging_mixin.py:151} INFO - [2024-11-02T20:15:41.938+0000] {dag.py:3696} INFO - Setting next_dagrun for example_params_trigger_ui to None, run_after=None
[2024-11-02T20:15:42.450+0000] {processor.py:179} INFO - Processing /home/airflow/.local/lib/python3.8/site-packages/airflow/example_dags/example_params_trigger_ui.py took 2.474 seconds
[2024-11-02T20:16:20.732+0000] {processor.py:157} INFO - Started process (PID=193) to work on /home/airflow/.local/lib/python3.8/site-packages/airflow/example_dags/example_params_trigger_ui.py
[2024-11-02T20:16:20.784+0000] {processor.py:829} INFO - Processing file /home/airflow/.local/lib/python3.8/site-packages/airflow/example_dags/example_params_trigger_ui.py for tasks to queue
[2024-11-02T20:16:20.859+0000] {logging_mixin.py:151} INFO - [2024-11-02T20:16:20.850+0000] {dagbag.py:539} INFO - Filling up the DagBag from /home/airflow/.local/lib/python3.8/site-packages/airflow/example_dags/example_params_trigger_ui.py
[2024-11-02T20:16:21.579+0000] {processor.py:839} INFO - DAG(s) dict_keys(['example_params_trigger_ui']) retrieved from /home/airflow/.local/lib/python3.8/site-packages/airflow/example_dags/example_params_trigger_ui.py
[2024-11-02T20:16:22.267+0000] {logging_mixin.py:151} INFO - [2024-11-02T20:16:22.267+0000] {dag.py:2915} INFO - Sync 1 DAGs
[2024-11-02T20:16:22.623+0000] {logging_mixin.py:151} INFO - [2024-11-02T20:16:22.622+0000] {dag.py:3696} INFO - Setting next_dagrun for example_params_trigger_ui to None, run_after=None
[2024-11-02T20:16:23.433+0000] {processor.py:179} INFO - Processing /home/airflow/.local/lib/python3.8/site-packages/airflow/example_dags/example_params_trigger_ui.py took 2.882 seconds
[2024-11-02T20:17:00.078+0000] {processor.py:157} INFO - Started process (PID=241) to work on /home/airflow/.local/lib/python3.8/site-packages/airflow/example_dags/example_params_trigger_ui.py
[2024-11-02T20:17:00.101+0000] {processor.py:829} INFO - Processing file /home/airflow/.local/lib/python3.8/site-packages/airflow/example_dags/example_params_trigger_ui.py for tasks to queue
[2024-11-02T20:17:00.105+0000] {logging_mixin.py:151} INFO - [2024-11-02T20:17:00.105+0000] {dagbag.py:539} INFO - Filling up the DagBag from /home/airflow/.local/lib/python3.8/site-packages/airflow/example_dags/example_params_trigger_ui.py
[2024-11-02T20:17:00.391+0000] {processor.py:839} INFO - DAG(s) dict_keys(['example_params_trigger_ui']) retrieved from /home/airflow/.local/lib/python3.8/site-packages/airflow/example_dags/example_params_trigger_ui.py
[2024-11-02T20:17:01.597+0000] {logging_mixin.py:151} INFO - [2024-11-02T20:17:01.597+0000] {dag.py:2915} INFO - Sync 1 DAGs
[2024-11-02T20:17:01.886+0000] {logging_mixin.py:151} INFO - [2024-11-02T20:17:01.886+0000] {dag.py:3696} INFO - Setting next_dagrun for example_params_trigger_ui to None, run_after=None
[2024-11-02T20:17:02.196+0000] {processor.py:179} INFO - Processing /home/airflow/.local/lib/python3.8/site-packages/airflow/example_dags/example_params_trigger_ui.py took 2.148 seconds
[2024-11-02T20:17:41.882+0000] {processor.py:157} INFO - Started process (PID=281) to work on /home/airflow/.local/lib/python3.8/site-packages/airflow/example_dags/example_params_trigger_ui.py
[2024-11-02T20:17:41.899+0000] {processor.py:829} INFO - Processing file /home/airflow/.local/lib/python3.8/site-packages/airflow/example_dags/example_params_trigger_ui.py for tasks to queue
[2024-11-02T20:17:41.904+0000] {logging_mixin.py:151} INFO - [2024-11-02T20:17:41.904+0000] {dagbag.py:539} INFO - Filling up the DagBag from /home/airflow/.local/lib/python3.8/site-packages/airflow/example_dags/example_params_trigger_ui.py
[2024-11-02T20:17:42.122+0000] {processor.py:839} INFO - DAG(s) dict_keys(['example_params_trigger_ui']) retrieved from /home/airflow/.local/lib/python3.8/site-packages/airflow/example_dags/example_params_trigger_ui.py
[2024-11-02T20:17:42.833+0000] {logging_mixin.py:151} INFO - [2024-11-02T20:17:42.833+0000] {dag.py:2915} INFO - Sync 1 DAGs
[2024-11-02T20:17:42.985+0000] {logging_mixin.py:151} INFO - [2024-11-02T20:17:42.985+0000] {dag.py:3696} INFO - Setting next_dagrun for example_params_trigger_ui to None, run_after=None
[2024-11-02T20:17:43.169+0000] {processor.py:179} INFO - Processing /home/airflow/.local/lib/python3.8/site-packages/airflow/example_dags/example_params_trigger_ui.py took 1.328 seconds
[2024-11-02T20:18:30.426+0000] {processor.py:157} INFO - Started process (PID=336) to work on /home/airflow/.local/lib/python3.8/site-packages/airflow/example_dags/example_params_trigger_ui.py
[2024-11-02T20:18:30.446+0000] {processor.py:829} INFO - Processing file /home/airflow/.local/lib/python3.8/site-packages/airflow/example_dags/example_params_trigger_ui.py for tasks to queue
[2024-11-02T20:18:30.484+0000] {logging_mixin.py:151} INFO - [2024-11-02T20:18:30.483+0000] {dagbag.py:539} INFO - Filling up the DagBag from /home/airflow/.local/lib/python3.8/site-packages/airflow/example_dags/example_params_trigger_ui.py
[2024-11-02T20:18:30.651+0000] {processor.py:839} INFO - DAG(s) dict_keys(['example_params_trigger_ui']) retrieved from /home/airflow/.local/lib/python3.8/site-packages/airflow/example_dags/example_params_trigger_ui.py
[2024-11-02T20:18:31.721+0000] {logging_mixin.py:151} INFO - [2024-11-02T20:18:31.720+0000] {dag.py:2915} INFO - Sync 1 DAGs
[2024-11-02T20:18:32.051+0000] {logging_mixin.py:151} INFO - [2024-11-02T20:18:32.051+0000] {dag.py:3696} INFO - Setting next_dagrun for example_params_trigger_ui to None, run_after=None
[2024-11-02T20:18:32.333+0000] {processor.py:179} INFO - Processing /home/airflow/.local/lib/python3.8/site-packages/airflow/example_dags/example_params_trigger_ui.py took 2.003 seconds
[2024-11-02T20:19:12.668+0000] {processor.py:157} INFO - Started process (PID=386) to work on /home/airflow/.local/lib/python3.8/site-packages/airflow/example_dags/example_params_trigger_ui.py
[2024-11-02T20:19:12.696+0000] {processor.py:829} INFO - Processing file /home/airflow/.local/lib/python3.8/site-packages/airflow/example_dags/example_params_trigger_ui.py for tasks to queue
[2024-11-02T20:19:12.732+0000] {logging_mixin.py:151} INFO - [2024-11-02T20:19:12.731+0000] {dagbag.py:539} INFO - Filling up the DagBag from /home/airflow/.local/lib/python3.8/site-packages/airflow/example_dags/example_params_trigger_ui.py
[2024-11-02T20:19:12.955+0000] {processor.py:839} INFO - DAG(s) dict_keys(['example_params_trigger_ui']) retrieved from /home/airflow/.local/lib/python3.8/site-packages/airflow/example_dags/example_params_trigger_ui.py
[2024-11-02T20:19:13.919+0000] {logging_mixin.py:151} INFO - [2024-11-02T20:19:13.919+0000] {dag.py:2915} INFO - Sync 1 DAGs
[2024-11-02T20:19:14.164+0000] {logging_mixin.py:151} INFO - [2024-11-02T20:19:14.163+0000] {dag.py:3696} INFO - Setting next_dagrun for example_params_trigger_ui to None, run_after=None
[2024-11-02T20:19:14.412+0000] {processor.py:179} INFO - Processing /home/airflow/.local/lib/python3.8/site-packages/airflow/example_dags/example_params_trigger_ui.py took 1.794 seconds
[2024-11-02T20:19:57.517+0000] {processor.py:157} INFO - Started process (PID=438) to work on /home/airflow/.local/lib/python3.8/site-packages/airflow/example_dags/example_params_trigger_ui.py
[2024-11-02T20:19:57.540+0000] {processor.py:829} INFO - Processing file /home/airflow/.local/lib/python3.8/site-packages/airflow/example_dags/example_params_trigger_ui.py for tasks to queue
[2024-11-02T20:19:57.581+0000] {logging_mixin.py:151} INFO - [2024-11-02T20:19:57.576+0000] {dagbag.py:539} INFO - Filling up the DagBag from /home/airflow/.local/lib/python3.8/site-packages/airflow/example_dags/example_params_trigger_ui.py
[2024-11-02T20:19:57.750+0000] {processor.py:839} INFO - DAG(s) dict_keys(['example_params_trigger_ui']) retrieved from /home/airflow/.local/lib/python3.8/site-packages/airflow/example_dags/example_params_trigger_ui.py
[2024-11-02T20:19:58.497+0000] {logging_mixin.py:151} INFO - [2024-11-02T20:19:58.496+0000] {dag.py:2915} INFO - Sync 1 DAGs
[2024-11-02T20:19:58.711+0000] {logging_mixin.py:151} INFO - [2024-11-02T20:19:58.711+0000] {dag.py:3696} INFO - Setting next_dagrun for example_params_trigger_ui to None, run_after=None
[2024-11-02T20:19:59.057+0000] {processor.py:179} INFO - Processing /home/airflow/.local/lib/python3.8/site-packages/airflow/example_dags/example_params_trigger_ui.py took 1.603 seconds
[2024-11-02T20:20:43.907+0000] {processor.py:157} INFO - Started process (PID=484) to work on /home/airflow/.local/lib/python3.8/site-packages/airflow/example_dags/example_params_trigger_ui.py
[2024-11-02T20:20:43.939+0000] {processor.py:829} INFO - Processing file /home/airflow/.local/lib/python3.8/site-packages/airflow/example_dags/example_params_trigger_ui.py for tasks to queue
[2024-11-02T20:20:44.023+0000] {logging_mixin.py:151} INFO - [2024-11-02T20:20:44.022+0000] {dagbag.py:539} INFO - Filling up the DagBag from /home/airflow/.local/lib/python3.8/site-packages/airflow/example_dags/example_params_trigger_ui.py
[2024-11-02T20:20:44.394+0000] {processor.py:839} INFO - DAG(s) dict_keys(['example_params_trigger_ui']) retrieved from /home/airflow/.local/lib/python3.8/site-packages/airflow/example_dags/example_params_trigger_ui.py
[2024-11-02T20:20:45.575+0000] {logging_mixin.py:151} INFO - [2024-11-02T20:20:45.574+0000] {dag.py:2915} INFO - Sync 1 DAGs
[2024-11-02T20:20:45.647+0000] {logging_mixin.py:151} INFO - [2024-11-02T20:20:45.647+0000] {dag.py:3696} INFO - Setting next_dagrun for example_params_trigger_ui to None, run_after=None
[2024-11-02T20:20:46.071+0000] {processor.py:179} INFO - Processing /home/airflow/.local/lib/python3.8/site-packages/airflow/example_dags/example_params_trigger_ui.py took 2.249 seconds
[2024-11-02T20:21:33.445+0000] {processor.py:157} INFO - Started process (PID=536) to work on /home/airflow/.local/lib/python3.8/site-packages/airflow/example_dags/example_params_trigger_ui.py
[2024-11-02T20:21:33.460+0000] {processor.py:829} INFO - Processing file /home/airflow/.local/lib/python3.8/site-packages/airflow/example_dags/example_params_trigger_ui.py for tasks to queue
[2024-11-02T20:21:33.526+0000] {logging_mixin.py:151} INFO - [2024-11-02T20:21:33.467+0000] {dagbag.py:539} INFO - Filling up the DagBag from /home/airflow/.local/lib/python3.8/site-packages/airflow/example_dags/example_params_trigger_ui.py
[2024-11-02T20:21:33.918+0000] {processor.py:839} INFO - DAG(s) dict_keys(['example_params_trigger_ui']) retrieved from /home/airflow/.local/lib/python3.8/site-packages/airflow/example_dags/example_params_trigger_ui.py
[2024-11-02T20:21:36.076+0000] {logging_mixin.py:151} INFO - [2024-11-02T20:21:36.043+0000] {dag.py:2915} INFO - Sync 1 DAGs
[2024-11-02T20:21:36.632+0000] {logging_mixin.py:151} INFO - [2024-11-02T20:21:36.623+0000] {dag.py:3696} INFO - Setting next_dagrun for example_params_trigger_ui to None, run_after=None
[2024-11-02T20:21:37.362+0000] {processor.py:179} INFO - Processing /home/airflow/.local/lib/python3.8/site-packages/airflow/example_dags/example_params_trigger_ui.py took 3.970 seconds
[2024-11-02T20:22:19.501+0000] {processor.py:157} INFO - Started process (PID=586) to work on /home/airflow/.local/lib/python3.8/site-packages/airflow/example_dags/example_params_trigger_ui.py
[2024-11-02T20:22:19.538+0000] {processor.py:829} INFO - Processing file /home/airflow/.local/lib/python3.8/site-packages/airflow/example_dags/example_params_trigger_ui.py for tasks to queue
[2024-11-02T20:22:19.587+0000] {logging_mixin.py:151} INFO - [2024-11-02T20:22:19.579+0000] {dagbag.py:539} INFO - Filling up the DagBag from /home/airflow/.local/lib/python3.8/site-packages/airflow/example_dags/example_params_trigger_ui.py
[2024-11-02T20:22:19.792+0000] {processor.py:839} INFO - DAG(s) dict_keys(['example_params_trigger_ui']) retrieved from /home/airflow/.local/lib/python3.8/site-packages/airflow/example_dags/example_params_trigger_ui.py
[2024-11-02T20:22:21.019+0000] {logging_mixin.py:151} INFO - [2024-11-02T20:22:21.019+0000] {dag.py:2915} INFO - Sync 1 DAGs
[2024-11-02T20:22:21.200+0000] {logging_mixin.py:151} INFO - [2024-11-02T20:22:21.200+0000] {dag.py:3696} INFO - Setting next_dagrun for example_params_trigger_ui to None, run_after=None
[2024-11-02T20:22:21.612+0000] {processor.py:179} INFO - Processing /home/airflow/.local/lib/python3.8/site-packages/airflow/example_dags/example_params_trigger_ui.py took 2.146 seconds
[2024-11-02T20:23:02.169+0000] {processor.py:157} INFO - Started process (PID=631) to work on /home/airflow/.local/lib/python3.8/site-packages/airflow/example_dags/example_params_trigger_ui.py
[2024-11-02T20:23:02.201+0000] {processor.py:829} INFO - Processing file /home/airflow/.local/lib/python3.8/site-packages/airflow/example_dags/example_params_trigger_ui.py for tasks to queue
[2024-11-02T20:23:02.268+0000] {logging_mixin.py:151} INFO - [2024-11-02T20:23:02.267+0000] {dagbag.py:539} INFO - Filling up the DagBag from /home/airflow/.local/lib/python3.8/site-packages/airflow/example_dags/example_params_trigger_ui.py
[2024-11-02T20:23:02.693+0000] {processor.py:839} INFO - DAG(s) dict_keys(['example_params_trigger_ui']) retrieved from /home/airflow/.local/lib/python3.8/site-packages/airflow/example_dags/example_params_trigger_ui.py
[2024-11-02T20:23:04.531+0000] {logging_mixin.py:151} INFO - [2024-11-02T20:23:04.531+0000] {dag.py:2915} INFO - Sync 1 DAGs
[2024-11-02T20:23:05.073+0000] {logging_mixin.py:151} INFO - [2024-11-02T20:23:05.072+0000] {dag.py:3696} INFO - Setting next_dagrun for example_params_trigger_ui to None, run_after=None
[2024-11-02T20:23:05.932+0000] {processor.py:179} INFO - Processing /home/airflow/.local/lib/python3.8/site-packages/airflow/example_dags/example_params_trigger_ui.py took 3.850 seconds
[2024-11-02T20:23:54.317+0000] {processor.py:157} INFO - Started process (PID=686) to work on /home/airflow/.local/lib/python3.8/site-packages/airflow/example_dags/example_params_trigger_ui.py
[2024-11-02T20:23:54.326+0000] {processor.py:829} INFO - Processing file /home/airflow/.local/lib/python3.8/site-packages/airflow/example_dags/example_params_trigger_ui.py for tasks to queue
[2024-11-02T20:23:54.347+0000] {logging_mixin.py:151} INFO - [2024-11-02T20:23:54.338+0000] {dagbag.py:539} INFO - Filling up the DagBag from /home/airflow/.local/lib/python3.8/site-packages/airflow/example_dags/example_params_trigger_ui.py
[2024-11-02T20:23:54.599+0000] {processor.py:839} INFO - DAG(s) dict_keys(['example_params_trigger_ui']) retrieved from /home/airflow/.local/lib/python3.8/site-packages/airflow/example_dags/example_params_trigger_ui.py
[2024-11-02T20:23:54.971+0000] {logging_mixin.py:151} INFO - [2024-11-02T20:23:54.970+0000] {dag.py:2915} INFO - Sync 1 DAGs
[2024-11-02T20:23:55.044+0000] {logging_mixin.py:151} INFO - [2024-11-02T20:23:55.044+0000] {dag.py:3696} INFO - Setting next_dagrun for example_params_trigger_ui to None, run_after=None
[2024-11-02T20:23:55.222+0000] {processor.py:179} INFO - Processing /home/airflow/.local/lib/python3.8/site-packages/airflow/example_dags/example_params_trigger_ui.py took 0.937 seconds
[2024-11-02T20:24:47.444+0000] {processor.py:157} INFO - Started process (PID=742) to work on /home/airflow/.local/lib/python3.8/site-packages/airflow/example_dags/example_params_trigger_ui.py
[2024-11-02T20:24:47.466+0000] {processor.py:829} INFO - Processing file /home/airflow/.local/lib/python3.8/site-packages/airflow/example_dags/example_params_trigger_ui.py for tasks to queue
[2024-11-02T20:24:47.483+0000] {logging_mixin.py:151} INFO - [2024-11-02T20:24:47.481+0000] {dagbag.py:539} INFO - Filling up the DagBag from /home/airflow/.local/lib/python3.8/site-packages/airflow/example_dags/example_params_trigger_ui.py
[2024-11-02T20:24:48.027+0000] {processor.py:839} INFO - DAG(s) dict_keys(['example_params_trigger_ui']) retrieved from /home/airflow/.local/lib/python3.8/site-packages/airflow/example_dags/example_params_trigger_ui.py
[2024-11-02T20:24:49.578+0000] {logging_mixin.py:151} INFO - [2024-11-02T20:24:49.539+0000] {dag.py:2915} INFO - Sync 1 DAGs
[2024-11-02T20:24:50.049+0000] {logging_mixin.py:151} INFO - [2024-11-02T20:24:50.045+0000] {dag.py:3696} INFO - Setting next_dagrun for example_params_trigger_ui to None, run_after=None
[2024-11-02T20:24:50.619+0000] {processor.py:179} INFO - Processing /home/airflow/.local/lib/python3.8/site-packages/airflow/example_dags/example_params_trigger_ui.py took 3.321 seconds
