[2024-11-02T20:11:43.231+0000] {processor.py:157} INFO - Started process (PID=52) to work on /home/airflow/.local/lib/python3.8/site-packages/airflow/example_dags/example_local_kubernetes_executor.py
[2024-11-02T20:11:43.277+0000] {processor.py:829} INFO - Processing file /home/airflow/.local/lib/python3.8/site-packages/airflow/example_dags/example_local_kubernetes_executor.py for tasks to queue
[2024-11-02T20:11:43.302+0000] {logging_mixin.py:151} INFO - [2024-11-02T20:11:43.301+0000] {dagbag.py:539} INFO - Filling up the DagBag from /home/airflow/.local/lib/python3.8/site-packages/airflow/example_dags/example_local_kubernetes_executor.py
[2024-11-02T20:12:05.642+0000] {processor.py:839} INFO - DAG(s) dict_keys(['example_local_kubernetes_executor']) retrieved from /home/airflow/.local/lib/python3.8/site-packages/airflow/example_dags/example_local_kubernetes_executor.py
[2024-11-02T20:12:06.363+0000] {logging_mixin.py:151} INFO - [2024-11-02T20:12:06.362+0000] {dag.py:2915} INFO - Sync 1 DAGs
[2024-11-02T20:12:06.634+0000] {logging_mixin.py:151} INFO - [2024-11-02T20:12:06.633+0000] {dag.py:3696} INFO - Setting next_dagrun for example_local_kubernetes_executor to None, run_after=None
[2024-11-02T20:12:07.029+0000] {processor.py:179} INFO - Processing /home/airflow/.local/lib/python3.8/site-packages/airflow/example_dags/example_local_kubernetes_executor.py took 23.870 seconds
[2024-11-02T20:14:07.321+0000] {processor.py:157} INFO - Started process (PID=47) to work on /home/airflow/.local/lib/python3.8/site-packages/airflow/example_dags/example_local_kubernetes_executor.py
[2024-11-02T20:14:07.326+0000] {processor.py:829} INFO - Processing file /home/airflow/.local/lib/python3.8/site-packages/airflow/example_dags/example_local_kubernetes_executor.py for tasks to queue
[2024-11-02T20:14:07.351+0000] {logging_mixin.py:151} INFO - [2024-11-02T20:14:07.341+0000] {dagbag.py:539} INFO - Filling up the DagBag from /home/airflow/.local/lib/python3.8/site-packages/airflow/example_dags/example_local_kubernetes_executor.py
[2024-11-02T20:14:20.075+0000] {processor.py:839} INFO - DAG(s) dict_keys(['example_local_kubernetes_executor']) retrieved from /home/airflow/.local/lib/python3.8/site-packages/airflow/example_dags/example_local_kubernetes_executor.py
[2024-11-02T20:14:20.308+0000] {logging_mixin.py:151} INFO - [2024-11-02T20:14:20.307+0000] {dag.py:2915} INFO - Sync 1 DAGs
[2024-11-02T20:14:20.396+0000] {logging_mixin.py:151} INFO - [2024-11-02T20:14:20.395+0000] {dag.py:3696} INFO - Setting next_dagrun for example_local_kubernetes_executor to None, run_after=None
[2024-11-02T20:14:20.818+0000] {processor.py:179} INFO - Processing /home/airflow/.local/lib/python3.8/site-packages/airflow/example_dags/example_local_kubernetes_executor.py took 13.512 seconds
[2024-11-02T20:15:00.712+0000] {processor.py:157} INFO - Started process (PID=109) to work on /home/airflow/.local/lib/python3.8/site-packages/airflow/example_dags/example_local_kubernetes_executor.py
[2024-11-02T20:15:00.719+0000] {processor.py:829} INFO - Processing file /home/airflow/.local/lib/python3.8/site-packages/airflow/example_dags/example_local_kubernetes_executor.py for tasks to queue
[2024-11-02T20:15:00.762+0000] {logging_mixin.py:151} INFO - [2024-11-02T20:15:00.761+0000] {dagbag.py:539} INFO - Filling up the DagBag from /home/airflow/.local/lib/python3.8/site-packages/airflow/example_dags/example_local_kubernetes_executor.py
[2024-11-02T20:15:03.760+0000] {processor.py:839} INFO - DAG(s) dict_keys(['example_local_kubernetes_executor']) retrieved from /home/airflow/.local/lib/python3.8/site-packages/airflow/example_dags/example_local_kubernetes_executor.py
[2024-11-02T20:15:04.134+0000] {logging_mixin.py:151} INFO - [2024-11-02T20:15:04.133+0000] {dag.py:2915} INFO - Sync 1 DAGs
[2024-11-02T20:15:04.273+0000] {logging_mixin.py:151} INFO - [2024-11-02T20:15:04.273+0000] {dag.py:3696} INFO - Setting next_dagrun for example_local_kubernetes_executor to None, run_after=None
[2024-11-02T20:15:04.544+0000] {processor.py:179} INFO - Processing /home/airflow/.local/lib/python3.8/site-packages/airflow/example_dags/example_local_kubernetes_executor.py took 3.927 seconds
[2024-11-02T20:15:41.294+0000] {processor.py:157} INFO - Started process (PID=146) to work on /home/airflow/.local/lib/python3.8/site-packages/airflow/example_dags/example_local_kubernetes_executor.py
[2024-11-02T20:15:41.324+0000] {processor.py:829} INFO - Processing file /home/airflow/.local/lib/python3.8/site-packages/airflow/example_dags/example_local_kubernetes_executor.py for tasks to queue
[2024-11-02T20:15:41.368+0000] {logging_mixin.py:151} INFO - [2024-11-02T20:15:41.367+0000] {dagbag.py:539} INFO - Filling up the DagBag from /home/airflow/.local/lib/python3.8/site-packages/airflow/example_dags/example_local_kubernetes_executor.py
[2024-11-02T20:15:46.577+0000] {processor.py:839} INFO - DAG(s) dict_keys(['example_local_kubernetes_executor']) retrieved from /home/airflow/.local/lib/python3.8/site-packages/airflow/example_dags/example_local_kubernetes_executor.py
[2024-11-02T20:15:47.117+0000] {logging_mixin.py:151} INFO - [2024-11-02T20:15:47.105+0000] {dag.py:2915} INFO - Sync 1 DAGs
[2024-11-02T20:15:47.267+0000] {logging_mixin.py:151} INFO - [2024-11-02T20:15:47.266+0000] {dag.py:3696} INFO - Setting next_dagrun for example_local_kubernetes_executor to None, run_after=None
[2024-11-02T20:15:47.584+0000] {processor.py:179} INFO - Processing /home/airflow/.local/lib/python3.8/site-packages/airflow/example_dags/example_local_kubernetes_executor.py took 6.371 seconds
[2024-11-02T20:16:24.230+0000] {processor.py:157} INFO - Started process (PID=200) to work on /home/airflow/.local/lib/python3.8/site-packages/airflow/example_dags/example_local_kubernetes_executor.py
[2024-11-02T20:16:24.258+0000] {processor.py:829} INFO - Processing file /home/airflow/.local/lib/python3.8/site-packages/airflow/example_dags/example_local_kubernetes_executor.py for tasks to queue
[2024-11-02T20:16:24.315+0000] {logging_mixin.py:151} INFO - [2024-11-02T20:16:24.302+0000] {dagbag.py:539} INFO - Filling up the DagBag from /home/airflow/.local/lib/python3.8/site-packages/airflow/example_dags/example_local_kubernetes_executor.py
[2024-11-02T20:16:27.647+0000] {processor.py:839} INFO - DAG(s) dict_keys(['example_local_kubernetes_executor']) retrieved from /home/airflow/.local/lib/python3.8/site-packages/airflow/example_dags/example_local_kubernetes_executor.py
[2024-11-02T20:16:28.227+0000] {logging_mixin.py:151} INFO - [2024-11-02T20:16:28.226+0000] {dag.py:2915} INFO - Sync 1 DAGs
[2024-11-02T20:16:28.549+0000] {logging_mixin.py:151} INFO - [2024-11-02T20:16:28.549+0000] {dag.py:3696} INFO - Setting next_dagrun for example_local_kubernetes_executor to None, run_after=None
[2024-11-02T20:16:28.920+0000] {processor.py:179} INFO - Processing /home/airflow/.local/lib/python3.8/site-packages/airflow/example_dags/example_local_kubernetes_executor.py took 4.780 seconds
[2024-11-02T20:17:00.671+0000] {processor.py:157} INFO - Started process (PID=242) to work on /home/airflow/.local/lib/python3.8/site-packages/airflow/example_dags/example_local_kubernetes_executor.py
[2024-11-02T20:17:00.722+0000] {processor.py:829} INFO - Processing file /home/airflow/.local/lib/python3.8/site-packages/airflow/example_dags/example_local_kubernetes_executor.py for tasks to queue
[2024-11-02T20:17:00.787+0000] {logging_mixin.py:151} INFO - [2024-11-02T20:17:00.786+0000] {dagbag.py:539} INFO - Filling up the DagBag from /home/airflow/.local/lib/python3.8/site-packages/airflow/example_dags/example_local_kubernetes_executor.py
[2024-11-02T20:17:05.446+0000] {processor.py:839} INFO - DAG(s) dict_keys(['example_local_kubernetes_executor']) retrieved from /home/airflow/.local/lib/python3.8/site-packages/airflow/example_dags/example_local_kubernetes_executor.py
[2024-11-02T20:17:06.092+0000] {logging_mixin.py:151} INFO - [2024-11-02T20:17:06.091+0000] {dag.py:2915} INFO - Sync 1 DAGs
[2024-11-02T20:17:06.214+0000] {logging_mixin.py:151} INFO - [2024-11-02T20:17:06.207+0000] {dag.py:3696} INFO - Setting next_dagrun for example_local_kubernetes_executor to None, run_after=None
[2024-11-02T20:17:06.514+0000] {processor.py:179} INFO - Processing /home/airflow/.local/lib/python3.8/site-packages/airflow/example_dags/example_local_kubernetes_executor.py took 5.938 seconds
[2024-11-02T20:17:43.390+0000] {processor.py:157} INFO - Started process (PID=282) to work on /home/airflow/.local/lib/python3.8/site-packages/airflow/example_dags/example_local_kubernetes_executor.py
[2024-11-02T20:17:43.406+0000] {processor.py:829} INFO - Processing file /home/airflow/.local/lib/python3.8/site-packages/airflow/example_dags/example_local_kubernetes_executor.py for tasks to queue
[2024-11-02T20:17:43.427+0000] {logging_mixin.py:151} INFO - [2024-11-02T20:17:43.426+0000] {dagbag.py:539} INFO - Filling up the DagBag from /home/airflow/.local/lib/python3.8/site-packages/airflow/example_dags/example_local_kubernetes_executor.py
[2024-11-02T20:17:45.100+0000] {processor.py:839} INFO - DAG(s) dict_keys(['example_local_kubernetes_executor']) retrieved from /home/airflow/.local/lib/python3.8/site-packages/airflow/example_dags/example_local_kubernetes_executor.py
[2024-11-02T20:17:45.403+0000] {logging_mixin.py:151} INFO - [2024-11-02T20:17:45.402+0000] {dag.py:2915} INFO - Sync 1 DAGs
[2024-11-02T20:17:45.489+0000] {logging_mixin.py:151} INFO - [2024-11-02T20:17:45.488+0000] {dag.py:3696} INFO - Setting next_dagrun for example_local_kubernetes_executor to None, run_after=None
[2024-11-02T20:17:45.680+0000] {processor.py:179} INFO - Processing /home/airflow/.local/lib/python3.8/site-packages/airflow/example_dags/example_local_kubernetes_executor.py took 2.326 seconds
[2024-11-02T20:18:30.945+0000] {processor.py:157} INFO - Started process (PID=337) to work on /home/airflow/.local/lib/python3.8/site-packages/airflow/example_dags/example_local_kubernetes_executor.py
[2024-11-02T20:18:30.962+0000] {processor.py:829} INFO - Processing file /home/airflow/.local/lib/python3.8/site-packages/airflow/example_dags/example_local_kubernetes_executor.py for tasks to queue
[2024-11-02T20:18:30.999+0000] {logging_mixin.py:151} INFO - [2024-11-02T20:18:30.980+0000] {dagbag.py:539} INFO - Filling up the DagBag from /home/airflow/.local/lib/python3.8/site-packages/airflow/example_dags/example_local_kubernetes_executor.py
[2024-11-02T20:18:34.020+0000] {processor.py:839} INFO - DAG(s) dict_keys(['example_local_kubernetes_executor']) retrieved from /home/airflow/.local/lib/python3.8/site-packages/airflow/example_dags/example_local_kubernetes_executor.py
[2024-11-02T20:18:34.201+0000] {logging_mixin.py:151} INFO - [2024-11-02T20:18:34.199+0000] {dag.py:2915} INFO - Sync 1 DAGs
[2024-11-02T20:18:34.279+0000] {logging_mixin.py:151} INFO - [2024-11-02T20:18:34.279+0000] {dag.py:3696} INFO - Setting next_dagrun for example_local_kubernetes_executor to None, run_after=None
[2024-11-02T20:18:34.424+0000] {processor.py:179} INFO - Processing /home/airflow/.local/lib/python3.8/site-packages/airflow/example_dags/example_local_kubernetes_executor.py took 3.547 seconds
[2024-11-02T20:19:12.937+0000] {processor.py:157} INFO - Started process (PID=387) to work on /home/airflow/.local/lib/python3.8/site-packages/airflow/example_dags/example_local_kubernetes_executor.py
[2024-11-02T20:19:12.951+0000] {processor.py:829} INFO - Processing file /home/airflow/.local/lib/python3.8/site-packages/airflow/example_dags/example_local_kubernetes_executor.py for tasks to queue
[2024-11-02T20:19:12.982+0000] {logging_mixin.py:151} INFO - [2024-11-02T20:19:12.982+0000] {dagbag.py:539} INFO - Filling up the DagBag from /home/airflow/.local/lib/python3.8/site-packages/airflow/example_dags/example_local_kubernetes_executor.py
[2024-11-02T20:19:16.533+0000] {processor.py:839} INFO - DAG(s) dict_keys(['example_local_kubernetes_executor']) retrieved from /home/airflow/.local/lib/python3.8/site-packages/airflow/example_dags/example_local_kubernetes_executor.py
[2024-11-02T20:19:16.712+0000] {logging_mixin.py:151} INFO - [2024-11-02T20:19:16.704+0000] {dag.py:2915} INFO - Sync 1 DAGs
[2024-11-02T20:19:16.779+0000] {logging_mixin.py:151} INFO - [2024-11-02T20:19:16.775+0000] {dag.py:3696} INFO - Setting next_dagrun for example_local_kubernetes_executor to None, run_after=None
[2024-11-02T20:19:16.948+0000] {processor.py:179} INFO - Processing /home/airflow/.local/lib/python3.8/site-packages/airflow/example_dags/example_local_kubernetes_executor.py took 4.098 seconds
[2024-11-02T20:19:57.948+0000] {processor.py:157} INFO - Started process (PID=439) to work on /home/airflow/.local/lib/python3.8/site-packages/airflow/example_dags/example_local_kubernetes_executor.py
[2024-11-02T20:19:57.980+0000] {processor.py:829} INFO - Processing file /home/airflow/.local/lib/python3.8/site-packages/airflow/example_dags/example_local_kubernetes_executor.py for tasks to queue
[2024-11-02T20:19:58.013+0000] {logging_mixin.py:151} INFO - [2024-11-02T20:19:58.012+0000] {dagbag.py:539} INFO - Filling up the DagBag from /home/airflow/.local/lib/python3.8/site-packages/airflow/example_dags/example_local_kubernetes_executor.py
[2024-11-02T20:20:03.742+0000] {processor.py:839} INFO - DAG(s) dict_keys(['example_local_kubernetes_executor']) retrieved from /home/airflow/.local/lib/python3.8/site-packages/airflow/example_dags/example_local_kubernetes_executor.py
[2024-11-02T20:20:04.459+0000] {logging_mixin.py:151} INFO - [2024-11-02T20:20:04.454+0000] {dag.py:2915} INFO - Sync 1 DAGs
[2024-11-02T20:20:04.801+0000] {logging_mixin.py:151} INFO - [2024-11-02T20:20:04.800+0000] {dag.py:3696} INFO - Setting next_dagrun for example_local_kubernetes_executor to None, run_after=None
[2024-11-02T20:20:05.412+0000] {processor.py:179} INFO - Processing /home/airflow/.local/lib/python3.8/site-packages/airflow/example_dags/example_local_kubernetes_executor.py took 7.509 seconds
[2024-11-02T20:20:46.427+0000] {processor.py:157} INFO - Started process (PID=485) to work on /home/airflow/.local/lib/python3.8/site-packages/airflow/example_dags/example_local_kubernetes_executor.py
[2024-11-02T20:20:46.436+0000] {processor.py:829} INFO - Processing file /home/airflow/.local/lib/python3.8/site-packages/airflow/example_dags/example_local_kubernetes_executor.py for tasks to queue
[2024-11-02T20:20:46.550+0000] {logging_mixin.py:151} INFO - [2024-11-02T20:20:46.549+0000] {dagbag.py:539} INFO - Filling up the DagBag from /home/airflow/.local/lib/python3.8/site-packages/airflow/example_dags/example_local_kubernetes_executor.py
[2024-11-02T20:20:52.355+0000] {processor.py:839} INFO - DAG(s) dict_keys(['example_local_kubernetes_executor']) retrieved from /home/airflow/.local/lib/python3.8/site-packages/airflow/example_dags/example_local_kubernetes_executor.py
[2024-11-02T20:20:53.108+0000] {logging_mixin.py:151} INFO - [2024-11-02T20:20:53.085+0000] {dag.py:2915} INFO - Sync 1 DAGs
[2024-11-02T20:20:53.410+0000] {logging_mixin.py:151} INFO - [2024-11-02T20:20:53.410+0000] {dag.py:3696} INFO - Setting next_dagrun for example_local_kubernetes_executor to None, run_after=None
[2024-11-02T20:20:53.839+0000] {processor.py:179} INFO - Processing /home/airflow/.local/lib/python3.8/site-packages/airflow/example_dags/example_local_kubernetes_executor.py took 7.451 seconds
[2024-11-02T20:21:34.301+0000] {processor.py:157} INFO - Started process (PID=537) to work on /home/airflow/.local/lib/python3.8/site-packages/airflow/example_dags/example_local_kubernetes_executor.py
[2024-11-02T20:21:34.337+0000] {processor.py:829} INFO - Processing file /home/airflow/.local/lib/python3.8/site-packages/airflow/example_dags/example_local_kubernetes_executor.py for tasks to queue
[2024-11-02T20:21:34.415+0000] {logging_mixin.py:151} INFO - [2024-11-02T20:21:34.400+0000] {dagbag.py:539} INFO - Filling up the DagBag from /home/airflow/.local/lib/python3.8/site-packages/airflow/example_dags/example_local_kubernetes_executor.py
[2024-11-02T20:21:41.745+0000] {processor.py:839} INFO - DAG(s) dict_keys(['example_local_kubernetes_executor']) retrieved from /home/airflow/.local/lib/python3.8/site-packages/airflow/example_dags/example_local_kubernetes_executor.py
[2024-11-02T20:21:42.346+0000] {logging_mixin.py:151} INFO - [2024-11-02T20:21:42.319+0000] {dag.py:2915} INFO - Sync 1 DAGs
[2024-11-02T20:21:42.862+0000] {logging_mixin.py:151} INFO - [2024-11-02T20:21:42.849+0000] {dag.py:3696} INFO - Setting next_dagrun for example_local_kubernetes_executor to None, run_after=None
[2024-11-02T20:21:43.510+0000] {processor.py:179} INFO - Processing /home/airflow/.local/lib/python3.8/site-packages/airflow/example_dags/example_local_kubernetes_executor.py took 9.281 seconds
[2024-11-02T20:22:19.724+0000] {processor.py:157} INFO - Started process (PID=587) to work on /home/airflow/.local/lib/python3.8/site-packages/airflow/example_dags/example_local_kubernetes_executor.py
[2024-11-02T20:22:19.776+0000] {processor.py:829} INFO - Processing file /home/airflow/.local/lib/python3.8/site-packages/airflow/example_dags/example_local_kubernetes_executor.py for tasks to queue
[2024-11-02T20:22:19.809+0000] {logging_mixin.py:151} INFO - [2024-11-02T20:22:19.808+0000] {dagbag.py:539} INFO - Filling up the DagBag from /home/airflow/.local/lib/python3.8/site-packages/airflow/example_dags/example_local_kubernetes_executor.py
[2024-11-02T20:22:24.521+0000] {processor.py:839} INFO - DAG(s) dict_keys(['example_local_kubernetes_executor']) retrieved from /home/airflow/.local/lib/python3.8/site-packages/airflow/example_dags/example_local_kubernetes_executor.py
[2024-11-02T20:22:25.336+0000] {logging_mixin.py:151} INFO - [2024-11-02T20:22:25.287+0000] {dag.py:2915} INFO - Sync 1 DAGs
[2024-11-02T20:22:25.547+0000] {logging_mixin.py:151} INFO - [2024-11-02T20:22:25.547+0000] {dag.py:3696} INFO - Setting next_dagrun for example_local_kubernetes_executor to None, run_after=None
[2024-11-02T20:22:26.187+0000] {processor.py:179} INFO - Processing /home/airflow/.local/lib/python3.8/site-packages/airflow/example_dags/example_local_kubernetes_executor.py took 6.539 seconds
[2024-11-02T20:23:06.646+0000] {processor.py:157} INFO - Started process (PID=632) to work on /home/airflow/.local/lib/python3.8/site-packages/airflow/example_dags/example_local_kubernetes_executor.py
[2024-11-02T20:23:06.666+0000] {processor.py:829} INFO - Processing file /home/airflow/.local/lib/python3.8/site-packages/airflow/example_dags/example_local_kubernetes_executor.py for tasks to queue
[2024-11-02T20:23:06.689+0000] {logging_mixin.py:151} INFO - [2024-11-02T20:23:06.686+0000] {dagbag.py:539} INFO - Filling up the DagBag from /home/airflow/.local/lib/python3.8/site-packages/airflow/example_dags/example_local_kubernetes_executor.py
[2024-11-02T20:23:13.063+0000] {processor.py:839} INFO - DAG(s) dict_keys(['example_local_kubernetes_executor']) retrieved from /home/airflow/.local/lib/python3.8/site-packages/airflow/example_dags/example_local_kubernetes_executor.py
[2024-11-02T20:23:13.771+0000] {logging_mixin.py:151} INFO - [2024-11-02T20:23:13.753+0000] {dag.py:2915} INFO - Sync 1 DAGs
[2024-11-02T20:23:13.891+0000] {logging_mixin.py:151} INFO - [2024-11-02T20:23:13.891+0000] {dag.py:3696} INFO - Setting next_dagrun for example_local_kubernetes_executor to None, run_after=None
[2024-11-02T20:23:14.221+0000] {processor.py:179} INFO - Processing /home/airflow/.local/lib/python3.8/site-packages/airflow/example_dags/example_local_kubernetes_executor.py took 7.671 seconds
[2024-11-02T20:23:54.487+0000] {processor.py:157} INFO - Started process (PID=687) to work on /home/airflow/.local/lib/python3.8/site-packages/airflow/example_dags/example_local_kubernetes_executor.py
[2024-11-02T20:23:54.502+0000] {processor.py:829} INFO - Processing file /home/airflow/.local/lib/python3.8/site-packages/airflow/example_dags/example_local_kubernetes_executor.py for tasks to queue
[2024-11-02T20:23:54.553+0000] {logging_mixin.py:151} INFO - [2024-11-02T20:23:54.538+0000] {dagbag.py:539} INFO - Filling up the DagBag from /home/airflow/.local/lib/python3.8/site-packages/airflow/example_dags/example_local_kubernetes_executor.py
[2024-11-02T20:23:58.330+0000] {processor.py:839} INFO - DAG(s) dict_keys(['example_local_kubernetes_executor']) retrieved from /home/airflow/.local/lib/python3.8/site-packages/airflow/example_dags/example_local_kubernetes_executor.py
[2024-11-02T20:23:58.960+0000] {logging_mixin.py:151} INFO - [2024-11-02T20:23:58.956+0000] {dag.py:2915} INFO - Sync 1 DAGs
[2024-11-02T20:23:59.312+0000] {logging_mixin.py:151} INFO - [2024-11-02T20:23:59.311+0000] {dag.py:3696} INFO - Setting next_dagrun for example_local_kubernetes_executor to None, run_after=None
[2024-11-02T20:24:00.126+0000] {processor.py:179} INFO - Processing /home/airflow/.local/lib/python3.8/site-packages/airflow/example_dags/example_local_kubernetes_executor.py took 5.720 seconds
[2024-11-02T20:24:48.949+0000] {processor.py:157} INFO - Started process (PID=743) to work on /home/airflow/.local/lib/python3.8/site-packages/airflow/example_dags/example_local_kubernetes_executor.py
[2024-11-02T20:24:48.979+0000] {processor.py:829} INFO - Processing file /home/airflow/.local/lib/python3.8/site-packages/airflow/example_dags/example_local_kubernetes_executor.py for tasks to queue
[2024-11-02T20:24:49.082+0000] {logging_mixin.py:151} INFO - [2024-11-02T20:24:49.070+0000] {dagbag.py:539} INFO - Filling up the DagBag from /home/airflow/.local/lib/python3.8/site-packages/airflow/example_dags/example_local_kubernetes_executor.py
