[2024-11-02T20:11:51.168+0000] {processor.py:157} INFO - Started process (PID=55) to work on /home/airflow/.local/lib/python3.8/site-packages/airflow/example_dags/example_external_task_marker_dag.py
[2024-11-02T20:11:51.177+0000] {processor.py:829} INFO - Processing file /home/airflow/.local/lib/python3.8/site-packages/airflow/example_dags/example_external_task_marker_dag.py for tasks to queue
[2024-11-02T20:11:51.225+0000] {logging_mixin.py:151} INFO - [2024-11-02T20:11:51.225+0000] {dagbag.py:539} INFO - Filling up the DagBag from /home/airflow/.local/lib/python3.8/site-packages/airflow/example_dags/example_external_task_marker_dag.py
[2024-11-02T20:11:51.649+0000] {processor.py:839} INFO - DAG(s) dict_keys(['example_external_task_marker_child', 'example_external_task_marker_parent']) retrieved from /home/airflow/.local/lib/python3.8/site-packages/airflow/example_dags/example_external_task_marker_dag.py
[2024-11-02T20:11:52.371+0000] {logging_mixin.py:151} INFO - [2024-11-02T20:11:52.362+0000] {dag.py:2915} INFO - Sync 2 DAGs
[2024-11-02T20:11:52.583+0000] {logging_mixin.py:151} INFO - [2024-11-02T20:11:52.583+0000] {dag.py:3696} INFO - Setting next_dagrun for example_external_task_marker_child to None, run_after=None
[2024-11-02T20:11:52.629+0000] {logging_mixin.py:151} INFO - [2024-11-02T20:11:52.628+0000] {dag.py:3696} INFO - Setting next_dagrun for example_external_task_marker_parent to None, run_after=None
[2024-11-02T20:11:53.030+0000] {processor.py:179} INFO - Processing /home/airflow/.local/lib/python3.8/site-packages/airflow/example_dags/example_external_task_marker_dag.py took 1.964 seconds
[2024-11-02T20:14:20.090+0000] {processor.py:157} INFO - Started process (PID=57) to work on /home/airflow/.local/lib/python3.8/site-packages/airflow/example_dags/example_external_task_marker_dag.py
[2024-11-02T20:14:20.094+0000] {processor.py:829} INFO - Processing file /home/airflow/.local/lib/python3.8/site-packages/airflow/example_dags/example_external_task_marker_dag.py for tasks to queue
[2024-11-02T20:14:20.146+0000] {logging_mixin.py:151} INFO - [2024-11-02T20:14:20.135+0000] {dagbag.py:539} INFO - Filling up the DagBag from /home/airflow/.local/lib/python3.8/site-packages/airflow/example_dags/example_external_task_marker_dag.py
[2024-11-02T20:14:20.327+0000] {processor.py:839} INFO - DAG(s) dict_keys(['example_external_task_marker_child', 'example_external_task_marker_parent']) retrieved from /home/airflow/.local/lib/python3.8/site-packages/airflow/example_dags/example_external_task_marker_dag.py
[2024-11-02T20:14:20.636+0000] {logging_mixin.py:151} INFO - [2024-11-02T20:14:20.635+0000] {dag.py:2915} INFO - Sync 2 DAGs
[2024-11-02T20:14:20.903+0000] {logging_mixin.py:151} INFO - [2024-11-02T20:14:20.903+0000] {dag.py:3696} INFO - Setting next_dagrun for example_external_task_marker_child to None, run_after=None
[2024-11-02T20:14:20.976+0000] {logging_mixin.py:151} INFO - [2024-11-02T20:14:20.971+0000] {dag.py:3696} INFO - Setting next_dagrun for example_external_task_marker_parent to None, run_after=None
[2024-11-02T20:14:21.450+0000] {processor.py:179} INFO - Processing /home/airflow/.local/lib/python3.8/site-packages/airflow/example_dags/example_external_task_marker_dag.py took 1.397 seconds
[2024-11-02T20:15:06.778+0000] {processor.py:157} INFO - Started process (PID=112) to work on /home/airflow/.local/lib/python3.8/site-packages/airflow/example_dags/example_external_task_marker_dag.py
[2024-11-02T20:15:06.793+0000] {processor.py:829} INFO - Processing file /home/airflow/.local/lib/python3.8/site-packages/airflow/example_dags/example_external_task_marker_dag.py for tasks to queue
[2024-11-02T20:15:06.816+0000] {logging_mixin.py:151} INFO - [2024-11-02T20:15:06.815+0000] {dagbag.py:539} INFO - Filling up the DagBag from /home/airflow/.local/lib/python3.8/site-packages/airflow/example_dags/example_external_task_marker_dag.py
[2024-11-02T20:15:06.889+0000] {processor.py:839} INFO - DAG(s) dict_keys(['example_external_task_marker_child', 'example_external_task_marker_parent']) retrieved from /home/airflow/.local/lib/python3.8/site-packages/airflow/example_dags/example_external_task_marker_dag.py
[2024-11-02T20:15:07.096+0000] {logging_mixin.py:151} INFO - [2024-11-02T20:15:07.096+0000] {dag.py:2915} INFO - Sync 2 DAGs
[2024-11-02T20:15:07.204+0000] {logging_mixin.py:151} INFO - [2024-11-02T20:15:07.203+0000] {dag.py:3696} INFO - Setting next_dagrun for example_external_task_marker_child to None, run_after=None
[2024-11-02T20:15:07.226+0000] {logging_mixin.py:151} INFO - [2024-11-02T20:15:07.217+0000] {dag.py:3696} INFO - Setting next_dagrun for example_external_task_marker_parent to None, run_after=None
[2024-11-02T20:15:07.400+0000] {processor.py:179} INFO - Processing /home/airflow/.local/lib/python3.8/site-packages/airflow/example_dags/example_external_task_marker_dag.py took 0.661 seconds
[2024-11-02T20:15:46.747+0000] {processor.py:157} INFO - Started process (PID=149) to work on /home/airflow/.local/lib/python3.8/site-packages/airflow/example_dags/example_external_task_marker_dag.py
[2024-11-02T20:15:46.751+0000] {processor.py:829} INFO - Processing file /home/airflow/.local/lib/python3.8/site-packages/airflow/example_dags/example_external_task_marker_dag.py for tasks to queue
[2024-11-02T20:15:46.811+0000] {logging_mixin.py:151} INFO - [2024-11-02T20:15:46.783+0000] {dagbag.py:539} INFO - Filling up the DagBag from /home/airflow/.local/lib/python3.8/site-packages/airflow/example_dags/example_external_task_marker_dag.py
[2024-11-02T20:15:46.999+0000] {processor.py:839} INFO - DAG(s) dict_keys(['example_external_task_marker_parent', 'example_external_task_marker_child']) retrieved from /home/airflow/.local/lib/python3.8/site-packages/airflow/example_dags/example_external_task_marker_dag.py
[2024-11-02T20:15:47.375+0000] {logging_mixin.py:151} INFO - [2024-11-02T20:15:47.375+0000] {dag.py:2915} INFO - Sync 2 DAGs
[2024-11-02T20:15:47.590+0000] {logging_mixin.py:151} INFO - [2024-11-02T20:15:47.589+0000] {dag.py:3696} INFO - Setting next_dagrun for example_external_task_marker_child to None, run_after=None
[2024-11-02T20:15:47.626+0000] {logging_mixin.py:151} INFO - [2024-11-02T20:15:47.626+0000] {dag.py:3696} INFO - Setting next_dagrun for example_external_task_marker_parent to None, run_after=None
[2024-11-02T20:15:48.061+0000] {processor.py:179} INFO - Processing /home/airflow/.local/lib/python3.8/site-packages/airflow/example_dags/example_external_task_marker_dag.py took 1.374 seconds
[2024-11-02T20:16:27.296+0000] {processor.py:157} INFO - Started process (PID=204) to work on /home/airflow/.local/lib/python3.8/site-packages/airflow/example_dags/example_external_task_marker_dag.py
[2024-11-02T20:16:27.303+0000] {processor.py:829} INFO - Processing file /home/airflow/.local/lib/python3.8/site-packages/airflow/example_dags/example_external_task_marker_dag.py for tasks to queue
[2024-11-02T20:16:27.341+0000] {logging_mixin.py:151} INFO - [2024-11-02T20:16:27.333+0000] {dagbag.py:539} INFO - Filling up the DagBag from /home/airflow/.local/lib/python3.8/site-packages/airflow/example_dags/example_external_task_marker_dag.py
[2024-11-02T20:16:27.413+0000] {processor.py:839} INFO - DAG(s) dict_keys(['example_external_task_marker_parent', 'example_external_task_marker_child']) retrieved from /home/airflow/.local/lib/python3.8/site-packages/airflow/example_dags/example_external_task_marker_dag.py
[2024-11-02T20:16:27.749+0000] {logging_mixin.py:151} INFO - [2024-11-02T20:16:27.740+0000] {dag.py:2915} INFO - Sync 2 DAGs
[2024-11-02T20:16:28.040+0000] {logging_mixin.py:151} INFO - [2024-11-02T20:16:28.040+0000] {dag.py:3696} INFO - Setting next_dagrun for example_external_task_marker_child to None, run_after=None
[2024-11-02T20:16:28.145+0000] {logging_mixin.py:151} INFO - [2024-11-02T20:16:28.139+0000] {dag.py:3696} INFO - Setting next_dagrun for example_external_task_marker_parent to None, run_after=None
[2024-11-02T20:16:28.715+0000] {processor.py:179} INFO - Processing /home/airflow/.local/lib/python3.8/site-packages/airflow/example_dags/example_external_task_marker_dag.py took 1.441 seconds
[2024-11-02T20:17:06.271+0000] {processor.py:157} INFO - Started process (PID=245) to work on /home/airflow/.local/lib/python3.8/site-packages/airflow/example_dags/example_external_task_marker_dag.py
[2024-11-02T20:17:06.325+0000] {processor.py:829} INFO - Processing file /home/airflow/.local/lib/python3.8/site-packages/airflow/example_dags/example_external_task_marker_dag.py for tasks to queue
[2024-11-02T20:17:06.353+0000] {logging_mixin.py:151} INFO - [2024-11-02T20:17:06.351+0000] {dagbag.py:539} INFO - Filling up the DagBag from /home/airflow/.local/lib/python3.8/site-packages/airflow/example_dags/example_external_task_marker_dag.py
[2024-11-02T20:17:06.473+0000] {processor.py:839} INFO - DAG(s) dict_keys(['example_external_task_marker_child', 'example_external_task_marker_parent']) retrieved from /home/airflow/.local/lib/python3.8/site-packages/airflow/example_dags/example_external_task_marker_dag.py
[2024-11-02T20:17:06.927+0000] {logging_mixin.py:151} INFO - [2024-11-02T20:17:06.926+0000] {dag.py:2915} INFO - Sync 2 DAGs
[2024-11-02T20:17:07.262+0000] {logging_mixin.py:151} INFO - [2024-11-02T20:17:07.262+0000] {dag.py:3696} INFO - Setting next_dagrun for example_external_task_marker_child to None, run_after=None
[2024-11-02T20:17:07.289+0000] {logging_mixin.py:151} INFO - [2024-11-02T20:17:07.289+0000] {dag.py:3696} INFO - Setting next_dagrun for example_external_task_marker_parent to None, run_after=None
[2024-11-02T20:17:07.509+0000] {processor.py:179} INFO - Processing /home/airflow/.local/lib/python3.8/site-packages/airflow/example_dags/example_external_task_marker_dag.py took 1.314 seconds
[2024-11-02T20:17:46.011+0000] {processor.py:157} INFO - Started process (PID=285) to work on /home/airflow/.local/lib/python3.8/site-packages/airflow/example_dags/example_external_task_marker_dag.py
[2024-11-02T20:17:46.021+0000] {processor.py:829} INFO - Processing file /home/airflow/.local/lib/python3.8/site-packages/airflow/example_dags/example_external_task_marker_dag.py for tasks to queue
[2024-11-02T20:17:46.051+0000] {logging_mixin.py:151} INFO - [2024-11-02T20:17:46.042+0000] {dagbag.py:539} INFO - Filling up the DagBag from /home/airflow/.local/lib/python3.8/site-packages/airflow/example_dags/example_external_task_marker_dag.py
[2024-11-02T20:17:46.190+0000] {processor.py:839} INFO - DAG(s) dict_keys(['example_external_task_marker_parent', 'example_external_task_marker_child']) retrieved from /home/airflow/.local/lib/python3.8/site-packages/airflow/example_dags/example_external_task_marker_dag.py
[2024-11-02T20:17:46.528+0000] {logging_mixin.py:151} INFO - [2024-11-02T20:17:46.527+0000] {dag.py:2915} INFO - Sync 2 DAGs
[2024-11-02T20:17:46.662+0000] {logging_mixin.py:151} INFO - [2024-11-02T20:17:46.655+0000] {dag.py:3696} INFO - Setting next_dagrun for example_external_task_marker_child to None, run_after=None
[2024-11-02T20:17:46.692+0000] {logging_mixin.py:151} INFO - [2024-11-02T20:17:46.692+0000] {dag.py:3696} INFO - Setting next_dagrun for example_external_task_marker_parent to None, run_after=None
[2024-11-02T20:17:46.829+0000] {processor.py:179} INFO - Processing /home/airflow/.local/lib/python3.8/site-packages/airflow/example_dags/example_external_task_marker_dag.py took 0.890 seconds
[2024-11-02T20:18:34.892+0000] {processor.py:157} INFO - Started process (PID=340) to work on /home/airflow/.local/lib/python3.8/site-packages/airflow/example_dags/example_external_task_marker_dag.py
[2024-11-02T20:18:34.897+0000] {processor.py:829} INFO - Processing file /home/airflow/.local/lib/python3.8/site-packages/airflow/example_dags/example_external_task_marker_dag.py for tasks to queue
[2024-11-02T20:18:34.950+0000] {logging_mixin.py:151} INFO - [2024-11-02T20:18:34.942+0000] {dagbag.py:539} INFO - Filling up the DagBag from /home/airflow/.local/lib/python3.8/site-packages/airflow/example_dags/example_external_task_marker_dag.py
[2024-11-02T20:18:35.075+0000] {processor.py:839} INFO - DAG(s) dict_keys(['example_external_task_marker_child', 'example_external_task_marker_parent']) retrieved from /home/airflow/.local/lib/python3.8/site-packages/airflow/example_dags/example_external_task_marker_dag.py
[2024-11-02T20:18:35.594+0000] {logging_mixin.py:151} INFO - [2024-11-02T20:18:35.594+0000] {dag.py:2915} INFO - Sync 2 DAGs
[2024-11-02T20:18:35.791+0000] {logging_mixin.py:151} INFO - [2024-11-02T20:18:35.791+0000] {dag.py:3696} INFO - Setting next_dagrun for example_external_task_marker_child to None, run_after=None
[2024-11-02T20:18:35.864+0000] {logging_mixin.py:151} INFO - [2024-11-02T20:18:35.863+0000] {dag.py:3696} INFO - Setting next_dagrun for example_external_task_marker_parent to None, run_after=None
[2024-11-02T20:18:36.079+0000] {processor.py:179} INFO - Processing /home/airflow/.local/lib/python3.8/site-packages/airflow/example_dags/example_external_task_marker_dag.py took 1.268 seconds
[2024-11-02T20:19:17.074+0000] {processor.py:157} INFO - Started process (PID=390) to work on /home/airflow/.local/lib/python3.8/site-packages/airflow/example_dags/example_external_task_marker_dag.py
[2024-11-02T20:19:17.085+0000] {processor.py:829} INFO - Processing file /home/airflow/.local/lib/python3.8/site-packages/airflow/example_dags/example_external_task_marker_dag.py for tasks to queue
[2024-11-02T20:19:17.100+0000] {logging_mixin.py:151} INFO - [2024-11-02T20:19:17.099+0000] {dagbag.py:539} INFO - Filling up the DagBag from /home/airflow/.local/lib/python3.8/site-packages/airflow/example_dags/example_external_task_marker_dag.py
[2024-11-02T20:19:17.148+0000] {processor.py:839} INFO - DAG(s) dict_keys(['example_external_task_marker_parent', 'example_external_task_marker_child']) retrieved from /home/airflow/.local/lib/python3.8/site-packages/airflow/example_dags/example_external_task_marker_dag.py
[2024-11-02T20:19:17.342+0000] {logging_mixin.py:151} INFO - [2024-11-02T20:19:17.341+0000] {dag.py:2915} INFO - Sync 2 DAGs
[2024-11-02T20:19:17.444+0000] {logging_mixin.py:151} INFO - [2024-11-02T20:19:17.443+0000] {dag.py:3696} INFO - Setting next_dagrun for example_external_task_marker_child to None, run_after=None
[2024-11-02T20:19:17.472+0000] {logging_mixin.py:151} INFO - [2024-11-02T20:19:17.472+0000] {dag.py:3696} INFO - Setting next_dagrun for example_external_task_marker_parent to None, run_after=None
[2024-11-02T20:19:17.660+0000] {processor.py:179} INFO - Processing /home/airflow/.local/lib/python3.8/site-packages/airflow/example_dags/example_external_task_marker_dag.py took 0.600 seconds
[2024-11-02T20:20:05.309+0000] {processor.py:157} INFO - Started process (PID=449) to work on /home/airflow/.local/lib/python3.8/site-packages/airflow/example_dags/example_external_task_marker_dag.py
[2024-11-02T20:20:05.348+0000] {processor.py:829} INFO - Processing file /home/airflow/.local/lib/python3.8/site-packages/airflow/example_dags/example_external_task_marker_dag.py for tasks to queue
[2024-11-02T20:20:05.417+0000] {logging_mixin.py:151} INFO - [2024-11-02T20:20:05.417+0000] {dagbag.py:539} INFO - Filling up the DagBag from /home/airflow/.local/lib/python3.8/site-packages/airflow/example_dags/example_external_task_marker_dag.py
[2024-11-02T20:20:05.576+0000] {processor.py:839} INFO - DAG(s) dict_keys(['example_external_task_marker_child', 'example_external_task_marker_parent']) retrieved from /home/airflow/.local/lib/python3.8/site-packages/airflow/example_dags/example_external_task_marker_dag.py
[2024-11-02T20:20:06.050+0000] {logging_mixin.py:151} INFO - [2024-11-02T20:20:06.049+0000] {dag.py:2915} INFO - Sync 2 DAGs
[2024-11-02T20:20:06.678+0000] {logging_mixin.py:151} INFO - [2024-11-02T20:20:06.674+0000] {dag.py:3696} INFO - Setting next_dagrun for example_external_task_marker_child to None, run_after=None
[2024-11-02T20:20:06.786+0000] {logging_mixin.py:151} INFO - [2024-11-02T20:20:06.786+0000] {dag.py:3696} INFO - Setting next_dagrun for example_external_task_marker_parent to None, run_after=None
[2024-11-02T20:20:07.382+0000] {processor.py:179} INFO - Processing /home/airflow/.local/lib/python3.8/site-packages/airflow/example_dags/example_external_task_marker_dag.py took 2.215 seconds
[2024-11-02T20:20:52.598+0000] {processor.py:157} INFO - Started process (PID=488) to work on /home/airflow/.local/lib/python3.8/site-packages/airflow/example_dags/example_external_task_marker_dag.py
[2024-11-02T20:20:52.623+0000] {processor.py:829} INFO - Processing file /home/airflow/.local/lib/python3.8/site-packages/airflow/example_dags/example_external_task_marker_dag.py for tasks to queue
[2024-11-02T20:20:52.682+0000] {logging_mixin.py:151} INFO - [2024-11-02T20:20:52.642+0000] {dagbag.py:539} INFO - Filling up the DagBag from /home/airflow/.local/lib/python3.8/site-packages/airflow/example_dags/example_external_task_marker_dag.py
[2024-11-02T20:20:52.842+0000] {processor.py:839} INFO - DAG(s) dict_keys(['example_external_task_marker_parent', 'example_external_task_marker_child']) retrieved from /home/airflow/.local/lib/python3.8/site-packages/airflow/example_dags/example_external_task_marker_dag.py
[2024-11-02T20:20:53.449+0000] {logging_mixin.py:151} INFO - [2024-11-02T20:20:53.448+0000] {dag.py:2915} INFO - Sync 2 DAGs
[2024-11-02T20:20:53.672+0000] {logging_mixin.py:151} INFO - [2024-11-02T20:20:53.666+0000] {dag.py:3696} INFO - Setting next_dagrun for example_external_task_marker_child to None, run_after=None
[2024-11-02T20:20:53.750+0000] {logging_mixin.py:151} INFO - [2024-11-02T20:20:53.750+0000] {dag.py:3696} INFO - Setting next_dagrun for example_external_task_marker_parent to None, run_after=None
[2024-11-02T20:20:54.170+0000] {processor.py:179} INFO - Processing /home/airflow/.local/lib/python3.8/site-packages/airflow/example_dags/example_external_task_marker_dag.py took 1.673 seconds
[2024-11-02T20:21:42.350+0000] {processor.py:157} INFO - Started process (PID=547) to work on /home/airflow/.local/lib/python3.8/site-packages/airflow/example_dags/example_external_task_marker_dag.py
[2024-11-02T20:21:42.378+0000] {processor.py:829} INFO - Processing file /home/airflow/.local/lib/python3.8/site-packages/airflow/example_dags/example_external_task_marker_dag.py for tasks to queue
[2024-11-02T20:21:42.433+0000] {logging_mixin.py:151} INFO - [2024-11-02T20:21:42.433+0000] {dagbag.py:539} INFO - Filling up the DagBag from /home/airflow/.local/lib/python3.8/site-packages/airflow/example_dags/example_external_task_marker_dag.py
[2024-11-02T20:21:42.669+0000] {processor.py:839} INFO - DAG(s) dict_keys(['example_external_task_marker_child', 'example_external_task_marker_parent']) retrieved from /home/airflow/.local/lib/python3.8/site-packages/airflow/example_dags/example_external_task_marker_dag.py
[2024-11-02T20:21:43.484+0000] {logging_mixin.py:151} INFO - [2024-11-02T20:21:43.483+0000] {dag.py:2915} INFO - Sync 2 DAGs
[2024-11-02T20:21:43.758+0000] {logging_mixin.py:151} INFO - [2024-11-02T20:21:43.757+0000] {dag.py:3696} INFO - Setting next_dagrun for example_external_task_marker_child to None, run_after=None
[2024-11-02T20:21:43.832+0000] {logging_mixin.py:151} INFO - [2024-11-02T20:21:43.827+0000] {dag.py:3696} INFO - Setting next_dagrun for example_external_task_marker_parent to None, run_after=None
[2024-11-02T20:21:44.716+0000] {processor.py:179} INFO - Processing /home/airflow/.local/lib/python3.8/site-packages/airflow/example_dags/example_external_task_marker_dag.py took 2.488 seconds
[2024-11-02T20:22:25.664+0000] {processor.py:157} INFO - Started process (PID=590) to work on /home/airflow/.local/lib/python3.8/site-packages/airflow/example_dags/example_external_task_marker_dag.py
[2024-11-02T20:22:25.705+0000] {processor.py:829} INFO - Processing file /home/airflow/.local/lib/python3.8/site-packages/airflow/example_dags/example_external_task_marker_dag.py for tasks to queue
[2024-11-02T20:22:25.785+0000] {logging_mixin.py:151} INFO - [2024-11-02T20:22:25.778+0000] {dagbag.py:539} INFO - Filling up the DagBag from /home/airflow/.local/lib/python3.8/site-packages/airflow/example_dags/example_external_task_marker_dag.py
[2024-11-02T20:22:25.908+0000] {processor.py:839} INFO - DAG(s) dict_keys(['example_external_task_marker_child', 'example_external_task_marker_parent']) retrieved from /home/airflow/.local/lib/python3.8/site-packages/airflow/example_dags/example_external_task_marker_dag.py
[2024-11-02T20:22:26.634+0000] {logging_mixin.py:151} INFO - [2024-11-02T20:22:26.634+0000] {dag.py:2915} INFO - Sync 2 DAGs
[2024-11-02T20:22:26.833+0000] {logging_mixin.py:151} INFO - [2024-11-02T20:22:26.833+0000] {dag.py:3696} INFO - Setting next_dagrun for example_external_task_marker_child to None, run_after=None
[2024-11-02T20:22:26.925+0000] {logging_mixin.py:151} INFO - [2024-11-02T20:22:26.914+0000] {dag.py:3696} INFO - Setting next_dagrun for example_external_task_marker_parent to None, run_after=None
[2024-11-02T20:22:27.263+0000] {processor.py:179} INFO - Processing /home/airflow/.local/lib/python3.8/site-packages/airflow/example_dags/example_external_task_marker_dag.py took 1.670 seconds
[2024-11-02T20:23:13.576+0000] {processor.py:157} INFO - Started process (PID=642) to work on /home/airflow/.local/lib/python3.8/site-packages/airflow/example_dags/example_external_task_marker_dag.py
[2024-11-02T20:23:13.617+0000] {processor.py:829} INFO - Processing file /home/airflow/.local/lib/python3.8/site-packages/airflow/example_dags/example_external_task_marker_dag.py for tasks to queue
[2024-11-02T20:23:13.678+0000] {logging_mixin.py:151} INFO - [2024-11-02T20:23:13.665+0000] {dagbag.py:539} INFO - Filling up the DagBag from /home/airflow/.local/lib/python3.8/site-packages/airflow/example_dags/example_external_task_marker_dag.py
[2024-11-02T20:23:13.812+0000] {processor.py:839} INFO - DAG(s) dict_keys(['example_external_task_marker_child', 'example_external_task_marker_parent']) retrieved from /home/airflow/.local/lib/python3.8/site-packages/airflow/example_dags/example_external_task_marker_dag.py
[2024-11-02T20:23:14.191+0000] {logging_mixin.py:151} INFO - [2024-11-02T20:23:14.191+0000] {dag.py:2915} INFO - Sync 2 DAGs
[2024-11-02T20:23:14.664+0000] {logging_mixin.py:151} INFO - [2024-11-02T20:23:14.664+0000] {dag.py:3696} INFO - Setting next_dagrun for example_external_task_marker_child to None, run_after=None
[2024-11-02T20:23:14.787+0000] {logging_mixin.py:151} INFO - [2024-11-02T20:23:14.787+0000] {dag.py:3696} INFO - Setting next_dagrun for example_external_task_marker_parent to None, run_after=None
[2024-11-02T20:23:15.207+0000] {processor.py:179} INFO - Processing /home/airflow/.local/lib/python3.8/site-packages/airflow/example_dags/example_external_task_marker_dag.py took 1.689 seconds
[2024-11-02T20:23:57.477+0000] {processor.py:157} INFO - Started process (PID=690) to work on /home/airflow/.local/lib/python3.8/site-packages/airflow/example_dags/example_external_task_marker_dag.py
[2024-11-02T20:23:57.515+0000] {processor.py:829} INFO - Processing file /home/airflow/.local/lib/python3.8/site-packages/airflow/example_dags/example_external_task_marker_dag.py for tasks to queue
[2024-11-02T20:23:57.535+0000] {logging_mixin.py:151} INFO - [2024-11-02T20:23:57.524+0000] {dagbag.py:539} INFO - Filling up the DagBag from /home/airflow/.local/lib/python3.8/site-packages/airflow/example_dags/example_external_task_marker_dag.py
[2024-11-02T20:23:57.578+0000] {processor.py:839} INFO - DAG(s) dict_keys(['example_external_task_marker_parent', 'example_external_task_marker_child']) retrieved from /home/airflow/.local/lib/python3.8/site-packages/airflow/example_dags/example_external_task_marker_dag.py
[2024-11-02T20:23:58.035+0000] {logging_mixin.py:151} INFO - [2024-11-02T20:23:58.034+0000] {dag.py:2915} INFO - Sync 2 DAGs
[2024-11-02T20:23:58.210+0000] {logging_mixin.py:151} INFO - [2024-11-02T20:23:58.209+0000] {dag.py:3696} INFO - Setting next_dagrun for example_external_task_marker_child to None, run_after=None
[2024-11-02T20:23:58.259+0000] {logging_mixin.py:151} INFO - [2024-11-02T20:23:58.252+0000] {dag.py:3696} INFO - Setting next_dagrun for example_external_task_marker_parent to None, run_after=None
[2024-11-02T20:23:58.507+0000] {processor.py:179} INFO - Processing /home/airflow/.local/lib/python3.8/site-packages/airflow/example_dags/example_external_task_marker_dag.py took 1.099 seconds
