[2024-11-02T20:12:38.694+0000] {processor.py:157} INFO - Started process (PID=93) to work on /home/airflow/.local/lib/python3.8/site-packages/airflow/example_dags/example_time_delta_sensor_async.py
[2024-11-02T20:12:38.708+0000] {processor.py:829} INFO - Processing file /home/airflow/.local/lib/python3.8/site-packages/airflow/example_dags/example_time_delta_sensor_async.py for tasks to queue
[2024-11-02T20:12:38.747+0000] {logging_mixin.py:151} INFO - [2024-11-02T20:12:38.741+0000] {dagbag.py:539} INFO - Filling up the DagBag from /home/airflow/.local/lib/python3.8/site-packages/airflow/example_dags/example_time_delta_sensor_async.py
[2024-11-02T20:12:38.828+0000] {processor.py:839} INFO - DAG(s) dict_keys(['example_time_delta_sensor_async']) retrieved from /home/airflow/.local/lib/python3.8/site-packages/airflow/example_dags/example_time_delta_sensor_async.py
[2024-11-02T20:12:39.208+0000] {logging_mixin.py:151} INFO - [2024-11-02T20:12:39.208+0000] {dag.py:2915} INFO - Sync 1 DAGs
[2024-11-02T20:14:50.827+0000] {processor.py:157} INFO - Started process (PID=95) to work on /home/airflow/.local/lib/python3.8/site-packages/airflow/example_dags/example_time_delta_sensor_async.py
[2024-11-02T20:14:50.832+0000] {processor.py:829} INFO - Processing file /home/airflow/.local/lib/python3.8/site-packages/airflow/example_dags/example_time_delta_sensor_async.py for tasks to queue
[2024-11-02T20:14:50.846+0000] {logging_mixin.py:151} INFO - [2024-11-02T20:14:50.845+0000] {dagbag.py:539} INFO - Filling up the DagBag from /home/airflow/.local/lib/python3.8/site-packages/airflow/example_dags/example_time_delta_sensor_async.py
[2024-11-02T20:14:50.905+0000] {processor.py:839} INFO - DAG(s) dict_keys(['example_time_delta_sensor_async']) retrieved from /home/airflow/.local/lib/python3.8/site-packages/airflow/example_dags/example_time_delta_sensor_async.py
[2024-11-02T20:14:51.278+0000] {logging_mixin.py:151} INFO - [2024-11-02T20:14:51.278+0000] {dag.py:2915} INFO - Sync 1 DAGs
[2024-11-02T20:14:51.402+0000] {logging_mixin.py:151} INFO - [2024-11-02T20:14:51.401+0000] {dag.py:3696} INFO - Setting next_dagrun for example_time_delta_sensor_async to None, run_after=None
[2024-11-02T20:14:51.645+0000] {processor.py:179} INFO - Processing /home/airflow/.local/lib/python3.8/site-packages/airflow/example_dags/example_time_delta_sensor_async.py took 0.855 seconds
[2024-11-02T20:15:52.339+0000] {processor.py:157} INFO - Started process (PID=162) to work on /home/airflow/.local/lib/python3.8/site-packages/airflow/example_dags/example_time_delta_sensor_async.py
[2024-11-02T20:15:52.381+0000] {processor.py:829} INFO - Processing file /home/airflow/.local/lib/python3.8/site-packages/airflow/example_dags/example_time_delta_sensor_async.py for tasks to queue
[2024-11-02T20:15:52.442+0000] {logging_mixin.py:151} INFO - [2024-11-02T20:15:52.441+0000] {dagbag.py:539} INFO - Filling up the DagBag from /home/airflow/.local/lib/python3.8/site-packages/airflow/example_dags/example_time_delta_sensor_async.py
[2024-11-02T20:15:52.625+0000] {processor.py:839} INFO - DAG(s) dict_keys(['example_time_delta_sensor_async']) retrieved from /home/airflow/.local/lib/python3.8/site-packages/airflow/example_dags/example_time_delta_sensor_async.py
[2024-11-02T20:15:52.986+0000] {logging_mixin.py:151} INFO - [2024-11-02T20:15:52.985+0000] {dag.py:2915} INFO - Sync 1 DAGs
[2024-11-02T20:15:53.205+0000] {logging_mixin.py:151} INFO - [2024-11-02T20:15:53.205+0000] {dag.py:3696} INFO - Setting next_dagrun for example_time_delta_sensor_async to None, run_after=None
[2024-11-02T20:15:53.525+0000] {processor.py:179} INFO - Processing /home/airflow/.local/lib/python3.8/site-packages/airflow/example_dags/example_time_delta_sensor_async.py took 1.320 seconds
[2024-11-02T20:16:51.013+0000] {processor.py:157} INFO - Started process (PID=223) to work on /home/airflow/.local/lib/python3.8/site-packages/airflow/example_dags/example_time_delta_sensor_async.py
[2024-11-02T20:16:51.026+0000] {processor.py:829} INFO - Processing file /home/airflow/.local/lib/python3.8/site-packages/airflow/example_dags/example_time_delta_sensor_async.py for tasks to queue
[2024-11-02T20:16:51.031+0000] {logging_mixin.py:151} INFO - [2024-11-02T20:16:51.031+0000] {dagbag.py:539} INFO - Filling up the DagBag from /home/airflow/.local/lib/python3.8/site-packages/airflow/example_dags/example_time_delta_sensor_async.py
[2024-11-02T20:16:51.074+0000] {processor.py:839} INFO - DAG(s) dict_keys(['example_time_delta_sensor_async']) retrieved from /home/airflow/.local/lib/python3.8/site-packages/airflow/example_dags/example_time_delta_sensor_async.py
[2024-11-02T20:16:51.480+0000] {logging_mixin.py:151} INFO - [2024-11-02T20:16:51.467+0000] {dag.py:2915} INFO - Sync 1 DAGs
[2024-11-02T20:16:51.817+0000] {logging_mixin.py:151} INFO - [2024-11-02T20:16:51.816+0000] {dag.py:3696} INFO - Setting next_dagrun for example_time_delta_sensor_async to None, run_after=None
[2024-11-02T20:16:52.120+0000] {processor.py:179} INFO - Processing /home/airflow/.local/lib/python3.8/site-packages/airflow/example_dags/example_time_delta_sensor_async.py took 1.216 seconds
[2024-11-02T20:17:55.293+0000] {processor.py:157} INFO - Started process (PID=294) to work on /home/airflow/.local/lib/python3.8/site-packages/airflow/example_dags/example_time_delta_sensor_async.py
[2024-11-02T20:17:55.314+0000] {processor.py:829} INFO - Processing file /home/airflow/.local/lib/python3.8/site-packages/airflow/example_dags/example_time_delta_sensor_async.py for tasks to queue
[2024-11-02T20:17:55.361+0000] {logging_mixin.py:151} INFO - [2024-11-02T20:17:55.360+0000] {dagbag.py:539} INFO - Filling up the DagBag from /home/airflow/.local/lib/python3.8/site-packages/airflow/example_dags/example_time_delta_sensor_async.py
[2024-11-02T20:17:55.498+0000] {processor.py:839} INFO - DAG(s) dict_keys(['example_time_delta_sensor_async']) retrieved from /home/airflow/.local/lib/python3.8/site-packages/airflow/example_dags/example_time_delta_sensor_async.py
[2024-11-02T20:17:55.834+0000] {logging_mixin.py:151} INFO - [2024-11-02T20:17:55.833+0000] {dag.py:2915} INFO - Sync 1 DAGs
[2024-11-02T20:17:56.083+0000] {logging_mixin.py:151} INFO - [2024-11-02T20:17:56.055+0000] {dag.py:3696} INFO - Setting next_dagrun for example_time_delta_sensor_async to None, run_after=None
[2024-11-02T20:17:56.435+0000] {processor.py:179} INFO - Processing /home/airflow/.local/lib/python3.8/site-packages/airflow/example_dags/example_time_delta_sensor_async.py took 1.186 seconds
[2024-11-02T20:19:06.169+0000] {processor.py:157} INFO - Started process (PID=375) to work on /home/airflow/.local/lib/python3.8/site-packages/airflow/example_dags/example_time_delta_sensor_async.py
[2024-11-02T20:19:06.177+0000] {processor.py:829} INFO - Processing file /home/airflow/.local/lib/python3.8/site-packages/airflow/example_dags/example_time_delta_sensor_async.py for tasks to queue
[2024-11-02T20:19:06.201+0000] {logging_mixin.py:151} INFO - [2024-11-02T20:19:06.201+0000] {dagbag.py:539} INFO - Filling up the DagBag from /home/airflow/.local/lib/python3.8/site-packages/airflow/example_dags/example_time_delta_sensor_async.py
[2024-11-02T20:19:06.333+0000] {processor.py:839} INFO - DAG(s) dict_keys(['example_time_delta_sensor_async']) retrieved from /home/airflow/.local/lib/python3.8/site-packages/airflow/example_dags/example_time_delta_sensor_async.py
[2024-11-02T20:19:06.699+0000] {logging_mixin.py:151} INFO - [2024-11-02T20:19:06.698+0000] {dag.py:2915} INFO - Sync 1 DAGs
[2024-11-02T20:19:06.940+0000] {logging_mixin.py:151} INFO - [2024-11-02T20:19:06.937+0000] {dag.py:3696} INFO - Setting next_dagrun for example_time_delta_sensor_async to None, run_after=None
[2024-11-02T20:19:07.316+0000] {processor.py:179} INFO - Processing /home/airflow/.local/lib/python3.8/site-packages/airflow/example_dags/example_time_delta_sensor_async.py took 1.215 seconds
[2024-11-02T20:19:52.532+0000] {processor.py:157} INFO - Started process (PID=429) to work on /home/airflow/.local/lib/python3.8/site-packages/airflow/example_dags/example_time_delta_sensor_async.py
[2024-11-02T20:19:52.563+0000] {processor.py:829} INFO - Processing file /home/airflow/.local/lib/python3.8/site-packages/airflow/example_dags/example_time_delta_sensor_async.py for tasks to queue
[2024-11-02T20:19:52.611+0000] {logging_mixin.py:151} INFO - [2024-11-02T20:19:52.592+0000] {dagbag.py:539} INFO - Filling up the DagBag from /home/airflow/.local/lib/python3.8/site-packages/airflow/example_dags/example_time_delta_sensor_async.py
[2024-11-02T20:19:52.665+0000] {processor.py:839} INFO - DAG(s) dict_keys(['example_time_delta_sensor_async']) retrieved from /home/airflow/.local/lib/python3.8/site-packages/airflow/example_dags/example_time_delta_sensor_async.py
[2024-11-02T20:19:52.844+0000] {logging_mixin.py:151} INFO - [2024-11-02T20:19:52.842+0000] {dag.py:2915} INFO - Sync 1 DAGs
[2024-11-02T20:19:53.026+0000] {logging_mixin.py:151} INFO - [2024-11-02T20:19:53.026+0000] {dag.py:3696} INFO - Setting next_dagrun for example_time_delta_sensor_async to None, run_after=None
[2024-11-02T20:19:53.254+0000] {processor.py:179} INFO - Processing /home/airflow/.local/lib/python3.8/site-packages/airflow/example_dags/example_time_delta_sensor_async.py took 0.777 seconds
[2024-11-02T20:21:05.998+0000] {processor.py:157} INFO - Started process (PID=505) to work on /home/airflow/.local/lib/python3.8/site-packages/airflow/example_dags/example_time_delta_sensor_async.py
[2024-11-02T20:21:06.010+0000] {processor.py:829} INFO - Processing file /home/airflow/.local/lib/python3.8/site-packages/airflow/example_dags/example_time_delta_sensor_async.py for tasks to queue
[2024-11-02T20:21:06.054+0000] {logging_mixin.py:151} INFO - [2024-11-02T20:21:06.041+0000] {dagbag.py:539} INFO - Filling up the DagBag from /home/airflow/.local/lib/python3.8/site-packages/airflow/example_dags/example_time_delta_sensor_async.py
[2024-11-02T20:21:06.132+0000] {processor.py:839} INFO - DAG(s) dict_keys(['example_time_delta_sensor_async']) retrieved from /home/airflow/.local/lib/python3.8/site-packages/airflow/example_dags/example_time_delta_sensor_async.py
[2024-11-02T20:21:06.565+0000] {logging_mixin.py:151} INFO - [2024-11-02T20:21:06.564+0000] {dag.py:2915} INFO - Sync 1 DAGs
[2024-11-02T20:21:06.842+0000] {logging_mixin.py:151} INFO - [2024-11-02T20:21:06.841+0000] {dag.py:3696} INFO - Setting next_dagrun for example_time_delta_sensor_async to None, run_after=None
[2024-11-02T20:21:07.182+0000] {processor.py:179} INFO - Processing /home/airflow/.local/lib/python3.8/site-packages/airflow/example_dags/example_time_delta_sensor_async.py took 1.232 seconds
[2024-11-02T20:22:10.799+0000] {processor.py:157} INFO - Started process (PID=577) to work on /home/airflow/.local/lib/python3.8/site-packages/airflow/example_dags/example_time_delta_sensor_async.py
[2024-11-02T20:22:10.806+0000] {processor.py:829} INFO - Processing file /home/airflow/.local/lib/python3.8/site-packages/airflow/example_dags/example_time_delta_sensor_async.py for tasks to queue
[2024-11-02T20:22:10.817+0000] {logging_mixin.py:151} INFO - [2024-11-02T20:22:10.817+0000] {dagbag.py:539} INFO - Filling up the DagBag from /home/airflow/.local/lib/python3.8/site-packages/airflow/example_dags/example_time_delta_sensor_async.py
[2024-11-02T20:22:10.866+0000] {processor.py:839} INFO - DAG(s) dict_keys(['example_time_delta_sensor_async']) retrieved from /home/airflow/.local/lib/python3.8/site-packages/airflow/example_dags/example_time_delta_sensor_async.py
[2024-11-02T20:22:11.370+0000] {logging_mixin.py:151} INFO - [2024-11-02T20:22:11.370+0000] {dag.py:2915} INFO - Sync 1 DAGs
[2024-11-02T20:22:11.704+0000] {logging_mixin.py:151} INFO - [2024-11-02T20:22:11.703+0000] {dag.py:3696} INFO - Setting next_dagrun for example_time_delta_sensor_async to None, run_after=None
[2024-11-02T20:22:12.282+0000] {processor.py:179} INFO - Processing /home/airflow/.local/lib/python3.8/site-packages/airflow/example_dags/example_time_delta_sensor_async.py took 1.553 seconds
[2024-11-02T20:23:17.804+0000] {processor.py:157} INFO - Started process (PID=646) to work on /home/airflow/.local/lib/python3.8/site-packages/airflow/example_dags/example_time_delta_sensor_async.py
[2024-11-02T20:23:17.828+0000] {processor.py:829} INFO - Processing file /home/airflow/.local/lib/python3.8/site-packages/airflow/example_dags/example_time_delta_sensor_async.py for tasks to queue
[2024-11-02T20:23:17.834+0000] {logging_mixin.py:151} INFO - [2024-11-02T20:23:17.833+0000] {dagbag.py:539} INFO - Filling up the DagBag from /home/airflow/.local/lib/python3.8/site-packages/airflow/example_dags/example_time_delta_sensor_async.py
[2024-11-02T20:23:17.945+0000] {processor.py:839} INFO - DAG(s) dict_keys(['example_time_delta_sensor_async']) retrieved from /home/airflow/.local/lib/python3.8/site-packages/airflow/example_dags/example_time_delta_sensor_async.py
[2024-11-02T20:23:18.149+0000] {logging_mixin.py:151} INFO - [2024-11-02T20:23:18.148+0000] {dag.py:2915} INFO - Sync 1 DAGs
[2024-11-02T20:23:18.249+0000] {logging_mixin.py:151} INFO - [2024-11-02T20:23:18.241+0000] {dag.py:3696} INFO - Setting next_dagrun for example_time_delta_sensor_async to None, run_after=None
[2024-11-02T20:23:18.418+0000] {processor.py:179} INFO - Processing /home/airflow/.local/lib/python3.8/site-packages/airflow/example_dags/example_time_delta_sensor_async.py took 0.646 seconds
[2024-11-02T20:24:10.861+0000] {processor.py:157} INFO - Started process (PID=699) to work on /home/airflow/.local/lib/python3.8/site-packages/airflow/example_dags/example_time_delta_sensor_async.py
[2024-11-02T20:24:10.887+0000] {processor.py:829} INFO - Processing file /home/airflow/.local/lib/python3.8/site-packages/airflow/example_dags/example_time_delta_sensor_async.py for tasks to queue
[2024-11-02T20:24:11.035+0000] {logging_mixin.py:151} INFO - [2024-11-02T20:24:10.986+0000] {dagbag.py:539} INFO - Filling up the DagBag from /home/airflow/.local/lib/python3.8/site-packages/airflow/example_dags/example_time_delta_sensor_async.py
[2024-11-02T20:24:11.236+0000] {processor.py:839} INFO - DAG(s) dict_keys(['example_time_delta_sensor_async']) retrieved from /home/airflow/.local/lib/python3.8/site-packages/airflow/example_dags/example_time_delta_sensor_async.py
[2024-11-02T20:24:12.023+0000] {logging_mixin.py:151} INFO - [2024-11-02T20:24:12.023+0000] {dag.py:2915} INFO - Sync 1 DAGs
[2024-11-02T20:24:12.421+0000] {logging_mixin.py:151} INFO - [2024-11-02T20:24:12.421+0000] {dag.py:3696} INFO - Setting next_dagrun for example_time_delta_sensor_async to None, run_after=None
[2024-11-02T20:24:12.813+0000] {processor.py:179} INFO - Processing /home/airflow/.local/lib/python3.8/site-packages/airflow/example_dags/example_time_delta_sensor_async.py took 2.052 seconds
