[2024-11-02T20:12:36.937+0000] {processor.py:157} INFO - Started process (PID=91) to work on /home/airflow/.local/lib/python3.8/site-packages/airflow/example_dags/example_branch_day_of_week_operator.py
[2024-11-02T20:12:36.958+0000] {processor.py:829} INFO - Processing file /home/airflow/.local/lib/python3.8/site-packages/airflow/example_dags/example_branch_day_of_week_operator.py for tasks to queue
[2024-11-02T20:12:37.010+0000] {logging_mixin.py:151} INFO - [2024-11-02T20:12:37.009+0000] {dagbag.py:539} INFO - Filling up the DagBag from /home/airflow/.local/lib/python3.8/site-packages/airflow/example_dags/example_branch_day_of_week_operator.py
[2024-11-02T20:12:37.148+0000] {processor.py:839} INFO - DAG(s) dict_keys(['example_weekday_branch_operator']) retrieved from /home/airflow/.local/lib/python3.8/site-packages/airflow/example_dags/example_branch_day_of_week_operator.py
[2024-11-02T20:12:37.519+0000] {logging_mixin.py:151} INFO - [2024-11-02T20:12:37.518+0000] {dag.py:2915} INFO - Sync 1 DAGs
[2024-11-02T20:12:37.886+0000] {logging_mixin.py:151} INFO - [2024-11-02T20:12:37.885+0000] {dag.py:3696} INFO - Setting next_dagrun for example_weekday_branch_operator to 2024-11-01T00:00:00+00:00, run_after=2024-11-02T00:00:00+00:00
[2024-11-02T20:12:38.399+0000] {processor.py:179} INFO - Processing /home/airflow/.local/lib/python3.8/site-packages/airflow/example_dags/example_branch_day_of_week_operator.py took 1.612 seconds
[2024-11-02T20:14:49.771+0000] {processor.py:157} INFO - Started process (PID=92) to work on /home/airflow/.local/lib/python3.8/site-packages/airflow/example_dags/example_branch_day_of_week_operator.py
[2024-11-02T20:14:49.795+0000] {processor.py:829} INFO - Processing file /home/airflow/.local/lib/python3.8/site-packages/airflow/example_dags/example_branch_day_of_week_operator.py for tasks to queue
[2024-11-02T20:14:49.862+0000] {logging_mixin.py:151} INFO - [2024-11-02T20:14:49.861+0000] {dagbag.py:539} INFO - Filling up the DagBag from /home/airflow/.local/lib/python3.8/site-packages/airflow/example_dags/example_branch_day_of_week_operator.py
[2024-11-02T20:14:49.969+0000] {processor.py:839} INFO - DAG(s) dict_keys(['example_weekday_branch_operator']) retrieved from /home/airflow/.local/lib/python3.8/site-packages/airflow/example_dags/example_branch_day_of_week_operator.py
[2024-11-02T20:14:50.167+0000] {logging_mixin.py:151} INFO - [2024-11-02T20:14:50.162+0000] {dag.py:2915} INFO - Sync 1 DAGs
[2024-11-02T20:14:50.355+0000] {logging_mixin.py:151} INFO - [2024-11-02T20:14:50.355+0000] {dag.py:3696} INFO - Setting next_dagrun for example_weekday_branch_operator to 2024-11-01T00:00:00+00:00, run_after=2024-11-02T00:00:00+00:00
[2024-11-02T20:14:50.588+0000] {processor.py:179} INFO - Processing /home/airflow/.local/lib/python3.8/site-packages/airflow/example_dags/example_branch_day_of_week_operator.py took 1.033 seconds
[2024-11-02T20:15:51.132+0000] {processor.py:157} INFO - Started process (PID=154) to work on /home/airflow/.local/lib/python3.8/site-packages/airflow/example_dags/example_branch_day_of_week_operator.py
[2024-11-02T20:15:51.134+0000] {processor.py:829} INFO - Processing file /home/airflow/.local/lib/python3.8/site-packages/airflow/example_dags/example_branch_day_of_week_operator.py for tasks to queue
[2024-11-02T20:15:51.157+0000] {logging_mixin.py:151} INFO - [2024-11-02T20:15:51.156+0000] {dagbag.py:539} INFO - Filling up the DagBag from /home/airflow/.local/lib/python3.8/site-packages/airflow/example_dags/example_branch_day_of_week_operator.py
[2024-11-02T20:15:51.278+0000] {processor.py:839} INFO - DAG(s) dict_keys(['example_weekday_branch_operator']) retrieved from /home/airflow/.local/lib/python3.8/site-packages/airflow/example_dags/example_branch_day_of_week_operator.py
[2024-11-02T20:15:51.583+0000] {logging_mixin.py:151} INFO - [2024-11-02T20:15:51.583+0000] {dag.py:2915} INFO - Sync 1 DAGs
[2024-11-02T20:15:51.739+0000] {logging_mixin.py:151} INFO - [2024-11-02T20:15:51.734+0000] {dag.py:3696} INFO - Setting next_dagrun for example_weekday_branch_operator to 2024-11-01T00:00:00+00:00, run_after=2024-11-02T00:00:00+00:00
[2024-11-02T20:15:51.886+0000] {processor.py:179} INFO - Processing /home/airflow/.local/lib/python3.8/site-packages/airflow/example_dags/example_branch_day_of_week_operator.py took 0.806 seconds
[2024-11-02T20:16:48.989+0000] {processor.py:157} INFO - Started process (PID=221) to work on /home/airflow/.local/lib/python3.8/site-packages/airflow/example_dags/example_branch_day_of_week_operator.py
[2024-11-02T20:16:49.002+0000] {processor.py:829} INFO - Processing file /home/airflow/.local/lib/python3.8/site-packages/airflow/example_dags/example_branch_day_of_week_operator.py for tasks to queue
[2024-11-02T20:16:49.042+0000] {logging_mixin.py:151} INFO - [2024-11-02T20:16:49.042+0000] {dagbag.py:539} INFO - Filling up the DagBag from /home/airflow/.local/lib/python3.8/site-packages/airflow/example_dags/example_branch_day_of_week_operator.py
[2024-11-02T20:16:49.153+0000] {processor.py:839} INFO - DAG(s) dict_keys(['example_weekday_branch_operator']) retrieved from /home/airflow/.local/lib/python3.8/site-packages/airflow/example_dags/example_branch_day_of_week_operator.py
[2024-11-02T20:16:49.682+0000] {logging_mixin.py:151} INFO - [2024-11-02T20:16:49.682+0000] {dag.py:2915} INFO - Sync 1 DAGs
[2024-11-02T20:16:50.099+0000] {logging_mixin.py:151} INFO - [2024-11-02T20:16:50.099+0000] {dag.py:3696} INFO - Setting next_dagrun for example_weekday_branch_operator to 2024-11-01T00:00:00+00:00, run_after=2024-11-02T00:00:00+00:00
[2024-11-02T20:16:50.559+0000] {processor.py:179} INFO - Processing /home/airflow/.local/lib/python3.8/site-packages/airflow/example_dags/example_branch_day_of_week_operator.py took 1.660 seconds
[2024-11-02T20:17:53.503+0000] {processor.py:157} INFO - Started process (PID=292) to work on /home/airflow/.local/lib/python3.8/site-packages/airflow/example_dags/example_branch_day_of_week_operator.py
[2024-11-02T20:17:53.512+0000] {processor.py:829} INFO - Processing file /home/airflow/.local/lib/python3.8/site-packages/airflow/example_dags/example_branch_day_of_week_operator.py for tasks to queue
[2024-11-02T20:17:53.530+0000] {logging_mixin.py:151} INFO - [2024-11-02T20:17:53.528+0000] {dagbag.py:539} INFO - Filling up the DagBag from /home/airflow/.local/lib/python3.8/site-packages/airflow/example_dags/example_branch_day_of_week_operator.py
[2024-11-02T20:17:53.629+0000] {processor.py:839} INFO - DAG(s) dict_keys(['example_weekday_branch_operator']) retrieved from /home/airflow/.local/lib/python3.8/site-packages/airflow/example_dags/example_branch_day_of_week_operator.py
[2024-11-02T20:17:54.134+0000] {logging_mixin.py:151} INFO - [2024-11-02T20:17:54.134+0000] {dag.py:2915} INFO - Sync 1 DAGs
[2024-11-02T20:17:54.707+0000] {logging_mixin.py:151} INFO - [2024-11-02T20:17:54.707+0000] {dag.py:3696} INFO - Setting next_dagrun for example_weekday_branch_operator to 2024-11-01T00:00:00+00:00, run_after=2024-11-02T00:00:00+00:00
[2024-11-02T20:17:55.030+0000] {processor.py:179} INFO - Processing /home/airflow/.local/lib/python3.8/site-packages/airflow/example_dags/example_branch_day_of_week_operator.py took 1.586 seconds
[2024-11-02T20:18:51.022+0000] {processor.py:157} INFO - Started process (PID=353) to work on /home/airflow/.local/lib/python3.8/site-packages/airflow/example_dags/example_branch_day_of_week_operator.py
[2024-11-02T20:18:51.063+0000] {processor.py:829} INFO - Processing file /home/airflow/.local/lib/python3.8/site-packages/airflow/example_dags/example_branch_day_of_week_operator.py for tasks to queue
[2024-11-02T20:18:51.099+0000] {logging_mixin.py:151} INFO - [2024-11-02T20:18:51.098+0000] {dagbag.py:539} INFO - Filling up the DagBag from /home/airflow/.local/lib/python3.8/site-packages/airflow/example_dags/example_branch_day_of_week_operator.py
[2024-11-02T20:18:51.284+0000] {processor.py:839} INFO - DAG(s) dict_keys(['example_weekday_branch_operator']) retrieved from /home/airflow/.local/lib/python3.8/site-packages/airflow/example_dags/example_branch_day_of_week_operator.py
[2024-11-02T20:18:52.021+0000] {logging_mixin.py:151} INFO - [2024-11-02T20:18:52.020+0000] {dag.py:2915} INFO - Sync 1 DAGs
[2024-11-02T20:18:52.563+0000] {logging_mixin.py:151} INFO - [2024-11-02T20:18:52.562+0000] {dag.py:3696} INFO - Setting next_dagrun for example_weekday_branch_operator to 2024-11-01T00:00:00+00:00, run_after=2024-11-02T00:00:00+00:00
[2024-11-02T20:18:52.836+0000] {processor.py:179} INFO - Processing /home/airflow/.local/lib/python3.8/site-packages/airflow/example_dags/example_branch_day_of_week_operator.py took 1.821 seconds
[2024-11-02T20:19:41.663+0000] {processor.py:157} INFO - Started process (PID=416) to work on /home/airflow/.local/lib/python3.8/site-packages/airflow/example_dags/example_branch_day_of_week_operator.py
[2024-11-02T20:19:41.748+0000] {processor.py:829} INFO - Processing file /home/airflow/.local/lib/python3.8/site-packages/airflow/example_dags/example_branch_day_of_week_operator.py for tasks to queue
[2024-11-02T20:19:41.894+0000] {logging_mixin.py:151} INFO - [2024-11-02T20:19:41.862+0000] {dagbag.py:539} INFO - Filling up the DagBag from /home/airflow/.local/lib/python3.8/site-packages/airflow/example_dags/example_branch_day_of_week_operator.py
[2024-11-02T20:19:42.097+0000] {processor.py:839} INFO - DAG(s) dict_keys(['example_weekday_branch_operator']) retrieved from /home/airflow/.local/lib/python3.8/site-packages/airflow/example_dags/example_branch_day_of_week_operator.py
[2024-11-02T20:19:42.487+0000] {logging_mixin.py:151} INFO - [2024-11-02T20:19:42.487+0000] {dag.py:2915} INFO - Sync 1 DAGs
[2024-11-02T20:19:42.973+0000] {logging_mixin.py:151} INFO - [2024-11-02T20:19:42.972+0000] {dag.py:3696} INFO - Setting next_dagrun for example_weekday_branch_operator to 2024-11-01T00:00:00+00:00, run_after=2024-11-02T00:00:00+00:00
[2024-11-02T20:19:43.391+0000] {processor.py:179} INFO - Processing /home/airflow/.local/lib/python3.8/site-packages/airflow/example_dags/example_branch_day_of_week_operator.py took 1.883 seconds
[2024-11-02T20:20:39.805+0000] {processor.py:157} INFO - Started process (PID=480) to work on /home/airflow/.local/lib/python3.8/site-packages/airflow/example_dags/example_branch_day_of_week_operator.py
[2024-11-02T20:20:39.833+0000] {processor.py:829} INFO - Processing file /home/airflow/.local/lib/python3.8/site-packages/airflow/example_dags/example_branch_day_of_week_operator.py for tasks to queue
[2024-11-02T20:20:39.859+0000] {logging_mixin.py:151} INFO - [2024-11-02T20:20:39.859+0000] {dagbag.py:539} INFO - Filling up the DagBag from /home/airflow/.local/lib/python3.8/site-packages/airflow/example_dags/example_branch_day_of_week_operator.py
[2024-11-02T20:20:40.057+0000] {processor.py:839} INFO - DAG(s) dict_keys(['example_weekday_branch_operator']) retrieved from /home/airflow/.local/lib/python3.8/site-packages/airflow/example_dags/example_branch_day_of_week_operator.py
[2024-11-02T20:20:40.508+0000] {logging_mixin.py:151} INFO - [2024-11-02T20:20:40.506+0000] {dag.py:2915} INFO - Sync 1 DAGs
[2024-11-02T20:20:40.848+0000] {logging_mixin.py:151} INFO - [2024-11-02T20:20:40.833+0000] {dag.py:3696} INFO - Setting next_dagrun for example_weekday_branch_operator to 2024-11-01T00:00:00+00:00, run_after=2024-11-02T00:00:00+00:00
[2024-11-02T20:20:41.174+0000] {processor.py:179} INFO - Processing /home/airflow/.local/lib/python3.8/site-packages/airflow/example_dags/example_branch_day_of_week_operator.py took 1.458 seconds
[2024-11-02T20:21:29.554+0000] {processor.py:157} INFO - Started process (PID=532) to work on /home/airflow/.local/lib/python3.8/site-packages/airflow/example_dags/example_branch_day_of_week_operator.py
[2024-11-02T20:21:29.583+0000] {processor.py:829} INFO - Processing file /home/airflow/.local/lib/python3.8/site-packages/airflow/example_dags/example_branch_day_of_week_operator.py for tasks to queue
[2024-11-02T20:21:29.645+0000] {logging_mixin.py:151} INFO - [2024-11-02T20:21:29.640+0000] {dagbag.py:539} INFO - Filling up the DagBag from /home/airflow/.local/lib/python3.8/site-packages/airflow/example_dags/example_branch_day_of_week_operator.py
[2024-11-02T20:21:29.807+0000] {processor.py:839} INFO - DAG(s) dict_keys(['example_weekday_branch_operator']) retrieved from /home/airflow/.local/lib/python3.8/site-packages/airflow/example_dags/example_branch_day_of_week_operator.py
[2024-11-02T20:21:30.147+0000] {logging_mixin.py:151} INFO - [2024-11-02T20:21:30.147+0000] {dag.py:2915} INFO - Sync 1 DAGs
[2024-11-02T20:21:30.581+0000] {logging_mixin.py:151} INFO - [2024-11-02T20:21:30.580+0000] {dag.py:3696} INFO - Setting next_dagrun for example_weekday_branch_operator to 2024-11-01T00:00:00+00:00, run_after=2024-11-02T00:00:00+00:00
[2024-11-02T20:21:31.350+0000] {processor.py:179} INFO - Processing /home/airflow/.local/lib/python3.8/site-packages/airflow/example_dags/example_branch_day_of_week_operator.py took 1.908 seconds
[2024-11-02T20:22:38.258+0000] {processor.py:157} INFO - Started process (PID=607) to work on /home/airflow/.local/lib/python3.8/site-packages/airflow/example_dags/example_branch_day_of_week_operator.py
[2024-11-02T20:22:38.299+0000] {processor.py:829} INFO - Processing file /home/airflow/.local/lib/python3.8/site-packages/airflow/example_dags/example_branch_day_of_week_operator.py for tasks to queue
[2024-11-02T20:22:38.377+0000] {logging_mixin.py:151} INFO - [2024-11-02T20:22:38.364+0000] {dagbag.py:539} INFO - Filling up the DagBag from /home/airflow/.local/lib/python3.8/site-packages/airflow/example_dags/example_branch_day_of_week_operator.py
[2024-11-02T20:22:38.544+0000] {processor.py:839} INFO - DAG(s) dict_keys(['example_weekday_branch_operator']) retrieved from /home/airflow/.local/lib/python3.8/site-packages/airflow/example_dags/example_branch_day_of_week_operator.py
[2024-11-02T20:22:38.767+0000] {logging_mixin.py:151} INFO - [2024-11-02T20:22:38.766+0000] {dag.py:2915} INFO - Sync 1 DAGs
[2024-11-02T20:22:39.363+0000] {logging_mixin.py:151} INFO - [2024-11-02T20:22:39.362+0000] {dag.py:3696} INFO - Setting next_dagrun for example_weekday_branch_operator to 2024-11-01T00:00:00+00:00, run_after=2024-11-02T00:00:00+00:00
[2024-11-02T20:22:39.816+0000] {processor.py:179} INFO - Processing /home/airflow/.local/lib/python3.8/site-packages/airflow/example_dags/example_branch_day_of_week_operator.py took 1.626 seconds
[2024-11-02T20:23:51.458+0000] {processor.py:157} INFO - Started process (PID=682) to work on /home/airflow/.local/lib/python3.8/site-packages/airflow/example_dags/example_branch_day_of_week_operator.py
[2024-11-02T20:23:51.464+0000] {processor.py:829} INFO - Processing file /home/airflow/.local/lib/python3.8/site-packages/airflow/example_dags/example_branch_day_of_week_operator.py for tasks to queue
[2024-11-02T20:23:51.468+0000] {logging_mixin.py:151} INFO - [2024-11-02T20:23:51.467+0000] {dagbag.py:539} INFO - Filling up the DagBag from /home/airflow/.local/lib/python3.8/site-packages/airflow/example_dags/example_branch_day_of_week_operator.py
[2024-11-02T20:23:51.612+0000] {processor.py:839} INFO - DAG(s) dict_keys(['example_weekday_branch_operator']) retrieved from /home/airflow/.local/lib/python3.8/site-packages/airflow/example_dags/example_branch_day_of_week_operator.py
[2024-11-02T20:23:52.077+0000] {logging_mixin.py:151} INFO - [2024-11-02T20:23:52.077+0000] {dag.py:2915} INFO - Sync 1 DAGs
[2024-11-02T20:23:52.555+0000] {logging_mixin.py:151} INFO - [2024-11-02T20:23:52.533+0000] {dag.py:3696} INFO - Setting next_dagrun for example_weekday_branch_operator to 2024-11-01T00:00:00+00:00, run_after=2024-11-02T00:00:00+00:00
[2024-11-02T20:23:52.925+0000] {processor.py:179} INFO - Processing /home/airflow/.local/lib/python3.8/site-packages/airflow/example_dags/example_branch_day_of_week_operator.py took 1.597 seconds
