[2024-11-02T20:12:08.446+0000] {processor.py:157} INFO - Started process (PID=61) to work on /home/airflow/.local/lib/python3.8/site-packages/airflow/example_dags/example_datasets.py
[2024-11-02T20:12:08.454+0000] {processor.py:829} INFO - Processing file /home/airflow/.local/lib/python3.8/site-packages/airflow/example_dags/example_datasets.py for tasks to queue
[2024-11-02T20:12:08.513+0000] {logging_mixin.py:151} INFO - [2024-11-02T20:12:08.504+0000] {dagbag.py:539} INFO - Filling up the DagBag from /home/airflow/.local/lib/python3.8/site-packages/airflow/example_dags/example_datasets.py
[2024-11-02T20:12:08.627+0000] {processor.py:839} INFO - DAG(s) dict_keys(['dataset_consumes_1', 'dataset_produces_2', 'dataset_consumes_1_and_2', 'dataset_produces_1', 'dataset_consumes_unknown_never_scheduled', 'dataset_consumes_1_never_scheduled']) retrieved from /home/airflow/.local/lib/python3.8/site-packages/airflow/example_dags/example_datasets.py
[2024-11-02T20:12:09.367+0000] {logging_mixin.py:151} INFO - [2024-11-02T20:12:09.367+0000] {dag.py:2915} INFO - Sync 6 DAGs
[2024-11-02T20:12:09.869+0000] {logging_mixin.py:151} INFO - [2024-11-02T20:12:09.868+0000] {dag.py:3696} INFO - Setting next_dagrun for dataset_consumes_1 to None, run_after=None
[2024-11-02T20:12:09.919+0000] {logging_mixin.py:151} INFO - [2024-11-02T20:12:09.919+0000] {dag.py:3696} INFO - Setting next_dagrun for dataset_consumes_1_and_2 to None, run_after=None
[2024-11-02T20:12:09.944+0000] {logging_mixin.py:151} INFO - [2024-11-02T20:12:09.943+0000] {dag.py:3696} INFO - Setting next_dagrun for dataset_consumes_1_never_scheduled to None, run_after=None
[2024-11-02T20:12:09.956+0000] {logging_mixin.py:151} INFO - [2024-11-02T20:12:09.956+0000] {dag.py:3696} INFO - Setting next_dagrun for dataset_consumes_unknown_never_scheduled to None, run_after=None
[2024-11-02T20:12:09.998+0000] {logging_mixin.py:151} INFO - [2024-11-02T20:12:09.998+0000] {dag.py:3696} INFO - Setting next_dagrun for dataset_produces_1 to 2024-11-01T00:00:00+00:00, run_after=2024-11-02T00:00:00+00:00
[2024-11-02T20:12:10.020+0000] {logging_mixin.py:151} INFO - [2024-11-02T20:12:10.020+0000] {dag.py:3696} INFO - Setting next_dagrun for dataset_produces_2 to None, run_after=None
[2024-11-02T20:12:10.819+0000] {processor.py:179} INFO - Processing /home/airflow/.local/lib/python3.8/site-packages/airflow/example_dags/example_datasets.py took 2.424 seconds
[2024-11-02T20:14:26.049+0000] {processor.py:157} INFO - Started process (PID=63) to work on /home/airflow/.local/lib/python3.8/site-packages/airflow/example_dags/example_datasets.py
[2024-11-02T20:14:26.066+0000] {processor.py:829} INFO - Processing file /home/airflow/.local/lib/python3.8/site-packages/airflow/example_dags/example_datasets.py for tasks to queue
[2024-11-02T20:14:26.135+0000] {logging_mixin.py:151} INFO - [2024-11-02T20:14:26.134+0000] {dagbag.py:539} INFO - Filling up the DagBag from /home/airflow/.local/lib/python3.8/site-packages/airflow/example_dags/example_datasets.py
[2024-11-02T20:14:26.382+0000] {processor.py:839} INFO - DAG(s) dict_keys(['dataset_produces_1', 'dataset_consumes_unknown_never_scheduled', 'dataset_consumes_1', 'dataset_produces_2', 'dataset_consumes_1_never_scheduled', 'dataset_consumes_1_and_2']) retrieved from /home/airflow/.local/lib/python3.8/site-packages/airflow/example_dags/example_datasets.py
[2024-11-02T20:14:26.661+0000] {logging_mixin.py:151} INFO - [2024-11-02T20:14:26.657+0000] {dag.py:2915} INFO - Sync 6 DAGs
[2024-11-02T20:14:27.044+0000] {logging_mixin.py:151} INFO - [2024-11-02T20:14:27.044+0000] {dag.py:3696} INFO - Setting next_dagrun for dataset_consumes_1 to None, run_after=None
[2024-11-02T20:14:27.117+0000] {logging_mixin.py:151} INFO - [2024-11-02T20:14:27.117+0000] {dag.py:3696} INFO - Setting next_dagrun for dataset_consumes_1_and_2 to None, run_after=None
[2024-11-02T20:14:27.135+0000] {logging_mixin.py:151} INFO - [2024-11-02T20:14:27.135+0000] {dag.py:3696} INFO - Setting next_dagrun for dataset_consumes_1_never_scheduled to None, run_after=None
[2024-11-02T20:14:27.177+0000] {logging_mixin.py:151} INFO - [2024-11-02T20:14:27.177+0000] {dag.py:3696} INFO - Setting next_dagrun for dataset_consumes_unknown_never_scheduled to None, run_after=None
[2024-11-02T20:14:27.231+0000] {logging_mixin.py:151} INFO - [2024-11-02T20:14:27.230+0000] {dag.py:3696} INFO - Setting next_dagrun for dataset_produces_1 to 2024-11-01T00:00:00+00:00, run_after=2024-11-02T00:00:00+00:00
[2024-11-02T20:14:27.258+0000] {logging_mixin.py:151} INFO - [2024-11-02T20:14:27.258+0000] {dag.py:3696} INFO - Setting next_dagrun for dataset_produces_2 to None, run_after=None
[2024-11-02T20:14:27.826+0000] {processor.py:179} INFO - Processing /home/airflow/.local/lib/python3.8/site-packages/airflow/example_dags/example_datasets.py took 1.876 seconds
[2024-11-02T20:15:14.132+0000] {processor.py:157} INFO - Started process (PID=118) to work on /home/airflow/.local/lib/python3.8/site-packages/airflow/example_dags/example_datasets.py
[2024-11-02T20:15:14.146+0000] {processor.py:829} INFO - Processing file /home/airflow/.local/lib/python3.8/site-packages/airflow/example_dags/example_datasets.py for tasks to queue
[2024-11-02T20:15:14.160+0000] {logging_mixin.py:151} INFO - [2024-11-02T20:15:14.159+0000] {dagbag.py:539} INFO - Filling up the DagBag from /home/airflow/.local/lib/python3.8/site-packages/airflow/example_dags/example_datasets.py
[2024-11-02T20:15:14.282+0000] {processor.py:839} INFO - DAG(s) dict_keys(['dataset_consumes_unknown_never_scheduled', 'dataset_produces_2', 'dataset_consumes_1', 'dataset_produces_1', 'dataset_consumes_1_and_2', 'dataset_consumes_1_never_scheduled']) retrieved from /home/airflow/.local/lib/python3.8/site-packages/airflow/example_dags/example_datasets.py
[2024-11-02T20:15:15.025+0000] {logging_mixin.py:151} INFO - [2024-11-02T20:15:15.024+0000] {dag.py:2915} INFO - Sync 6 DAGs
[2024-11-02T20:15:15.512+0000] {logging_mixin.py:151} INFO - [2024-11-02T20:15:15.512+0000] {dag.py:3696} INFO - Setting next_dagrun for dataset_consumes_1 to None, run_after=None
[2024-11-02T20:15:15.637+0000] {logging_mixin.py:151} INFO - [2024-11-02T20:15:15.636+0000] {dag.py:3696} INFO - Setting next_dagrun for dataset_consumes_1_and_2 to None, run_after=None
[2024-11-02T20:15:15.689+0000] {logging_mixin.py:151} INFO - [2024-11-02T20:15:15.676+0000] {dag.py:3696} INFO - Setting next_dagrun for dataset_consumes_1_never_scheduled to None, run_after=None
[2024-11-02T20:15:15.703+0000] {logging_mixin.py:151} INFO - [2024-11-02T20:15:15.702+0000] {dag.py:3696} INFO - Setting next_dagrun for dataset_consumes_unknown_never_scheduled to None, run_after=None
[2024-11-02T20:15:15.729+0000] {logging_mixin.py:151} INFO - [2024-11-02T20:15:15.728+0000] {dag.py:3696} INFO - Setting next_dagrun for dataset_produces_1 to 2024-11-01T00:00:00+00:00, run_after=2024-11-02T00:00:00+00:00
[2024-11-02T20:15:15.736+0000] {logging_mixin.py:151} INFO - [2024-11-02T20:15:15.736+0000] {dag.py:3696} INFO - Setting next_dagrun for dataset_produces_2 to None, run_after=None
[2024-11-02T20:15:16.447+0000] {processor.py:179} INFO - Processing /home/airflow/.local/lib/python3.8/site-packages/airflow/example_dags/example_datasets.py took 2.429 seconds
[2024-11-02T20:16:06.364+0000] {processor.py:157} INFO - Started process (PID=178) to work on /home/airflow/.local/lib/python3.8/site-packages/airflow/example_dags/example_datasets.py
[2024-11-02T20:16:06.376+0000] {processor.py:829} INFO - Processing file /home/airflow/.local/lib/python3.8/site-packages/airflow/example_dags/example_datasets.py for tasks to queue
[2024-11-02T20:16:06.420+0000] {logging_mixin.py:151} INFO - [2024-11-02T20:16:06.419+0000] {dagbag.py:539} INFO - Filling up the DagBag from /home/airflow/.local/lib/python3.8/site-packages/airflow/example_dags/example_datasets.py
[2024-11-02T20:16:06.574+0000] {processor.py:839} INFO - DAG(s) dict_keys(['dataset_consumes_1_never_scheduled', 'dataset_produces_2', 'dataset_consumes_1', 'dataset_produces_1', 'dataset_consumes_unknown_never_scheduled', 'dataset_consumes_1_and_2']) retrieved from /home/airflow/.local/lib/python3.8/site-packages/airflow/example_dags/example_datasets.py
[2024-11-02T20:16:07.461+0000] {logging_mixin.py:151} INFO - [2024-11-02T20:16:07.454+0000] {dag.py:2915} INFO - Sync 6 DAGs
[2024-11-02T20:16:07.982+0000] {logging_mixin.py:151} INFO - [2024-11-02T20:16:07.981+0000] {dag.py:3696} INFO - Setting next_dagrun for dataset_consumes_1 to None, run_after=None
[2024-11-02T20:16:08.065+0000] {logging_mixin.py:151} INFO - [2024-11-02T20:16:08.064+0000] {dag.py:3696} INFO - Setting next_dagrun for dataset_consumes_1_and_2 to None, run_after=None
[2024-11-02T20:16:08.091+0000] {logging_mixin.py:151} INFO - [2024-11-02T20:16:08.090+0000] {dag.py:3696} INFO - Setting next_dagrun for dataset_consumes_1_never_scheduled to None, run_after=None
[2024-11-02T20:16:08.122+0000] {logging_mixin.py:151} INFO - [2024-11-02T20:16:08.121+0000] {dag.py:3696} INFO - Setting next_dagrun for dataset_consumes_unknown_never_scheduled to None, run_after=None
[2024-11-02T20:16:08.175+0000] {logging_mixin.py:151} INFO - [2024-11-02T20:16:08.175+0000] {dag.py:3696} INFO - Setting next_dagrun for dataset_produces_1 to 2024-11-01T00:00:00+00:00, run_after=2024-11-02T00:00:00+00:00
[2024-11-02T20:16:08.207+0000] {logging_mixin.py:151} INFO - [2024-11-02T20:16:08.207+0000] {dag.py:3696} INFO - Setting next_dagrun for dataset_produces_2 to None, run_after=None
[2024-11-02T20:16:08.818+0000] {processor.py:179} INFO - Processing /home/airflow/.local/lib/python3.8/site-packages/airflow/example_dags/example_datasets.py took 2.567 seconds
[2024-11-02T20:17:06.772+0000] {processor.py:157} INFO - Started process (PID=246) to work on /home/airflow/.local/lib/python3.8/site-packages/airflow/example_dags/example_datasets.py
[2024-11-02T20:17:06.816+0000] {processor.py:829} INFO - Processing file /home/airflow/.local/lib/python3.8/site-packages/airflow/example_dags/example_datasets.py for tasks to queue
[2024-11-02T20:17:06.830+0000] {logging_mixin.py:151} INFO - [2024-11-02T20:17:06.830+0000] {dagbag.py:539} INFO - Filling up the DagBag from /home/airflow/.local/lib/python3.8/site-packages/airflow/example_dags/example_datasets.py
[2024-11-02T20:17:07.077+0000] {processor.py:839} INFO - DAG(s) dict_keys(['dataset_consumes_1', 'dataset_produces_1', 'dataset_consumes_1_never_scheduled', 'dataset_consumes_1_and_2', 'dataset_produces_2', 'dataset_consumes_unknown_never_scheduled']) retrieved from /home/airflow/.local/lib/python3.8/site-packages/airflow/example_dags/example_datasets.py
[2024-11-02T20:17:07.823+0000] {logging_mixin.py:151} INFO - [2024-11-02T20:17:07.822+0000] {dag.py:2915} INFO - Sync 6 DAGs
[2024-11-02T20:17:08.347+0000] {logging_mixin.py:151} INFO - [2024-11-02T20:17:08.347+0000] {dag.py:3696} INFO - Setting next_dagrun for dataset_consumes_1 to None, run_after=None
[2024-11-02T20:17:08.407+0000] {logging_mixin.py:151} INFO - [2024-11-02T20:17:08.402+0000] {dag.py:3696} INFO - Setting next_dagrun for dataset_consumes_1_and_2 to None, run_after=None
[2024-11-02T20:17:08.417+0000] {logging_mixin.py:151} INFO - [2024-11-02T20:17:08.416+0000] {dag.py:3696} INFO - Setting next_dagrun for dataset_consumes_1_never_scheduled to None, run_after=None
[2024-11-02T20:17:08.476+0000] {logging_mixin.py:151} INFO - [2024-11-02T20:17:08.464+0000] {dag.py:3696} INFO - Setting next_dagrun for dataset_consumes_unknown_never_scheduled to None, run_after=None
[2024-11-02T20:17:08.536+0000] {logging_mixin.py:151} INFO - [2024-11-02T20:17:08.535+0000] {dag.py:3696} INFO - Setting next_dagrun for dataset_produces_1 to 2024-11-01T00:00:00+00:00, run_after=2024-11-02T00:00:00+00:00
[2024-11-02T20:17:08.545+0000] {logging_mixin.py:151} INFO - [2024-11-02T20:17:08.544+0000] {dag.py:3696} INFO - Setting next_dagrun for dataset_produces_2 to None, run_after=None
[2024-11-02T20:17:08.942+0000] {processor.py:179} INFO - Processing /home/airflow/.local/lib/python3.8/site-packages/airflow/example_dags/example_datasets.py took 2.270 seconds
[2024-11-02T20:17:46.871+0000] {processor.py:157} INFO - Started process (PID=286) to work on /home/airflow/.local/lib/python3.8/site-packages/airflow/example_dags/example_datasets.py
[2024-11-02T20:17:46.884+0000] {processor.py:829} INFO - Processing file /home/airflow/.local/lib/python3.8/site-packages/airflow/example_dags/example_datasets.py for tasks to queue
[2024-11-02T20:17:46.903+0000] {logging_mixin.py:151} INFO - [2024-11-02T20:17:46.903+0000] {dagbag.py:539} INFO - Filling up the DagBag from /home/airflow/.local/lib/python3.8/site-packages/airflow/example_dags/example_datasets.py
[2024-11-02T20:17:46.987+0000] {processor.py:839} INFO - DAG(s) dict_keys(['dataset_produces_2', 'dataset_consumes_1', 'dataset_consumes_1_and_2', 'dataset_consumes_unknown_never_scheduled', 'dataset_produces_1', 'dataset_consumes_1_never_scheduled']) retrieved from /home/airflow/.local/lib/python3.8/site-packages/airflow/example_dags/example_datasets.py
[2024-11-02T20:17:47.261+0000] {logging_mixin.py:151} INFO - [2024-11-02T20:17:47.260+0000] {dag.py:2915} INFO - Sync 6 DAGs
[2024-11-02T20:17:47.415+0000] {logging_mixin.py:151} INFO - [2024-11-02T20:17:47.408+0000] {dag.py:3696} INFO - Setting next_dagrun for dataset_consumes_1 to None, run_after=None
[2024-11-02T20:17:47.494+0000] {logging_mixin.py:151} INFO - [2024-11-02T20:17:47.482+0000] {dag.py:3696} INFO - Setting next_dagrun for dataset_consumes_1_and_2 to None, run_after=None
[2024-11-02T20:17:47.526+0000] {logging_mixin.py:151} INFO - [2024-11-02T20:17:47.525+0000] {dag.py:3696} INFO - Setting next_dagrun for dataset_consumes_1_never_scheduled to None, run_after=None
[2024-11-02T20:17:47.552+0000] {logging_mixin.py:151} INFO - [2024-11-02T20:17:47.552+0000] {dag.py:3696} INFO - Setting next_dagrun for dataset_consumes_unknown_never_scheduled to None, run_after=None
[2024-11-02T20:17:47.610+0000] {logging_mixin.py:151} INFO - [2024-11-02T20:17:47.609+0000] {dag.py:3696} INFO - Setting next_dagrun for dataset_produces_1 to 2024-11-01T00:00:00+00:00, run_after=2024-11-02T00:00:00+00:00
[2024-11-02T20:17:47.626+0000] {logging_mixin.py:151} INFO - [2024-11-02T20:17:47.625+0000] {dag.py:3696} INFO - Setting next_dagrun for dataset_produces_2 to None, run_after=None
[2024-11-02T20:17:48.120+0000] {processor.py:179} INFO - Processing /home/airflow/.local/lib/python3.8/site-packages/airflow/example_dags/example_datasets.py took 1.315 seconds
[2024-11-02T20:18:36.455+0000] {processor.py:157} INFO - Started process (PID=342) to work on /home/airflow/.local/lib/python3.8/site-packages/airflow/example_dags/example_datasets.py
[2024-11-02T20:18:36.496+0000] {processor.py:829} INFO - Processing file /home/airflow/.local/lib/python3.8/site-packages/airflow/example_dags/example_datasets.py for tasks to queue
[2024-11-02T20:18:36.523+0000] {logging_mixin.py:151} INFO - [2024-11-02T20:18:36.522+0000] {dagbag.py:539} INFO - Filling up the DagBag from /home/airflow/.local/lib/python3.8/site-packages/airflow/example_dags/example_datasets.py
[2024-11-02T20:18:36.846+0000] {processor.py:839} INFO - DAG(s) dict_keys(['dataset_consumes_1_and_2', 'dataset_produces_1', 'dataset_consumes_1_never_scheduled', 'dataset_consumes_1', 'dataset_consumes_unknown_never_scheduled', 'dataset_produces_2']) retrieved from /home/airflow/.local/lib/python3.8/site-packages/airflow/example_dags/example_datasets.py
[2024-11-02T20:18:37.281+0000] {logging_mixin.py:151} INFO - [2024-11-02T20:18:37.280+0000] {dag.py:2915} INFO - Sync 6 DAGs
[2024-11-02T20:18:37.575+0000] {logging_mixin.py:151} INFO - [2024-11-02T20:18:37.574+0000] {dag.py:3696} INFO - Setting next_dagrun for dataset_consumes_1 to None, run_after=None
[2024-11-02T20:18:37.639+0000] {logging_mixin.py:151} INFO - [2024-11-02T20:18:37.639+0000] {dag.py:3696} INFO - Setting next_dagrun for dataset_consumes_1_and_2 to None, run_after=None
[2024-11-02T20:18:37.674+0000] {logging_mixin.py:151} INFO - [2024-11-02T20:18:37.673+0000] {dag.py:3696} INFO - Setting next_dagrun for dataset_consumes_1_never_scheduled to None, run_after=None
[2024-11-02T20:18:37.694+0000] {logging_mixin.py:151} INFO - [2024-11-02T20:18:37.694+0000] {dag.py:3696} INFO - Setting next_dagrun for dataset_consumes_unknown_never_scheduled to None, run_after=None
[2024-11-02T20:18:37.776+0000] {logging_mixin.py:151} INFO - [2024-11-02T20:18:37.776+0000] {dag.py:3696} INFO - Setting next_dagrun for dataset_produces_1 to 2024-11-01T00:00:00+00:00, run_after=2024-11-02T00:00:00+00:00
[2024-11-02T20:18:37.822+0000] {logging_mixin.py:151} INFO - [2024-11-02T20:18:37.822+0000] {dag.py:3696} INFO - Setting next_dagrun for dataset_produces_2 to None, run_after=None
[2024-11-02T20:18:38.514+0000] {processor.py:179} INFO - Processing /home/airflow/.local/lib/python3.8/site-packages/airflow/example_dags/example_datasets.py took 2.074 seconds
[2024-11-02T20:19:17.966+0000] {processor.py:157} INFO - Started process (PID=392) to work on /home/airflow/.local/lib/python3.8/site-packages/airflow/example_dags/example_datasets.py
[2024-11-02T20:19:18.002+0000] {processor.py:829} INFO - Processing file /home/airflow/.local/lib/python3.8/site-packages/airflow/example_dags/example_datasets.py for tasks to queue
[2024-11-02T20:19:18.040+0000] {logging_mixin.py:151} INFO - [2024-11-02T20:19:18.037+0000] {dagbag.py:539} INFO - Filling up the DagBag from /home/airflow/.local/lib/python3.8/site-packages/airflow/example_dags/example_datasets.py
[2024-11-02T20:19:18.263+0000] {processor.py:839} INFO - DAG(s) dict_keys(['dataset_produces_2', 'dataset_consumes_1_never_scheduled', 'dataset_consumes_unknown_never_scheduled', 'dataset_consumes_1', 'dataset_consumes_1_and_2', 'dataset_produces_1']) retrieved from /home/airflow/.local/lib/python3.8/site-packages/airflow/example_dags/example_datasets.py
[2024-11-02T20:19:19.077+0000] {logging_mixin.py:151} INFO - [2024-11-02T20:19:19.076+0000] {dag.py:2915} INFO - Sync 6 DAGs
[2024-11-02T20:19:19.508+0000] {logging_mixin.py:151} INFO - [2024-11-02T20:19:19.502+0000] {dag.py:3696} INFO - Setting next_dagrun for dataset_consumes_1 to None, run_after=None
[2024-11-02T20:19:19.596+0000] {logging_mixin.py:151} INFO - [2024-11-02T20:19:19.596+0000] {dag.py:3696} INFO - Setting next_dagrun for dataset_consumes_1_and_2 to None, run_after=None
[2024-11-02T20:19:19.627+0000] {logging_mixin.py:151} INFO - [2024-11-02T20:19:19.615+0000] {dag.py:3696} INFO - Setting next_dagrun for dataset_consumes_1_never_scheduled to None, run_after=None
[2024-11-02T20:19:19.642+0000] {logging_mixin.py:151} INFO - [2024-11-02T20:19:19.642+0000] {dag.py:3696} INFO - Setting next_dagrun for dataset_consumes_unknown_never_scheduled to None, run_after=None
[2024-11-02T20:19:19.682+0000] {logging_mixin.py:151} INFO - [2024-11-02T20:19:19.682+0000] {dag.py:3696} INFO - Setting next_dagrun for dataset_produces_1 to 2024-11-01T00:00:00+00:00, run_after=2024-11-02T00:00:00+00:00
[2024-11-02T20:19:19.710+0000] {logging_mixin.py:151} INFO - [2024-11-02T20:19:19.708+0000] {dag.py:3696} INFO - Setting next_dagrun for dataset_produces_2 to None, run_after=None
[2024-11-02T20:19:20.474+0000] {processor.py:179} INFO - Processing /home/airflow/.local/lib/python3.8/site-packages/airflow/example_dags/example_datasets.py took 2.567 seconds
[2024-11-02T20:20:07.759+0000] {processor.py:157} INFO - Started process (PID=451) to work on /home/airflow/.local/lib/python3.8/site-packages/airflow/example_dags/example_datasets.py
[2024-11-02T20:20:07.780+0000] {processor.py:829} INFO - Processing file /home/airflow/.local/lib/python3.8/site-packages/airflow/example_dags/example_datasets.py for tasks to queue
[2024-11-02T20:20:07.879+0000] {logging_mixin.py:151} INFO - [2024-11-02T20:20:07.878+0000] {dagbag.py:539} INFO - Filling up the DagBag from /home/airflow/.local/lib/python3.8/site-packages/airflow/example_dags/example_datasets.py
[2024-11-02T20:20:08.325+0000] {processor.py:839} INFO - DAG(s) dict_keys(['dataset_produces_2', 'dataset_consumes_1', 'dataset_consumes_unknown_never_scheduled', 'dataset_consumes_1_and_2', 'dataset_produces_1', 'dataset_consumes_1_never_scheduled']) retrieved from /home/airflow/.local/lib/python3.8/site-packages/airflow/example_dags/example_datasets.py
[2024-11-02T20:20:09.320+0000] {logging_mixin.py:151} INFO - [2024-11-02T20:20:09.314+0000] {dag.py:2915} INFO - Sync 6 DAGs
[2024-11-02T20:20:10.027+0000] {logging_mixin.py:151} INFO - [2024-11-02T20:20:10.016+0000] {dag.py:3696} INFO - Setting next_dagrun for dataset_consumes_1 to None, run_after=None
[2024-11-02T20:20:10.148+0000] {logging_mixin.py:151} INFO - [2024-11-02T20:20:10.147+0000] {dag.py:3696} INFO - Setting next_dagrun for dataset_consumes_1_and_2 to None, run_after=None
[2024-11-02T20:20:10.185+0000] {logging_mixin.py:151} INFO - [2024-11-02T20:20:10.184+0000] {dag.py:3696} INFO - Setting next_dagrun for dataset_consumes_1_never_scheduled to None, run_after=None
[2024-11-02T20:20:10.239+0000] {logging_mixin.py:151} INFO - [2024-11-02T20:20:10.239+0000] {dag.py:3696} INFO - Setting next_dagrun for dataset_consumes_unknown_never_scheduled to None, run_after=None
[2024-11-02T20:20:10.289+0000] {logging_mixin.py:151} INFO - [2024-11-02T20:20:10.288+0000] {dag.py:3696} INFO - Setting next_dagrun for dataset_produces_1 to 2024-11-01T00:00:00+00:00, run_after=2024-11-02T00:00:00+00:00
[2024-11-02T20:20:10.308+0000] {logging_mixin.py:151} INFO - [2024-11-02T20:20:10.307+0000] {dag.py:3696} INFO - Setting next_dagrun for dataset_produces_2 to None, run_after=None
[2024-11-02T20:20:11.234+0000] {processor.py:179} INFO - Processing /home/airflow/.local/lib/python3.8/site-packages/airflow/example_dags/example_datasets.py took 3.571 seconds
[2024-11-02T20:20:54.603+0000] {processor.py:157} INFO - Started process (PID=490) to work on /home/airflow/.local/lib/python3.8/site-packages/airflow/example_dags/example_datasets.py
[2024-11-02T20:20:54.628+0000] {processor.py:829} INFO - Processing file /home/airflow/.local/lib/python3.8/site-packages/airflow/example_dags/example_datasets.py for tasks to queue
[2024-11-02T20:20:54.658+0000] {logging_mixin.py:151} INFO - [2024-11-02T20:20:54.657+0000] {dagbag.py:539} INFO - Filling up the DagBag from /home/airflow/.local/lib/python3.8/site-packages/airflow/example_dags/example_datasets.py
[2024-11-02T20:20:54.794+0000] {processor.py:839} INFO - DAG(s) dict_keys(['dataset_consumes_1_never_scheduled', 'dataset_produces_1', 'dataset_consumes_1', 'dataset_consumes_unknown_never_scheduled', 'dataset_produces_2', 'dataset_consumes_1_and_2']) retrieved from /home/airflow/.local/lib/python3.8/site-packages/airflow/example_dags/example_datasets.py
[2024-11-02T20:20:55.811+0000] {logging_mixin.py:151} INFO - [2024-11-02T20:20:55.794+0000] {dag.py:2915} INFO - Sync 6 DAGs
[2024-11-02T20:20:56.176+0000] {logging_mixin.py:151} INFO - [2024-11-02T20:20:56.172+0000] {dag.py:3696} INFO - Setting next_dagrun for dataset_consumes_1 to None, run_after=None
[2024-11-02T20:20:56.197+0000] {logging_mixin.py:151} INFO - [2024-11-02T20:20:56.197+0000] {dag.py:3696} INFO - Setting next_dagrun for dataset_consumes_1_and_2 to None, run_after=None
[2024-11-02T20:20:56.208+0000] {logging_mixin.py:151} INFO - [2024-11-02T20:20:56.204+0000] {dag.py:3696} INFO - Setting next_dagrun for dataset_consumes_1_never_scheduled to None, run_after=None
[2024-11-02T20:20:56.211+0000] {logging_mixin.py:151} INFO - [2024-11-02T20:20:56.211+0000] {dag.py:3696} INFO - Setting next_dagrun for dataset_consumes_unknown_never_scheduled to None, run_after=None
[2024-11-02T20:20:56.243+0000] {logging_mixin.py:151} INFO - [2024-11-02T20:20:56.242+0000] {dag.py:3696} INFO - Setting next_dagrun for dataset_produces_1 to 2024-11-01T00:00:00+00:00, run_after=2024-11-02T00:00:00+00:00
[2024-11-02T20:20:56.250+0000] {logging_mixin.py:151} INFO - [2024-11-02T20:20:56.250+0000] {dag.py:3696} INFO - Setting next_dagrun for dataset_produces_2 to None, run_after=None
[2024-11-02T20:20:57.053+0000] {processor.py:179} INFO - Processing /home/airflow/.local/lib/python3.8/site-packages/airflow/example_dags/example_datasets.py took 2.490 seconds
[2024-11-02T20:21:45.234+0000] {processor.py:157} INFO - Started process (PID=549) to work on /home/airflow/.local/lib/python3.8/site-packages/airflow/example_dags/example_datasets.py
[2024-11-02T20:21:45.263+0000] {processor.py:829} INFO - Processing file /home/airflow/.local/lib/python3.8/site-packages/airflow/example_dags/example_datasets.py for tasks to queue
[2024-11-02T20:21:45.312+0000] {logging_mixin.py:151} INFO - [2024-11-02T20:21:45.311+0000] {dagbag.py:539} INFO - Filling up the DagBag from /home/airflow/.local/lib/python3.8/site-packages/airflow/example_dags/example_datasets.py
[2024-11-02T20:21:45.541+0000] {processor.py:839} INFO - DAG(s) dict_keys(['dataset_produces_1', 'dataset_consumes_1_never_scheduled', 'dataset_consumes_1', 'dataset_produces_2', 'dataset_consumes_unknown_never_scheduled', 'dataset_consumes_1_and_2']) retrieved from /home/airflow/.local/lib/python3.8/site-packages/airflow/example_dags/example_datasets.py
[2024-11-02T20:21:46.393+0000] {logging_mixin.py:151} INFO - [2024-11-02T20:21:46.392+0000] {dag.py:2915} INFO - Sync 6 DAGs
[2024-11-02T20:21:47.039+0000] {logging_mixin.py:151} INFO - [2024-11-02T20:21:47.039+0000] {dag.py:3696} INFO - Setting next_dagrun for dataset_consumes_1 to None, run_after=None
[2024-11-02T20:21:47.125+0000] {logging_mixin.py:151} INFO - [2024-11-02T20:21:47.125+0000] {dag.py:3696} INFO - Setting next_dagrun for dataset_consumes_1_and_2 to None, run_after=None
[2024-11-02T20:21:47.189+0000] {logging_mixin.py:151} INFO - [2024-11-02T20:21:47.186+0000] {dag.py:3696} INFO - Setting next_dagrun for dataset_consumes_1_never_scheduled to None, run_after=None
[2024-11-02T20:21:47.227+0000] {logging_mixin.py:151} INFO - [2024-11-02T20:21:47.226+0000] {dag.py:3696} INFO - Setting next_dagrun for dataset_consumes_unknown_never_scheduled to None, run_after=None
[2024-11-02T20:21:47.319+0000] {logging_mixin.py:151} INFO - [2024-11-02T20:21:47.293+0000] {dag.py:3696} INFO - Setting next_dagrun for dataset_produces_1 to 2024-11-01T00:00:00+00:00, run_after=2024-11-02T00:00:00+00:00
[2024-11-02T20:21:47.365+0000] {logging_mixin.py:151} INFO - [2024-11-02T20:21:47.364+0000] {dag.py:3696} INFO - Setting next_dagrun for dataset_produces_2 to None, run_after=None
[2024-11-02T20:21:48.378+0000] {processor.py:179} INFO - Processing /home/airflow/.local/lib/python3.8/site-packages/airflow/example_dags/example_datasets.py took 3.194 seconds
[2024-11-02T20:22:26.735+0000] {processor.py:157} INFO - Started process (PID=591) to work on /home/airflow/.local/lib/python3.8/site-packages/airflow/example_dags/example_datasets.py
[2024-11-02T20:22:26.745+0000] {processor.py:829} INFO - Processing file /home/airflow/.local/lib/python3.8/site-packages/airflow/example_dags/example_datasets.py for tasks to queue
[2024-11-02T20:22:26.783+0000] {logging_mixin.py:151} INFO - [2024-11-02T20:22:26.783+0000] {dagbag.py:539} INFO - Filling up the DagBag from /home/airflow/.local/lib/python3.8/site-packages/airflow/example_dags/example_datasets.py
[2024-11-02T20:22:26.986+0000] {processor.py:839} INFO - DAG(s) dict_keys(['dataset_consumes_1_never_scheduled', 'dataset_consumes_1', 'dataset_produces_1', 'dataset_consumes_unknown_never_scheduled', 'dataset_produces_2', 'dataset_consumes_1_and_2']) retrieved from /home/airflow/.local/lib/python3.8/site-packages/airflow/example_dags/example_datasets.py
[2024-11-02T20:22:28.095+0000] {logging_mixin.py:151} INFO - [2024-11-02T20:22:28.095+0000] {dag.py:2915} INFO - Sync 6 DAGs
[2024-11-02T20:22:28.713+0000] {logging_mixin.py:151} INFO - [2024-11-02T20:22:28.713+0000] {dag.py:3696} INFO - Setting next_dagrun for dataset_consumes_1 to None, run_after=None
[2024-11-02T20:22:28.810+0000] {logging_mixin.py:151} INFO - [2024-11-02T20:22:28.806+0000] {dag.py:3696} INFO - Setting next_dagrun for dataset_consumes_1_and_2 to None, run_after=None
[2024-11-02T20:22:28.854+0000] {logging_mixin.py:151} INFO - [2024-11-02T20:22:28.854+0000] {dag.py:3696} INFO - Setting next_dagrun for dataset_consumes_1_never_scheduled to None, run_after=None
[2024-11-02T20:22:28.879+0000] {logging_mixin.py:151} INFO - [2024-11-02T20:22:28.878+0000] {dag.py:3696} INFO - Setting next_dagrun for dataset_consumes_unknown_never_scheduled to None, run_after=None
[2024-11-02T20:22:28.941+0000] {logging_mixin.py:151} INFO - [2024-11-02T20:22:28.941+0000] {dag.py:3696} INFO - Setting next_dagrun for dataset_produces_1 to 2024-11-01T00:00:00+00:00, run_after=2024-11-02T00:00:00+00:00
[2024-11-02T20:22:28.989+0000] {logging_mixin.py:151} INFO - [2024-11-02T20:22:28.987+0000] {dag.py:3696} INFO - Setting next_dagrun for dataset_produces_2 to None, run_after=None
[2024-11-02T20:22:29.810+0000] {processor.py:179} INFO - Processing /home/airflow/.local/lib/python3.8/site-packages/airflow/example_dags/example_datasets.py took 3.148 seconds
[2024-11-02T20:23:14.669+0000] {processor.py:157} INFO - Started process (PID=643) to work on /home/airflow/.local/lib/python3.8/site-packages/airflow/example_dags/example_datasets.py
[2024-11-02T20:23:14.694+0000] {processor.py:829} INFO - Processing file /home/airflow/.local/lib/python3.8/site-packages/airflow/example_dags/example_datasets.py for tasks to queue
[2024-11-02T20:23:14.750+0000] {logging_mixin.py:151} INFO - [2024-11-02T20:23:14.749+0000] {dagbag.py:539} INFO - Filling up the DagBag from /home/airflow/.local/lib/python3.8/site-packages/airflow/example_dags/example_datasets.py
[2024-11-02T20:23:14.957+0000] {processor.py:839} INFO - DAG(s) dict_keys(['dataset_consumes_1', 'dataset_consumes_1_never_scheduled', 'dataset_produces_2', 'dataset_consumes_1_and_2', 'dataset_consumes_unknown_never_scheduled', 'dataset_produces_1']) retrieved from /home/airflow/.local/lib/python3.8/site-packages/airflow/example_dags/example_datasets.py
[2024-11-02T20:23:15.339+0000] {logging_mixin.py:151} INFO - [2024-11-02T20:23:15.335+0000] {dag.py:2915} INFO - Sync 6 DAGs
[2024-11-02T20:23:15.735+0000] {logging_mixin.py:151} INFO - [2024-11-02T20:23:15.730+0000] {dag.py:3696} INFO - Setting next_dagrun for dataset_consumes_1 to None, run_after=None
[2024-11-02T20:23:15.811+0000] {logging_mixin.py:151} INFO - [2024-11-02T20:23:15.794+0000] {dag.py:3696} INFO - Setting next_dagrun for dataset_consumes_1_and_2 to None, run_after=None
[2024-11-02T20:23:15.834+0000] {logging_mixin.py:151} INFO - [2024-11-02T20:23:15.834+0000] {dag.py:3696} INFO - Setting next_dagrun for dataset_consumes_1_never_scheduled to None, run_after=None
[2024-11-02T20:23:15.862+0000] {logging_mixin.py:151} INFO - [2024-11-02T20:23:15.862+0000] {dag.py:3696} INFO - Setting next_dagrun for dataset_consumes_unknown_never_scheduled to None, run_after=None
[2024-11-02T20:23:15.928+0000] {logging_mixin.py:151} INFO - [2024-11-02T20:23:15.927+0000] {dag.py:3696} INFO - Setting next_dagrun for dataset_produces_1 to 2024-11-01T00:00:00+00:00, run_after=2024-11-02T00:00:00+00:00
[2024-11-02T20:23:15.989+0000] {logging_mixin.py:151} INFO - [2024-11-02T20:23:15.988+0000] {dag.py:3696} INFO - Setting next_dagrun for dataset_produces_2 to None, run_after=None
[2024-11-02T20:23:16.604+0000] {processor.py:179} INFO - Processing /home/airflow/.local/lib/python3.8/site-packages/airflow/example_dags/example_datasets.py took 2.042 seconds
[2024-11-02T20:23:58.817+0000] {processor.py:157} INFO - Started process (PID=691) to work on /home/airflow/.local/lib/python3.8/site-packages/airflow/example_dags/example_datasets.py
[2024-11-02T20:23:58.847+0000] {processor.py:829} INFO - Processing file /home/airflow/.local/lib/python3.8/site-packages/airflow/example_dags/example_datasets.py for tasks to queue
[2024-11-02T20:23:58.872+0000] {logging_mixin.py:151} INFO - [2024-11-02T20:23:58.870+0000] {dagbag.py:539} INFO - Filling up the DagBag from /home/airflow/.local/lib/python3.8/site-packages/airflow/example_dags/example_datasets.py
[2024-11-02T20:23:59.179+0000] {processor.py:839} INFO - DAG(s) dict_keys(['dataset_consumes_unknown_never_scheduled', 'dataset_consumes_1', 'dataset_produces_1', 'dataset_consumes_1_and_2', 'dataset_produces_2', 'dataset_consumes_1_never_scheduled']) retrieved from /home/airflow/.local/lib/python3.8/site-packages/airflow/example_dags/example_datasets.py
[2024-11-02T20:24:00.483+0000] {logging_mixin.py:151} INFO - [2024-11-02T20:24:00.469+0000] {dag.py:2915} INFO - Sync 6 DAGs
[2024-11-02T20:24:01.609+0000] {logging_mixin.py:151} INFO - [2024-11-02T20:24:01.609+0000] {dag.py:3696} INFO - Setting next_dagrun for dataset_consumes_1 to None, run_after=None
[2024-11-02T20:24:01.799+0000] {logging_mixin.py:151} INFO - [2024-11-02T20:24:01.798+0000] {dag.py:3696} INFO - Setting next_dagrun for dataset_consumes_1_and_2 to None, run_after=None
[2024-11-02T20:24:01.845+0000] {logging_mixin.py:151} INFO - [2024-11-02T20:24:01.844+0000] {dag.py:3696} INFO - Setting next_dagrun for dataset_consumes_1_never_scheduled to None, run_after=None
[2024-11-02T20:24:01.908+0000] {logging_mixin.py:151} INFO - [2024-11-02T20:24:01.904+0000] {dag.py:3696} INFO - Setting next_dagrun for dataset_consumes_unknown_never_scheduled to None, run_after=None
[2024-11-02T20:24:01.998+0000] {logging_mixin.py:151} INFO - [2024-11-02T20:24:01.998+0000] {dag.py:3696} INFO - Setting next_dagrun for dataset_produces_1 to 2024-11-01T00:00:00+00:00, run_after=2024-11-02T00:00:00+00:00
[2024-11-02T20:24:02.074+0000] {logging_mixin.py:151} INFO - [2024-11-02T20:24:02.060+0000] {dag.py:3696} INFO - Setting next_dagrun for dataset_produces_2 to None, run_after=None
[2024-11-02T20:24:03.287+0000] {processor.py:179} INFO - Processing /home/airflow/.local/lib/python3.8/site-packages/airflow/example_dags/example_datasets.py took 4.511 seconds
