[2024-11-02T20:12:31.028+0000] {processor.py:157} INFO - Started process (PID=85) to work on /home/airflow/.local/lib/python3.8/site-packages/airflow/example_dags/example_short_circuit_operator.py
[2024-11-02T20:12:31.045+0000] {processor.py:829} INFO - Processing file /home/airflow/.local/lib/python3.8/site-packages/airflow/example_dags/example_short_circuit_operator.py for tasks to queue
[2024-11-02T20:12:31.084+0000] {logging_mixin.py:151} INFO - [2024-11-02T20:12:31.064+0000] {dagbag.py:539} INFO - Filling up the DagBag from /home/airflow/.local/lib/python3.8/site-packages/airflow/example_dags/example_short_circuit_operator.py
[2024-11-02T20:12:31.229+0000] {processor.py:839} INFO - DAG(s) dict_keys(['example_short_circuit_operator']) retrieved from /home/airflow/.local/lib/python3.8/site-packages/airflow/example_dags/example_short_circuit_operator.py
[2024-11-02T20:12:31.692+0000] {logging_mixin.py:151} INFO - [2024-11-02T20:12:31.691+0000] {dag.py:2915} INFO - Sync 1 DAGs
[2024-11-02T20:12:32.196+0000] {logging_mixin.py:151} INFO - [2024-11-02T20:12:32.195+0000] {dag.py:3696} INFO - Setting next_dagrun for example_short_circuit_operator to 2024-11-01T20:12:32.194330+00:00, run_after=2024-11-02T20:12:32.194330+00:00
[2024-11-02T20:12:32.605+0000] {processor.py:179} INFO - Processing /home/airflow/.local/lib/python3.8/site-packages/airflow/example_dags/example_short_circuit_operator.py took 1.632 seconds
[2024-11-02T20:14:41.760+0000] {processor.py:157} INFO - Started process (PID=80) to work on /home/airflow/.local/lib/python3.8/site-packages/airflow/example_dags/example_short_circuit_operator.py
[2024-11-02T20:14:41.765+0000] {processor.py:829} INFO - Processing file /home/airflow/.local/lib/python3.8/site-packages/airflow/example_dags/example_short_circuit_operator.py for tasks to queue
[2024-11-02T20:14:41.826+0000] {logging_mixin.py:151} INFO - [2024-11-02T20:14:41.804+0000] {dagbag.py:539} INFO - Filling up the DagBag from /home/airflow/.local/lib/python3.8/site-packages/airflow/example_dags/example_short_circuit_operator.py
[2024-11-02T20:14:41.996+0000] {processor.py:839} INFO - DAG(s) dict_keys(['example_short_circuit_operator']) retrieved from /home/airflow/.local/lib/python3.8/site-packages/airflow/example_dags/example_short_circuit_operator.py
[2024-11-02T20:14:42.593+0000] {logging_mixin.py:151} INFO - [2024-11-02T20:14:42.586+0000] {dag.py:2915} INFO - Sync 1 DAGs
[2024-11-02T20:14:43.147+0000] {logging_mixin.py:151} INFO - [2024-11-02T20:14:43.147+0000] {dag.py:3696} INFO - Setting next_dagrun for example_short_circuit_operator to 2024-11-01T20:14:43.146671+00:00, run_after=2024-11-02T20:14:43.146671+00:00
[2024-11-02T20:14:43.580+0000] {processor.py:179} INFO - Processing /home/airflow/.local/lib/python3.8/site-packages/airflow/example_dags/example_short_circuit_operator.py took 1.852 seconds
[2024-11-02T20:15:36.057+0000] {processor.py:157} INFO - Started process (PID=142) to work on /home/airflow/.local/lib/python3.8/site-packages/airflow/example_dags/example_short_circuit_operator.py
[2024-11-02T20:15:36.081+0000] {processor.py:829} INFO - Processing file /home/airflow/.local/lib/python3.8/site-packages/airflow/example_dags/example_short_circuit_operator.py for tasks to queue
[2024-11-02T20:15:36.102+0000] {logging_mixin.py:151} INFO - [2024-11-02T20:15:36.086+0000] {dagbag.py:539} INFO - Filling up the DagBag from /home/airflow/.local/lib/python3.8/site-packages/airflow/example_dags/example_short_circuit_operator.py
[2024-11-02T20:15:36.181+0000] {processor.py:839} INFO - DAG(s) dict_keys(['example_short_circuit_operator']) retrieved from /home/airflow/.local/lib/python3.8/site-packages/airflow/example_dags/example_short_circuit_operator.py
[2024-11-02T20:15:36.937+0000] {logging_mixin.py:151} INFO - [2024-11-02T20:15:36.936+0000] {dag.py:2915} INFO - Sync 1 DAGs
[2024-11-02T20:15:37.510+0000] {logging_mixin.py:151} INFO - [2024-11-02T20:15:37.510+0000] {dag.py:3696} INFO - Setting next_dagrun for example_short_circuit_operator to 2024-11-01T20:15:37.488125+00:00, run_after=2024-11-02T20:15:37.488125+00:00
[2024-11-02T20:15:38.104+0000] {processor.py:179} INFO - Processing /home/airflow/.local/lib/python3.8/site-packages/airflow/example_dags/example_short_circuit_operator.py took 2.135 seconds
[2024-11-02T20:16:35.995+0000] {processor.py:157} INFO - Started process (PID=210) to work on /home/airflow/.local/lib/python3.8/site-packages/airflow/example_dags/example_short_circuit_operator.py
[2024-11-02T20:16:36.014+0000] {processor.py:829} INFO - Processing file /home/airflow/.local/lib/python3.8/site-packages/airflow/example_dags/example_short_circuit_operator.py for tasks to queue
[2024-11-02T20:16:36.035+0000] {logging_mixin.py:151} INFO - [2024-11-02T20:16:36.026+0000] {dagbag.py:539} INFO - Filling up the DagBag from /home/airflow/.local/lib/python3.8/site-packages/airflow/example_dags/example_short_circuit_operator.py
[2024-11-02T20:16:36.177+0000] {processor.py:839} INFO - DAG(s) dict_keys(['example_short_circuit_operator']) retrieved from /home/airflow/.local/lib/python3.8/site-packages/airflow/example_dags/example_short_circuit_operator.py
[2024-11-02T20:16:36.503+0000] {logging_mixin.py:151} INFO - [2024-11-02T20:16:36.502+0000] {dag.py:2915} INFO - Sync 1 DAGs
[2024-11-02T20:16:36.746+0000] {logging_mixin.py:151} INFO - [2024-11-02T20:16:36.746+0000] {dag.py:3696} INFO - Setting next_dagrun for example_short_circuit_operator to 2024-11-01T20:16:36.738835+00:00, run_after=2024-11-02T20:16:36.738835+00:00
[2024-11-02T20:16:37.095+0000] {processor.py:179} INFO - Processing /home/airflow/.local/lib/python3.8/site-packages/airflow/example_dags/example_short_circuit_operator.py took 1.144 seconds
[2024-11-02T20:17:37.122+0000] {processor.py:157} INFO - Started process (PID=277) to work on /home/airflow/.local/lib/python3.8/site-packages/airflow/example_dags/example_short_circuit_operator.py
[2024-11-02T20:17:37.135+0000] {processor.py:829} INFO - Processing file /home/airflow/.local/lib/python3.8/site-packages/airflow/example_dags/example_short_circuit_operator.py for tasks to queue
[2024-11-02T20:17:37.162+0000] {logging_mixin.py:151} INFO - [2024-11-02T20:17:37.161+0000] {dagbag.py:539} INFO - Filling up the DagBag from /home/airflow/.local/lib/python3.8/site-packages/airflow/example_dags/example_short_circuit_operator.py
[2024-11-02T20:17:37.272+0000] {processor.py:839} INFO - DAG(s) dict_keys(['example_short_circuit_operator']) retrieved from /home/airflow/.local/lib/python3.8/site-packages/airflow/example_dags/example_short_circuit_operator.py
[2024-11-02T20:17:37.497+0000] {logging_mixin.py:151} INFO - [2024-11-02T20:17:37.495+0000] {dag.py:2915} INFO - Sync 1 DAGs
[2024-11-02T20:17:37.882+0000] {logging_mixin.py:151} INFO - [2024-11-02T20:17:37.867+0000] {dag.py:3696} INFO - Setting next_dagrun for example_short_circuit_operator to 2024-11-01T20:17:37.866433+00:00, run_after=2024-11-02T20:17:37.866433+00:00
[2024-11-02T20:17:38.305+0000] {processor.py:179} INFO - Processing /home/airflow/.local/lib/python3.8/site-packages/airflow/example_dags/example_short_circuit_operator.py took 1.204 seconds
[2024-11-02T20:18:43.489+0000] {processor.py:157} INFO - Started process (PID=347) to work on /home/airflow/.local/lib/python3.8/site-packages/airflow/example_dags/example_short_circuit_operator.py
[2024-11-02T20:18:43.505+0000] {processor.py:829} INFO - Processing file /home/airflow/.local/lib/python3.8/site-packages/airflow/example_dags/example_short_circuit_operator.py for tasks to queue
[2024-11-02T20:18:43.573+0000] {logging_mixin.py:151} INFO - [2024-11-02T20:18:43.560+0000] {dagbag.py:539} INFO - Filling up the DagBag from /home/airflow/.local/lib/python3.8/site-packages/airflow/example_dags/example_short_circuit_operator.py
[2024-11-02T20:18:43.741+0000] {processor.py:839} INFO - DAG(s) dict_keys(['example_short_circuit_operator']) retrieved from /home/airflow/.local/lib/python3.8/site-packages/airflow/example_dags/example_short_circuit_operator.py
[2024-11-02T20:18:44.303+0000] {logging_mixin.py:151} INFO - [2024-11-02T20:18:44.302+0000] {dag.py:2915} INFO - Sync 1 DAGs
[2024-11-02T20:18:45.039+0000] {logging_mixin.py:151} INFO - [2024-11-02T20:18:45.028+0000] {dag.py:3696} INFO - Setting next_dagrun for example_short_circuit_operator to 2024-11-01T20:18:45.028020+00:00, run_after=2024-11-02T20:18:45.028020+00:00
[2024-11-02T20:18:45.425+0000] {processor.py:179} INFO - Processing /home/airflow/.local/lib/python3.8/site-packages/airflow/example_dags/example_short_circuit_operator.py took 1.999 seconds
[2024-11-02T20:19:35.276+0000] {processor.py:157} INFO - Started process (PID=410) to work on /home/airflow/.local/lib/python3.8/site-packages/airflow/example_dags/example_short_circuit_operator.py
[2024-11-02T20:19:35.287+0000] {processor.py:829} INFO - Processing file /home/airflow/.local/lib/python3.8/site-packages/airflow/example_dags/example_short_circuit_operator.py for tasks to queue
[2024-11-02T20:19:35.342+0000] {logging_mixin.py:151} INFO - [2024-11-02T20:19:35.342+0000] {dagbag.py:539} INFO - Filling up the DagBag from /home/airflow/.local/lib/python3.8/site-packages/airflow/example_dags/example_short_circuit_operator.py
[2024-11-02T20:19:35.599+0000] {processor.py:839} INFO - DAG(s) dict_keys(['example_short_circuit_operator']) retrieved from /home/airflow/.local/lib/python3.8/site-packages/airflow/example_dags/example_short_circuit_operator.py
[2024-11-02T20:19:36.219+0000] {logging_mixin.py:151} INFO - [2024-11-02T20:19:36.218+0000] {dag.py:2915} INFO - Sync 1 DAGs
[2024-11-02T20:19:36.864+0000] {logging_mixin.py:151} INFO - [2024-11-02T20:19:36.858+0000] {dag.py:3696} INFO - Setting next_dagrun for example_short_circuit_operator to 2024-11-01T20:19:36.858388+00:00, run_after=2024-11-02T20:19:36.858388+00:00
[2024-11-02T20:19:37.185+0000] {processor.py:179} INFO - Processing /home/airflow/.local/lib/python3.8/site-packages/airflow/example_dags/example_short_circuit_operator.py took 2.008 seconds
[2024-11-02T20:20:32.369+0000] {processor.py:157} INFO - Started process (PID=467) to work on /home/airflow/.local/lib/python3.8/site-packages/airflow/example_dags/example_short_circuit_operator.py
[2024-11-02T20:20:32.389+0000] {processor.py:829} INFO - Processing file /home/airflow/.local/lib/python3.8/site-packages/airflow/example_dags/example_short_circuit_operator.py for tasks to queue
[2024-11-02T20:20:32.395+0000] {logging_mixin.py:151} INFO - [2024-11-02T20:20:32.394+0000] {dagbag.py:539} INFO - Filling up the DagBag from /home/airflow/.local/lib/python3.8/site-packages/airflow/example_dags/example_short_circuit_operator.py
[2024-11-02T20:20:32.721+0000] {processor.py:839} INFO - DAG(s) dict_keys(['example_short_circuit_operator']) retrieved from /home/airflow/.local/lib/python3.8/site-packages/airflow/example_dags/example_short_circuit_operator.py
[2024-11-02T20:20:33.127+0000] {logging_mixin.py:151} INFO - [2024-11-02T20:20:33.126+0000] {dag.py:2915} INFO - Sync 1 DAGs
[2024-11-02T20:20:33.665+0000] {logging_mixin.py:151} INFO - [2024-11-02T20:20:33.664+0000] {dag.py:3696} INFO - Setting next_dagrun for example_short_circuit_operator to 2024-11-01T20:20:33.664202+00:00, run_after=2024-11-02T20:20:33.664202+00:00
[2024-11-02T20:20:34.265+0000] {processor.py:179} INFO - Processing /home/airflow/.local/lib/python3.8/site-packages/airflow/example_dags/example_short_circuit_operator.py took 2.013 seconds
[2024-11-02T20:21:24.347+0000] {processor.py:157} INFO - Started process (PID=526) to work on /home/airflow/.local/lib/python3.8/site-packages/airflow/example_dags/example_short_circuit_operator.py
[2024-11-02T20:21:24.360+0000] {processor.py:829} INFO - Processing file /home/airflow/.local/lib/python3.8/site-packages/airflow/example_dags/example_short_circuit_operator.py for tasks to queue
[2024-11-02T20:21:24.399+0000] {logging_mixin.py:151} INFO - [2024-11-02T20:21:24.397+0000] {dagbag.py:539} INFO - Filling up the DagBag from /home/airflow/.local/lib/python3.8/site-packages/airflow/example_dags/example_short_circuit_operator.py
[2024-11-02T20:21:24.521+0000] {processor.py:839} INFO - DAG(s) dict_keys(['example_short_circuit_operator']) retrieved from /home/airflow/.local/lib/python3.8/site-packages/airflow/example_dags/example_short_circuit_operator.py
[2024-11-02T20:21:24.822+0000] {logging_mixin.py:151} INFO - [2024-11-02T20:21:24.821+0000] {dag.py:2915} INFO - Sync 1 DAGs
[2024-11-02T20:21:25.029+0000] {logging_mixin.py:151} INFO - [2024-11-02T20:21:25.029+0000] {dag.py:3696} INFO - Setting next_dagrun for example_short_circuit_operator to 2024-11-01T20:21:25.021162+00:00, run_after=2024-11-02T20:21:25.021162+00:00
[2024-11-02T20:21:25.358+0000] {processor.py:179} INFO - Processing /home/airflow/.local/lib/python3.8/site-packages/airflow/example_dags/example_short_circuit_operator.py took 1.109 seconds
[2024-11-02T20:22:32.802+0000] {processor.py:157} INFO - Started process (PID=595) to work on /home/airflow/.local/lib/python3.8/site-packages/airflow/example_dags/example_short_circuit_operator.py
[2024-11-02T20:22:32.810+0000] {processor.py:829} INFO - Processing file /home/airflow/.local/lib/python3.8/site-packages/airflow/example_dags/example_short_circuit_operator.py for tasks to queue
[2024-11-02T20:22:32.830+0000] {logging_mixin.py:151} INFO - [2024-11-02T20:22:32.829+0000] {dagbag.py:539} INFO - Filling up the DagBag from /home/airflow/.local/lib/python3.8/site-packages/airflow/example_dags/example_short_circuit_operator.py
[2024-11-02T20:22:32.926+0000] {processor.py:839} INFO - DAG(s) dict_keys(['example_short_circuit_operator']) retrieved from /home/airflow/.local/lib/python3.8/site-packages/airflow/example_dags/example_short_circuit_operator.py
[2024-11-02T20:22:33.415+0000] {logging_mixin.py:151} INFO - [2024-11-02T20:22:33.414+0000] {dag.py:2915} INFO - Sync 1 DAGs
[2024-11-02T20:22:33.586+0000] {logging_mixin.py:151} INFO - [2024-11-02T20:22:33.586+0000] {dag.py:3696} INFO - Setting next_dagrun for example_short_circuit_operator to 2024-11-01T20:22:33.586088+00:00, run_after=2024-11-02T20:22:33.586088+00:00
[2024-11-02T20:22:33.852+0000] {processor.py:179} INFO - Processing /home/airflow/.local/lib/python3.8/site-packages/airflow/example_dags/example_short_circuit_operator.py took 1.091 seconds
[2024-11-02T20:23:44.882+0000] {processor.py:157} INFO - Started process (PID=676) to work on /home/airflow/.local/lib/python3.8/site-packages/airflow/example_dags/example_short_circuit_operator.py
[2024-11-02T20:23:44.903+0000] {processor.py:829} INFO - Processing file /home/airflow/.local/lib/python3.8/site-packages/airflow/example_dags/example_short_circuit_operator.py for tasks to queue
[2024-11-02T20:23:44.973+0000] {logging_mixin.py:151} INFO - [2024-11-02T20:23:44.972+0000] {dagbag.py:539} INFO - Filling up the DagBag from /home/airflow/.local/lib/python3.8/site-packages/airflow/example_dags/example_short_circuit_operator.py
[2024-11-02T20:23:45.132+0000] {processor.py:839} INFO - DAG(s) dict_keys(['example_short_circuit_operator']) retrieved from /home/airflow/.local/lib/python3.8/site-packages/airflow/example_dags/example_short_circuit_operator.py
[2024-11-02T20:23:45.449+0000] {logging_mixin.py:151} INFO - [2024-11-02T20:23:45.446+0000] {dag.py:2915} INFO - Sync 1 DAGs
[2024-11-02T20:23:45.729+0000] {logging_mixin.py:151} INFO - [2024-11-02T20:23:45.729+0000] {dag.py:3696} INFO - Setting next_dagrun for example_short_circuit_operator to 2024-11-01T20:23:45.728902+00:00, run_after=2024-11-02T20:23:45.728902+00:00
[2024-11-02T20:23:46.001+0000] {processor.py:179} INFO - Processing /home/airflow/.local/lib/python3.8/site-packages/airflow/example_dags/example_short_circuit_operator.py took 1.250 seconds
[2024-11-02T20:24:41.596+0000] {processor.py:157} INFO - Started process (PID=730) to work on /home/airflow/.local/lib/python3.8/site-packages/airflow/example_dags/example_short_circuit_operator.py
[2024-11-02T20:24:41.635+0000] {processor.py:829} INFO - Processing file /home/airflow/.local/lib/python3.8/site-packages/airflow/example_dags/example_short_circuit_operator.py for tasks to queue
[2024-11-02T20:24:41.729+0000] {logging_mixin.py:151} INFO - [2024-11-02T20:24:41.693+0000] {dagbag.py:539} INFO - Filling up the DagBag from /home/airflow/.local/lib/python3.8/site-packages/airflow/example_dags/example_short_circuit_operator.py
[2024-11-02T20:24:41.907+0000] {processor.py:839} INFO - DAG(s) dict_keys(['example_short_circuit_operator']) retrieved from /home/airflow/.local/lib/python3.8/site-packages/airflow/example_dags/example_short_circuit_operator.py
[2024-11-02T20:24:43.157+0000] {logging_mixin.py:151} INFO - [2024-11-02T20:24:43.156+0000] {dag.py:2915} INFO - Sync 1 DAGs
[2024-11-02T20:24:44.151+0000] {logging_mixin.py:151} INFO - [2024-11-02T20:24:44.151+0000] {dag.py:3696} INFO - Setting next_dagrun for example_short_circuit_operator to 2024-11-01T20:24:44.147578+00:00, run_after=2024-11-02T20:24:44.147578+00:00
[2024-11-02T20:24:44.718+0000] {processor.py:179} INFO - Processing /home/airflow/.local/lib/python3.8/site-packages/airflow/example_dags/example_short_circuit_operator.py took 3.241 seconds
