[2024-11-02T20:12:22.485+0000] {processor.py:157} INFO - Started process (PID=78) to work on /home/airflow/.local/lib/python3.8/site-packages/airflow/example_dags/example_branch_python_dop_operator_3.py
[2024-11-02T20:12:22.497+0000] {processor.py:829} INFO - Processing file /home/airflow/.local/lib/python3.8/site-packages/airflow/example_dags/example_branch_python_dop_operator_3.py for tasks to queue
[2024-11-02T20:12:22.538+0000] {logging_mixin.py:151} INFO - [2024-11-02T20:12:22.512+0000] {dagbag.py:539} INFO - Filling up the DagBag from /home/airflow/.local/lib/python3.8/site-packages/airflow/example_dags/example_branch_python_dop_operator_3.py
[2024-11-02T20:12:22.748+0000] {processor.py:839} INFO - DAG(s) dict_keys(['example_branch_dop_operator_v3']) retrieved from /home/airflow/.local/lib/python3.8/site-packages/airflow/example_dags/example_branch_python_dop_operator_3.py
[2024-11-02T20:12:23.048+0000] {logging_mixin.py:151} INFO - [2024-11-02T20:12:23.042+0000] {dag.py:2915} INFO - Sync 1 DAGs
[2024-11-02T20:12:23.423+0000] {logging_mixin.py:151} INFO - [2024-11-02T20:12:23.423+0000] {dag.py:3696} INFO - Setting next_dagrun for example_branch_dop_operator_v3 to 2024-11-02T20:11:00+00:00, run_after=2024-11-02T20:12:00+00:00
[2024-11-02T20:12:23.776+0000] {processor.py:179} INFO - Processing /home/airflow/.local/lib/python3.8/site-packages/airflow/example_dags/example_branch_python_dop_operator_3.py took 1.392 seconds
[2024-11-02T20:14:34.303+0000] {processor.py:157} INFO - Started process (PID=73) to work on /home/airflow/.local/lib/python3.8/site-packages/airflow/example_dags/example_branch_python_dop_operator_3.py
[2024-11-02T20:14:34.342+0000] {processor.py:829} INFO - Processing file /home/airflow/.local/lib/python3.8/site-packages/airflow/example_dags/example_branch_python_dop_operator_3.py for tasks to queue
[2024-11-02T20:14:34.434+0000] {logging_mixin.py:151} INFO - [2024-11-02T20:14:34.417+0000] {dagbag.py:539} INFO - Filling up the DagBag from /home/airflow/.local/lib/python3.8/site-packages/airflow/example_dags/example_branch_python_dop_operator_3.py
[2024-11-02T20:14:34.694+0000] {processor.py:839} INFO - DAG(s) dict_keys(['example_branch_dop_operator_v3']) retrieved from /home/airflow/.local/lib/python3.8/site-packages/airflow/example_dags/example_branch_python_dop_operator_3.py
[2024-11-02T20:14:34.941+0000] {logging_mixin.py:151} INFO - [2024-11-02T20:14:34.940+0000] {dag.py:2915} INFO - Sync 1 DAGs
[2024-11-02T20:14:35.436+0000] {logging_mixin.py:151} INFO - [2024-11-02T20:14:35.427+0000] {dag.py:3696} INFO - Setting next_dagrun for example_branch_dop_operator_v3 to 2024-11-02T20:13:00+00:00, run_after=2024-11-02T20:14:00+00:00
[2024-11-02T20:14:35.837+0000] {processor.py:179} INFO - Processing /home/airflow/.local/lib/python3.8/site-packages/airflow/example_dags/example_branch_python_dop_operator_3.py took 1.620 seconds
[2024-11-02T20:15:25.833+0000] {processor.py:157} INFO - Started process (PID=135) to work on /home/airflow/.local/lib/python3.8/site-packages/airflow/example_dags/example_branch_python_dop_operator_3.py
[2024-11-02T20:15:25.838+0000] {processor.py:829} INFO - Processing file /home/airflow/.local/lib/python3.8/site-packages/airflow/example_dags/example_branch_python_dop_operator_3.py for tasks to queue
[2024-11-02T20:15:25.916+0000] {logging_mixin.py:151} INFO - [2024-11-02T20:15:25.897+0000] {dagbag.py:539} INFO - Filling up the DagBag from /home/airflow/.local/lib/python3.8/site-packages/airflow/example_dags/example_branch_python_dop_operator_3.py
[2024-11-02T20:15:26.092+0000] {processor.py:839} INFO - DAG(s) dict_keys(['example_branch_dop_operator_v3']) retrieved from /home/airflow/.local/lib/python3.8/site-packages/airflow/example_dags/example_branch_python_dop_operator_3.py
[2024-11-02T20:15:26.449+0000] {logging_mixin.py:151} INFO - [2024-11-02T20:15:26.449+0000] {dag.py:2915} INFO - Sync 1 DAGs
[2024-11-02T20:15:26.963+0000] {logging_mixin.py:151} INFO - [2024-11-02T20:15:26.957+0000] {dag.py:3696} INFO - Setting next_dagrun for example_branch_dop_operator_v3 to 2024-11-02T20:14:00+00:00, run_after=2024-11-02T20:15:00+00:00
[2024-11-02T20:15:27.481+0000] {processor.py:179} INFO - Processing /home/airflow/.local/lib/python3.8/site-packages/airflow/example_dags/example_branch_python_dop_operator_3.py took 1.719 seconds
[2024-11-02T20:16:16.300+0000] {processor.py:157} INFO - Started process (PID=188) to work on /home/airflow/.local/lib/python3.8/site-packages/airflow/example_dags/example_branch_python_dop_operator_3.py
[2024-11-02T20:16:16.321+0000] {processor.py:829} INFO - Processing file /home/airflow/.local/lib/python3.8/site-packages/airflow/example_dags/example_branch_python_dop_operator_3.py for tasks to queue
[2024-11-02T20:16:16.418+0000] {logging_mixin.py:151} INFO - [2024-11-02T20:16:16.417+0000] {dagbag.py:539} INFO - Filling up the DagBag from /home/airflow/.local/lib/python3.8/site-packages/airflow/example_dags/example_branch_python_dop_operator_3.py
[2024-11-02T20:16:16.666+0000] {processor.py:839} INFO - DAG(s) dict_keys(['example_branch_dop_operator_v3']) retrieved from /home/airflow/.local/lib/python3.8/site-packages/airflow/example_dags/example_branch_python_dop_operator_3.py
[2024-11-02T20:16:17.143+0000] {logging_mixin.py:151} INFO - [2024-11-02T20:16:17.143+0000] {dag.py:2915} INFO - Sync 1 DAGs
[2024-11-02T20:16:17.507+0000] {logging_mixin.py:151} INFO - [2024-11-02T20:16:17.507+0000] {dag.py:3696} INFO - Setting next_dagrun for example_branch_dop_operator_v3 to 2024-11-02T20:15:00+00:00, run_after=2024-11-02T20:16:00+00:00
[2024-11-02T20:16:17.831+0000] {processor.py:179} INFO - Processing /home/airflow/.local/lib/python3.8/site-packages/airflow/example_dags/example_branch_python_dop_operator_3.py took 1.608 seconds
[2024-11-02T20:17:15.347+0000] {processor.py:157} INFO - Started process (PID=256) to work on /home/airflow/.local/lib/python3.8/site-packages/airflow/example_dags/example_branch_python_dop_operator_3.py
[2024-11-02T20:17:15.370+0000] {processor.py:829} INFO - Processing file /home/airflow/.local/lib/python3.8/site-packages/airflow/example_dags/example_branch_python_dop_operator_3.py for tasks to queue
[2024-11-02T20:17:15.402+0000] {logging_mixin.py:151} INFO - [2024-11-02T20:17:15.402+0000] {dagbag.py:539} INFO - Filling up the DagBag from /home/airflow/.local/lib/python3.8/site-packages/airflow/example_dags/example_branch_python_dop_operator_3.py
[2024-11-02T20:17:15.523+0000] {processor.py:839} INFO - DAG(s) dict_keys(['example_branch_dop_operator_v3']) retrieved from /home/airflow/.local/lib/python3.8/site-packages/airflow/example_dags/example_branch_python_dop_operator_3.py
[2024-11-02T20:17:15.948+0000] {logging_mixin.py:151} INFO - [2024-11-02T20:17:15.948+0000] {dag.py:2915} INFO - Sync 1 DAGs
[2024-11-02T20:17:16.431+0000] {logging_mixin.py:151} INFO - [2024-11-02T20:17:16.430+0000] {dag.py:3696} INFO - Setting next_dagrun for example_branch_dop_operator_v3 to 2024-11-02T20:16:00+00:00, run_after=2024-11-02T20:17:00+00:00
[2024-11-02T20:17:16.705+0000] {processor.py:179} INFO - Processing /home/airflow/.local/lib/python3.8/site-packages/airflow/example_dags/example_branch_python_dop_operator_3.py took 1.401 seconds
[2024-11-02T20:18:17.787+0000] {processor.py:157} INFO - Started process (PID=321) to work on /home/airflow/.local/lib/python3.8/site-packages/airflow/example_dags/example_branch_python_dop_operator_3.py
[2024-11-02T20:18:17.841+0000] {processor.py:829} INFO - Processing file /home/airflow/.local/lib/python3.8/site-packages/airflow/example_dags/example_branch_python_dop_operator_3.py for tasks to queue
[2024-11-02T20:18:17.894+0000] {logging_mixin.py:151} INFO - [2024-11-02T20:18:17.893+0000] {dagbag.py:539} INFO - Filling up the DagBag from /home/airflow/.local/lib/python3.8/site-packages/airflow/example_dags/example_branch_python_dop_operator_3.py
[2024-11-02T20:18:18.041+0000] {processor.py:839} INFO - DAG(s) dict_keys(['example_branch_dop_operator_v3']) retrieved from /home/airflow/.local/lib/python3.8/site-packages/airflow/example_dags/example_branch_python_dop_operator_3.py
[2024-11-02T20:18:18.435+0000] {logging_mixin.py:151} INFO - [2024-11-02T20:18:18.434+0000] {dag.py:2915} INFO - Sync 1 DAGs
[2024-11-02T20:18:19.119+0000] {logging_mixin.py:151} INFO - [2024-11-02T20:18:19.119+0000] {dag.py:3696} INFO - Setting next_dagrun for example_branch_dop_operator_v3 to 2024-11-02T20:17:00+00:00, run_after=2024-11-02T20:18:00+00:00
[2024-11-02T20:18:19.687+0000] {processor.py:179} INFO - Processing /home/airflow/.local/lib/python3.8/site-packages/airflow/example_dags/example_branch_python_dop_operator_3.py took 1.928 seconds
[2024-11-02T20:19:03.140+0000] {processor.py:157} INFO - Started process (PID=372) to work on /home/airflow/.local/lib/python3.8/site-packages/airflow/example_dags/example_branch_python_dop_operator_3.py
[2024-11-02T20:19:03.153+0000] {processor.py:829} INFO - Processing file /home/airflow/.local/lib/python3.8/site-packages/airflow/example_dags/example_branch_python_dop_operator_3.py for tasks to queue
[2024-11-02T20:19:03.199+0000] {logging_mixin.py:151} INFO - [2024-11-02T20:19:03.192+0000] {dagbag.py:539} INFO - Filling up the DagBag from /home/airflow/.local/lib/python3.8/site-packages/airflow/example_dags/example_branch_python_dop_operator_3.py
[2024-11-02T20:19:03.425+0000] {processor.py:839} INFO - DAG(s) dict_keys(['example_branch_dop_operator_v3']) retrieved from /home/airflow/.local/lib/python3.8/site-packages/airflow/example_dags/example_branch_python_dop_operator_3.py
[2024-11-02T20:19:03.811+0000] {logging_mixin.py:151} INFO - [2024-11-02T20:19:03.811+0000] {dag.py:2915} INFO - Sync 1 DAGs
[2024-11-02T20:19:04.187+0000] {logging_mixin.py:151} INFO - [2024-11-02T20:19:04.186+0000] {dag.py:3696} INFO - Setting next_dagrun for example_branch_dop_operator_v3 to 2024-11-02T20:18:00+00:00, run_after=2024-11-02T20:19:00+00:00
[2024-11-02T20:19:04.365+0000] {processor.py:179} INFO - Processing /home/airflow/.local/lib/python3.8/site-packages/airflow/example_dags/example_branch_python_dop_operator_3.py took 1.308 seconds
[2024-11-02T20:19:49.994+0000] {processor.py:157} INFO - Started process (PID=426) to work on /home/airflow/.local/lib/python3.8/site-packages/airflow/example_dags/example_branch_python_dop_operator_3.py
[2024-11-02T20:19:50.009+0000] {processor.py:829} INFO - Processing file /home/airflow/.local/lib/python3.8/site-packages/airflow/example_dags/example_branch_python_dop_operator_3.py for tasks to queue
[2024-11-02T20:19:50.059+0000] {logging_mixin.py:151} INFO - [2024-11-02T20:19:50.052+0000] {dagbag.py:539} INFO - Filling up the DagBag from /home/airflow/.local/lib/python3.8/site-packages/airflow/example_dags/example_branch_python_dop_operator_3.py
[2024-11-02T20:19:50.164+0000] {processor.py:839} INFO - DAG(s) dict_keys(['example_branch_dop_operator_v3']) retrieved from /home/airflow/.local/lib/python3.8/site-packages/airflow/example_dags/example_branch_python_dop_operator_3.py
[2024-11-02T20:19:50.680+0000] {logging_mixin.py:151} INFO - [2024-11-02T20:19:50.679+0000] {dag.py:2915} INFO - Sync 1 DAGs
[2024-11-02T20:19:51.165+0000] {logging_mixin.py:151} INFO - [2024-11-02T20:19:51.165+0000] {dag.py:3696} INFO - Setting next_dagrun for example_branch_dop_operator_v3 to 2024-11-02T20:18:00+00:00, run_after=2024-11-02T20:19:00+00:00
[2024-11-02T20:19:51.643+0000] {processor.py:179} INFO - Processing /home/airflow/.local/lib/python3.8/site-packages/airflow/example_dags/example_branch_python_dop_operator_3.py took 1.727 seconds
[2024-11-02T20:21:03.490+0000] {processor.py:157} INFO - Started process (PID=496) to work on /home/airflow/.local/lib/python3.8/site-packages/airflow/example_dags/example_branch_python_dop_operator_3.py
[2024-11-02T20:21:03.499+0000] {processor.py:829} INFO - Processing file /home/airflow/.local/lib/python3.8/site-packages/airflow/example_dags/example_branch_python_dop_operator_3.py for tasks to queue
[2024-11-02T20:21:03.537+0000] {logging_mixin.py:151} INFO - [2024-11-02T20:21:03.536+0000] {dagbag.py:539} INFO - Filling up the DagBag from /home/airflow/.local/lib/python3.8/site-packages/airflow/example_dags/example_branch_python_dop_operator_3.py
[2024-11-02T20:21:03.601+0000] {processor.py:839} INFO - DAG(s) dict_keys(['example_branch_dop_operator_v3']) retrieved from /home/airflow/.local/lib/python3.8/site-packages/airflow/example_dags/example_branch_python_dop_operator_3.py
[2024-11-02T20:21:04.027+0000] {logging_mixin.py:151} INFO - [2024-11-02T20:21:04.027+0000] {dag.py:2915} INFO - Sync 1 DAGs
[2024-11-02T20:21:04.858+0000] {logging_mixin.py:151} INFO - [2024-11-02T20:21:04.848+0000] {dag.py:3696} INFO - Setting next_dagrun for example_branch_dop_operator_v3 to 2024-11-02T20:20:00+00:00, run_after=2024-11-02T20:21:00+00:00
[2024-11-02T20:21:05.398+0000] {processor.py:179} INFO - Processing /home/airflow/.local/lib/python3.8/site-packages/airflow/example_dags/example_branch_python_dop_operator_3.py took 1.965 seconds
[2024-11-02T20:22:05.451+0000] {processor.py:157} INFO - Started process (PID=565) to work on /home/airflow/.local/lib/python3.8/site-packages/airflow/example_dags/example_branch_python_dop_operator_3.py
[2024-11-02T20:22:05.460+0000] {processor.py:829} INFO - Processing file /home/airflow/.local/lib/python3.8/site-packages/airflow/example_dags/example_branch_python_dop_operator_3.py for tasks to queue
[2024-11-02T20:22:05.470+0000] {logging_mixin.py:151} INFO - [2024-11-02T20:22:05.465+0000] {dagbag.py:539} INFO - Filling up the DagBag from /home/airflow/.local/lib/python3.8/site-packages/airflow/example_dags/example_branch_python_dop_operator_3.py
[2024-11-02T20:22:05.550+0000] {processor.py:839} INFO - DAG(s) dict_keys(['example_branch_dop_operator_v3']) retrieved from /home/airflow/.local/lib/python3.8/site-packages/airflow/example_dags/example_branch_python_dop_operator_3.py
[2024-11-02T20:22:06.011+0000] {logging_mixin.py:151} INFO - [2024-11-02T20:22:06.011+0000] {dag.py:2915} INFO - Sync 1 DAGs
[2024-11-02T20:22:06.702+0000] {logging_mixin.py:151} INFO - [2024-11-02T20:22:06.701+0000] {dag.py:3696} INFO - Setting next_dagrun for example_branch_dop_operator_v3 to 2024-11-02T20:21:00+00:00, run_after=2024-11-02T20:22:00+00:00
[2024-11-02T20:22:07.229+0000] {processor.py:179} INFO - Processing /home/airflow/.local/lib/python3.8/site-packages/airflow/example_dags/example_branch_python_dop_operator_3.py took 1.806 seconds
[2024-11-02T20:22:54.958+0000] {processor.py:157} INFO - Started process (PID=625) to work on /home/airflow/.local/lib/python3.8/site-packages/airflow/example_dags/example_branch_python_dop_operator_3.py
[2024-11-02T20:22:54.994+0000] {processor.py:829} INFO - Processing file /home/airflow/.local/lib/python3.8/site-packages/airflow/example_dags/example_branch_python_dop_operator_3.py for tasks to queue
[2024-11-02T20:22:55.108+0000] {logging_mixin.py:151} INFO - [2024-11-02T20:22:55.083+0000] {dagbag.py:539} INFO - Filling up the DagBag from /home/airflow/.local/lib/python3.8/site-packages/airflow/example_dags/example_branch_python_dop_operator_3.py
[2024-11-02T20:22:55.426+0000] {processor.py:839} INFO - DAG(s) dict_keys(['example_branch_dop_operator_v3']) retrieved from /home/airflow/.local/lib/python3.8/site-packages/airflow/example_dags/example_branch_python_dop_operator_3.py
[2024-11-02T20:22:56.032+0000] {logging_mixin.py:151} INFO - [2024-11-02T20:22:56.031+0000] {dag.py:2915} INFO - Sync 1 DAGs
[2024-11-02T20:22:57.016+0000] {logging_mixin.py:151} INFO - [2024-11-02T20:22:56.938+0000] {dag.py:3696} INFO - Setting next_dagrun for example_branch_dop_operator_v3 to 2024-11-02T20:21:00+00:00, run_after=2024-11-02T20:22:00+00:00
[2024-11-02T20:22:57.609+0000] {processor.py:179} INFO - Processing /home/airflow/.local/lib/python3.8/site-packages/airflow/example_dags/example_branch_python_dop_operator_3.py took 2.815 seconds
[2024-11-02T20:24:05.188+0000] {processor.py:157} INFO - Started process (PID=694) to work on /home/airflow/.local/lib/python3.8/site-packages/airflow/example_dags/example_branch_python_dop_operator_3.py
[2024-11-02T20:24:05.213+0000] {processor.py:829} INFO - Processing file /home/airflow/.local/lib/python3.8/site-packages/airflow/example_dags/example_branch_python_dop_operator_3.py for tasks to queue
[2024-11-02T20:24:05.287+0000] {logging_mixin.py:151} INFO - [2024-11-02T20:24:05.286+0000] {dagbag.py:539} INFO - Filling up the DagBag from /home/airflow/.local/lib/python3.8/site-packages/airflow/example_dags/example_branch_python_dop_operator_3.py
[2024-11-02T20:24:05.504+0000] {processor.py:839} INFO - DAG(s) dict_keys(['example_branch_dop_operator_v3']) retrieved from /home/airflow/.local/lib/python3.8/site-packages/airflow/example_dags/example_branch_python_dop_operator_3.py
[2024-11-02T20:24:06.000+0000] {logging_mixin.py:151} INFO - [2024-11-02T20:24:05.999+0000] {dag.py:2915} INFO - Sync 1 DAGs
[2024-11-02T20:24:06.350+0000] {logging_mixin.py:151} INFO - [2024-11-02T20:24:06.323+0000] {dag.py:3696} INFO - Setting next_dagrun for example_branch_dop_operator_v3 to 2024-11-02T20:23:00+00:00, run_after=2024-11-02T20:24:00+00:00
[2024-11-02T20:24:06.763+0000] {processor.py:179} INFO - Processing /home/airflow/.local/lib/python3.8/site-packages/airflow/example_dags/example_branch_python_dop_operator_3.py took 1.740 seconds
