[2024-11-02T20:12:37.413+0000] {processor.py:157} INFO - Started process (PID=92) to work on /home/airflow/.local/lib/python3.8/site-packages/airflow/example_dags/example_short_circuit_decorator.py
[2024-11-02T20:12:37.414+0000] {processor.py:829} INFO - Processing file /home/airflow/.local/lib/python3.8/site-packages/airflow/example_dags/example_short_circuit_decorator.py for tasks to queue
[2024-11-02T20:12:37.457+0000] {logging_mixin.py:151} INFO - [2024-11-02T20:12:37.456+0000] {dagbag.py:539} INFO - Filling up the DagBag from /home/airflow/.local/lib/python3.8/site-packages/airflow/example_dags/example_short_circuit_decorator.py
[2024-11-02T20:12:37.650+0000] {processor.py:839} INFO - DAG(s) dict_keys(['example_short_circuit_decorator']) retrieved from /home/airflow/.local/lib/python3.8/site-packages/airflow/example_dags/example_short_circuit_decorator.py
[2024-11-02T20:12:38.129+0000] {logging_mixin.py:151} INFO - [2024-11-02T20:12:38.129+0000] {dag.py:2915} INFO - Sync 1 DAGs
[2024-11-02T20:12:38.300+0000] {logging_mixin.py:151} INFO - [2024-11-02T20:12:38.292+0000] {dag.py:3696} INFO - Setting next_dagrun for example_short_circuit_decorator to 2024-11-01T20:12:38.292109+00:00, run_after=2024-11-02T20:12:38.292109+00:00
[2024-11-02T20:12:38.663+0000] {processor.py:179} INFO - Processing /home/airflow/.local/lib/python3.8/site-packages/airflow/example_dags/example_short_circuit_decorator.py took 1.290 seconds
[2024-11-02T20:14:50.541+0000] {processor.py:157} INFO - Started process (PID=94) to work on /home/airflow/.local/lib/python3.8/site-packages/airflow/example_dags/example_short_circuit_decorator.py
[2024-11-02T20:14:50.551+0000] {processor.py:829} INFO - Processing file /home/airflow/.local/lib/python3.8/site-packages/airflow/example_dags/example_short_circuit_decorator.py for tasks to queue
[2024-11-02T20:14:50.564+0000] {logging_mixin.py:151} INFO - [2024-11-02T20:14:50.554+0000] {dagbag.py:539} INFO - Filling up the DagBag from /home/airflow/.local/lib/python3.8/site-packages/airflow/example_dags/example_short_circuit_decorator.py
[2024-11-02T20:14:50.686+0000] {processor.py:839} INFO - DAG(s) dict_keys(['example_short_circuit_decorator']) retrieved from /home/airflow/.local/lib/python3.8/site-packages/airflow/example_dags/example_short_circuit_decorator.py
[2024-11-02T20:14:50.900+0000] {logging_mixin.py:151} INFO - [2024-11-02T20:14:50.900+0000] {dag.py:2915} INFO - Sync 1 DAGs
[2024-11-02T20:14:51.184+0000] {logging_mixin.py:151} INFO - [2024-11-02T20:14:51.171+0000] {dag.py:3696} INFO - Setting next_dagrun for example_short_circuit_decorator to 2024-11-01T20:14:51.170794+00:00, run_after=2024-11-02T20:14:51.170794+00:00
[2024-11-02T20:14:51.575+0000] {processor.py:179} INFO - Processing /home/airflow/.local/lib/python3.8/site-packages/airflow/example_dags/example_short_circuit_decorator.py took 1.053 seconds
[2024-11-02T20:15:51.842+0000] {processor.py:157} INFO - Started process (PID=155) to work on /home/airflow/.local/lib/python3.8/site-packages/airflow/example_dags/example_short_circuit_decorator.py
[2024-11-02T20:15:51.854+0000] {processor.py:829} INFO - Processing file /home/airflow/.local/lib/python3.8/site-packages/airflow/example_dags/example_short_circuit_decorator.py for tasks to queue
[2024-11-02T20:15:51.873+0000] {logging_mixin.py:151} INFO - [2024-11-02T20:15:51.873+0000] {dagbag.py:539} INFO - Filling up the DagBag from /home/airflow/.local/lib/python3.8/site-packages/airflow/example_dags/example_short_circuit_decorator.py
[2024-11-02T20:15:52.013+0000] {processor.py:839} INFO - DAG(s) dict_keys(['example_short_circuit_decorator']) retrieved from /home/airflow/.local/lib/python3.8/site-packages/airflow/example_dags/example_short_circuit_decorator.py
[2024-11-02T20:15:52.548+0000] {logging_mixin.py:151} INFO - [2024-11-02T20:15:52.547+0000] {dag.py:2915} INFO - Sync 1 DAGs
[2024-11-02T20:15:52.913+0000] {logging_mixin.py:151} INFO - [2024-11-02T20:15:52.912+0000] {dag.py:3696} INFO - Setting next_dagrun for example_short_circuit_decorator to 2024-11-01T20:15:52.912079+00:00, run_after=2024-11-02T20:15:52.912079+00:00
[2024-11-02T20:15:53.157+0000] {processor.py:179} INFO - Processing /home/airflow/.local/lib/python3.8/site-packages/airflow/example_dags/example_short_circuit_decorator.py took 1.372 seconds
[2024-11-02T20:16:50.661+0000] {processor.py:157} INFO - Started process (PID=222) to work on /home/airflow/.local/lib/python3.8/site-packages/airflow/example_dags/example_short_circuit_decorator.py
[2024-11-02T20:16:50.666+0000] {processor.py:829} INFO - Processing file /home/airflow/.local/lib/python3.8/site-packages/airflow/example_dags/example_short_circuit_decorator.py for tasks to queue
[2024-11-02T20:16:50.707+0000] {logging_mixin.py:151} INFO - [2024-11-02T20:16:50.687+0000] {dagbag.py:539} INFO - Filling up the DagBag from /home/airflow/.local/lib/python3.8/site-packages/airflow/example_dags/example_short_circuit_decorator.py
[2024-11-02T20:16:50.777+0000] {processor.py:839} INFO - DAG(s) dict_keys(['example_short_circuit_decorator']) retrieved from /home/airflow/.local/lib/python3.8/site-packages/airflow/example_dags/example_short_circuit_decorator.py
[2024-11-02T20:16:51.280+0000] {logging_mixin.py:151} INFO - [2024-11-02T20:16:51.280+0000] {dag.py:2915} INFO - Sync 1 DAGs
[2024-11-02T20:16:51.832+0000] {logging_mixin.py:151} INFO - [2024-11-02T20:16:51.831+0000] {dag.py:3696} INFO - Setting next_dagrun for example_short_circuit_decorator to 2024-11-01T20:16:51.831269+00:00, run_after=2024-11-02T20:16:51.831269+00:00
[2024-11-02T20:16:52.290+0000] {processor.py:179} INFO - Processing /home/airflow/.local/lib/python3.8/site-packages/airflow/example_dags/example_short_circuit_decorator.py took 1.674 seconds
[2024-11-02T20:17:53.942+0000] {processor.py:157} INFO - Started process (PID=293) to work on /home/airflow/.local/lib/python3.8/site-packages/airflow/example_dags/example_short_circuit_decorator.py
[2024-11-02T20:17:53.958+0000] {processor.py:829} INFO - Processing file /home/airflow/.local/lib/python3.8/site-packages/airflow/example_dags/example_short_circuit_decorator.py for tasks to queue
[2024-11-02T20:17:54.013+0000] {logging_mixin.py:151} INFO - [2024-11-02T20:17:54.001+0000] {dagbag.py:539} INFO - Filling up the DagBag from /home/airflow/.local/lib/python3.8/site-packages/airflow/example_dags/example_short_circuit_decorator.py
[2024-11-02T20:17:54.235+0000] {processor.py:839} INFO - DAG(s) dict_keys(['example_short_circuit_decorator']) retrieved from /home/airflow/.local/lib/python3.8/site-packages/airflow/example_dags/example_short_circuit_decorator.py
[2024-11-02T20:17:54.771+0000] {logging_mixin.py:151} INFO - [2024-11-02T20:17:54.771+0000] {dag.py:2915} INFO - Sync 1 DAGs
[2024-11-02T20:17:55.246+0000] {logging_mixin.py:151} INFO - [2024-11-02T20:17:55.246+0000] {dag.py:3696} INFO - Setting next_dagrun for example_short_circuit_decorator to 2024-11-01T20:17:55.231413+00:00, run_after=2024-11-02T20:17:55.231413+00:00
[2024-11-02T20:17:55.643+0000] {processor.py:179} INFO - Processing /home/airflow/.local/lib/python3.8/site-packages/airflow/example_dags/example_short_circuit_decorator.py took 1.776 seconds
[2024-11-02T20:19:04.707+0000] {processor.py:157} INFO - Started process (PID=374) to work on /home/airflow/.local/lib/python3.8/site-packages/airflow/example_dags/example_short_circuit_decorator.py
[2024-11-02T20:19:04.732+0000] {processor.py:829} INFO - Processing file /home/airflow/.local/lib/python3.8/site-packages/airflow/example_dags/example_short_circuit_decorator.py for tasks to queue
[2024-11-02T20:19:04.760+0000] {logging_mixin.py:151} INFO - [2024-11-02T20:19:04.758+0000] {dagbag.py:539} INFO - Filling up the DagBag from /home/airflow/.local/lib/python3.8/site-packages/airflow/example_dags/example_short_circuit_decorator.py
[2024-11-02T20:19:04.897+0000] {processor.py:839} INFO - DAG(s) dict_keys(['example_short_circuit_decorator']) retrieved from /home/airflow/.local/lib/python3.8/site-packages/airflow/example_dags/example_short_circuit_decorator.py
[2024-11-02T20:19:05.388+0000] {logging_mixin.py:151} INFO - [2024-11-02T20:19:05.388+0000] {dag.py:2915} INFO - Sync 1 DAGs
[2024-11-02T20:19:05.662+0000] {logging_mixin.py:151} INFO - [2024-11-02T20:19:05.661+0000] {dag.py:3696} INFO - Setting next_dagrun for example_short_circuit_decorator to 2024-11-01T20:19:05.661303+00:00, run_after=2024-11-02T20:19:05.661303+00:00
[2024-11-02T20:19:05.896+0000] {processor.py:179} INFO - Processing /home/airflow/.local/lib/python3.8/site-packages/airflow/example_dags/example_short_circuit_decorator.py took 1.293 seconds
[2024-11-02T20:19:52.072+0000] {processor.py:157} INFO - Started process (PID=428) to work on /home/airflow/.local/lib/python3.8/site-packages/airflow/example_dags/example_short_circuit_decorator.py
[2024-11-02T20:19:52.077+0000] {processor.py:829} INFO - Processing file /home/airflow/.local/lib/python3.8/site-packages/airflow/example_dags/example_short_circuit_decorator.py for tasks to queue
[2024-11-02T20:19:52.089+0000] {logging_mixin.py:151} INFO - [2024-11-02T20:19:52.085+0000] {dagbag.py:539} INFO - Filling up the DagBag from /home/airflow/.local/lib/python3.8/site-packages/airflow/example_dags/example_short_circuit_decorator.py
[2024-11-02T20:19:52.141+0000] {processor.py:839} INFO - DAG(s) dict_keys(['example_short_circuit_decorator']) retrieved from /home/airflow/.local/lib/python3.8/site-packages/airflow/example_dags/example_short_circuit_decorator.py
[2024-11-02T20:19:52.381+0000] {logging_mixin.py:151} INFO - [2024-11-02T20:19:52.380+0000] {dag.py:2915} INFO - Sync 1 DAGs
[2024-11-02T20:19:52.550+0000] {logging_mixin.py:151} INFO - [2024-11-02T20:19:52.550+0000] {dag.py:3696} INFO - Setting next_dagrun for example_short_circuit_decorator to 2024-11-01T20:19:52.549876+00:00, run_after=2024-11-02T20:19:52.549876+00:00
[2024-11-02T20:19:52.946+0000] {processor.py:179} INFO - Processing /home/airflow/.local/lib/python3.8/site-packages/airflow/example_dags/example_short_circuit_decorator.py took 0.891 seconds
[2024-11-02T20:21:05.658+0000] {processor.py:157} INFO - Started process (PID=504) to work on /home/airflow/.local/lib/python3.8/site-packages/airflow/example_dags/example_short_circuit_decorator.py
[2024-11-02T20:21:05.668+0000] {processor.py:829} INFO - Processing file /home/airflow/.local/lib/python3.8/site-packages/airflow/example_dags/example_short_circuit_decorator.py for tasks to queue
[2024-11-02T20:21:05.690+0000] {logging_mixin.py:151} INFO - [2024-11-02T20:21:05.683+0000] {dagbag.py:539} INFO - Filling up the DagBag from /home/airflow/.local/lib/python3.8/site-packages/airflow/example_dags/example_short_circuit_decorator.py
[2024-11-02T20:21:05.819+0000] {processor.py:839} INFO - DAG(s) dict_keys(['example_short_circuit_decorator']) retrieved from /home/airflow/.local/lib/python3.8/site-packages/airflow/example_dags/example_short_circuit_decorator.py
[2024-11-02T20:21:06.202+0000] {logging_mixin.py:151} INFO - [2024-11-02T20:21:06.202+0000] {dag.py:2915} INFO - Sync 1 DAGs
[2024-11-02T20:21:06.584+0000] {logging_mixin.py:151} INFO - [2024-11-02T20:21:06.580+0000] {dag.py:3696} INFO - Setting next_dagrun for example_short_circuit_decorator to 2024-11-01T20:21:06.563552+00:00, run_after=2024-11-02T20:21:06.563552+00:00
[2024-11-02T20:21:07.009+0000] {processor.py:179} INFO - Processing /home/airflow/.local/lib/python3.8/site-packages/airflow/example_dags/example_short_circuit_decorator.py took 1.391 seconds
[2024-11-02T20:22:09.810+0000] {processor.py:157} INFO - Started process (PID=576) to work on /home/airflow/.local/lib/python3.8/site-packages/airflow/example_dags/example_short_circuit_decorator.py
[2024-11-02T20:22:09.828+0000] {processor.py:829} INFO - Processing file /home/airflow/.local/lib/python3.8/site-packages/airflow/example_dags/example_short_circuit_decorator.py for tasks to queue
[2024-11-02T20:22:09.867+0000] {logging_mixin.py:151} INFO - [2024-11-02T20:22:09.862+0000] {dagbag.py:539} INFO - Filling up the DagBag from /home/airflow/.local/lib/python3.8/site-packages/airflow/example_dags/example_short_circuit_decorator.py
[2024-11-02T20:22:10.027+0000] {processor.py:839} INFO - DAG(s) dict_keys(['example_short_circuit_decorator']) retrieved from /home/airflow/.local/lib/python3.8/site-packages/airflow/example_dags/example_short_circuit_decorator.py
[2024-11-02T20:22:10.336+0000] {logging_mixin.py:151} INFO - [2024-11-02T20:22:10.334+0000] {dag.py:2915} INFO - Sync 1 DAGs
[2024-11-02T20:22:10.647+0000] {logging_mixin.py:151} INFO - [2024-11-02T20:22:10.646+0000] {dag.py:3696} INFO - Setting next_dagrun for example_short_circuit_decorator to 2024-11-01T20:22:10.646207+00:00, run_after=2024-11-02T20:22:10.646207+00:00
[2024-11-02T20:22:10.989+0000] {processor.py:179} INFO - Processing /home/airflow/.local/lib/python3.8/site-packages/airflow/example_dags/example_short_circuit_decorator.py took 1.247 seconds
[2024-11-02T20:23:16.910+0000] {processor.py:157} INFO - Started process (PID=645) to work on /home/airflow/.local/lib/python3.8/site-packages/airflow/example_dags/example_short_circuit_decorator.py
[2024-11-02T20:23:16.922+0000] {processor.py:829} INFO - Processing file /home/airflow/.local/lib/python3.8/site-packages/airflow/example_dags/example_short_circuit_decorator.py for tasks to queue
[2024-11-02T20:23:16.949+0000] {logging_mixin.py:151} INFO - [2024-11-02T20:23:16.948+0000] {dagbag.py:539} INFO - Filling up the DagBag from /home/airflow/.local/lib/python3.8/site-packages/airflow/example_dags/example_short_circuit_decorator.py
[2024-11-02T20:23:17.147+0000] {processor.py:839} INFO - DAG(s) dict_keys(['example_short_circuit_decorator']) retrieved from /home/airflow/.local/lib/python3.8/site-packages/airflow/example_dags/example_short_circuit_decorator.py
[2024-11-02T20:23:17.469+0000] {logging_mixin.py:151} INFO - [2024-11-02T20:23:17.469+0000] {dag.py:2915} INFO - Sync 1 DAGs
[2024-11-02T20:23:18.035+0000] {logging_mixin.py:151} INFO - [2024-11-02T20:23:18.035+0000] {dag.py:3696} INFO - Setting next_dagrun for example_short_circuit_decorator to 2024-11-01T20:23:18.022609+00:00, run_after=2024-11-02T20:23:18.022609+00:00
[2024-11-02T20:23:18.354+0000] {processor.py:179} INFO - Processing /home/airflow/.local/lib/python3.8/site-packages/airflow/example_dags/example_short_circuit_decorator.py took 1.491 seconds
[2024-11-02T20:24:09.852+0000] {processor.py:157} INFO - Started process (PID=698) to work on /home/airflow/.local/lib/python3.8/site-packages/airflow/example_dags/example_short_circuit_decorator.py
[2024-11-02T20:24:09.864+0000] {processor.py:829} INFO - Processing file /home/airflow/.local/lib/python3.8/site-packages/airflow/example_dags/example_short_circuit_decorator.py for tasks to queue
[2024-11-02T20:24:09.888+0000] {logging_mixin.py:151} INFO - [2024-11-02T20:24:09.887+0000] {dagbag.py:539} INFO - Filling up the DagBag from /home/airflow/.local/lib/python3.8/site-packages/airflow/example_dags/example_short_circuit_decorator.py
[2024-11-02T20:24:10.062+0000] {processor.py:839} INFO - DAG(s) dict_keys(['example_short_circuit_decorator']) retrieved from /home/airflow/.local/lib/python3.8/site-packages/airflow/example_dags/example_short_circuit_decorator.py
[2024-11-02T20:24:10.564+0000] {logging_mixin.py:151} INFO - [2024-11-02T20:24:10.563+0000] {dag.py:2915} INFO - Sync 1 DAGs
[2024-11-02T20:24:11.353+0000] {logging_mixin.py:151} INFO - [2024-11-02T20:24:11.353+0000] {dag.py:3696} INFO - Setting next_dagrun for example_short_circuit_decorator to 2024-11-01T20:24:11.320572+00:00, run_after=2024-11-02T20:24:11.320572+00:00
[2024-11-02T20:24:12.171+0000] {processor.py:179} INFO - Processing /home/airflow/.local/lib/python3.8/site-packages/airflow/example_dags/example_short_circuit_decorator.py took 2.463 seconds
