[2024-11-02T20:12:22.966+0000] {processor.py:157} INFO - Started process (PID=79) to work on /home/airflow/.local/lib/python3.8/site-packages/airflow/example_dags/example_bash_operator.py
[2024-11-02T20:12:22.989+0000] {processor.py:829} INFO - Processing file /home/airflow/.local/lib/python3.8/site-packages/airflow/example_dags/example_bash_operator.py for tasks to queue
[2024-11-02T20:12:23.037+0000] {logging_mixin.py:151} INFO - [2024-11-02T20:12:23.028+0000] {dagbag.py:539} INFO - Filling up the DagBag from /home/airflow/.local/lib/python3.8/site-packages/airflow/example_dags/example_bash_operator.py
[2024-11-02T20:12:23.238+0000] {processor.py:839} INFO - DAG(s) dict_keys(['example_bash_operator']) retrieved from /home/airflow/.local/lib/python3.8/site-packages/airflow/example_dags/example_bash_operator.py
[2024-11-02T20:12:23.697+0000] {logging_mixin.py:151} INFO - [2024-11-02T20:12:23.697+0000] {dag.py:2915} INFO - Sync 1 DAGs
[2024-11-02T20:12:24.244+0000] {logging_mixin.py:151} INFO - [2024-11-02T20:12:24.244+0000] {dag.py:3696} INFO - Setting next_dagrun for example_bash_operator to 2024-11-01T00:00:00+00:00, run_after=2024-11-02T00:00:00+00:00
[2024-11-02T20:12:24.768+0000] {processor.py:179} INFO - Processing /home/airflow/.local/lib/python3.8/site-packages/airflow/example_dags/example_bash_operator.py took 1.854 seconds
[2024-11-02T20:14:34.650+0000] {processor.py:157} INFO - Started process (PID=74) to work on /home/airflow/.local/lib/python3.8/site-packages/airflow/example_dags/example_bash_operator.py
[2024-11-02T20:14:34.681+0000] {processor.py:829} INFO - Processing file /home/airflow/.local/lib/python3.8/site-packages/airflow/example_dags/example_bash_operator.py for tasks to queue
[2024-11-02T20:14:34.719+0000] {logging_mixin.py:151} INFO - [2024-11-02T20:14:34.719+0000] {dagbag.py:539} INFO - Filling up the DagBag from /home/airflow/.local/lib/python3.8/site-packages/airflow/example_dags/example_bash_operator.py
[2024-11-02T20:14:35.014+0000] {processor.py:839} INFO - DAG(s) dict_keys(['example_bash_operator']) retrieved from /home/airflow/.local/lib/python3.8/site-packages/airflow/example_dags/example_bash_operator.py
[2024-11-02T20:14:35.253+0000] {logging_mixin.py:151} INFO - [2024-11-02T20:14:35.253+0000] {dag.py:2915} INFO - Sync 1 DAGs
[2024-11-02T20:14:35.860+0000] {logging_mixin.py:151} INFO - [2024-11-02T20:14:35.859+0000] {dag.py:3696} INFO - Setting next_dagrun for example_bash_operator to 2024-11-01T00:00:00+00:00, run_after=2024-11-02T00:00:00+00:00
[2024-11-02T20:14:36.075+0000] {processor.py:179} INFO - Processing /home/airflow/.local/lib/python3.8/site-packages/airflow/example_dags/example_bash_operator.py took 1.474 seconds
[2024-11-02T20:15:26.667+0000] {processor.py:157} INFO - Started process (PID=136) to work on /home/airflow/.local/lib/python3.8/site-packages/airflow/example_dags/example_bash_operator.py
[2024-11-02T20:15:26.699+0000] {processor.py:829} INFO - Processing file /home/airflow/.local/lib/python3.8/site-packages/airflow/example_dags/example_bash_operator.py for tasks to queue
[2024-11-02T20:15:26.795+0000] {logging_mixin.py:151} INFO - [2024-11-02T20:15:26.793+0000] {dagbag.py:539} INFO - Filling up the DagBag from /home/airflow/.local/lib/python3.8/site-packages/airflow/example_dags/example_bash_operator.py
[2024-11-02T20:15:27.016+0000] {processor.py:839} INFO - DAG(s) dict_keys(['example_bash_operator']) retrieved from /home/airflow/.local/lib/python3.8/site-packages/airflow/example_dags/example_bash_operator.py
[2024-11-02T20:15:27.360+0000] {logging_mixin.py:151} INFO - [2024-11-02T20:15:27.360+0000] {dag.py:2915} INFO - Sync 1 DAGs
[2024-11-02T20:15:27.599+0000] {logging_mixin.py:151} INFO - [2024-11-02T20:15:27.599+0000] {dag.py:3696} INFO - Setting next_dagrun for example_bash_operator to 2024-11-01T00:00:00+00:00, run_after=2024-11-02T00:00:00+00:00
[2024-11-02T20:15:27.912+0000] {processor.py:179} INFO - Processing /home/airflow/.local/lib/python3.8/site-packages/airflow/example_dags/example_bash_operator.py took 1.393 seconds
[2024-11-02T20:16:17.285+0000] {processor.py:157} INFO - Started process (PID=189) to work on /home/airflow/.local/lib/python3.8/site-packages/airflow/example_dags/example_bash_operator.py
[2024-11-02T20:16:17.293+0000] {processor.py:829} INFO - Processing file /home/airflow/.local/lib/python3.8/site-packages/airflow/example_dags/example_bash_operator.py for tasks to queue
[2024-11-02T20:16:17.307+0000] {logging_mixin.py:151} INFO - [2024-11-02T20:16:17.307+0000] {dagbag.py:539} INFO - Filling up the DagBag from /home/airflow/.local/lib/python3.8/site-packages/airflow/example_dags/example_bash_operator.py
[2024-11-02T20:16:17.466+0000] {processor.py:839} INFO - DAG(s) dict_keys(['example_bash_operator']) retrieved from /home/airflow/.local/lib/python3.8/site-packages/airflow/example_dags/example_bash_operator.py
[2024-11-02T20:16:18.542+0000] {logging_mixin.py:151} INFO - [2024-11-02T20:16:18.541+0000] {dag.py:2915} INFO - Sync 1 DAGs
[2024-11-02T20:16:18.891+0000] {logging_mixin.py:151} INFO - [2024-11-02T20:16:18.891+0000] {dag.py:3696} INFO - Setting next_dagrun for example_bash_operator to 2024-11-01T00:00:00+00:00, run_after=2024-11-02T00:00:00+00:00
[2024-11-02T20:16:19.015+0000] {processor.py:179} INFO - Processing /home/airflow/.local/lib/python3.8/site-packages/airflow/example_dags/example_bash_operator.py took 1.753 seconds
[2024-11-02T20:17:16.863+0000] {processor.py:157} INFO - Started process (PID=257) to work on /home/airflow/.local/lib/python3.8/site-packages/airflow/example_dags/example_bash_operator.py
[2024-11-02T20:17:16.883+0000] {processor.py:829} INFO - Processing file /home/airflow/.local/lib/python3.8/site-packages/airflow/example_dags/example_bash_operator.py for tasks to queue
[2024-11-02T20:17:16.950+0000] {logging_mixin.py:151} INFO - [2024-11-02T20:17:16.949+0000] {dagbag.py:539} INFO - Filling up the DagBag from /home/airflow/.local/lib/python3.8/site-packages/airflow/example_dags/example_bash_operator.py
[2024-11-02T20:17:17.217+0000] {processor.py:839} INFO - DAG(s) dict_keys(['example_bash_operator']) retrieved from /home/airflow/.local/lib/python3.8/site-packages/airflow/example_dags/example_bash_operator.py
[2024-11-02T20:17:17.801+0000] {logging_mixin.py:151} INFO - [2024-11-02T20:17:17.801+0000] {dag.py:2915} INFO - Sync 1 DAGs
[2024-11-02T20:17:18.296+0000] {logging_mixin.py:151} INFO - [2024-11-02T20:17:18.296+0000] {dag.py:3696} INFO - Setting next_dagrun for example_bash_operator to 2024-11-01T00:00:00+00:00, run_after=2024-11-02T00:00:00+00:00
[2024-11-02T20:17:18.589+0000] {processor.py:179} INFO - Processing /home/airflow/.local/lib/python3.8/site-packages/airflow/example_dags/example_bash_operator.py took 1.794 seconds
[2024-11-02T20:18:19.338+0000] {processor.py:157} INFO - Started process (PID=322) to work on /home/airflow/.local/lib/python3.8/site-packages/airflow/example_dags/example_bash_operator.py
[2024-11-02T20:18:19.370+0000] {processor.py:829} INFO - Processing file /home/airflow/.local/lib/python3.8/site-packages/airflow/example_dags/example_bash_operator.py for tasks to queue
[2024-11-02T20:18:19.382+0000] {logging_mixin.py:151} INFO - [2024-11-02T20:18:19.381+0000] {dagbag.py:539} INFO - Filling up the DagBag from /home/airflow/.local/lib/python3.8/site-packages/airflow/example_dags/example_bash_operator.py
[2024-11-02T20:18:19.577+0000] {processor.py:839} INFO - DAG(s) dict_keys(['example_bash_operator']) retrieved from /home/airflow/.local/lib/python3.8/site-packages/airflow/example_dags/example_bash_operator.py
[2024-11-02T20:18:20.340+0000] {logging_mixin.py:151} INFO - [2024-11-02T20:18:20.340+0000] {dag.py:2915} INFO - Sync 1 DAGs
[2024-11-02T20:18:20.845+0000] {logging_mixin.py:151} INFO - [2024-11-02T20:18:20.844+0000] {dag.py:3696} INFO - Setting next_dagrun for example_bash_operator to 2024-11-01T00:00:00+00:00, run_after=2024-11-02T00:00:00+00:00
[2024-11-02T20:18:21.447+0000] {processor.py:179} INFO - Processing /home/airflow/.local/lib/python3.8/site-packages/airflow/example_dags/example_bash_operator.py took 2.213 seconds
[2024-11-02T20:19:04.713+0000] {processor.py:157} INFO - Started process (PID=373) to work on /home/airflow/.local/lib/python3.8/site-packages/airflow/example_dags/example_bash_operator.py
[2024-11-02T20:19:04.724+0000] {processor.py:829} INFO - Processing file /home/airflow/.local/lib/python3.8/site-packages/airflow/example_dags/example_bash_operator.py for tasks to queue
[2024-11-02T20:19:04.797+0000] {logging_mixin.py:151} INFO - [2024-11-02T20:19:04.792+0000] {dagbag.py:539} INFO - Filling up the DagBag from /home/airflow/.local/lib/python3.8/site-packages/airflow/example_dags/example_bash_operator.py
[2024-11-02T20:19:05.073+0000] {processor.py:839} INFO - DAG(s) dict_keys(['example_bash_operator']) retrieved from /home/airflow/.local/lib/python3.8/site-packages/airflow/example_dags/example_bash_operator.py
[2024-11-02T20:19:05.637+0000] {logging_mixin.py:151} INFO - [2024-11-02T20:19:05.637+0000] {dag.py:2915} INFO - Sync 1 DAGs
[2024-11-02T20:19:05.874+0000] {logging_mixin.py:151} INFO - [2024-11-02T20:19:05.874+0000] {dag.py:3696} INFO - Setting next_dagrun for example_bash_operator to 2024-11-01T00:00:00+00:00, run_after=2024-11-02T00:00:00+00:00
[2024-11-02T20:19:06.050+0000] {processor.py:179} INFO - Processing /home/airflow/.local/lib/python3.8/site-packages/airflow/example_dags/example_bash_operator.py took 1.515 seconds
[2024-11-02T20:19:50.381+0000] {processor.py:157} INFO - Started process (PID=427) to work on /home/airflow/.local/lib/python3.8/site-packages/airflow/example_dags/example_bash_operator.py
[2024-11-02T20:19:50.401+0000] {processor.py:829} INFO - Processing file /home/airflow/.local/lib/python3.8/site-packages/airflow/example_dags/example_bash_operator.py for tasks to queue
[2024-11-02T20:19:50.444+0000] {logging_mixin.py:151} INFO - [2024-11-02T20:19:50.438+0000] {dagbag.py:539} INFO - Filling up the DagBag from /home/airflow/.local/lib/python3.8/site-packages/airflow/example_dags/example_bash_operator.py
[2024-11-02T20:19:50.670+0000] {processor.py:839} INFO - DAG(s) dict_keys(['example_bash_operator']) retrieved from /home/airflow/.local/lib/python3.8/site-packages/airflow/example_dags/example_bash_operator.py
[2024-11-02T20:19:51.207+0000] {logging_mixin.py:151} INFO - [2024-11-02T20:19:51.207+0000] {dag.py:2915} INFO - Sync 1 DAGs
[2024-11-02T20:19:51.753+0000] {logging_mixin.py:151} INFO - [2024-11-02T20:19:51.752+0000] {dag.py:3696} INFO - Setting next_dagrun for example_bash_operator to 2024-11-01T00:00:00+00:00, run_after=2024-11-02T00:00:00+00:00
[2024-11-02T20:19:52.197+0000] {processor.py:179} INFO - Processing /home/airflow/.local/lib/python3.8/site-packages/airflow/example_dags/example_bash_operator.py took 1.869 seconds
[2024-11-02T20:21:03.808+0000] {processor.py:157} INFO - Started process (PID=497) to work on /home/airflow/.local/lib/python3.8/site-packages/airflow/example_dags/example_bash_operator.py
[2024-11-02T20:21:03.816+0000] {processor.py:829} INFO - Processing file /home/airflow/.local/lib/python3.8/site-packages/airflow/example_dags/example_bash_operator.py for tasks to queue
[2024-11-02T20:21:03.842+0000] {logging_mixin.py:151} INFO - [2024-11-02T20:21:03.842+0000] {dagbag.py:539} INFO - Filling up the DagBag from /home/airflow/.local/lib/python3.8/site-packages/airflow/example_dags/example_bash_operator.py
[2024-11-02T20:21:03.987+0000] {processor.py:839} INFO - DAG(s) dict_keys(['example_bash_operator']) retrieved from /home/airflow/.local/lib/python3.8/site-packages/airflow/example_dags/example_bash_operator.py
[2024-11-02T20:21:04.719+0000] {logging_mixin.py:151} INFO - [2024-11-02T20:21:04.718+0000] {dag.py:2915} INFO - Sync 1 DAGs
[2024-11-02T20:21:04.984+0000] {logging_mixin.py:151} INFO - [2024-11-02T20:21:04.971+0000] {dag.py:3696} INFO - Setting next_dagrun for example_bash_operator to 2024-11-01T00:00:00+00:00, run_after=2024-11-02T00:00:00+00:00
[2024-11-02T20:21:05.286+0000] {processor.py:179} INFO - Processing /home/airflow/.local/lib/python3.8/site-packages/airflow/example_dags/example_bash_operator.py took 1.512 seconds
[2024-11-02T20:22:07.460+0000] {processor.py:157} INFO - Started process (PID=573) to work on /home/airflow/.local/lib/python3.8/site-packages/airflow/example_dags/example_bash_operator.py
[2024-11-02T20:22:07.493+0000] {processor.py:829} INFO - Processing file /home/airflow/.local/lib/python3.8/site-packages/airflow/example_dags/example_bash_operator.py for tasks to queue
[2024-11-02T20:22:07.593+0000] {logging_mixin.py:151} INFO - [2024-11-02T20:22:07.533+0000] {dagbag.py:539} INFO - Filling up the DagBag from /home/airflow/.local/lib/python3.8/site-packages/airflow/example_dags/example_bash_operator.py
[2024-11-02T20:22:07.814+0000] {processor.py:839} INFO - DAG(s) dict_keys(['example_bash_operator']) retrieved from /home/airflow/.local/lib/python3.8/site-packages/airflow/example_dags/example_bash_operator.py
[2024-11-02T20:22:08.337+0000] {logging_mixin.py:151} INFO - [2024-11-02T20:22:08.331+0000] {dag.py:2915} INFO - Sync 1 DAGs
[2024-11-02T20:22:08.794+0000] {logging_mixin.py:151} INFO - [2024-11-02T20:22:08.793+0000] {dag.py:3696} INFO - Setting next_dagrun for example_bash_operator to 2024-11-01T00:00:00+00:00, run_after=2024-11-02T00:00:00+00:00
[2024-11-02T20:22:09.249+0000] {processor.py:179} INFO - Processing /home/airflow/.local/lib/python3.8/site-packages/airflow/example_dags/example_bash_operator.py took 1.857 seconds
[2024-11-02T20:22:55.699+0000] {processor.py:157} INFO - Started process (PID=626) to work on /home/airflow/.local/lib/python3.8/site-packages/airflow/example_dags/example_bash_operator.py
[2024-11-02T20:22:55.724+0000] {processor.py:829} INFO - Processing file /home/airflow/.local/lib/python3.8/site-packages/airflow/example_dags/example_bash_operator.py for tasks to queue
[2024-11-02T20:22:55.784+0000] {logging_mixin.py:151} INFO - [2024-11-02T20:22:55.750+0000] {dagbag.py:539} INFO - Filling up the DagBag from /home/airflow/.local/lib/python3.8/site-packages/airflow/example_dags/example_bash_operator.py
[2024-11-02T20:22:56.152+0000] {processor.py:839} INFO - DAG(s) dict_keys(['example_bash_operator']) retrieved from /home/airflow/.local/lib/python3.8/site-packages/airflow/example_dags/example_bash_operator.py
[2024-11-02T20:22:57.291+0000] {logging_mixin.py:151} INFO - [2024-11-02T20:22:57.290+0000] {dag.py:2915} INFO - Sync 1 DAGs
[2024-11-02T20:22:58.014+0000] {logging_mixin.py:151} INFO - [2024-11-02T20:22:58.004+0000] {dag.py:3696} INFO - Setting next_dagrun for example_bash_operator to 2024-11-01T00:00:00+00:00, run_after=2024-11-02T00:00:00+00:00
[2024-11-02T20:22:58.849+0000] {processor.py:179} INFO - Processing /home/airflow/.local/lib/python3.8/site-packages/airflow/example_dags/example_bash_operator.py took 3.245 seconds
[2024-11-02T20:24:06.424+0000] {processor.py:157} INFO - Started process (PID=695) to work on /home/airflow/.local/lib/python3.8/site-packages/airflow/example_dags/example_bash_operator.py
[2024-11-02T20:24:06.442+0000] {processor.py:829} INFO - Processing file /home/airflow/.local/lib/python3.8/site-packages/airflow/example_dags/example_bash_operator.py for tasks to queue
[2024-11-02T20:24:06.513+0000] {logging_mixin.py:151} INFO - [2024-11-02T20:24:06.498+0000] {dagbag.py:539} INFO - Filling up the DagBag from /home/airflow/.local/lib/python3.8/site-packages/airflow/example_dags/example_bash_operator.py
[2024-11-02T20:24:06.686+0000] {processor.py:839} INFO - DAG(s) dict_keys(['example_bash_operator']) retrieved from /home/airflow/.local/lib/python3.8/site-packages/airflow/example_dags/example_bash_operator.py
[2024-11-02T20:24:07.545+0000] {logging_mixin.py:151} INFO - [2024-11-02T20:24:07.545+0000] {dag.py:2915} INFO - Sync 1 DAGs
[2024-11-02T20:24:08.221+0000] {logging_mixin.py:151} INFO - [2024-11-02T20:24:08.221+0000] {dag.py:3696} INFO - Setting next_dagrun for example_bash_operator to 2024-11-01T00:00:00+00:00, run_after=2024-11-02T00:00:00+00:00
[2024-11-02T20:24:08.735+0000] {processor.py:179} INFO - Processing /home/airflow/.local/lib/python3.8/site-packages/airflow/example_dags/example_bash_operator.py took 2.431 seconds
