[2024-11-02T20:12:09.151+0000] {processor.py:157} INFO - Started process (PID=68) to work on /home/airflow/.local/lib/python3.8/site-packages/airflow/example_dags/example_setup_teardown_taskflow.py
[2024-11-02T20:12:09.207+0000] {processor.py:829} INFO - Processing file /home/airflow/.local/lib/python3.8/site-packages/airflow/example_dags/example_setup_teardown_taskflow.py for tasks to queue
[2024-11-02T20:12:09.234+0000] {logging_mixin.py:151} INFO - [2024-11-02T20:12:09.229+0000] {dagbag.py:539} INFO - Filling up the DagBag from /home/airflow/.local/lib/python3.8/site-packages/airflow/example_dags/example_setup_teardown_taskflow.py
[2024-11-02T20:12:09.495+0000] {processor.py:839} INFO - DAG(s) dict_keys(['example_setup_teardown_taskflow']) retrieved from /home/airflow/.local/lib/python3.8/site-packages/airflow/example_dags/example_setup_teardown_taskflow.py
[2024-11-02T20:12:09.640+0000] {logging_mixin.py:151} INFO - [2024-11-02T20:12:09.640+0000] {dag.py:2915} INFO - Sync 1 DAGs
[2024-11-02T20:12:09.867+0000] {logging_mixin.py:151} INFO - [2024-11-02T20:12:09.863+0000] {dag.py:3696} INFO - Setting next_dagrun for example_setup_teardown_taskflow to 2024-11-01T20:12:09.862760+00:00, run_after=2024-11-02T20:12:09.862760+00:00
[2024-11-02T20:12:10.143+0000] {processor.py:179} INFO - Processing /home/airflow/.local/lib/python3.8/site-packages/airflow/example_dags/example_setup_teardown_taskflow.py took 1.116 seconds
[2024-11-02T20:14:27.075+0000] {processor.py:157} INFO - Started process (PID=64) to work on /home/airflow/.local/lib/python3.8/site-packages/airflow/example_dags/example_setup_teardown_taskflow.py
[2024-11-02T20:14:27.101+0000] {processor.py:829} INFO - Processing file /home/airflow/.local/lib/python3.8/site-packages/airflow/example_dags/example_setup_teardown_taskflow.py for tasks to queue
[2024-11-02T20:14:27.126+0000] {logging_mixin.py:151} INFO - [2024-11-02T20:14:27.122+0000] {dagbag.py:539} INFO - Filling up the DagBag from /home/airflow/.local/lib/python3.8/site-packages/airflow/example_dags/example_setup_teardown_taskflow.py
[2024-11-02T20:14:27.267+0000] {processor.py:839} INFO - DAG(s) dict_keys(['example_setup_teardown_taskflow']) retrieved from /home/airflow/.local/lib/python3.8/site-packages/airflow/example_dags/example_setup_teardown_taskflow.py
[2024-11-02T20:14:27.502+0000] {logging_mixin.py:151} INFO - [2024-11-02T20:14:27.501+0000] {dag.py:2915} INFO - Sync 1 DAGs
[2024-11-02T20:14:27.868+0000] {logging_mixin.py:151} INFO - [2024-11-02T20:14:27.868+0000] {dag.py:3696} INFO - Setting next_dagrun for example_setup_teardown_taskflow to 2024-11-01T20:14:27.867536+00:00, run_after=2024-11-02T20:14:27.867536+00:00
[2024-11-02T20:14:28.019+0000] {processor.py:179} INFO - Processing /home/airflow/.local/lib/python3.8/site-packages/airflow/example_dags/example_setup_teardown_taskflow.py took 0.990 seconds
[2024-11-02T20:15:15.104+0000] {processor.py:157} INFO - Started process (PID=119) to work on /home/airflow/.local/lib/python3.8/site-packages/airflow/example_dags/example_setup_teardown_taskflow.py
[2024-11-02T20:15:15.133+0000] {processor.py:829} INFO - Processing file /home/airflow/.local/lib/python3.8/site-packages/airflow/example_dags/example_setup_teardown_taskflow.py for tasks to queue
[2024-11-02T20:15:15.206+0000] {logging_mixin.py:151} INFO - [2024-11-02T20:15:15.205+0000] {dagbag.py:539} INFO - Filling up the DagBag from /home/airflow/.local/lib/python3.8/site-packages/airflow/example_dags/example_setup_teardown_taskflow.py
[2024-11-02T20:15:15.359+0000] {processor.py:839} INFO - DAG(s) dict_keys(['example_setup_teardown_taskflow']) retrieved from /home/airflow/.local/lib/python3.8/site-packages/airflow/example_dags/example_setup_teardown_taskflow.py
[2024-11-02T20:15:15.804+0000] {logging_mixin.py:151} INFO - [2024-11-02T20:15:15.803+0000] {dag.py:2915} INFO - Sync 1 DAGs
[2024-11-02T20:15:16.188+0000] {logging_mixin.py:151} INFO - [2024-11-02T20:15:16.187+0000] {dag.py:3696} INFO - Setting next_dagrun for example_setup_teardown_taskflow to 2024-11-01T20:15:16.177007+00:00, run_after=2024-11-02T20:15:16.177007+00:00
[2024-11-02T20:15:16.488+0000] {processor.py:179} INFO - Processing /home/airflow/.local/lib/python3.8/site-packages/airflow/example_dags/example_setup_teardown_taskflow.py took 1.487 seconds
[2024-11-02T20:16:06.567+0000] {processor.py:157} INFO - Started process (PID=179) to work on /home/airflow/.local/lib/python3.8/site-packages/airflow/example_dags/example_setup_teardown_taskflow.py
[2024-11-02T20:16:06.601+0000] {processor.py:829} INFO - Processing file /home/airflow/.local/lib/python3.8/site-packages/airflow/example_dags/example_setup_teardown_taskflow.py for tasks to queue
[2024-11-02T20:16:06.651+0000] {logging_mixin.py:151} INFO - [2024-11-02T20:16:06.636+0000] {dagbag.py:539} INFO - Filling up the DagBag from /home/airflow/.local/lib/python3.8/site-packages/airflow/example_dags/example_setup_teardown_taskflow.py
[2024-11-02T20:16:07.026+0000] {processor.py:839} INFO - DAG(s) dict_keys(['example_setup_teardown_taskflow']) retrieved from /home/airflow/.local/lib/python3.8/site-packages/airflow/example_dags/example_setup_teardown_taskflow.py
[2024-11-02T20:16:07.642+0000] {logging_mixin.py:151} INFO - [2024-11-02T20:16:07.617+0000] {dag.py:2915} INFO - Sync 1 DAGs
[2024-11-02T20:16:08.132+0000] {logging_mixin.py:151} INFO - [2024-11-02T20:16:08.132+0000] {dag.py:3696} INFO - Setting next_dagrun for example_setup_teardown_taskflow to 2024-11-01T20:16:08.131552+00:00, run_after=2024-11-02T20:16:08.131552+00:00
[2024-11-02T20:16:08.488+0000] {processor.py:179} INFO - Processing /home/airflow/.local/lib/python3.8/site-packages/airflow/example_dags/example_setup_teardown_taskflow.py took 2.033 seconds
[2024-11-02T20:17:07.762+0000] {processor.py:157} INFO - Started process (PID=247) to work on /home/airflow/.local/lib/python3.8/site-packages/airflow/example_dags/example_setup_teardown_taskflow.py
[2024-11-02T20:17:07.778+0000] {processor.py:829} INFO - Processing file /home/airflow/.local/lib/python3.8/site-packages/airflow/example_dags/example_setup_teardown_taskflow.py for tasks to queue
[2024-11-02T20:17:07.801+0000] {logging_mixin.py:151} INFO - [2024-11-02T20:17:07.794+0000] {dagbag.py:539} INFO - Filling up the DagBag from /home/airflow/.local/lib/python3.8/site-packages/airflow/example_dags/example_setup_teardown_taskflow.py
[2024-11-02T20:17:07.927+0000] {processor.py:839} INFO - DAG(s) dict_keys(['example_setup_teardown_taskflow']) retrieved from /home/airflow/.local/lib/python3.8/site-packages/airflow/example_dags/example_setup_teardown_taskflow.py
[2024-11-02T20:17:08.214+0000] {logging_mixin.py:151} INFO - [2024-11-02T20:17:08.214+0000] {dag.py:2915} INFO - Sync 1 DAGs
[2024-11-02T20:17:08.598+0000] {logging_mixin.py:151} INFO - [2024-11-02T20:17:08.598+0000] {dag.py:3696} INFO - Setting next_dagrun for example_setup_teardown_taskflow to 2024-11-01T20:17:08.597761+00:00, run_after=2024-11-02T20:17:08.597761+00:00
[2024-11-02T20:17:08.957+0000] {processor.py:179} INFO - Processing /home/airflow/.local/lib/python3.8/site-packages/airflow/example_dags/example_setup_teardown_taskflow.py took 1.265 seconds
[2024-11-02T20:17:47.024+0000] {processor.py:157} INFO - Started process (PID=287) to work on /home/airflow/.local/lib/python3.8/site-packages/airflow/example_dags/example_setup_teardown_taskflow.py
[2024-11-02T20:17:47.031+0000] {processor.py:829} INFO - Processing file /home/airflow/.local/lib/python3.8/site-packages/airflow/example_dags/example_setup_teardown_taskflow.py for tasks to queue
[2024-11-02T20:17:47.035+0000] {logging_mixin.py:151} INFO - [2024-11-02T20:17:47.035+0000] {dagbag.py:539} INFO - Filling up the DagBag from /home/airflow/.local/lib/python3.8/site-packages/airflow/example_dags/example_setup_teardown_taskflow.py
[2024-11-02T20:17:47.153+0000] {processor.py:839} INFO - DAG(s) dict_keys(['example_setup_teardown_taskflow']) retrieved from /home/airflow/.local/lib/python3.8/site-packages/airflow/example_dags/example_setup_teardown_taskflow.py
[2024-11-02T20:17:47.416+0000] {logging_mixin.py:151} INFO - [2024-11-02T20:17:47.412+0000] {dag.py:2915} INFO - Sync 1 DAGs
[2024-11-02T20:17:47.703+0000] {logging_mixin.py:151} INFO - [2024-11-02T20:17:47.703+0000] {dag.py:3696} INFO - Setting next_dagrun for example_setup_teardown_taskflow to 2024-11-01T20:17:47.698706+00:00, run_after=2024-11-02T20:17:47.698706+00:00
[2024-11-02T20:17:47.919+0000] {processor.py:179} INFO - Processing /home/airflow/.local/lib/python3.8/site-packages/airflow/example_dags/example_setup_teardown_taskflow.py took 0.934 seconds
[2024-11-02T20:18:38.899+0000] {processor.py:157} INFO - Started process (PID=343) to work on /home/airflow/.local/lib/python3.8/site-packages/airflow/example_dags/example_setup_teardown_taskflow.py
[2024-11-02T20:18:38.929+0000] {processor.py:829} INFO - Processing file /home/airflow/.local/lib/python3.8/site-packages/airflow/example_dags/example_setup_teardown_taskflow.py for tasks to queue
[2024-11-02T20:18:38.963+0000] {logging_mixin.py:151} INFO - [2024-11-02T20:18:38.962+0000] {dagbag.py:539} INFO - Filling up the DagBag from /home/airflow/.local/lib/python3.8/site-packages/airflow/example_dags/example_setup_teardown_taskflow.py
[2024-11-02T20:18:39.221+0000] {processor.py:839} INFO - DAG(s) dict_keys(['example_setup_teardown_taskflow']) retrieved from /home/airflow/.local/lib/python3.8/site-packages/airflow/example_dags/example_setup_teardown_taskflow.py
[2024-11-02T20:18:39.834+0000] {logging_mixin.py:151} INFO - [2024-11-02T20:18:39.833+0000] {dag.py:2915} INFO - Sync 1 DAGs
[2024-11-02T20:18:40.203+0000] {logging_mixin.py:151} INFO - [2024-11-02T20:18:40.202+0000] {dag.py:3696} INFO - Setting next_dagrun for example_setup_teardown_taskflow to 2024-11-01T20:18:40.202167+00:00, run_after=2024-11-02T20:18:40.202167+00:00
[2024-11-02T20:18:40.485+0000] {processor.py:179} INFO - Processing /home/airflow/.local/lib/python3.8/site-packages/airflow/example_dags/example_setup_teardown_taskflow.py took 1.632 seconds
[2024-11-02T20:19:20.793+0000] {processor.py:157} INFO - Started process (PID=393) to work on /home/airflow/.local/lib/python3.8/site-packages/airflow/example_dags/example_setup_teardown_taskflow.py
[2024-11-02T20:19:20.803+0000] {processor.py:829} INFO - Processing file /home/airflow/.local/lib/python3.8/site-packages/airflow/example_dags/example_setup_teardown_taskflow.py for tasks to queue
[2024-11-02T20:19:20.830+0000] {logging_mixin.py:151} INFO - [2024-11-02T20:19:20.829+0000] {dagbag.py:539} INFO - Filling up the DagBag from /home/airflow/.local/lib/python3.8/site-packages/airflow/example_dags/example_setup_teardown_taskflow.py
[2024-11-02T20:19:20.954+0000] {processor.py:839} INFO - DAG(s) dict_keys(['example_setup_teardown_taskflow']) retrieved from /home/airflow/.local/lib/python3.8/site-packages/airflow/example_dags/example_setup_teardown_taskflow.py
[2024-11-02T20:19:21.208+0000] {logging_mixin.py:151} INFO - [2024-11-02T20:19:21.205+0000] {dag.py:2915} INFO - Sync 1 DAGs
[2024-11-02T20:19:21.690+0000] {logging_mixin.py:151} INFO - [2024-11-02T20:19:21.689+0000] {dag.py:3696} INFO - Setting next_dagrun for example_setup_teardown_taskflow to 2024-11-01T20:19:21.689131+00:00, run_after=2024-11-02T20:19:21.689131+00:00
[2024-11-02T20:19:21.943+0000] {processor.py:179} INFO - Processing /home/airflow/.local/lib/python3.8/site-packages/airflow/example_dags/example_setup_teardown_taskflow.py took 1.212 seconds
[2024-11-02T20:20:11.665+0000] {processor.py:157} INFO - Started process (PID=452) to work on /home/airflow/.local/lib/python3.8/site-packages/airflow/example_dags/example_setup_teardown_taskflow.py
[2024-11-02T20:20:11.697+0000] {processor.py:829} INFO - Processing file /home/airflow/.local/lib/python3.8/site-packages/airflow/example_dags/example_setup_teardown_taskflow.py for tasks to queue
[2024-11-02T20:20:11.720+0000] {logging_mixin.py:151} INFO - [2024-11-02T20:20:11.720+0000] {dagbag.py:539} INFO - Filling up the DagBag from /home/airflow/.local/lib/python3.8/site-packages/airflow/example_dags/example_setup_teardown_taskflow.py
[2024-11-02T20:20:11.970+0000] {processor.py:839} INFO - DAG(s) dict_keys(['example_setup_teardown_taskflow']) retrieved from /home/airflow/.local/lib/python3.8/site-packages/airflow/example_dags/example_setup_teardown_taskflow.py
[2024-11-02T20:20:12.536+0000] {logging_mixin.py:151} INFO - [2024-11-02T20:20:12.536+0000] {dag.py:2915} INFO - Sync 1 DAGs
[2024-11-02T20:20:12.976+0000] {logging_mixin.py:151} INFO - [2024-11-02T20:20:12.976+0000] {dag.py:3696} INFO - Setting next_dagrun for example_setup_teardown_taskflow to 2024-11-01T20:20:12.956222+00:00, run_after=2024-11-02T20:20:12.956222+00:00
[2024-11-02T20:20:13.639+0000] {processor.py:179} INFO - Processing /home/airflow/.local/lib/python3.8/site-packages/airflow/example_dags/example_setup_teardown_taskflow.py took 2.090 seconds
[2024-11-02T20:21:16.003+0000] {processor.py:157} INFO - Started process (PID=517) to work on /home/airflow/.local/lib/python3.8/site-packages/airflow/example_dags/example_setup_teardown_taskflow.py
[2024-11-02T20:21:16.021+0000] {processor.py:829} INFO - Processing file /home/airflow/.local/lib/python3.8/site-packages/airflow/example_dags/example_setup_teardown_taskflow.py for tasks to queue
[2024-11-02T20:21:16.027+0000] {logging_mixin.py:151} INFO - [2024-11-02T20:21:16.026+0000] {dagbag.py:539} INFO - Filling up the DagBag from /home/airflow/.local/lib/python3.8/site-packages/airflow/example_dags/example_setup_teardown_taskflow.py
[2024-11-02T20:21:16.069+0000] {processor.py:839} INFO - DAG(s) dict_keys(['example_setup_teardown_taskflow']) retrieved from /home/airflow/.local/lib/python3.8/site-packages/airflow/example_dags/example_setup_teardown_taskflow.py
[2024-11-02T20:21:16.298+0000] {logging_mixin.py:151} INFO - [2024-11-02T20:21:16.297+0000] {dag.py:2915} INFO - Sync 1 DAGs
[2024-11-02T20:21:16.523+0000] {logging_mixin.py:151} INFO - [2024-11-02T20:21:16.523+0000] {dag.py:3696} INFO - Setting next_dagrun for example_setup_teardown_taskflow to 2024-11-01T20:21:16.522550+00:00, run_after=2024-11-02T20:21:16.522550+00:00
[2024-11-02T20:21:16.697+0000] {processor.py:179} INFO - Processing /home/airflow/.local/lib/python3.8/site-packages/airflow/example_dags/example_setup_teardown_taskflow.py took 0.747 seconds
[2024-11-02T20:21:59.421+0000] {processor.py:157} INFO - Started process (PID=559) to work on /home/airflow/.local/lib/python3.8/site-packages/airflow/example_dags/example_setup_teardown_taskflow.py
[2024-11-02T20:21:59.465+0000] {processor.py:829} INFO - Processing file /home/airflow/.local/lib/python3.8/site-packages/airflow/example_dags/example_setup_teardown_taskflow.py for tasks to queue
[2024-11-02T20:21:59.851+0000] {logging_mixin.py:151} INFO - [2024-11-02T20:21:59.850+0000] {dagbag.py:539} INFO - Filling up the DagBag from /home/airflow/.local/lib/python3.8/site-packages/airflow/example_dags/example_setup_teardown_taskflow.py
[2024-11-02T20:21:59.981+0000] {processor.py:839} INFO - DAG(s) dict_keys(['example_setup_teardown_taskflow']) retrieved from /home/airflow/.local/lib/python3.8/site-packages/airflow/example_dags/example_setup_teardown_taskflow.py
[2024-11-02T20:22:00.630+0000] {logging_mixin.py:151} INFO - [2024-11-02T20:22:00.609+0000] {dag.py:2915} INFO - Sync 1 DAGs
[2024-11-02T20:22:01.212+0000] {logging_mixin.py:151} INFO - [2024-11-02T20:22:01.211+0000] {dag.py:3696} INFO - Setting next_dagrun for example_setup_teardown_taskflow to 2024-11-01T20:22:01.210939+00:00, run_after=2024-11-02T20:22:01.210939+00:00
[2024-11-02T20:22:01.507+0000] {processor.py:179} INFO - Processing /home/airflow/.local/lib/python3.8/site-packages/airflow/example_dags/example_setup_teardown_taskflow.py took 2.210 seconds
[2024-11-02T20:22:44.947+0000] {processor.py:157} INFO - Started process (PID=616) to work on /home/airflow/.local/lib/python3.8/site-packages/airflow/example_dags/example_setup_teardown_taskflow.py
[2024-11-02T20:22:44.958+0000] {processor.py:829} INFO - Processing file /home/airflow/.local/lib/python3.8/site-packages/airflow/example_dags/example_setup_teardown_taskflow.py for tasks to queue
[2024-11-02T20:22:44.969+0000] {logging_mixin.py:151} INFO - [2024-11-02T20:22:44.969+0000] {dagbag.py:539} INFO - Filling up the DagBag from /home/airflow/.local/lib/python3.8/site-packages/airflow/example_dags/example_setup_teardown_taskflow.py
[2024-11-02T20:22:45.106+0000] {processor.py:839} INFO - DAG(s) dict_keys(['example_setup_teardown_taskflow']) retrieved from /home/airflow/.local/lib/python3.8/site-packages/airflow/example_dags/example_setup_teardown_taskflow.py
[2024-11-02T20:22:45.370+0000] {logging_mixin.py:151} INFO - [2024-11-02T20:22:45.370+0000] {dag.py:2915} INFO - Sync 1 DAGs
[2024-11-02T20:22:45.572+0000] {logging_mixin.py:151} INFO - [2024-11-02T20:22:45.565+0000] {dag.py:3696} INFO - Setting next_dagrun for example_setup_teardown_taskflow to 2024-11-01T20:22:45.564688+00:00, run_after=2024-11-02T20:22:45.564688+00:00
[2024-11-02T20:22:45.831+0000] {processor.py:179} INFO - Processing /home/airflow/.local/lib/python3.8/site-packages/airflow/example_dags/example_setup_teardown_taskflow.py took 0.923 seconds
[2024-11-02T20:23:28.832+0000] {processor.py:157} INFO - Started process (PID=659) to work on /home/airflow/.local/lib/python3.8/site-packages/airflow/example_dags/example_setup_teardown_taskflow.py
[2024-11-02T20:23:28.863+0000] {processor.py:829} INFO - Processing file /home/airflow/.local/lib/python3.8/site-packages/airflow/example_dags/example_setup_teardown_taskflow.py for tasks to queue
[2024-11-02T20:23:28.886+0000] {logging_mixin.py:151} INFO - [2024-11-02T20:23:28.885+0000] {dagbag.py:539} INFO - Filling up the DagBag from /home/airflow/.local/lib/python3.8/site-packages/airflow/example_dags/example_setup_teardown_taskflow.py
[2024-11-02T20:23:29.063+0000] {processor.py:839} INFO - DAG(s) dict_keys(['example_setup_teardown_taskflow']) retrieved from /home/airflow/.local/lib/python3.8/site-packages/airflow/example_dags/example_setup_teardown_taskflow.py
[2024-11-02T20:23:29.632+0000] {logging_mixin.py:151} INFO - [2024-11-02T20:23:29.631+0000] {dag.py:2915} INFO - Sync 1 DAGs
[2024-11-02T20:23:30.251+0000] {logging_mixin.py:151} INFO - [2024-11-02T20:23:30.251+0000] {dag.py:3696} INFO - Setting next_dagrun for example_setup_teardown_taskflow to 2024-11-01T20:23:30.250935+00:00, run_after=2024-11-02T20:23:30.250935+00:00
[2024-11-02T20:23:30.969+0000] {processor.py:179} INFO - Processing /home/airflow/.local/lib/python3.8/site-packages/airflow/example_dags/example_setup_teardown_taskflow.py took 2.226 seconds
[2024-11-02T20:24:30.044+0000] {processor.py:157} INFO - Started process (PID=720) to work on /home/airflow/.local/lib/python3.8/site-packages/airflow/example_dags/example_setup_teardown_taskflow.py
[2024-11-02T20:24:30.068+0000] {processor.py:829} INFO - Processing file /home/airflow/.local/lib/python3.8/site-packages/airflow/example_dags/example_setup_teardown_taskflow.py for tasks to queue
[2024-11-02T20:24:30.093+0000] {logging_mixin.py:151} INFO - [2024-11-02T20:24:30.093+0000] {dagbag.py:539} INFO - Filling up the DagBag from /home/airflow/.local/lib/python3.8/site-packages/airflow/example_dags/example_setup_teardown_taskflow.py
[2024-11-02T20:24:30.579+0000] {processor.py:839} INFO - DAG(s) dict_keys(['example_setup_teardown_taskflow']) retrieved from /home/airflow/.local/lib/python3.8/site-packages/airflow/example_dags/example_setup_teardown_taskflow.py
[2024-11-02T20:24:31.100+0000] {logging_mixin.py:151} INFO - [2024-11-02T20:24:31.099+0000] {dag.py:2915} INFO - Sync 1 DAGs
[2024-11-02T20:24:31.571+0000] {logging_mixin.py:151} INFO - [2024-11-02T20:24:31.571+0000] {dag.py:3696} INFO - Setting next_dagrun for example_setup_teardown_taskflow to 2024-11-01T20:24:31.570532+00:00, run_after=2024-11-02T20:24:31.570532+00:00
[2024-11-02T20:24:31.906+0000] {processor.py:179} INFO - Processing /home/airflow/.local/lib/python3.8/site-packages/airflow/example_dags/example_setup_teardown_taskflow.py took 1.935 seconds
