[2024-11-02T20:12:14.712+0000] {processor.py:157} INFO - Started process (PID=72) to work on /home/airflow/.local/lib/python3.8/site-packages/airflow/example_dags/example_branch_datetime_operator.py
[2024-11-02T20:12:14.721+0000] {processor.py:829} INFO - Processing file /home/airflow/.local/lib/python3.8/site-packages/airflow/example_dags/example_branch_datetime_operator.py for tasks to queue
[2024-11-02T20:12:14.762+0000] {logging_mixin.py:151} INFO - [2024-11-02T20:12:14.762+0000] {dagbag.py:539} INFO - Filling up the DagBag from /home/airflow/.local/lib/python3.8/site-packages/airflow/example_dags/example_branch_datetime_operator.py
[2024-11-02T20:12:15.226+0000] {processor.py:839} INFO - DAG(s) dict_keys(['example_branch_datetime_operator_2', 'example_branch_datetime_operator', 'example_branch_datetime_operator_3']) retrieved from /home/airflow/.local/lib/python3.8/site-packages/airflow/example_dags/example_branch_datetime_operator.py
[2024-11-02T20:12:15.938+0000] {logging_mixin.py:151} INFO - [2024-11-02T20:12:15.938+0000] {dag.py:2915} INFO - Sync 3 DAGs
[2024-11-02T20:12:16.676+0000] {logging_mixin.py:151} INFO - [2024-11-02T20:12:16.676+0000] {dag.py:3696} INFO - Setting next_dagrun for example_branch_datetime_operator to 2024-11-01T00:00:00+00:00, run_after=2024-11-02T00:00:00+00:00
[2024-11-02T20:12:16.846+0000] {logging_mixin.py:151} INFO - [2024-11-02T20:12:16.801+0000] {dag.py:3696} INFO - Setting next_dagrun for example_branch_datetime_operator_2 to 2024-11-01T00:00:00+00:00, run_after=2024-11-02T00:00:00+00:00
[2024-11-02T20:12:16.908+0000] {logging_mixin.py:151} INFO - [2024-11-02T20:12:16.908+0000] {dag.py:3696} INFO - Setting next_dagrun for example_branch_datetime_operator_3 to 2024-11-01T00:00:00+00:00, run_after=2024-11-02T00:00:00+00:00
[2024-11-02T20:12:17.573+0000] {processor.py:179} INFO - Processing /home/airflow/.local/lib/python3.8/site-packages/airflow/example_dags/example_branch_datetime_operator.py took 2.975 seconds
[2024-11-02T20:14:28.971+0000] {processor.py:157} INFO - Started process (PID=67) to work on /home/airflow/.local/lib/python3.8/site-packages/airflow/example_dags/example_branch_datetime_operator.py
[2024-11-02T20:14:29.013+0000] {processor.py:829} INFO - Processing file /home/airflow/.local/lib/python3.8/site-packages/airflow/example_dags/example_branch_datetime_operator.py for tasks to queue
[2024-11-02T20:14:29.037+0000] {logging_mixin.py:151} INFO - [2024-11-02T20:14:29.034+0000] {dagbag.py:539} INFO - Filling up the DagBag from /home/airflow/.local/lib/python3.8/site-packages/airflow/example_dags/example_branch_datetime_operator.py
[2024-11-02T20:14:29.317+0000] {processor.py:839} INFO - DAG(s) dict_keys(['example_branch_datetime_operator_3', 'example_branch_datetime_operator_2', 'example_branch_datetime_operator']) retrieved from /home/airflow/.local/lib/python3.8/site-packages/airflow/example_dags/example_branch_datetime_operator.py
[2024-11-02T20:14:29.480+0000] {logging_mixin.py:151} INFO - [2024-11-02T20:14:29.480+0000] {dag.py:2915} INFO - Sync 3 DAGs
[2024-11-02T20:14:29.889+0000] {logging_mixin.py:151} INFO - [2024-11-02T20:14:29.870+0000] {dag.py:3696} INFO - Setting next_dagrun for example_branch_datetime_operator to 2024-11-01T00:00:00+00:00, run_after=2024-11-02T00:00:00+00:00
[2024-11-02T20:14:30.000+0000] {logging_mixin.py:151} INFO - [2024-11-02T20:14:30.000+0000] {dag.py:3696} INFO - Setting next_dagrun for example_branch_datetime_operator_2 to 2024-11-01T00:00:00+00:00, run_after=2024-11-02T00:00:00+00:00
[2024-11-02T20:14:30.084+0000] {logging_mixin.py:151} INFO - [2024-11-02T20:14:30.083+0000] {dag.py:3696} INFO - Setting next_dagrun for example_branch_datetime_operator_3 to 2024-11-01T00:00:00+00:00, run_after=2024-11-02T00:00:00+00:00
[2024-11-02T20:14:30.595+0000] {processor.py:179} INFO - Processing /home/airflow/.local/lib/python3.8/site-packages/airflow/example_dags/example_branch_datetime_operator.py took 1.661 seconds
[2024-11-02T20:15:18.359+0000] {processor.py:157} INFO - Started process (PID=122) to work on /home/airflow/.local/lib/python3.8/site-packages/airflow/example_dags/example_branch_datetime_operator.py
[2024-11-02T20:15:18.373+0000] {processor.py:829} INFO - Processing file /home/airflow/.local/lib/python3.8/site-packages/airflow/example_dags/example_branch_datetime_operator.py for tasks to queue
[2024-11-02T20:15:18.387+0000] {logging_mixin.py:151} INFO - [2024-11-02T20:15:18.386+0000] {dagbag.py:539} INFO - Filling up the DagBag from /home/airflow/.local/lib/python3.8/site-packages/airflow/example_dags/example_branch_datetime_operator.py
[2024-11-02T20:15:18.449+0000] {processor.py:839} INFO - DAG(s) dict_keys(['example_branch_datetime_operator_2', 'example_branch_datetime_operator_3', 'example_branch_datetime_operator']) retrieved from /home/airflow/.local/lib/python3.8/site-packages/airflow/example_dags/example_branch_datetime_operator.py
[2024-11-02T20:15:18.826+0000] {logging_mixin.py:151} INFO - [2024-11-02T20:15:18.826+0000] {dag.py:2915} INFO - Sync 3 DAGs
[2024-11-02T20:15:19.391+0000] {logging_mixin.py:151} INFO - [2024-11-02T20:15:19.348+0000] {dag.py:3696} INFO - Setting next_dagrun for example_branch_datetime_operator to 2024-11-01T00:00:00+00:00, run_after=2024-11-02T00:00:00+00:00
[2024-11-02T20:15:19.546+0000] {logging_mixin.py:151} INFO - [2024-11-02T20:15:19.528+0000] {dag.py:3696} INFO - Setting next_dagrun for example_branch_datetime_operator_2 to 2024-11-01T00:00:00+00:00, run_after=2024-11-02T00:00:00+00:00
[2024-11-02T20:15:19.633+0000] {logging_mixin.py:151} INFO - [2024-11-02T20:15:19.605+0000] {dag.py:3696} INFO - Setting next_dagrun for example_branch_datetime_operator_3 to 2024-11-01T00:00:00+00:00, run_after=2024-11-02T00:00:00+00:00
[2024-11-02T20:15:19.991+0000] {processor.py:179} INFO - Processing /home/airflow/.local/lib/python3.8/site-packages/airflow/example_dags/example_branch_datetime_operator.py took 1.660 seconds
[2024-11-02T20:16:10.596+0000] {processor.py:157} INFO - Started process (PID=182) to work on /home/airflow/.local/lib/python3.8/site-packages/airflow/example_dags/example_branch_datetime_operator.py
[2024-11-02T20:16:10.626+0000] {processor.py:829} INFO - Processing file /home/airflow/.local/lib/python3.8/site-packages/airflow/example_dags/example_branch_datetime_operator.py for tasks to queue
[2024-11-02T20:16:10.659+0000] {logging_mixin.py:151} INFO - [2024-11-02T20:16:10.641+0000] {dagbag.py:539} INFO - Filling up the DagBag from /home/airflow/.local/lib/python3.8/site-packages/airflow/example_dags/example_branch_datetime_operator.py
[2024-11-02T20:16:10.851+0000] {processor.py:839} INFO - DAG(s) dict_keys(['example_branch_datetime_operator_3', 'example_branch_datetime_operator_2', 'example_branch_datetime_operator']) retrieved from /home/airflow/.local/lib/python3.8/site-packages/airflow/example_dags/example_branch_datetime_operator.py
[2024-11-02T20:16:11.424+0000] {logging_mixin.py:151} INFO - [2024-11-02T20:16:11.423+0000] {dag.py:2915} INFO - Sync 3 DAGs
[2024-11-02T20:16:12.079+0000] {logging_mixin.py:151} INFO - [2024-11-02T20:16:12.052+0000] {dag.py:3696} INFO - Setting next_dagrun for example_branch_datetime_operator to 2024-11-01T00:00:00+00:00, run_after=2024-11-02T00:00:00+00:00
[2024-11-02T20:16:12.126+0000] {logging_mixin.py:151} INFO - [2024-11-02T20:16:12.122+0000] {dag.py:3696} INFO - Setting next_dagrun for example_branch_datetime_operator_2 to 2024-11-01T00:00:00+00:00, run_after=2024-11-02T00:00:00+00:00
[2024-11-02T20:16:12.163+0000] {logging_mixin.py:151} INFO - [2024-11-02T20:16:12.161+0000] {dag.py:3696} INFO - Setting next_dagrun for example_branch_datetime_operator_3 to 2024-11-01T00:00:00+00:00, run_after=2024-11-02T00:00:00+00:00
[2024-11-02T20:16:12.453+0000] {processor.py:179} INFO - Processing /home/airflow/.local/lib/python3.8/site-packages/airflow/example_dags/example_branch_datetime_operator.py took 1.895 seconds
[2024-11-02T20:17:10.297+0000] {processor.py:157} INFO - Started process (PID=250) to work on /home/airflow/.local/lib/python3.8/site-packages/airflow/example_dags/example_branch_datetime_operator.py
[2024-11-02T20:17:10.309+0000] {processor.py:829} INFO - Processing file /home/airflow/.local/lib/python3.8/site-packages/airflow/example_dags/example_branch_datetime_operator.py for tasks to queue
[2024-11-02T20:17:10.370+0000] {logging_mixin.py:151} INFO - [2024-11-02T20:17:10.365+0000] {dagbag.py:539} INFO - Filling up the DagBag from /home/airflow/.local/lib/python3.8/site-packages/airflow/example_dags/example_branch_datetime_operator.py
[2024-11-02T20:17:10.617+0000] {processor.py:839} INFO - DAG(s) dict_keys(['example_branch_datetime_operator_3', 'example_branch_datetime_operator_2', 'example_branch_datetime_operator']) retrieved from /home/airflow/.local/lib/python3.8/site-packages/airflow/example_dags/example_branch_datetime_operator.py
[2024-11-02T20:17:11.170+0000] {logging_mixin.py:151} INFO - [2024-11-02T20:17:11.170+0000] {dag.py:2915} INFO - Sync 3 DAGs
[2024-11-02T20:17:11.556+0000] {logging_mixin.py:151} INFO - [2024-11-02T20:17:11.556+0000] {dag.py:3696} INFO - Setting next_dagrun for example_branch_datetime_operator to 2024-11-01T00:00:00+00:00, run_after=2024-11-02T00:00:00+00:00
[2024-11-02T20:17:11.607+0000] {logging_mixin.py:151} INFO - [2024-11-02T20:17:11.606+0000] {dag.py:3696} INFO - Setting next_dagrun for example_branch_datetime_operator_2 to 2024-11-01T00:00:00+00:00, run_after=2024-11-02T00:00:00+00:00
[2024-11-02T20:17:11.658+0000] {logging_mixin.py:151} INFO - [2024-11-02T20:17:11.640+0000] {dag.py:3696} INFO - Setting next_dagrun for example_branch_datetime_operator_3 to 2024-11-01T00:00:00+00:00, run_after=2024-11-02T00:00:00+00:00
[2024-11-02T20:17:12.046+0000] {processor.py:179} INFO - Processing /home/airflow/.local/lib/python3.8/site-packages/airflow/example_dags/example_branch_datetime_operator.py took 1.874 seconds
[2024-11-02T20:18:11.913+0000] {processor.py:157} INFO - Started process (PID=315) to work on /home/airflow/.local/lib/python3.8/site-packages/airflow/example_dags/example_branch_datetime_operator.py
[2024-11-02T20:18:11.935+0000] {processor.py:829} INFO - Processing file /home/airflow/.local/lib/python3.8/site-packages/airflow/example_dags/example_branch_datetime_operator.py for tasks to queue
[2024-11-02T20:18:11.989+0000] {logging_mixin.py:151} INFO - [2024-11-02T20:18:11.981+0000] {dagbag.py:539} INFO - Filling up the DagBag from /home/airflow/.local/lib/python3.8/site-packages/airflow/example_dags/example_branch_datetime_operator.py
[2024-11-02T20:18:12.217+0000] {processor.py:839} INFO - DAG(s) dict_keys(['example_branch_datetime_operator_2', 'example_branch_datetime_operator_3', 'example_branch_datetime_operator']) retrieved from /home/airflow/.local/lib/python3.8/site-packages/airflow/example_dags/example_branch_datetime_operator.py
[2024-11-02T20:18:13.248+0000] {logging_mixin.py:151} INFO - [2024-11-02T20:18:13.220+0000] {dag.py:2915} INFO - Sync 3 DAGs
[2024-11-02T20:18:13.965+0000] {logging_mixin.py:151} INFO - [2024-11-02T20:18:13.949+0000] {dag.py:3696} INFO - Setting next_dagrun for example_branch_datetime_operator to 2024-11-01T00:00:00+00:00, run_after=2024-11-02T00:00:00+00:00
[2024-11-02T20:18:14.101+0000] {logging_mixin.py:151} INFO - [2024-11-02T20:18:14.099+0000] {dag.py:3696} INFO - Setting next_dagrun for example_branch_datetime_operator_2 to 2024-11-01T00:00:00+00:00, run_after=2024-11-02T00:00:00+00:00
[2024-11-02T20:18:14.202+0000] {logging_mixin.py:151} INFO - [2024-11-02T20:18:14.199+0000] {dag.py:3696} INFO - Setting next_dagrun for example_branch_datetime_operator_3 to 2024-11-01T00:00:00+00:00, run_after=2024-11-02T00:00:00+00:00
[2024-11-02T20:18:14.823+0000] {processor.py:179} INFO - Processing /home/airflow/.local/lib/python3.8/site-packages/airflow/example_dags/example_branch_datetime_operator.py took 2.925 seconds
[2024-11-02T20:18:56.994+0000] {processor.py:157} INFO - Started process (PID=359) to work on /home/airflow/.local/lib/python3.8/site-packages/airflow/example_dags/example_branch_datetime_operator.py
[2024-11-02T20:18:57.019+0000] {processor.py:829} INFO - Processing file /home/airflow/.local/lib/python3.8/site-packages/airflow/example_dags/example_branch_datetime_operator.py for tasks to queue
[2024-11-02T20:18:57.108+0000] {logging_mixin.py:151} INFO - [2024-11-02T20:18:57.107+0000] {dagbag.py:539} INFO - Filling up the DagBag from /home/airflow/.local/lib/python3.8/site-packages/airflow/example_dags/example_branch_datetime_operator.py
[2024-11-02T20:18:57.490+0000] {processor.py:839} INFO - DAG(s) dict_keys(['example_branch_datetime_operator_2', 'example_branch_datetime_operator', 'example_branch_datetime_operator_3']) retrieved from /home/airflow/.local/lib/python3.8/site-packages/airflow/example_dags/example_branch_datetime_operator.py
[2024-11-02T20:18:58.116+0000] {logging_mixin.py:151} INFO - [2024-11-02T20:18:58.116+0000] {dag.py:2915} INFO - Sync 3 DAGs
[2024-11-02T20:18:58.827+0000] {logging_mixin.py:151} INFO - [2024-11-02T20:18:58.820+0000] {dag.py:3696} INFO - Setting next_dagrun for example_branch_datetime_operator to 2024-11-01T00:00:00+00:00, run_after=2024-11-02T00:00:00+00:00
[2024-11-02T20:18:58.967+0000] {logging_mixin.py:151} INFO - [2024-11-02T20:18:58.953+0000] {dag.py:3696} INFO - Setting next_dagrun for example_branch_datetime_operator_2 to 2024-11-01T00:00:00+00:00, run_after=2024-11-02T00:00:00+00:00
[2024-11-02T20:18:59.106+0000] {logging_mixin.py:151} INFO - [2024-11-02T20:18:59.106+0000] {dag.py:3696} INFO - Setting next_dagrun for example_branch_datetime_operator_3 to 2024-11-01T00:00:00+00:00, run_after=2024-11-02T00:00:00+00:00
[2024-11-02T20:18:59.585+0000] {processor.py:179} INFO - Processing /home/airflow/.local/lib/python3.8/site-packages/airflow/example_dags/example_branch_datetime_operator.py took 2.637 seconds
[2024-11-02T20:19:45.382+0000] {processor.py:157} INFO - Started process (PID=420) to work on /home/airflow/.local/lib/python3.8/site-packages/airflow/example_dags/example_branch_datetime_operator.py
[2024-11-02T20:19:45.394+0000] {processor.py:829} INFO - Processing file /home/airflow/.local/lib/python3.8/site-packages/airflow/example_dags/example_branch_datetime_operator.py for tasks to queue
[2024-11-02T20:19:45.434+0000] {logging_mixin.py:151} INFO - [2024-11-02T20:19:45.433+0000] {dagbag.py:539} INFO - Filling up the DagBag from /home/airflow/.local/lib/python3.8/site-packages/airflow/example_dags/example_branch_datetime_operator.py
[2024-11-02T20:19:45.579+0000] {processor.py:839} INFO - DAG(s) dict_keys(['example_branch_datetime_operator_3', 'example_branch_datetime_operator_2', 'example_branch_datetime_operator']) retrieved from /home/airflow/.local/lib/python3.8/site-packages/airflow/example_dags/example_branch_datetime_operator.py
[2024-11-02T20:19:45.910+0000] {logging_mixin.py:151} INFO - [2024-11-02T20:19:45.901+0000] {dag.py:2915} INFO - Sync 3 DAGs
[2024-11-02T20:19:46.190+0000] {logging_mixin.py:151} INFO - [2024-11-02T20:19:46.177+0000] {dag.py:3696} INFO - Setting next_dagrun for example_branch_datetime_operator to 2024-11-01T00:00:00+00:00, run_after=2024-11-02T00:00:00+00:00
[2024-11-02T20:19:46.277+0000] {logging_mixin.py:151} INFO - [2024-11-02T20:19:46.276+0000] {dag.py:3696} INFO - Setting next_dagrun for example_branch_datetime_operator_2 to 2024-11-01T00:00:00+00:00, run_after=2024-11-02T00:00:00+00:00
[2024-11-02T20:19:46.314+0000] {logging_mixin.py:151} INFO - [2024-11-02T20:19:46.313+0000] {dag.py:3696} INFO - Setting next_dagrun for example_branch_datetime_operator_3 to 2024-11-01T00:00:00+00:00, run_after=2024-11-02T00:00:00+00:00
[2024-11-02T20:19:46.606+0000] {processor.py:179} INFO - Processing /home/airflow/.local/lib/python3.8/site-packages/airflow/example_dags/example_branch_datetime_operator.py took 1.424 seconds
[2024-11-02T20:20:25.565+0000] {processor.py:157} INFO - Started process (PID=463) to work on /home/airflow/.local/lib/python3.8/site-packages/airflow/example_dags/example_branch_datetime_operator.py
[2024-11-02T20:20:25.594+0000] {processor.py:829} INFO - Processing file /home/airflow/.local/lib/python3.8/site-packages/airflow/example_dags/example_branch_datetime_operator.py for tasks to queue
[2024-11-02T20:20:25.643+0000] {logging_mixin.py:151} INFO - [2024-11-02T20:20:25.642+0000] {dagbag.py:539} INFO - Filling up the DagBag from /home/airflow/.local/lib/python3.8/site-packages/airflow/example_dags/example_branch_datetime_operator.py
[2024-11-02T20:20:26.141+0000] {processor.py:839} INFO - DAG(s) dict_keys(['example_branch_datetime_operator_2', 'example_branch_datetime_operator', 'example_branch_datetime_operator_3']) retrieved from /home/airflow/.local/lib/python3.8/site-packages/airflow/example_dags/example_branch_datetime_operator.py
[2024-11-02T20:20:26.798+0000] {logging_mixin.py:151} INFO - [2024-11-02T20:20:26.798+0000] {dag.py:2915} INFO - Sync 3 DAGs
[2024-11-02T20:20:27.385+0000] {logging_mixin.py:151} INFO - [2024-11-02T20:20:27.385+0000] {dag.py:3696} INFO - Setting next_dagrun for example_branch_datetime_operator to 2024-11-01T00:00:00+00:00, run_after=2024-11-02T00:00:00+00:00
[2024-11-02T20:20:27.521+0000] {logging_mixin.py:151} INFO - [2024-11-02T20:20:27.521+0000] {dag.py:3696} INFO - Setting next_dagrun for example_branch_datetime_operator_2 to 2024-11-01T00:00:00+00:00, run_after=2024-11-02T00:00:00+00:00
[2024-11-02T20:20:27.632+0000] {logging_mixin.py:151} INFO - [2024-11-02T20:20:27.632+0000] {dag.py:3696} INFO - Setting next_dagrun for example_branch_datetime_operator_3 to 2024-11-01T00:00:00+00:00, run_after=2024-11-02T00:00:00+00:00
[2024-11-02T20:20:27.998+0000] {processor.py:179} INFO - Processing /home/airflow/.local/lib/python3.8/site-packages/airflow/example_dags/example_branch_datetime_operator.py took 2.587 seconds
[2024-11-02T20:21:17.274+0000] {processor.py:157} INFO - Started process (PID=520) to work on /home/airflow/.local/lib/python3.8/site-packages/airflow/example_dags/example_branch_datetime_operator.py
[2024-11-02T20:21:17.287+0000] {processor.py:829} INFO - Processing file /home/airflow/.local/lib/python3.8/site-packages/airflow/example_dags/example_branch_datetime_operator.py for tasks to queue
[2024-11-02T20:21:17.293+0000] {logging_mixin.py:151} INFO - [2024-11-02T20:21:17.292+0000] {dagbag.py:539} INFO - Filling up the DagBag from /home/airflow/.local/lib/python3.8/site-packages/airflow/example_dags/example_branch_datetime_operator.py
[2024-11-02T20:21:17.336+0000] {processor.py:839} INFO - DAG(s) dict_keys(['example_branch_datetime_operator_2', 'example_branch_datetime_operator', 'example_branch_datetime_operator_3']) retrieved from /home/airflow/.local/lib/python3.8/site-packages/airflow/example_dags/example_branch_datetime_operator.py
[2024-11-02T20:21:17.497+0000] {logging_mixin.py:151} INFO - [2024-11-02T20:21:17.497+0000] {dag.py:2915} INFO - Sync 3 DAGs
[2024-11-02T20:21:17.939+0000] {logging_mixin.py:151} INFO - [2024-11-02T20:21:17.934+0000] {dag.py:3696} INFO - Setting next_dagrun for example_branch_datetime_operator to 2024-11-01T00:00:00+00:00, run_after=2024-11-02T00:00:00+00:00
[2024-11-02T20:21:18.008+0000] {logging_mixin.py:151} INFO - [2024-11-02T20:21:18.007+0000] {dag.py:3696} INFO - Setting next_dagrun for example_branch_datetime_operator_2 to 2024-11-01T00:00:00+00:00, run_after=2024-11-02T00:00:00+00:00
[2024-11-02T20:21:18.052+0000] {logging_mixin.py:151} INFO - [2024-11-02T20:21:18.052+0000] {dag.py:3696} INFO - Setting next_dagrun for example_branch_datetime_operator_3 to 2024-11-01T00:00:00+00:00, run_after=2024-11-02T00:00:00+00:00
[2024-11-02T20:21:18.311+0000] {processor.py:179} INFO - Processing /home/airflow/.local/lib/python3.8/site-packages/airflow/example_dags/example_branch_datetime_operator.py took 1.053 seconds
[2024-11-02T20:22:02.621+0000] {processor.py:157} INFO - Started process (PID=562) to work on /home/airflow/.local/lib/python3.8/site-packages/airflow/example_dags/example_branch_datetime_operator.py
[2024-11-02T20:22:02.653+0000] {processor.py:829} INFO - Processing file /home/airflow/.local/lib/python3.8/site-packages/airflow/example_dags/example_branch_datetime_operator.py for tasks to queue
[2024-11-02T20:22:02.670+0000] {logging_mixin.py:151} INFO - [2024-11-02T20:22:02.670+0000] {dagbag.py:539} INFO - Filling up the DagBag from /home/airflow/.local/lib/python3.8/site-packages/airflow/example_dags/example_branch_datetime_operator.py
[2024-11-02T20:22:02.788+0000] {processor.py:839} INFO - DAG(s) dict_keys(['example_branch_datetime_operator_2', 'example_branch_datetime_operator_3', 'example_branch_datetime_operator']) retrieved from /home/airflow/.local/lib/python3.8/site-packages/airflow/example_dags/example_branch_datetime_operator.py
[2024-11-02T20:22:03.346+0000] {logging_mixin.py:151} INFO - [2024-11-02T20:22:03.345+0000] {dag.py:2915} INFO - Sync 3 DAGs
[2024-11-02T20:22:03.704+0000] {logging_mixin.py:151} INFO - [2024-11-02T20:22:03.703+0000] {dag.py:3696} INFO - Setting next_dagrun for example_branch_datetime_operator to 2024-11-01T00:00:00+00:00, run_after=2024-11-02T00:00:00+00:00
[2024-11-02T20:22:03.884+0000] {logging_mixin.py:151} INFO - [2024-11-02T20:22:03.865+0000] {dag.py:3696} INFO - Setting next_dagrun for example_branch_datetime_operator_2 to 2024-11-01T00:00:00+00:00, run_after=2024-11-02T00:00:00+00:00
[2024-11-02T20:22:03.902+0000] {logging_mixin.py:151} INFO - [2024-11-02T20:22:03.901+0000] {dag.py:3696} INFO - Setting next_dagrun for example_branch_datetime_operator_3 to 2024-11-01T00:00:00+00:00, run_after=2024-11-02T00:00:00+00:00
[2024-11-02T20:22:04.326+0000] {processor.py:179} INFO - Processing /home/airflow/.local/lib/python3.8/site-packages/airflow/example_dags/example_branch_datetime_operator.py took 1.751 seconds
[2024-11-02T20:22:47.179+0000] {processor.py:157} INFO - Started process (PID=619) to work on /home/airflow/.local/lib/python3.8/site-packages/airflow/example_dags/example_branch_datetime_operator.py
[2024-11-02T20:22:47.196+0000] {processor.py:829} INFO - Processing file /home/airflow/.local/lib/python3.8/site-packages/airflow/example_dags/example_branch_datetime_operator.py for tasks to queue
[2024-11-02T20:22:47.235+0000] {logging_mixin.py:151} INFO - [2024-11-02T20:22:47.234+0000] {dagbag.py:539} INFO - Filling up the DagBag from /home/airflow/.local/lib/python3.8/site-packages/airflow/example_dags/example_branch_datetime_operator.py
[2024-11-02T20:22:47.445+0000] {processor.py:839} INFO - DAG(s) dict_keys(['example_branch_datetime_operator_3', 'example_branch_datetime_operator_2', 'example_branch_datetime_operator']) retrieved from /home/airflow/.local/lib/python3.8/site-packages/airflow/example_dags/example_branch_datetime_operator.py
[2024-11-02T20:22:47.909+0000] {logging_mixin.py:151} INFO - [2024-11-02T20:22:47.908+0000] {dag.py:2915} INFO - Sync 3 DAGs
[2024-11-02T20:22:48.383+0000] {logging_mixin.py:151} INFO - [2024-11-02T20:22:48.383+0000] {dag.py:3696} INFO - Setting next_dagrun for example_branch_datetime_operator to 2024-11-01T00:00:00+00:00, run_after=2024-11-02T00:00:00+00:00
[2024-11-02T20:22:48.510+0000] {logging_mixin.py:151} INFO - [2024-11-02T20:22:48.509+0000] {dag.py:3696} INFO - Setting next_dagrun for example_branch_datetime_operator_2 to 2024-11-01T00:00:00+00:00, run_after=2024-11-02T00:00:00+00:00
[2024-11-02T20:22:48.554+0000] {logging_mixin.py:151} INFO - [2024-11-02T20:22:48.554+0000] {dag.py:3696} INFO - Setting next_dagrun for example_branch_datetime_operator_3 to 2024-11-01T00:00:00+00:00, run_after=2024-11-02T00:00:00+00:00
[2024-11-02T20:22:48.988+0000] {processor.py:179} INFO - Processing /home/airflow/.local/lib/python3.8/site-packages/airflow/example_dags/example_branch_datetime_operator.py took 1.854 seconds
[2024-11-02T20:23:31.752+0000] {processor.py:157} INFO - Started process (PID=662) to work on /home/airflow/.local/lib/python3.8/site-packages/airflow/example_dags/example_branch_datetime_operator.py
[2024-11-02T20:23:31.780+0000] {processor.py:829} INFO - Processing file /home/airflow/.local/lib/python3.8/site-packages/airflow/example_dags/example_branch_datetime_operator.py for tasks to queue
[2024-11-02T20:23:31.828+0000] {logging_mixin.py:151} INFO - [2024-11-02T20:23:31.822+0000] {dagbag.py:539} INFO - Filling up the DagBag from /home/airflow/.local/lib/python3.8/site-packages/airflow/example_dags/example_branch_datetime_operator.py
[2024-11-02T20:23:32.238+0000] {processor.py:839} INFO - DAG(s) dict_keys(['example_branch_datetime_operator', 'example_branch_datetime_operator_2', 'example_branch_datetime_operator_3']) retrieved from /home/airflow/.local/lib/python3.8/site-packages/airflow/example_dags/example_branch_datetime_operator.py
[2024-11-02T20:23:33.401+0000] {logging_mixin.py:151} INFO - [2024-11-02T20:23:33.400+0000] {dag.py:2915} INFO - Sync 3 DAGs
[2024-11-02T20:23:33.746+0000] {logging_mixin.py:151} INFO - [2024-11-02T20:23:33.745+0000] {dag.py:3696} INFO - Setting next_dagrun for example_branch_datetime_operator to 2024-11-01T00:00:00+00:00, run_after=2024-11-02T00:00:00+00:00
[2024-11-02T20:23:33.819+0000] {logging_mixin.py:151} INFO - [2024-11-02T20:23:33.818+0000] {dag.py:3696} INFO - Setting next_dagrun for example_branch_datetime_operator_2 to 2024-11-01T00:00:00+00:00, run_after=2024-11-02T00:00:00+00:00
[2024-11-02T20:23:33.957+0000] {logging_mixin.py:151} INFO - [2024-11-02T20:23:33.957+0000] {dag.py:3696} INFO - Setting next_dagrun for example_branch_datetime_operator_3 to 2024-11-01T00:00:00+00:00, run_after=2024-11-02T00:00:00+00:00
[2024-11-02T20:23:34.523+0000] {processor.py:179} INFO - Processing /home/airflow/.local/lib/python3.8/site-packages/airflow/example_dags/example_branch_datetime_operator.py took 2.849 seconds
[2024-11-02T20:24:33.401+0000] {processor.py:157} INFO - Started process (PID=723) to work on /home/airflow/.local/lib/python3.8/site-packages/airflow/example_dags/example_branch_datetime_operator.py
[2024-11-02T20:24:33.424+0000] {processor.py:829} INFO - Processing file /home/airflow/.local/lib/python3.8/site-packages/airflow/example_dags/example_branch_datetime_operator.py for tasks to queue
[2024-11-02T20:24:33.453+0000] {logging_mixin.py:151} INFO - [2024-11-02T20:24:33.443+0000] {dagbag.py:539} INFO - Filling up the DagBag from /home/airflow/.local/lib/python3.8/site-packages/airflow/example_dags/example_branch_datetime_operator.py
[2024-11-02T20:24:33.683+0000] {processor.py:839} INFO - DAG(s) dict_keys(['example_branch_datetime_operator_3', 'example_branch_datetime_operator_2', 'example_branch_datetime_operator']) retrieved from /home/airflow/.local/lib/python3.8/site-packages/airflow/example_dags/example_branch_datetime_operator.py
[2024-11-02T20:24:34.224+0000] {logging_mixin.py:151} INFO - [2024-11-02T20:24:34.223+0000] {dag.py:2915} INFO - Sync 3 DAGs
[2024-11-02T20:24:34.519+0000] {logging_mixin.py:151} INFO - [2024-11-02T20:24:34.511+0000] {dag.py:3696} INFO - Setting next_dagrun for example_branch_datetime_operator to 2024-11-01T00:00:00+00:00, run_after=2024-11-02T00:00:00+00:00
[2024-11-02T20:24:34.577+0000] {logging_mixin.py:151} INFO - [2024-11-02T20:24:34.570+0000] {dag.py:3696} INFO - Setting next_dagrun for example_branch_datetime_operator_2 to 2024-11-01T00:00:00+00:00, run_after=2024-11-02T00:00:00+00:00
[2024-11-02T20:24:34.598+0000] {logging_mixin.py:151} INFO - [2024-11-02T20:24:34.596+0000] {dag.py:3696} INFO - Setting next_dagrun for example_branch_datetime_operator_3 to 2024-11-01T00:00:00+00:00, run_after=2024-11-02T00:00:00+00:00
[2024-11-02T20:24:34.816+0000] {processor.py:179} INFO - Processing /home/airflow/.local/lib/python3.8/site-packages/airflow/example_dags/example_branch_datetime_operator.py took 1.466 seconds
