[2024-11-02T20:12:18.628+0000] {processor.py:157} INFO - Started process (PID=75) to work on /home/airflow/.local/lib/python3.8/site-packages/airflow/example_dags/tutorial.py
[2024-11-02T20:12:18.630+0000] {processor.py:829} INFO - Processing file /home/airflow/.local/lib/python3.8/site-packages/airflow/example_dags/tutorial.py for tasks to queue
[2024-11-02T20:12:18.696+0000] {logging_mixin.py:151} INFO - [2024-11-02T20:12:18.695+0000] {dagbag.py:539} INFO - Filling up the DagBag from /home/airflow/.local/lib/python3.8/site-packages/airflow/example_dags/tutorial.py
[2024-11-02T20:12:19.068+0000] {processor.py:839} INFO - DAG(s) dict_keys(['tutorial']) retrieved from /home/airflow/.local/lib/python3.8/site-packages/airflow/example_dags/tutorial.py
[2024-11-02T20:12:19.629+0000] {logging_mixin.py:151} INFO - [2024-11-02T20:12:19.629+0000] {dag.py:2915} INFO - Sync 1 DAGs
[2024-11-02T20:12:20.065+0000] {logging_mixin.py:151} INFO - [2024-11-02T20:12:20.065+0000] {dag.py:3696} INFO - Setting next_dagrun for tutorial to 2024-11-01T20:12:20.064159+00:00, run_after=2024-11-02T20:12:20.064159+00:00
[2024-11-02T20:12:20.673+0000] {processor.py:179} INFO - Processing /home/airflow/.local/lib/python3.8/site-packages/airflow/example_dags/tutorial.py took 2.202 seconds
[2024-11-02T20:14:31.120+0000] {processor.py:157} INFO - Started process (PID=70) to work on /home/airflow/.local/lib/python3.8/site-packages/airflow/example_dags/tutorial.py
[2024-11-02T20:14:31.142+0000] {processor.py:829} INFO - Processing file /home/airflow/.local/lib/python3.8/site-packages/airflow/example_dags/tutorial.py for tasks to queue
[2024-11-02T20:14:31.185+0000] {logging_mixin.py:151} INFO - [2024-11-02T20:14:31.157+0000] {dagbag.py:539} INFO - Filling up the DagBag from /home/airflow/.local/lib/python3.8/site-packages/airflow/example_dags/tutorial.py
[2024-11-02T20:14:31.347+0000] {processor.py:839} INFO - DAG(s) dict_keys(['tutorial']) retrieved from /home/airflow/.local/lib/python3.8/site-packages/airflow/example_dags/tutorial.py
[2024-11-02T20:14:31.565+0000] {logging_mixin.py:151} INFO - [2024-11-02T20:14:31.564+0000] {dag.py:2915} INFO - Sync 1 DAGs
[2024-11-02T20:14:31.914+0000] {logging_mixin.py:151} INFO - [2024-11-02T20:14:31.914+0000] {dag.py:3696} INFO - Setting next_dagrun for tutorial to 2024-11-01T20:14:31.913710+00:00, run_after=2024-11-02T20:14:31.913710+00:00
[2024-11-02T20:14:32.387+0000] {processor.py:179} INFO - Processing /home/airflow/.local/lib/python3.8/site-packages/airflow/example_dags/tutorial.py took 1.357 seconds
[2024-11-02T20:15:21.859+0000] {processor.py:157} INFO - Started process (PID=131) to work on /home/airflow/.local/lib/python3.8/site-packages/airflow/example_dags/tutorial.py
[2024-11-02T20:15:21.906+0000] {processor.py:829} INFO - Processing file /home/airflow/.local/lib/python3.8/site-packages/airflow/example_dags/tutorial.py for tasks to queue
[2024-11-02T20:15:21.962+0000] {logging_mixin.py:151} INFO - [2024-11-02T20:15:21.944+0000] {dagbag.py:539} INFO - Filling up the DagBag from /home/airflow/.local/lib/python3.8/site-packages/airflow/example_dags/tutorial.py
[2024-11-02T20:15:22.092+0000] {processor.py:839} INFO - DAG(s) dict_keys(['tutorial']) retrieved from /home/airflow/.local/lib/python3.8/site-packages/airflow/example_dags/tutorial.py
[2024-11-02T20:15:22.354+0000] {logging_mixin.py:151} INFO - [2024-11-02T20:15:22.354+0000] {dag.py:2915} INFO - Sync 1 DAGs
[2024-11-02T20:15:22.992+0000] {logging_mixin.py:151} INFO - [2024-11-02T20:15:22.991+0000] {dag.py:3696} INFO - Setting next_dagrun for tutorial to 2024-11-01T20:15:22.990894+00:00, run_after=2024-11-02T20:15:22.990894+00:00
[2024-11-02T20:15:23.732+0000] {processor.py:179} INFO - Processing /home/airflow/.local/lib/python3.8/site-packages/airflow/example_dags/tutorial.py took 2.086 seconds
[2024-11-02T20:16:12.886+0000] {processor.py:157} INFO - Started process (PID=185) to work on /home/airflow/.local/lib/python3.8/site-packages/airflow/example_dags/tutorial.py
[2024-11-02T20:16:12.913+0000] {processor.py:829} INFO - Processing file /home/airflow/.local/lib/python3.8/site-packages/airflow/example_dags/tutorial.py for tasks to queue
[2024-11-02T20:16:12.950+0000] {logging_mixin.py:151} INFO - [2024-11-02T20:16:12.949+0000] {dagbag.py:539} INFO - Filling up the DagBag from /home/airflow/.local/lib/python3.8/site-packages/airflow/example_dags/tutorial.py
[2024-11-02T20:16:13.056+0000] {processor.py:839} INFO - DAG(s) dict_keys(['tutorial']) retrieved from /home/airflow/.local/lib/python3.8/site-packages/airflow/example_dags/tutorial.py
[2024-11-02T20:16:13.557+0000] {logging_mixin.py:151} INFO - [2024-11-02T20:16:13.556+0000] {dag.py:2915} INFO - Sync 1 DAGs
[2024-11-02T20:16:13.837+0000] {logging_mixin.py:151} INFO - [2024-11-02T20:16:13.836+0000] {dag.py:3696} INFO - Setting next_dagrun for tutorial to 2024-11-01T20:16:13.836073+00:00, run_after=2024-11-02T20:16:13.836073+00:00
[2024-11-02T20:16:14.337+0000] {processor.py:179} INFO - Processing /home/airflow/.local/lib/python3.8/site-packages/airflow/example_dags/tutorial.py took 1.502 seconds
[2024-11-02T20:17:13.604+0000] {processor.py:157} INFO - Started process (PID=253) to work on /home/airflow/.local/lib/python3.8/site-packages/airflow/example_dags/tutorial.py
[2024-11-02T20:17:13.619+0000] {processor.py:829} INFO - Processing file /home/airflow/.local/lib/python3.8/site-packages/airflow/example_dags/tutorial.py for tasks to queue
[2024-11-02T20:17:13.712+0000] {logging_mixin.py:151} INFO - [2024-11-02T20:17:13.711+0000] {dagbag.py:539} INFO - Filling up the DagBag from /home/airflow/.local/lib/python3.8/site-packages/airflow/example_dags/tutorial.py
[2024-11-02T20:17:13.821+0000] {processor.py:839} INFO - DAG(s) dict_keys(['tutorial']) retrieved from /home/airflow/.local/lib/python3.8/site-packages/airflow/example_dags/tutorial.py
[2024-11-02T20:17:14.119+0000] {logging_mixin.py:151} INFO - [2024-11-02T20:17:14.119+0000] {dag.py:2915} INFO - Sync 1 DAGs
[2024-11-02T20:17:14.518+0000] {logging_mixin.py:151} INFO - [2024-11-02T20:17:14.510+0000] {dag.py:3696} INFO - Setting next_dagrun for tutorial to 2024-11-01T20:17:14.510252+00:00, run_after=2024-11-02T20:17:14.510252+00:00
[2024-11-02T20:17:14.927+0000] {processor.py:179} INFO - Processing /home/airflow/.local/lib/python3.8/site-packages/airflow/example_dags/tutorial.py took 1.366 seconds
[2024-11-02T20:18:15.152+0000] {processor.py:157} INFO - Started process (PID=318) to work on /home/airflow/.local/lib/python3.8/site-packages/airflow/example_dags/tutorial.py
[2024-11-02T20:18:15.178+0000] {processor.py:829} INFO - Processing file /home/airflow/.local/lib/python3.8/site-packages/airflow/example_dags/tutorial.py for tasks to queue
[2024-11-02T20:18:15.197+0000] {logging_mixin.py:151} INFO - [2024-11-02T20:18:15.196+0000] {dagbag.py:539} INFO - Filling up the DagBag from /home/airflow/.local/lib/python3.8/site-packages/airflow/example_dags/tutorial.py
[2024-11-02T20:18:15.248+0000] {processor.py:839} INFO - DAG(s) dict_keys(['tutorial']) retrieved from /home/airflow/.local/lib/python3.8/site-packages/airflow/example_dags/tutorial.py
[2024-11-02T20:18:15.488+0000] {logging_mixin.py:151} INFO - [2024-11-02T20:18:15.487+0000] {dag.py:2915} INFO - Sync 1 DAGs
[2024-11-02T20:18:15.914+0000] {logging_mixin.py:151} INFO - [2024-11-02T20:18:15.912+0000] {dag.py:3696} INFO - Setting next_dagrun for tutorial to 2024-11-01T20:18:15.898737+00:00, run_after=2024-11-02T20:18:15.898737+00:00
[2024-11-02T20:18:16.537+0000] {processor.py:179} INFO - Processing /home/airflow/.local/lib/python3.8/site-packages/airflow/example_dags/tutorial.py took 1.393 seconds
[2024-11-02T20:19:01.012+0000] {processor.py:157} INFO - Started process (PID=369) to work on /home/airflow/.local/lib/python3.8/site-packages/airflow/example_dags/tutorial.py
[2024-11-02T20:19:01.038+0000] {processor.py:829} INFO - Processing file /home/airflow/.local/lib/python3.8/site-packages/airflow/example_dags/tutorial.py for tasks to queue
[2024-11-02T20:19:01.109+0000] {logging_mixin.py:151} INFO - [2024-11-02T20:19:01.107+0000] {dagbag.py:539} INFO - Filling up the DagBag from /home/airflow/.local/lib/python3.8/site-packages/airflow/example_dags/tutorial.py
[2024-11-02T20:19:01.322+0000] {processor.py:839} INFO - DAG(s) dict_keys(['tutorial']) retrieved from /home/airflow/.local/lib/python3.8/site-packages/airflow/example_dags/tutorial.py
[2024-11-02T20:19:01.828+0000] {logging_mixin.py:151} INFO - [2024-11-02T20:19:01.828+0000] {dag.py:2915} INFO - Sync 1 DAGs
[2024-11-02T20:19:02.102+0000] {logging_mixin.py:151} INFO - [2024-11-02T20:19:02.094+0000] {dag.py:3696} INFO - Setting next_dagrun for tutorial to 2024-11-01T20:19:02.093733+00:00, run_after=2024-11-02T20:19:02.093733+00:00
[2024-11-02T20:19:02.473+0000] {processor.py:179} INFO - Processing /home/airflow/.local/lib/python3.8/site-packages/airflow/example_dags/tutorial.py took 1.564 seconds
[2024-11-02T20:19:47.267+0000] {processor.py:157} INFO - Started process (PID=423) to work on /home/airflow/.local/lib/python3.8/site-packages/airflow/example_dags/tutorial.py
[2024-11-02T20:19:47.278+0000] {processor.py:829} INFO - Processing file /home/airflow/.local/lib/python3.8/site-packages/airflow/example_dags/tutorial.py for tasks to queue
[2024-11-02T20:19:47.300+0000] {logging_mixin.py:151} INFO - [2024-11-02T20:19:47.299+0000] {dagbag.py:539} INFO - Filling up the DagBag from /home/airflow/.local/lib/python3.8/site-packages/airflow/example_dags/tutorial.py
[2024-11-02T20:19:47.368+0000] {processor.py:839} INFO - DAG(s) dict_keys(['tutorial']) retrieved from /home/airflow/.local/lib/python3.8/site-packages/airflow/example_dags/tutorial.py
[2024-11-02T20:19:47.760+0000] {logging_mixin.py:151} INFO - [2024-11-02T20:19:47.759+0000] {dag.py:2915} INFO - Sync 1 DAGs
[2024-11-02T20:19:48.185+0000] {logging_mixin.py:151} INFO - [2024-11-02T20:19:48.185+0000] {dag.py:3696} INFO - Setting next_dagrun for tutorial to 2024-11-01T20:19:48.184474+00:00, run_after=2024-11-02T20:19:48.184474+00:00
[2024-11-02T20:19:48.525+0000] {processor.py:179} INFO - Processing /home/airflow/.local/lib/python3.8/site-packages/airflow/example_dags/tutorial.py took 1.276 seconds
[2024-11-02T20:20:59.895+0000] {processor.py:157} INFO - Started process (PID=493) to work on /home/airflow/.local/lib/python3.8/site-packages/airflow/example_dags/tutorial.py
[2024-11-02T20:20:59.909+0000] {processor.py:829} INFO - Processing file /home/airflow/.local/lib/python3.8/site-packages/airflow/example_dags/tutorial.py for tasks to queue
[2024-11-02T20:20:59.934+0000] {logging_mixin.py:151} INFO - [2024-11-02T20:20:59.934+0000] {dagbag.py:539} INFO - Filling up the DagBag from /home/airflow/.local/lib/python3.8/site-packages/airflow/example_dags/tutorial.py
[2024-11-02T20:21:00.227+0000] {processor.py:839} INFO - DAG(s) dict_keys(['tutorial']) retrieved from /home/airflow/.local/lib/python3.8/site-packages/airflow/example_dags/tutorial.py
[2024-11-02T20:21:00.559+0000] {logging_mixin.py:151} INFO - [2024-11-02T20:21:00.558+0000] {dag.py:2915} INFO - Sync 1 DAGs
[2024-11-02T20:21:01.040+0000] {logging_mixin.py:151} INFO - [2024-11-02T20:21:01.039+0000] {dag.py:3696} INFO - Setting next_dagrun for tutorial to 2024-11-01T20:21:01.038743+00:00, run_after=2024-11-02T20:21:01.038743+00:00
[2024-11-02T20:21:01.109+0000] {processor.py:179} INFO - Processing /home/airflow/.local/lib/python3.8/site-packages/airflow/example_dags/tutorial.py took 1.223 seconds
[2024-11-02T20:21:50.589+0000] {processor.py:157} INFO - Started process (PID=552) to work on /home/airflow/.local/lib/python3.8/site-packages/airflow/example_dags/tutorial.py
[2024-11-02T20:21:50.624+0000] {processor.py:829} INFO - Processing file /home/airflow/.local/lib/python3.8/site-packages/airflow/example_dags/tutorial.py for tasks to queue
[2024-11-02T20:21:50.648+0000] {logging_mixin.py:151} INFO - [2024-11-02T20:21:50.645+0000] {dagbag.py:539} INFO - Filling up the DagBag from /home/airflow/.local/lib/python3.8/site-packages/airflow/example_dags/tutorial.py
[2024-11-02T20:21:50.664+0000] {processor.py:839} INFO - DAG(s) dict_keys(['tutorial']) retrieved from /home/airflow/.local/lib/python3.8/site-packages/airflow/example_dags/tutorial.py
[2024-11-02T20:21:50.904+0000] {logging_mixin.py:151} INFO - [2024-11-02T20:21:50.903+0000] {dag.py:2915} INFO - Sync 1 DAGs
[2024-11-02T20:21:51.266+0000] {logging_mixin.py:151} INFO - [2024-11-02T20:21:51.265+0000] {dag.py:3696} INFO - Setting next_dagrun for tutorial to 2024-11-01T20:21:51.265256+00:00, run_after=2024-11-02T20:21:51.265256+00:00
[2024-11-02T20:21:51.787+0000] {processor.py:179} INFO - Processing /home/airflow/.local/lib/python3.8/site-packages/airflow/example_dags/tutorial.py took 1.237 seconds
[2024-11-02T20:22:50.410+0000] {processor.py:157} INFO - Started process (PID=622) to work on /home/airflow/.local/lib/python3.8/site-packages/airflow/example_dags/tutorial.py
[2024-11-02T20:22:50.442+0000] {processor.py:829} INFO - Processing file /home/airflow/.local/lib/python3.8/site-packages/airflow/example_dags/tutorial.py for tasks to queue
[2024-11-02T20:22:50.596+0000] {logging_mixin.py:151} INFO - [2024-11-02T20:22:50.595+0000] {dagbag.py:539} INFO - Filling up the DagBag from /home/airflow/.local/lib/python3.8/site-packages/airflow/example_dags/tutorial.py
[2024-11-02T20:22:50.699+0000] {processor.py:839} INFO - DAG(s) dict_keys(['tutorial']) retrieved from /home/airflow/.local/lib/python3.8/site-packages/airflow/example_dags/tutorial.py
[2024-11-02T20:22:51.260+0000] {logging_mixin.py:151} INFO - [2024-11-02T20:22:51.260+0000] {dag.py:2915} INFO - Sync 1 DAGs
[2024-11-02T20:22:51.705+0000] {logging_mixin.py:151} INFO - [2024-11-02T20:22:51.693+0000] {dag.py:3696} INFO - Setting next_dagrun for tutorial to 2024-11-01T20:22:51.693318+00:00, run_after=2024-11-02T20:22:51.693318+00:00
[2024-11-02T20:22:52.039+0000] {processor.py:179} INFO - Processing /home/airflow/.local/lib/python3.8/site-packages/airflow/example_dags/tutorial.py took 1.715 seconds
[2024-11-02T20:23:36.786+0000] {processor.py:157} INFO - Started process (PID=665) to work on /home/airflow/.local/lib/python3.8/site-packages/airflow/example_dags/tutorial.py
[2024-11-02T20:23:36.815+0000] {processor.py:829} INFO - Processing file /home/airflow/.local/lib/python3.8/site-packages/airflow/example_dags/tutorial.py for tasks to queue
[2024-11-02T20:23:36.879+0000] {logging_mixin.py:151} INFO - [2024-11-02T20:23:36.878+0000] {dagbag.py:539} INFO - Filling up the DagBag from /home/airflow/.local/lib/python3.8/site-packages/airflow/example_dags/tutorial.py
[2024-11-02T20:23:37.050+0000] {processor.py:839} INFO - DAG(s) dict_keys(['tutorial']) retrieved from /home/airflow/.local/lib/python3.8/site-packages/airflow/example_dags/tutorial.py
[2024-11-02T20:23:37.755+0000] {logging_mixin.py:151} INFO - [2024-11-02T20:23:37.755+0000] {dag.py:2915} INFO - Sync 1 DAGs
[2024-11-02T20:23:38.338+0000] {logging_mixin.py:151} INFO - [2024-11-02T20:23:38.313+0000] {dag.py:3696} INFO - Setting next_dagrun for tutorial to 2024-11-01T20:23:38.298841+00:00, run_after=2024-11-02T20:23:38.298841+00:00
[2024-11-02T20:23:38.754+0000] {processor.py:179} INFO - Processing /home/airflow/.local/lib/python3.8/site-packages/airflow/example_dags/tutorial.py took 2.131 seconds
[2024-11-02T20:24:35.431+0000] {processor.py:157} INFO - Started process (PID=726) to work on /home/airflow/.local/lib/python3.8/site-packages/airflow/example_dags/tutorial.py
[2024-11-02T20:24:35.445+0000] {processor.py:829} INFO - Processing file /home/airflow/.local/lib/python3.8/site-packages/airflow/example_dags/tutorial.py for tasks to queue
[2024-11-02T20:24:35.454+0000] {logging_mixin.py:151} INFO - [2024-11-02T20:24:35.450+0000] {dagbag.py:539} INFO - Filling up the DagBag from /home/airflow/.local/lib/python3.8/site-packages/airflow/example_dags/tutorial.py
[2024-11-02T20:24:35.511+0000] {processor.py:839} INFO - DAG(s) dict_keys(['tutorial']) retrieved from /home/airflow/.local/lib/python3.8/site-packages/airflow/example_dags/tutorial.py
[2024-11-02T20:24:35.945+0000] {logging_mixin.py:151} INFO - [2024-11-02T20:24:35.944+0000] {dag.py:2915} INFO - Sync 1 DAGs
[2024-11-02T20:24:36.393+0000] {logging_mixin.py:151} INFO - [2024-11-02T20:24:36.392+0000] {dag.py:3696} INFO - Setting next_dagrun for tutorial to 2024-11-01T20:24:36.388431+00:00, run_after=2024-11-02T20:24:36.388431+00:00
[2024-11-02T20:24:36.748+0000] {processor.py:179} INFO - Processing /home/airflow/.local/lib/python3.8/site-packages/airflow/example_dags/tutorial.py took 1.340 seconds
