[2024-11-02T20:14:52.785+0000] {processor.py:157} INFO - Started process (PID=97) to work on /home/airflow/.local/lib/python3.8/site-packages/airflow/example_dags/tutorial_dag.py
[2024-11-02T20:14:52.787+0000] {processor.py:829} INFO - Processing file /home/airflow/.local/lib/python3.8/site-packages/airflow/example_dags/tutorial_dag.py for tasks to queue
[2024-11-02T20:14:52.879+0000] {logging_mixin.py:151} INFO - [2024-11-02T20:14:52.835+0000] {dagbag.py:539} INFO - Filling up the DagBag from /home/airflow/.local/lib/python3.8/site-packages/airflow/example_dags/tutorial_dag.py
[2024-11-02T20:14:53.074+0000] {processor.py:839} INFO - DAG(s) dict_keys(['tutorial_dag']) retrieved from /home/airflow/.local/lib/python3.8/site-packages/airflow/example_dags/tutorial_dag.py
[2024-11-02T20:14:53.476+0000] {logging_mixin.py:151} INFO - [2024-11-02T20:14:53.475+0000] {dag.py:2915} INFO - Sync 1 DAGs
[2024-11-02T20:14:53.652+0000] {logging_mixin.py:151} INFO - [2024-11-02T20:14:53.651+0000] {dag.py:3696} INFO - Setting next_dagrun for tutorial_dag to None, run_after=None
[2024-11-02T20:14:54.172+0000] {processor.py:179} INFO - Processing /home/airflow/.local/lib/python3.8/site-packages/airflow/example_dags/tutorial_dag.py took 1.448 seconds
[2024-11-02T20:15:54.037+0000] {processor.py:157} INFO - Started process (PID=165) to work on /home/airflow/.local/lib/python3.8/site-packages/airflow/example_dags/tutorial_dag.py
[2024-11-02T20:15:54.062+0000] {processor.py:829} INFO - Processing file /home/airflow/.local/lib/python3.8/site-packages/airflow/example_dags/tutorial_dag.py for tasks to queue
[2024-11-02T20:15:54.131+0000] {logging_mixin.py:151} INFO - [2024-11-02T20:15:54.119+0000] {dagbag.py:539} INFO - Filling up the DagBag from /home/airflow/.local/lib/python3.8/site-packages/airflow/example_dags/tutorial_dag.py
[2024-11-02T20:15:54.219+0000] {processor.py:839} INFO - DAG(s) dict_keys(['tutorial_dag']) retrieved from /home/airflow/.local/lib/python3.8/site-packages/airflow/example_dags/tutorial_dag.py
[2024-11-02T20:15:54.740+0000] {logging_mixin.py:151} INFO - [2024-11-02T20:15:54.739+0000] {dag.py:2915} INFO - Sync 1 DAGs
[2024-11-02T20:15:54.860+0000] {logging_mixin.py:151} INFO - [2024-11-02T20:15:54.859+0000] {dag.py:3696} INFO - Setting next_dagrun for tutorial_dag to None, run_after=None
[2024-11-02T20:15:55.259+0000] {processor.py:179} INFO - Processing /home/airflow/.local/lib/python3.8/site-packages/airflow/example_dags/tutorial_dag.py took 1.293 seconds
[2024-11-02T20:16:52.680+0000] {processor.py:157} INFO - Started process (PID=225) to work on /home/airflow/.local/lib/python3.8/site-packages/airflow/example_dags/tutorial_dag.py
[2024-11-02T20:16:52.691+0000] {processor.py:829} INFO - Processing file /home/airflow/.local/lib/python3.8/site-packages/airflow/example_dags/tutorial_dag.py for tasks to queue
[2024-11-02T20:16:52.725+0000] {logging_mixin.py:151} INFO - [2024-11-02T20:16:52.719+0000] {dagbag.py:539} INFO - Filling up the DagBag from /home/airflow/.local/lib/python3.8/site-packages/airflow/example_dags/tutorial_dag.py
[2024-11-02T20:16:52.841+0000] {processor.py:839} INFO - DAG(s) dict_keys(['tutorial_dag']) retrieved from /home/airflow/.local/lib/python3.8/site-packages/airflow/example_dags/tutorial_dag.py
[2024-11-02T20:16:53.335+0000] {logging_mixin.py:151} INFO - [2024-11-02T20:16:53.334+0000] {dag.py:2915} INFO - Sync 1 DAGs
[2024-11-02T20:16:53.972+0000] {logging_mixin.py:151} INFO - [2024-11-02T20:16:53.971+0000] {dag.py:3696} INFO - Setting next_dagrun for tutorial_dag to None, run_after=None
[2024-11-02T20:16:54.517+0000] {processor.py:179} INFO - Processing /home/airflow/.local/lib/python3.8/site-packages/airflow/example_dags/tutorial_dag.py took 1.878 seconds
[2024-11-02T20:17:56.775+0000] {processor.py:157} INFO - Started process (PID=296) to work on /home/airflow/.local/lib/python3.8/site-packages/airflow/example_dags/tutorial_dag.py
[2024-11-02T20:17:56.785+0000] {processor.py:829} INFO - Processing file /home/airflow/.local/lib/python3.8/site-packages/airflow/example_dags/tutorial_dag.py for tasks to queue
[2024-11-02T20:17:56.812+0000] {logging_mixin.py:151} INFO - [2024-11-02T20:17:56.811+0000] {dagbag.py:539} INFO - Filling up the DagBag from /home/airflow/.local/lib/python3.8/site-packages/airflow/example_dags/tutorial_dag.py
[2024-11-02T20:17:56.923+0000] {processor.py:839} INFO - DAG(s) dict_keys(['tutorial_dag']) retrieved from /home/airflow/.local/lib/python3.8/site-packages/airflow/example_dags/tutorial_dag.py
[2024-11-02T20:17:57.190+0000] {logging_mixin.py:151} INFO - [2024-11-02T20:17:57.187+0000] {dag.py:2915} INFO - Sync 1 DAGs
[2024-11-02T20:17:57.503+0000] {logging_mixin.py:151} INFO - [2024-11-02T20:17:57.503+0000] {dag.py:3696} INFO - Setting next_dagrun for tutorial_dag to None, run_after=None
[2024-11-02T20:17:58.047+0000] {processor.py:179} INFO - Processing /home/airflow/.local/lib/python3.8/site-packages/airflow/example_dags/tutorial_dag.py took 1.355 seconds
[2024-11-02T20:19:07.596+0000] {processor.py:157} INFO - Started process (PID=377) to work on /home/airflow/.local/lib/python3.8/site-packages/airflow/example_dags/tutorial_dag.py
[2024-11-02T20:19:07.610+0000] {processor.py:829} INFO - Processing file /home/airflow/.local/lib/python3.8/site-packages/airflow/example_dags/tutorial_dag.py for tasks to queue
[2024-11-02T20:19:07.663+0000] {logging_mixin.py:151} INFO - [2024-11-02T20:19:07.648+0000] {dagbag.py:539} INFO - Filling up the DagBag from /home/airflow/.local/lib/python3.8/site-packages/airflow/example_dags/tutorial_dag.py
[2024-11-02T20:19:07.709+0000] {processor.py:839} INFO - DAG(s) dict_keys(['tutorial_dag']) retrieved from /home/airflow/.local/lib/python3.8/site-packages/airflow/example_dags/tutorial_dag.py
[2024-11-02T20:19:07.954+0000] {logging_mixin.py:151} INFO - [2024-11-02T20:19:07.954+0000] {dag.py:2915} INFO - Sync 1 DAGs
[2024-11-02T20:19:08.166+0000] {logging_mixin.py:151} INFO - [2024-11-02T20:19:08.165+0000] {dag.py:3696} INFO - Setting next_dagrun for tutorial_dag to None, run_after=None
[2024-11-02T20:19:08.400+0000] {processor.py:179} INFO - Processing /home/airflow/.local/lib/python3.8/site-packages/airflow/example_dags/tutorial_dag.py took 0.848 seconds
[2024-11-02T20:19:53.623+0000] {processor.py:157} INFO - Started process (PID=431) to work on /home/airflow/.local/lib/python3.8/site-packages/airflow/example_dags/tutorial_dag.py
[2024-11-02T20:19:53.635+0000] {processor.py:829} INFO - Processing file /home/airflow/.local/lib/python3.8/site-packages/airflow/example_dags/tutorial_dag.py for tasks to queue
[2024-11-02T20:19:53.673+0000] {logging_mixin.py:151} INFO - [2024-11-02T20:19:53.659+0000] {dagbag.py:539} INFO - Filling up the DagBag from /home/airflow/.local/lib/python3.8/site-packages/airflow/example_dags/tutorial_dag.py
[2024-11-02T20:19:53.708+0000] {processor.py:839} INFO - DAG(s) dict_keys(['tutorial_dag']) retrieved from /home/airflow/.local/lib/python3.8/site-packages/airflow/example_dags/tutorial_dag.py
[2024-11-02T20:19:53.771+0000] {logging_mixin.py:151} INFO - [2024-11-02T20:19:53.770+0000] {dag.py:2915} INFO - Sync 1 DAGs
[2024-11-02T20:19:53.820+0000] {logging_mixin.py:151} INFO - [2024-11-02T20:19:53.819+0000] {dag.py:3696} INFO - Setting next_dagrun for tutorial_dag to None, run_after=None
[2024-11-02T20:19:53.954+0000] {processor.py:179} INFO - Processing /home/airflow/.local/lib/python3.8/site-packages/airflow/example_dags/tutorial_dag.py took 0.368 seconds
[2024-11-02T20:21:07.640+0000] {processor.py:157} INFO - Started process (PID=507) to work on /home/airflow/.local/lib/python3.8/site-packages/airflow/example_dags/tutorial_dag.py
[2024-11-02T20:21:07.656+0000] {processor.py:829} INFO - Processing file /home/airflow/.local/lib/python3.8/site-packages/airflow/example_dags/tutorial_dag.py for tasks to queue
[2024-11-02T20:21:07.689+0000] {logging_mixin.py:151} INFO - [2024-11-02T20:21:07.688+0000] {dagbag.py:539} INFO - Filling up the DagBag from /home/airflow/.local/lib/python3.8/site-packages/airflow/example_dags/tutorial_dag.py
[2024-11-02T20:21:07.764+0000] {processor.py:839} INFO - DAG(s) dict_keys(['tutorial_dag']) retrieved from /home/airflow/.local/lib/python3.8/site-packages/airflow/example_dags/tutorial_dag.py
[2024-11-02T20:21:08.152+0000] {logging_mixin.py:151} INFO - [2024-11-02T20:21:08.152+0000] {dag.py:2915} INFO - Sync 1 DAGs
[2024-11-02T20:21:08.516+0000] {logging_mixin.py:151} INFO - [2024-11-02T20:21:08.516+0000] {dag.py:3696} INFO - Setting next_dagrun for tutorial_dag to None, run_after=None
[2024-11-02T20:21:08.893+0000] {processor.py:179} INFO - Processing /home/airflow/.local/lib/python3.8/site-packages/airflow/example_dags/tutorial_dag.py took 1.315 seconds
[2024-11-02T20:22:12.642+0000] {processor.py:157} INFO - Started process (PID=579) to work on /home/airflow/.local/lib/python3.8/site-packages/airflow/example_dags/tutorial_dag.py
[2024-11-02T20:22:12.708+0000] {processor.py:829} INFO - Processing file /home/airflow/.local/lib/python3.8/site-packages/airflow/example_dags/tutorial_dag.py for tasks to queue
[2024-11-02T20:22:12.769+0000] {logging_mixin.py:151} INFO - [2024-11-02T20:22:12.768+0000] {dagbag.py:539} INFO - Filling up the DagBag from /home/airflow/.local/lib/python3.8/site-packages/airflow/example_dags/tutorial_dag.py
[2024-11-02T20:22:12.924+0000] {processor.py:839} INFO - DAG(s) dict_keys(['tutorial_dag']) retrieved from /home/airflow/.local/lib/python3.8/site-packages/airflow/example_dags/tutorial_dag.py
[2024-11-02T20:22:13.477+0000] {logging_mixin.py:151} INFO - [2024-11-02T20:22:13.451+0000] {dag.py:2915} INFO - Sync 1 DAGs
[2024-11-02T20:22:13.654+0000] {logging_mixin.py:151} INFO - [2024-11-02T20:22:13.654+0000] {dag.py:3696} INFO - Setting next_dagrun for tutorial_dag to None, run_after=None
[2024-11-02T20:22:14.425+0000] {processor.py:179} INFO - Processing /home/airflow/.local/lib/python3.8/site-packages/airflow/example_dags/tutorial_dag.py took 1.831 seconds
[2024-11-02T20:23:18.735+0000] {processor.py:157} INFO - Started process (PID=648) to work on /home/airflow/.local/lib/python3.8/site-packages/airflow/example_dags/tutorial_dag.py
[2024-11-02T20:23:18.748+0000] {processor.py:829} INFO - Processing file /home/airflow/.local/lib/python3.8/site-packages/airflow/example_dags/tutorial_dag.py for tasks to queue
[2024-11-02T20:23:18.773+0000] {logging_mixin.py:151} INFO - [2024-11-02T20:23:18.773+0000] {dagbag.py:539} INFO - Filling up the DagBag from /home/airflow/.local/lib/python3.8/site-packages/airflow/example_dags/tutorial_dag.py
[2024-11-02T20:23:18.837+0000] {processor.py:839} INFO - DAG(s) dict_keys(['tutorial_dag']) retrieved from /home/airflow/.local/lib/python3.8/site-packages/airflow/example_dags/tutorial_dag.py
[2024-11-02T20:23:19.250+0000] {logging_mixin.py:151} INFO - [2024-11-02T20:23:19.250+0000] {dag.py:2915} INFO - Sync 1 DAGs
[2024-11-02T20:23:19.581+0000] {logging_mixin.py:151} INFO - [2024-11-02T20:23:19.581+0000] {dag.py:3696} INFO - Setting next_dagrun for tutorial_dag to None, run_after=None
[2024-11-02T20:23:20.031+0000] {processor.py:179} INFO - Processing /home/airflow/.local/lib/python3.8/site-packages/airflow/example_dags/tutorial_dag.py took 1.309 seconds
[2024-11-02T20:24:13.498+0000] {processor.py:157} INFO - Started process (PID=708) to work on /home/airflow/.local/lib/python3.8/site-packages/airflow/example_dags/tutorial_dag.py
[2024-11-02T20:24:13.506+0000] {processor.py:829} INFO - Processing file /home/airflow/.local/lib/python3.8/site-packages/airflow/example_dags/tutorial_dag.py for tasks to queue
[2024-11-02T20:24:13.513+0000] {logging_mixin.py:151} INFO - [2024-11-02T20:24:13.512+0000] {dagbag.py:539} INFO - Filling up the DagBag from /home/airflow/.local/lib/python3.8/site-packages/airflow/example_dags/tutorial_dag.py
[2024-11-02T20:24:13.537+0000] {processor.py:839} INFO - DAG(s) dict_keys(['tutorial_dag']) retrieved from /home/airflow/.local/lib/python3.8/site-packages/airflow/example_dags/tutorial_dag.py
[2024-11-02T20:24:14.192+0000] {logging_mixin.py:151} INFO - [2024-11-02T20:24:14.192+0000] {dag.py:2915} INFO - Sync 1 DAGs
[2024-11-02T20:24:14.849+0000] {logging_mixin.py:151} INFO - [2024-11-02T20:24:14.848+0000] {dag.py:3696} INFO - Setting next_dagrun for tutorial_dag to None, run_after=None
[2024-11-02T20:24:15.402+0000] {processor.py:179} INFO - Processing /home/airflow/.local/lib/python3.8/site-packages/airflow/example_dags/tutorial_dag.py took 1.939 seconds
