[2024-11-03T01:55:14.353+0000] {local_task_job_runner.py:120} INFO - ::group::Pre task execution logs
[2024-11-03T01:55:14.381+0000] {taskinstance.py:2076} INFO - Dependencies all met for dep_context=non-requeueable deps ti=<TaskInstance: songs_preprocessing.clean_data_task manual__2024-11-03T01:54:58.521925+00:00 [queued]>
[2024-11-03T01:55:14.392+0000] {taskinstance.py:2076} INFO - Dependencies all met for dep_context=requeueable deps ti=<TaskInstance: songs_preprocessing.clean_data_task manual__2024-11-03T01:54:58.521925+00:00 [queued]>
[2024-11-03T01:55:14.392+0000] {taskinstance.py:2306} INFO - Starting attempt 1 of 1
[2024-11-03T01:55:14.410+0000] {taskinstance.py:2330} INFO - Executing <Task(PythonOperator): clean_data_task> on 2024-11-03 01:54:58.521925+00:00
[2024-11-03T01:55:14.419+0000] {warnings.py:112} WARNING - /home/***/.local/lib/python3.12/site-packages/***/task/task_runner/standard_task_runner.py:61: DeprecationWarning: This process (pid=1071) is multi-threaded, use of fork() may lead to deadlocks in the child.
  pid = os.fork()

[2024-11-03T01:55:14.420+0000] {standard_task_runner.py:63} INFO - Started process 1096 to run task
[2024-11-03T01:55:14.420+0000] {standard_task_runner.py:90} INFO - Running: ['***', 'tasks', 'run', 'songs_preprocessing', 'clean_data_task', 'manual__2024-11-03T01:54:58.521925+00:00', '--job-id', '21', '--raw', '--subdir', 'DAGS_FOLDER/***.py', '--cfg-path', '/tmp/tmpko2ewqrn']
[2024-11-03T01:55:14.423+0000] {standard_task_runner.py:91} INFO - Job 21: Subtask clean_data_task
[2024-11-03T01:55:14.477+0000] {task_command.py:426} INFO - Running <TaskInstance: songs_preprocessing.clean_data_task manual__2024-11-03T01:54:58.521925+00:00 [running]> on host 4a174f3124db
[2024-11-03T01:55:14.911+0000] {taskinstance.py:2648} INFO - Exporting env vars: AIRFLOW_CTX_DAG_OWNER='your_name' AIRFLOW_CTX_DAG_ID='songs_preprocessing' AIRFLOW_CTX_TASK_ID='clean_data_task' AIRFLOW_CTX_EXECUTION_DATE='2024-11-03T01:54:58.521925+00:00' AIRFLOW_CTX_TRY_NUMBER='1' AIRFLOW_CTX_DAG_RUN_ID='manual__2024-11-03T01:54:58.521925+00:00'
[2024-11-03T01:55:14.912+0000] {taskinstance.py:430} INFO - ::endgroup::
[2024-11-03T01:55:14.950+0000] {python.py:237} INFO - Done. Returned value was:        danceability  ...                                          song_name
0             0.831  ...                                Mercury: Retrograde
1             0.719  ...                                          Pathology
2             0.850  ...                                           Symbiote
3             0.476  ...      ProductOfDrugs (Prod. The Virus and Antidote)
4             0.798  ...                                              Venom
...             ...  ...                                                ...
21519         0.526  ...  H20 (feat. Pharoahe Monch, Rakaa Iriscience, &...
21520         0.538  ...                                       Daddy's Girl
21521         0.415  ...                                                '94
21522         0.785  ...                                        Born 2 Live
21523         0.747  ...                                      Can't Hold On

[18352 rows x 14 columns]
[2024-11-03T01:55:14.979+0000] {taskinstance.py:441} INFO - ::group::Post task execution logs
[2024-11-03T01:55:15.524+0000] {taskinstance.py:1206} INFO - Marking task as SUCCESS. dag_id=songs_preprocessing, task_id=clean_data_task, run_id=manual__2024-11-03T01:54:58.521925+00:00, execution_date=20241103T015458, start_date=20241103T015514, end_date=20241103T015515
[2024-11-03T01:55:15.585+0000] {local_task_job_runner.py:240} INFO - Task exited with return code 0
[2024-11-03T01:55:15.608+0000] {taskinstance.py:3503} INFO - 1 downstream tasks scheduled from follow-on schedule check
[2024-11-03T01:55:15.610+0000] {local_task_job_runner.py:222} INFO - ::endgroup::
