[2024-11-03T01:50:57.732+0000] {local_task_job_runner.py:120} INFO - ::group::Pre task execution logs
[2024-11-03T01:50:57.769+0000] {taskinstance.py:2076} INFO - Dependencies all met for dep_context=non-requeueable deps ti=<TaskInstance: songs_preprocessing.load_data_task manual__2024-11-03T01:50:52.807370+00:00 [queued]>
[2024-11-03T01:50:57.781+0000] {taskinstance.py:2076} INFO - Dependencies all met for dep_context=requeueable deps ti=<TaskInstance: songs_preprocessing.load_data_task manual__2024-11-03T01:50:52.807370+00:00 [queued]>
[2024-11-03T01:50:57.782+0000] {taskinstance.py:2306} INFO - Starting attempt 1 of 1
[2024-11-03T01:50:57.807+0000] {taskinstance.py:2330} INFO - Executing <Task(PythonOperator): load_data_task> on 2024-11-03 01:50:52.807370+00:00
[2024-11-03T01:50:57.822+0000] {warnings.py:112} WARNING - /home/***/.local/lib/python3.12/site-packages/***/task/task_runner/standard_task_runner.py:61: DeprecationWarning: This process (pid=935) is multi-threaded, use of fork() may lead to deadlocks in the child.
  pid = os.fork()

[2024-11-03T01:50:57.825+0000] {standard_task_runner.py:63} INFO - Started process 952 to run task
[2024-11-03T01:50:57.825+0000] {standard_task_runner.py:90} INFO - Running: ['***', 'tasks', 'run', 'songs_preprocessing', 'load_data_task', 'manual__2024-11-03T01:50:52.807370+00:00', '--job-id', '17', '--raw', '--subdir', 'DAGS_FOLDER/***.py', '--cfg-path', '/tmp/tmp6jmngzqz']
[2024-11-03T01:50:57.828+0000] {standard_task_runner.py:91} INFO - Job 17: Subtask load_data_task
[2024-11-03T01:50:57.898+0000] {task_command.py:426} INFO - Running <TaskInstance: songs_preprocessing.load_data_task manual__2024-11-03T01:50:52.807370+00:00 [running]> on host 4a174f3124db
[2024-11-03T01:50:58.049+0000] {taskinstance.py:2648} INFO - Exporting env vars: AIRFLOW_CTX_DAG_OWNER='your_name' AIRFLOW_CTX_DAG_ID='songs_preprocessing' AIRFLOW_CTX_TASK_ID='load_data_task' AIRFLOW_CTX_EXECUTION_DATE='2024-11-03T01:50:52.807370+00:00' AIRFLOW_CTX_TRY_NUMBER='1' AIRFLOW_CTX_DAG_RUN_ID='manual__2024-11-03T01:50:52.807370+00:00'
[2024-11-03T01:50:58.050+0000] {taskinstance.py:430} INFO - ::endgroup::
[2024-11-03T01:51:01.879+0000] {logging_mixin.py:188} INFO - File not found.
[2024-11-03T01:51:01.883+0000] {python.py:237} INFO - Done. Returned value was: None
[2024-11-03T01:51:01.885+0000] {taskinstance.py:441} INFO - ::group::Post task execution logs
[2024-11-03T01:51:01.894+0000] {taskinstance.py:1206} INFO - Marking task as SUCCESS. dag_id=songs_preprocessing, task_id=load_data_task, run_id=manual__2024-11-03T01:50:52.807370+00:00, execution_date=20241103T015052, start_date=20241103T015057, end_date=20241103T015101
[2024-11-03T01:51:01.945+0000] {local_task_job_runner.py:240} INFO - Task exited with return code 0
[2024-11-03T01:51:01.970+0000] {taskinstance.py:3503} INFO - 1 downstream tasks scheduled from follow-on schedule check
[2024-11-03T01:51:01.972+0000] {local_task_job_runner.py:222} INFO - ::endgroup::
