[2024-11-03T01:05:46.227+0000] {local_task_job_runner.py:120} INFO - ::group::Pre task execution logs
[2024-11-03T01:05:46.250+0000] {taskinstance.py:2076} INFO - Dependencies all met for dep_context=non-requeueable deps ti=<TaskInstance: songs_preprocessing.load_data_task manual__2024-11-03T01:05:41.914517+00:00 [queued]>
[2024-11-03T01:05:46.261+0000] {taskinstance.py:2076} INFO - Dependencies all met for dep_context=requeueable deps ti=<TaskInstance: songs_preprocessing.load_data_task manual__2024-11-03T01:05:41.914517+00:00 [queued]>
[2024-11-03T01:05:46.261+0000] {taskinstance.py:2306} INFO - Starting attempt 1 of 1
[2024-11-03T01:05:46.274+0000] {taskinstance.py:2330} INFO - Executing <Task(PythonOperator): load_data_task> on 2024-11-03 01:05:41.914517+00:00
[2024-11-03T01:05:46.284+0000] {warnings.py:112} WARNING - /home/***/.local/lib/python3.12/site-packages/***/task/task_runner/standard_task_runner.py:61: DeprecationWarning: This process (pid=146) is multi-threaded, use of fork() may lead to deadlocks in the child.
  pid = os.fork()

[2024-11-03T01:05:46.286+0000] {standard_task_runner.py:63} INFO - Started process 165 to run task
[2024-11-03T01:05:46.286+0000] {standard_task_runner.py:90} INFO - Running: ['***', 'tasks', 'run', 'songs_preprocessing', 'load_data_task', 'manual__2024-11-03T01:05:41.914517+00:00', '--job-id', '7', '--raw', '--subdir', 'DAGS_FOLDER/***.py', '--cfg-path', '/tmp/tmpenvw7qbz']
[2024-11-03T01:05:46.288+0000] {standard_task_runner.py:91} INFO - Job 7: Subtask load_data_task
[2024-11-03T01:05:46.323+0000] {task_command.py:426} INFO - Running <TaskInstance: songs_preprocessing.load_data_task manual__2024-11-03T01:05:41.914517+00:00 [running]> on host 4a174f3124db
[2024-11-03T01:05:46.403+0000] {taskinstance.py:2648} INFO - Exporting env vars: AIRFLOW_CTX_DAG_OWNER='your_name' AIRFLOW_CTX_DAG_ID='songs_preprocessing' AIRFLOW_CTX_TASK_ID='load_data_task' AIRFLOW_CTX_EXECUTION_DATE='2024-11-03T01:05:41.914517+00:00' AIRFLOW_CTX_TRY_NUMBER='1' AIRFLOW_CTX_DAG_RUN_ID='manual__2024-11-03T01:05:41.914517+00:00'
[2024-11-03T01:05:46.404+0000] {taskinstance.py:430} INFO - ::endgroup::
[2024-11-03T01:05:50.779+0000] {logging_mixin.py:188} INFO - File not found.
[2024-11-03T01:05:50.782+0000] {python.py:237} INFO - Done. Returned value was: None
[2024-11-03T01:05:50.783+0000] {taskinstance.py:441} INFO - ::group::Post task execution logs
[2024-11-03T01:05:50.790+0000] {taskinstance.py:1206} INFO - Marking task as SUCCESS. dag_id=songs_preprocessing, task_id=load_data_task, run_id=manual__2024-11-03T01:05:41.914517+00:00, execution_date=20241103T010541, start_date=20241103T010546, end_date=20241103T010550
[2024-11-03T01:05:50.829+0000] {local_task_job_runner.py:240} INFO - Task exited with return code 0
[2024-11-03T01:05:50.856+0000] {taskinstance.py:3503} INFO - 1 downstream tasks scheduled from follow-on schedule check
[2024-11-03T01:05:50.858+0000] {local_task_job_runner.py:222} INFO - ::endgroup::
