[2024-11-03T01:05:53.874+0000] {local_task_job_runner.py:120} INFO - ::group::Pre task execution logs
[2024-11-03T01:05:53.900+0000] {taskinstance.py:2076} INFO - Dependencies all met for dep_context=non-requeueable deps ti=<TaskInstance: songs_preprocessing.clean_data_task manual__2024-11-03T01:05:41.914517+00:00 [queued]>
[2024-11-03T01:05:53.909+0000] {taskinstance.py:2076} INFO - Dependencies all met for dep_context=requeueable deps ti=<TaskInstance: songs_preprocessing.clean_data_task manual__2024-11-03T01:05:41.914517+00:00 [queued]>
[2024-11-03T01:05:53.910+0000] {taskinstance.py:2306} INFO - Starting attempt 1 of 1
[2024-11-03T01:05:53.926+0000] {taskinstance.py:2330} INFO - Executing <Task(PythonOperator): clean_data_task> on 2024-11-03 01:05:41.914517+00:00
[2024-11-03T01:05:53.935+0000] {warnings.py:112} WARNING - /home/***/.local/lib/python3.12/site-packages/***/task/task_runner/standard_task_runner.py:61: DeprecationWarning: This process (pid=166) is multi-threaded, use of fork() may lead to deadlocks in the child.
  pid = os.fork()

[2024-11-03T01:05:53.936+0000] {standard_task_runner.py:63} INFO - Started process 183 to run task
[2024-11-03T01:05:53.936+0000] {standard_task_runner.py:90} INFO - Running: ['***', 'tasks', 'run', 'songs_preprocessing', 'clean_data_task', 'manual__2024-11-03T01:05:41.914517+00:00', '--job-id', '8', '--raw', '--subdir', 'DAGS_FOLDER/***.py', '--cfg-path', '/tmp/tmpemd2v1wx']
[2024-11-03T01:05:53.939+0000] {standard_task_runner.py:91} INFO - Job 8: Subtask clean_data_task
[2024-11-03T01:05:53.979+0000] {task_command.py:426} INFO - Running <TaskInstance: songs_preprocessing.clean_data_task manual__2024-11-03T01:05:41.914517+00:00 [running]> on host 4a174f3124db
[2024-11-03T01:05:54.074+0000] {taskinstance.py:2648} INFO - Exporting env vars: AIRFLOW_CTX_DAG_OWNER='your_name' AIRFLOW_CTX_DAG_ID='songs_preprocessing' AIRFLOW_CTX_TASK_ID='clean_data_task' AIRFLOW_CTX_EXECUTION_DATE='2024-11-03T01:05:41.914517+00:00' AIRFLOW_CTX_TRY_NUMBER='1' AIRFLOW_CTX_DAG_RUN_ID='manual__2024-11-03T01:05:41.914517+00:00'
[2024-11-03T01:05:54.075+0000] {taskinstance.py:430} INFO - ::endgroup::
[2024-11-03T01:05:54.087+0000] {taskinstance.py:441} INFO - ::group::Post task execution logs
[2024-11-03T01:05:54.088+0000] {taskinstance.py:2905} ERROR - Task failed with exception
Traceback (most recent call last):
  File "/home/airflow/.local/lib/python3.12/site-packages/airflow/models/taskinstance.py", line 465, in _execute_task
    result = _execute_callable(context=context, **execute_callable_kwargs)
             ^^^^^^^^^^^^^^^^^^^^^^^^^^^^^^^^^^^^^^^^^^^^^^^^^^^^^^^^^^^^^
  File "/home/airflow/.local/lib/python3.12/site-packages/airflow/models/taskinstance.py", line 432, in _execute_callable
    return execute_callable(context=context, **execute_callable_kwargs)
           ^^^^^^^^^^^^^^^^^^^^^^^^^^^^^^^^^^^^^^^^^^^^^^^^^^^^^^^^^^^^
  File "/home/airflow/.local/lib/python3.12/site-packages/airflow/models/baseoperator.py", line 401, in wrapper
    return func(self, *args, **kwargs)
           ^^^^^^^^^^^^^^^^^^^^^^^^^^^
  File "/home/airflow/.local/lib/python3.12/site-packages/airflow/operators/python.py", line 235, in execute
    return_value = self.execute_callable()
                   ^^^^^^^^^^^^^^^^^^^^^^^
  File "/home/airflow/.local/lib/python3.12/site-packages/airflow/operators/python.py", line 252, in execute_callable
    return self.python_callable(*self.op_args, **self.op_kwargs)
           ^^^^^^^^^^^^^^^^^^^^^^^^^^^^^^^^^^^^^^^^^^^^^^^^^^^^^
  File "/opt/airflow/dags/src/song_recommendation.py", line 36, in data_cleaning
    df[df['song_name'].isnull()]
       ~~^^^^^^^^^^^^^
TypeError: 'NoneType' object is not subscriptable
[2024-11-03T01:05:54.096+0000] {taskinstance.py:1206} INFO - Marking task as FAILED. dag_id=songs_preprocessing, task_id=clean_data_task, run_id=manual__2024-11-03T01:05:41.914517+00:00, execution_date=20241103T010541, start_date=20241103T010553, end_date=20241103T010554
[2024-11-03T01:05:54.108+0000] {standard_task_runner.py:110} ERROR - Failed to execute job 8 for task clean_data_task ('NoneType' object is not subscriptable; 183)
[2024-11-03T01:05:54.118+0000] {local_task_job_runner.py:240} INFO - Task exited with return code 1
[2024-11-03T01:05:54.138+0000] {taskinstance.py:3503} INFO - 0 downstream tasks scheduled from follow-on schedule check
[2024-11-03T01:05:54.141+0000] {local_task_job_runner.py:222} INFO - ::endgroup::
