[2024-11-03T01:07:33.621+0000] {local_task_job_runner.py:120} INFO - ::group::Pre task execution logs
[2024-11-03T01:07:33.644+0000] {taskinstance.py:2076} INFO - Dependencies all met for dep_context=non-requeueable deps ti=<TaskInstance: songs_preprocessing.load_data_task manual__2024-11-03T01:07:30.449629+00:00 [queued]>
[2024-11-03T01:07:33.654+0000] {taskinstance.py:2076} INFO - Dependencies all met for dep_context=requeueable deps ti=<TaskInstance: songs_preprocessing.load_data_task manual__2024-11-03T01:07:30.449629+00:00 [queued]>
[2024-11-03T01:07:33.654+0000] {taskinstance.py:2306} INFO - Starting attempt 1 of 1
[2024-11-03T01:07:33.670+0000] {taskinstance.py:2330} INFO - Executing <Task(PythonOperator): load_data_task> on 2024-11-03 01:07:30.449629+00:00
[2024-11-03T01:07:33.681+0000] {warnings.py:112} WARNING - /home/***/.local/lib/python3.12/site-packages/***/task/task_runner/standard_task_runner.py:61: DeprecationWarning: This process (pid=206) is multi-threaded, use of fork() may lead to deadlocks in the child.
  pid = os.fork()

[2024-11-03T01:07:33.683+0000] {standard_task_runner.py:63} INFO - Started process 223 to run task
[2024-11-03T01:07:33.684+0000] {standard_task_runner.py:90} INFO - Running: ['***', 'tasks', 'run', 'songs_preprocessing', 'load_data_task', 'manual__2024-11-03T01:07:30.449629+00:00', '--job-id', '9', '--raw', '--subdir', 'DAGS_FOLDER/***.py', '--cfg-path', '/tmp/tmpx9wv0f0r']
[2024-11-03T01:07:33.687+0000] {standard_task_runner.py:91} INFO - Job 9: Subtask load_data_task
[2024-11-03T01:07:33.747+0000] {task_command.py:426} INFO - Running <TaskInstance: songs_preprocessing.load_data_task manual__2024-11-03T01:07:30.449629+00:00 [running]> on host 4a174f3124db
[2024-11-03T01:07:33.851+0000] {taskinstance.py:2648} INFO - Exporting env vars: AIRFLOW_CTX_DAG_OWNER='your_name' AIRFLOW_CTX_DAG_ID='songs_preprocessing' AIRFLOW_CTX_TASK_ID='load_data_task' AIRFLOW_CTX_EXECUTION_DATE='2024-11-03T01:07:30.449629+00:00' AIRFLOW_CTX_TRY_NUMBER='1' AIRFLOW_CTX_DAG_RUN_ID='manual__2024-11-03T01:07:30.449629+00:00'
[2024-11-03T01:07:33.852+0000] {taskinstance.py:430} INFO - ::endgroup::
[2024-11-03T01:07:37.781+0000] {logging_mixin.py:188} INFO - File not found.
[2024-11-03T01:07:37.786+0000] {python.py:237} INFO - Done. Returned value was: None
[2024-11-03T01:07:37.789+0000] {taskinstance.py:441} INFO - ::group::Post task execution logs
[2024-11-03T01:07:37.807+0000] {taskinstance.py:1206} INFO - Marking task as SUCCESS. dag_id=songs_preprocessing, task_id=load_data_task, run_id=manual__2024-11-03T01:07:30.449629+00:00, execution_date=20241103T010730, start_date=20241103T010733, end_date=20241103T010737
[2024-11-03T01:07:37.844+0000] {local_task_job_runner.py:240} INFO - Task exited with return code 0
[2024-11-03T01:07:37.867+0000] {taskinstance.py:3503} INFO - 1 downstream tasks scheduled from follow-on schedule check
[2024-11-03T01:07:37.869+0000] {local_task_job_runner.py:222} INFO - ::endgroup::
