[2024-11-02T21:57:45.553+0000] {manager.py:470} INFO - Processing files using up to 2 processes at a time 
[2024-11-02T21:57:45.554+0000] {manager.py:471} INFO - Process each file at most once every 30 seconds
[2024-11-02T21:57:45.555+0000] {manager.py:472} INFO - Checking for new files in /opt/airflow/dags every 300 seconds
[2024-11-02T21:57:45.555+0000] {manager.py:737} INFO - Searching for files in /opt/airflow/dags
[2024-11-02T21:57:45.559+0000] {manager.py:740} INFO - There are 1 files in /opt/airflow/dags
[2024-11-02T21:57:45.712+0000] {manager.py:878} INFO - 
================================================================================
DAG File Processing Stats

File Path                       PID  Runtime      # DAGs    # Errors  Last Runtime    Last Run
----------------------------  -----  ---------  --------  ----------  --------------  ----------
/opt/airflow/dags/airflow.py     70  0.06s             0           0
================================================================================
[2024-11-02T21:57:48.807+0000] {manager.py:452} INFO - Exiting gracefully upon receiving signal 15
[2024-11-02T21:58:45.302+0000] {manager.py:470} INFO - Processing files using up to 2 processes at a time 
[2024-11-02T21:58:45.304+0000] {manager.py:471} INFO - Process each file at most once every 30 seconds
[2024-11-02T21:58:45.304+0000] {manager.py:472} INFO - Checking for new files in /opt/airflow/dags every 300 seconds
[2024-11-02T21:58:45.305+0000] {manager.py:737} INFO - Searching for files in /opt/airflow/dags
[2024-11-02T21:58:45.313+0000] {manager.py:740} INFO - There are 1 files in /opt/airflow/dags
[2024-11-02T21:58:45.662+0000] {manager.py:878} INFO - 
================================================================================
DAG File Processing Stats

File Path                       PID  Runtime      # DAGs    # Errors  Last Runtime    Last Run
----------------------------  -----  ---------  --------  ----------  --------------  ----------
/opt/airflow/dags/airflow.py     62  0.18s             0           0
================================================================================
[2024-11-02T21:59:14.542+0000] {manager.py:878} INFO - 
================================================================================
DAG File Processing Stats

File Path                     PID    Runtime      # DAGs    # Errors  Last Runtime    Last Run
----------------------------  -----  ---------  --------  ----------  --------------  -------------------
/opt/airflow/dags/airflow.py                           0           1  0.21s           2024-11-02T21:58:45
================================================================================
[2024-11-02T21:59:43.627+0000] {manager.py:878} INFO - 
================================================================================
DAG File Processing Stats

File Path                     PID    Runtime      # DAGs    # Errors  Last Runtime    Last Run
----------------------------  -----  ---------  --------  ----------  --------------  -------------------
/opt/airflow/dags/airflow.py                           0           1  0.25s           2024-11-02T21:59:16
================================================================================
[2024-11-02T22:00:12.668+0000] {manager.py:878} INFO - 
================================================================================
DAG File Processing Stats

File Path                     PID    Runtime      # DAGs    # Errors  Last Runtime    Last Run
----------------------------  -----  ---------  --------  ----------  --------------  -------------------
/opt/airflow/dags/airflow.py                           0           1  0.19s           2024-11-02T21:59:47
================================================================================
[2024-11-02T22:00:21.365+0000] {manager.py:452} INFO - Exiting gracefully upon receiving signal 15
